[0.010s] Invoking command in '/home/chayanin09/Documents/FUN4_ws/FUN4_6509/build/custom_interface': CMAKE_PREFIX_PATH=${CMAKE_PREFIX_PATH}:/opt/ros/humble /usr/bin/cmake --build /home/chayanin09/Documents/FUN4_ws/FUN4_6509/build/custom_interface -- -j20 -l20
[0.028s] -- Found ament_cmake: 1.3.10 (/opt/ros/humble/share/ament_cmake/cmake)
[0.107s] -- Found geometry_msgs: 4.2.4 (/opt/ros/humble/share/geometry_msgs/cmake)
[0.121s] -- Found rosidl_generator_c: 3.1.5 (/opt/ros/humble/share/rosidl_generator_c/cmake)
[0.122s] -- Found rosidl_adapter: 3.1.5 (/opt/ros/humble/share/rosidl_adapter/cmake)
[0.125s] -- Found rosidl_generator_cpp: 3.1.5 (/opt/ros/humble/share/rosidl_generator_cpp/cmake)
[0.131s] -- Using all available rosidl_typesupport_c: rosidl_typesupport_fastrtps_c;rosidl_typesupport_introspection_c
[0.138s] -- Using all available rosidl_typesupport_cpp: rosidl_typesupport_fastrtps_cpp;rosidl_typesupport_introspection_cpp
[0.158s] -- Found rosidl_default_generators: 1.2.0 (/opt/ros/humble/share/rosidl_default_generators/cmake)
[0.348s] -- Found ament_cmake_ros: 0.10.0 (/opt/ros/humble/share/ament_cmake_ros/cmake)
[0.616s] -- Using all available rosidl_typesupport_c: rosidl_typesupport_fastrtps_c;rosidl_typesupport_introspection_c
[0.720s] -- Using all available rosidl_typesupport_cpp: rosidl_typesupport_fastrtps_cpp;rosidl_typesupport_introspection_cpp
[0.740s] -- Found python_cmake_module: 0.10.0 (/opt/ros/humble/share/python_cmake_module/cmake)
[0.760s] -- Using PYTHON_EXECUTABLE: /usr/bin/python3
[0.760s] -- Using PYTHON_INCLUDE_DIRS: /usr/include/python3.10
[0.760s] -- Using PYTHON_LIBRARIES: /usr/lib/x86_64-linux-gnu/libpython3.10.so
[0.781s] -- Configuring done
[0.800s] -- Generating done
[0.801s] -- Build files have been written to: /home/chayanin09/Documents/FUN4_ws/FUN4_6509/build/custom_interface
[0.823s] [  1%] [34m[1mGenerating C code for ROS interfaces[0m
[0.832s] [  3%] [34m[1mGenerating C++ code for ROS interfaces[0m
[0.839s] [  3%] Built target ament_cmake_python_copy_custom_interface
[0.986s] running egg_info
[0.986s] writing custom_interface.egg-info/PKG-INFO
[0.986s] writing dependency_links to custom_interface.egg-info/dependency_links.txt
[0.987s] writing top-level names to custom_interface.egg-info/top_level.txt
[0.988s] reading manifest file 'custom_interface.egg-info/SOURCES.txt'
[0.988s] writing manifest file 'custom_interface.egg-info/SOURCES.txt'
[1.006s] [  3%] Built target ament_cmake_python_build_custom_interface_egg
[1.136s] [35m[1mConsolidate compiler generated dependencies of target custom_interface__rosidl_generator_c[0m
[1.140s] [  3%] Built target custom_interface__cpp
[1.144s] [  5%] [32mBuilding C object CMakeFiles/custom_interface__rosidl_generator_c.dir/rosidl_generator_c/custom_interface/srv/detail/change_mode_dlc__functions.c.o[0m
[1.146s] [  7%] [32mBuilding C object CMakeFiles/custom_interface__rosidl_generator_c.dir/rosidl_generator_c/custom_interface/srv/detail/change_mode__functions.c.o[0m
[1.146s] [  9%] [32mBuilding C object CMakeFiles/custom_interface__rosidl_generator_c.dir/rosidl_generator_c/custom_interface/srv/detail/set_taskspace__functions.c.o[0m
[1.146s] [ 10%] [32mBuilding C object CMakeFiles/custom_interface__rosidl_generator_c.dir/rosidl_generator_c/custom_interface/srv/detail/mode3_control__functions.c.o[0m
[1.146s] [ 12%] [34m[1mGenerating C++ type support dispatch for ROS interfaces[0m
[1.147s] [ 14%] [34m[1mGenerating C++ type support for eProsima Fast-RTPS[0m
[1.147s] [ 16%] [34m[1mGenerating C++ introspection for ROS interfaces[0m
[1.196s] [ 18%] [32m[1mLinking C shared library libcustom_interface__rosidl_generator_c.so[0m
[1.224s] [ 18%] Built target custom_interface__rosidl_generator_c
[1.232s] [ 20%] [34m[1mGenerating C type support for eProsima Fast-RTPS[0m
[1.233s] [ 23%] [34m[1mGenerating C type support dispatch for ROS interfaces[0m
[1.233s] [ 23%] [34m[1mGenerating C introspection for ROS interfaces[0m
[1.389s] [35m[1mConsolidate compiler generated dependencies of target custom_interface__rosidl_typesupport_cpp[0m
[1.403s] [ 29%] [32mBuilding CXX object CMakeFiles/custom_interface__rosidl_typesupport_cpp.dir/rosidl_typesupport_cpp/custom_interface/srv/change_mode_dlc__type_support.cpp.o[0m
[1.403s] [ 29%] [32mBuilding CXX object CMakeFiles/custom_interface__rosidl_typesupport_cpp.dir/rosidl_typesupport_cpp/custom_interface/srv/set_taskspace__type_support.cpp.o[0m
[1.403s] [ 29%] [32mBuilding CXX object CMakeFiles/custom_interface__rosidl_typesupport_cpp.dir/rosidl_typesupport_cpp/custom_interface/srv/change_mode__type_support.cpp.o[0m
[1.403s] [ 30%] [32mBuilding CXX object CMakeFiles/custom_interface__rosidl_typesupport_cpp.dir/rosidl_typesupport_cpp/custom_interface/srv/mode3_control__type_support.cpp.o[0m
[1.425s] [35m[1mConsolidate compiler generated dependencies of target custom_interface__rosidl_typesupport_introspection_cpp[0m
[1.435s] [ 32%] [32mBuilding CXX object CMakeFiles/custom_interface__rosidl_typesupport_introspection_cpp.dir/rosidl_typesupport_introspection_cpp/custom_interface/srv/detail/mode3_control__type_support.cpp.o[0m
[1.436s] [ 34%] [32mBuilding CXX object CMakeFiles/custom_interface__rosidl_typesupport_introspection_cpp.dir/rosidl_typesupport_introspection_cpp/custom_interface/srv/detail/set_taskspace__type_support.cpp.o[0m
[1.437s] [ 36%] [32mBuilding CXX object CMakeFiles/custom_interface__rosidl_typesupport_introspection_cpp.dir/rosidl_typesupport_introspection_cpp/custom_interface/srv/detail/change_mode_dlc__type_support.cpp.o[0m
[1.437s] [ 38%] [32mBuilding CXX object CMakeFiles/custom_interface__rosidl_typesupport_introspection_cpp.dir/rosidl_typesupport_introspection_cpp/custom_interface/srv/detail/change_mode__type_support.cpp.o[0m
[1.456s] [35m[1mConsolidate compiler generated dependencies of target custom_interface__rosidl_typesupport_fastrtps_cpp[0m
[1.466s] [ 40%] [32mBuilding CXX object CMakeFiles/custom_interface__rosidl_typesupport_fastrtps_cpp.dir/rosidl_typesupport_fastrtps_cpp/custom_interface/srv/detail/dds_fastrtps/change_mode__type_support.cpp.o[0m
[1.467s] [ 43%] [32mBuilding CXX object CMakeFiles/custom_interface__rosidl_typesupport_fastrtps_cpp.dir/rosidl_typesupport_fastrtps_cpp/custom_interface/srv/detail/dds_fastrtps/set_taskspace__type_support.cpp.o[0m
[1.468s] [ 43%] [32mBuilding CXX object CMakeFiles/custom_interface__rosidl_typesupport_fastrtps_cpp.dir/rosidl_typesupport_fastrtps_cpp/custom_interface/srv/detail/dds_fastrtps/change_mode_dlc__type_support.cpp.o[0m
[1.468s] [ 45%] [32mBuilding CXX object CMakeFiles/custom_interface__rosidl_typesupport_fastrtps_cpp.dir/rosidl_typesupport_fastrtps_cpp/custom_interface/srv/detail/dds_fastrtps/mode3_control__type_support.cpp.o[0m
[1.547s] [35m[1mConsolidate compiler generated dependencies of target custom_interface__rosidl_typesupport_c[0m
[1.567s] [ 47%] [32mBuilding CXX object CMakeFiles/custom_interface__rosidl_typesupport_c.dir/rosidl_typesupport_c/custom_interface/srv/change_mode__type_support.cpp.o[0m
[1.567s] [ 52%] [32mBuilding CXX object CMakeFiles/custom_interface__rosidl_typesupport_c.dir/rosidl_typesupport_c/custom_interface/srv/mode3_control__type_support.cpp.o[0m
[1.567s] [ 52%] [32mBuilding CXX object CMakeFiles/custom_interface__rosidl_typesupport_c.dir/rosidl_typesupport_c/custom_interface/srv/change_mode_dlc__type_support.cpp.o[0m
[1.567s] [ 52%] [32mBuilding CXX object CMakeFiles/custom_interface__rosidl_typesupport_c.dir/rosidl_typesupport_c/custom_interface/srv/set_taskspace__type_support.cpp.o[0m
[1.577s] [35m[1mConsolidate compiler generated dependencies of target custom_interface__rosidl_typesupport_fastrtps_c[0m
[1.597s] [ 58%] [32mBuilding CXX object CMakeFiles/custom_interface__rosidl_typesupport_fastrtps_c.dir/rosidl_typesupport_fastrtps_c/custom_interface/srv/detail/change_mode_dlc__type_support_c.cpp.o[0m
[1.597s] [ 58%] [32mBuilding CXX object CMakeFiles/custom_interface__rosidl_typesupport_fastrtps_c.dir/rosidl_typesupport_fastrtps_c/custom_interface/srv/detail/set_taskspace__type_support_c.cpp.o[0m
[1.597s] [ 58%] [32mBuilding CXX object CMakeFiles/custom_interface__rosidl_typesupport_fastrtps_c.dir/rosidl_typesupport_fastrtps_c/custom_interface/srv/detail/change_mode__type_support_c.cpp.o[0m
[1.597s] [35m[1mConsolidate compiler generated dependencies of target custom_interface__rosidl_typesupport_introspection_c[0m
[1.606s] [ 61%] [32mBuilding CXX object CMakeFiles/custom_interface__rosidl_typesupport_fastrtps_c.dir/rosidl_typesupport_fastrtps_c/custom_interface/srv/detail/mode3_control__type_support_c.cpp.o[0m
[1.606s] [ 61%] [32m[1mLinking CXX shared library libcustom_interface__rosidl_typesupport_c.so[0m
[1.614s] [ 67%] [32mBuilding C object CMakeFiles/custom_interface__rosidl_typesupport_introspection_c.dir/rosidl_typesupport_introspection_c/custom_interface/srv/detail/set_taskspace__type_support.c.o[0m
[1.614s] [ 67%] [32mBuilding C object CMakeFiles/custom_interface__rosidl_typesupport_introspection_c.dir/rosidl_typesupport_introspection_c/custom_interface/srv/detail/change_mode_dlc__type_support.c.o[0m
[1.614s] [ 67%] [32mBuilding C object CMakeFiles/custom_interface__rosidl_typesupport_introspection_c.dir/rosidl_typesupport_introspection_c/custom_interface/srv/detail/change_mode__type_support.c.o[0m
[1.617s] [ 69%] [32mBuilding C object CMakeFiles/custom_interface__rosidl_typesupport_introspection_c.dir/rosidl_typesupport_introspection_c/custom_interface/srv/detail/mode3_control__type_support.c.o[0m
[1.660s] [ 70%] [32m[1mLinking C shared library libcustom_interface__rosidl_typesupport_introspection_c.so[0m
[1.660s] [ 70%] Built target custom_interface__rosidl_typesupport_c
[1.701s] [ 70%] Built target custom_interface__rosidl_typesupport_introspection_c
[1.719s] [ 72%] [32m[1mLinking CXX shared library libcustom_interface__rosidl_typesupport_cpp.so[0m
[1.766s] [ 72%] Built target custom_interface__rosidl_typesupport_cpp
[1.876s] [ 74%] [32m[1mLinking CXX shared library libcustom_interface__rosidl_typesupport_introspection_cpp.so[0m
[1.909s] [ 76%] [32m[1mLinking CXX shared library libcustom_interface__rosidl_typesupport_fastrtps_c.so[0m
[1.919s] [ 78%] [32m[1mLinking CXX shared library libcustom_interface__rosidl_typesupport_fastrtps_cpp.so[0m
[1.925s] [ 78%] Built target custom_interface__rosidl_typesupport_introspection_cpp
[1.956s] [ 78%] Built target custom_interface__rosidl_typesupport_fastrtps_c
[1.971s] [ 78%] Built target custom_interface__rosidl_typesupport_fastrtps_cpp
[1.989s] [ 78%] Built target custom_interface
[2.005s] [ 80%] [34m[1mGenerating Python code for ROS interfaces[0m
[2.511s] [ 80%] Built target custom_interface__py
[2.522s] [35m[1mConsolidate compiler generated dependencies of target custom_interface__rosidl_generator_py[0m
[2.534s] [ 81%] [32mBuilding C object CMakeFiles/custom_interface__rosidl_generator_py.dir/rosidl_generator_py/custom_interface/srv/_change_mode_s.c.o[0m
[2.534s] [ 83%] [32mBuilding C object CMakeFiles/custom_interface__rosidl_generator_py.dir/rosidl_generator_py/custom_interface/srv/_set_taskspace_s.c.o[0m
[2.534s] [ 85%] [32mBuilding C object CMakeFiles/custom_interface__rosidl_generator_py.dir/rosidl_generator_py/custom_interface/srv/_change_mode_dlc_s.c.o[0m
[2.535s] [ 87%] [32mBuilding C object CMakeFiles/custom_interface__rosidl_generator_py.dir/rosidl_generator_py/custom_interface/srv/_mode3_control_s.c.o[0m
[2.617s] [ 89%] [32m[1mLinking C shared library rosidl_generator_py/custom_interface/libcustom_interface__rosidl_generator_py.so[0m
[2.649s] [ 89%] Built target custom_interface__rosidl_generator_py
[2.655s] [35m[1mConsolidate compiler generated dependencies of target custom_interface__rosidl_typesupport_fastrtps_c__pyext[0m
[2.656s] [35m[1mConsolidate compiler generated dependencies of target custom_interface__rosidl_typesupport_c__pyext[0m
[2.658s] [35m[1mConsolidate compiler generated dependencies of target custom_interface__rosidl_typesupport_introspection_c__pyext[0m
[2.666s] [ 90%] [32mBuilding C object CMakeFiles/custom_interface__rosidl_typesupport_fastrtps_c__pyext.dir/rosidl_generator_py/custom_interface/_custom_interface_s.ep.rosidl_typesupport_fastrtps_c.c.o[0m
[2.667s] [ 92%] [32mBuilding C object CMakeFiles/custom_interface__rosidl_typesupport_c__pyext.dir/rosidl_generator_py/custom_interface/_custom_interface_s.ep.rosidl_typesupport_c.c.o[0m
[2.668s] [ 94%] [32mBuilding C object CMakeFiles/custom_interface__rosidl_typesupport_introspection_c__pyext.dir/rosidl_generator_py/custom_interface/_custom_interface_s.ep.rosidl_typesupport_introspection_c.c.o[0m
[2.738s] [100%] [32m[1mLinking C shared library rosidl_generator_py/custom_interface/custom_interface_s__rosidl_typesupport_introspection_c.cpython-310-x86_64-linux-gnu.so[0m
[2.738s] [100%] [32m[1mLinking C shared library rosidl_generator_py/custom_interface/custom_interface_s__rosidl_typesupport_fastrtps_c.cpython-310-x86_64-linux-gnu.so[0m
[2.738s] [100%] [32m[1mLinking C shared library rosidl_generator_py/custom_interface/custom_interface_s__rosidl_typesupport_c.cpython-310-x86_64-linux-gnu.so[0m
[2.767s] [100%] Built target custom_interface__rosidl_typesupport_c__pyext
[2.771s] [100%] Built target custom_interface__rosidl_typesupport_fastrtps_c__pyext
[2.772s] [100%] Built target custom_interface__rosidl_typesupport_introspection_c__pyext
[2.783s] Invoked command in '/home/chayanin09/Documents/FUN4_ws/FUN4_6509/build/custom_interface' returned '0': CMAKE_PREFIX_PATH=${CMAKE_PREFIX_PATH}:/opt/ros/humble /usr/bin/cmake --build /home/chayanin09/Documents/FUN4_ws/FUN4_6509/build/custom_interface -- -j20 -l20
[2.876s] Invoking command in '/home/chayanin09/Documents/FUN4_ws/FUN4_6509/build/custom_interface': CMAKE_PREFIX_PATH=${CMAKE_PREFIX_PATH}:/opt/ros/humble /usr/bin/cmake --install /home/chayanin09/Documents/FUN4_ws/FUN4_6509/build/custom_interface
[2.881s] -- Install configuration: ""
[2.881s] -- Installing: /home/chayanin09/Documents/FUN4_ws/FUN4_6509/install/custom_interface/share/ament_index/resource_index/rosidl_interfaces/custom_interface
[2.881s] -- Up-to-date: /home/chayanin09/Documents/FUN4_ws/FUN4_6509/install/custom_interface/include/custom_interface/custom_interface
[2.881s] -- Up-to-date: /home/chayanin09/Documents/FUN4_ws/FUN4_6509/install/custom_interface/include/custom_interface/custom_interface/msg
[2.881s] -- Up-to-date: /home/chayanin09/Documents/FUN4_ws/FUN4_6509/install/custom_interface/include/custom_interface/custom_interface/msg/rosidl_generator_c__visibility_control.h
[2.882s] -- Up-to-date: /home/chayanin09/Documents/FUN4_ws/FUN4_6509/install/custom_interface/include/custom_interface/custom_interface/srv
[2.882s] -- Installing: /home/chayanin09/Documents/FUN4_ws/FUN4_6509/install/custom_interface/include/custom_interface/custom_interface/srv/change_mode_dlc.h
[2.882s] -- Up-to-date: /home/chayanin09/Documents/FUN4_ws/FUN4_6509/install/custom_interface/include/custom_interface/custom_interface/srv/detail
[2.882s] -- Installing: /home/chayanin09/Documents/FUN4_ws/FUN4_6509/install/custom_interface/include/custom_interface/custom_interface/srv/detail/set_taskspace__functions.h
[2.882s] -- Installing: /home/chayanin09/Documents/FUN4_ws/FUN4_6509/install/custom_interface/include/custom_interface/custom_interface/srv/detail/set_taskspace__type_support.h
[2.882s] -- Installing: /home/chayanin09/Documents/FUN4_ws/FUN4_6509/install/custom_interface/include/custom_interface/custom_interface/srv/detail/change_mode__type_support.h
[2.882s] -- Installing: /home/chayanin09/Documents/FUN4_ws/FUN4_6509/install/custom_interface/include/custom_interface/custom_interface/srv/detail/mode3_control__type_support.h
[2.882s] -- Installing: /home/chayanin09/Documents/FUN4_ws/FUN4_6509/install/custom_interface/include/custom_interface/custom_interface/srv/detail/change_mode__struct.h
[2.882s] -- Installing: /home/chayanin09/Documents/FUN4_ws/FUN4_6509/install/custom_interface/include/custom_interface/custom_interface/srv/detail/change_mode__functions.c
[2.882s] -- Installing: /home/chayanin09/Documents/FUN4_ws/FUN4_6509/install/custom_interface/include/custom_interface/custom_interface/srv/detail/change_mode_dlc__type_support.h
[2.882s] -- Installing: /home/chayanin09/Documents/FUN4_ws/FUN4_6509/install/custom_interface/include/custom_interface/custom_interface/srv/detail/change_mode_dlc__functions.c
[2.882s] -- Installing: /home/chayanin09/Documents/FUN4_ws/FUN4_6509/install/custom_interface/include/custom_interface/custom_interface/srv/detail/mode3_control__functions.c
[2.882s] -- Installing: /home/chayanin09/Documents/FUN4_ws/FUN4_6509/install/custom_interface/include/custom_interface/custom_interface/srv/detail/change_mode_dlc__functions.h
[2.882s] -- Installing: /home/chayanin09/Documents/FUN4_ws/FUN4_6509/install/custom_interface/include/custom_interface/custom_interface/srv/detail/mode3_control__struct.h
[2.882s] -- Installing: /home/chayanin09/Documents/FUN4_ws/FUN4_6509/install/custom_interface/include/custom_interface/custom_interface/srv/detail/change_mode_dlc__struct.h
[2.882s] -- Installing: /home/chayanin09/Documents/FUN4_ws/FUN4_6509/install/custom_interface/include/custom_interface/custom_interface/srv/detail/mode3_control__functions.h
[2.882s] -- Installing: /home/chayanin09/Documents/FUN4_ws/FUN4_6509/install/custom_interface/include/custom_interface/custom_interface/srv/detail/set_taskspace__functions.c
[2.882s] -- Installing: /home/chayanin09/Documents/FUN4_ws/FUN4_6509/install/custom_interface/include/custom_interface/custom_interface/srv/detail/set_taskspace__struct.h
[2.882s] -- Installing: /home/chayanin09/Documents/FUN4_ws/FUN4_6509/install/custom_interface/include/custom_interface/custom_interface/srv/detail/change_mode__functions.h
[2.882s] -- Installing: /home/chayanin09/Documents/FUN4_ws/FUN4_6509/install/custom_interface/include/custom_interface/custom_interface/srv/set_taskspace.h
[2.882s] -- Installing: /home/chayanin09/Documents/FUN4_ws/FUN4_6509/install/custom_interface/include/custom_interface/custom_interface/srv/change_mode.h
[2.882s] -- Installing: /home/chayanin09/Documents/FUN4_ws/FUN4_6509/install/custom_interface/include/custom_interface/custom_interface/srv/mode3_control.h
[2.882s] -- Up-to-date: /home/chayanin09/Documents/FUN4_ws/FUN4_6509/install/custom_interface/share/custom_interface/environment/library_path.sh
[2.882s] -- Installing: /home/chayanin09/Documents/FUN4_ws/FUN4_6509/install/custom_interface/share/custom_interface/environment/library_path.dsv
[2.882s] -- Installing: /home/chayanin09/Documents/FUN4_ws/FUN4_6509/install/custom_interface/lib/libcustom_interface__rosidl_generator_c.so
[2.882s] -- Set runtime path of "/home/chayanin09/Documents/FUN4_ws/FUN4_6509/install/custom_interface/lib/libcustom_interface__rosidl_generator_c.so" to ""
[2.883s] -- Up-to-date: /home/chayanin09/Documents/FUN4_ws/FUN4_6509/install/custom_interface/include/custom_interface/custom_interface
[2.883s] -- Up-to-date: /home/chayanin09/Documents/FUN4_ws/FUN4_6509/install/custom_interface/include/custom_interface/custom_interface/msg
[2.883s] -- Up-to-date: /home/chayanin09/Documents/FUN4_ws/FUN4_6509/install/custom_interface/include/custom_interface/custom_interface/msg/rosidl_typesupport_fastrtps_c__visibility_control.h
[2.883s] -- Up-to-date: /home/chayanin09/Documents/FUN4_ws/FUN4_6509/install/custom_interface/include/custom_interface/custom_interface/srv
[2.883s] -- Up-to-date: /home/chayanin09/Documents/FUN4_ws/FUN4_6509/install/custom_interface/include/custom_interface/custom_interface/srv/detail
[2.883s] -- Installing: /home/chayanin09/Documents/FUN4_ws/FUN4_6509/install/custom_interface/include/custom_interface/custom_interface/srv/detail/set_taskspace__rosidl_typesupport_fastrtps_c.h
[2.883s] -- Installing: /home/chayanin09/Documents/FUN4_ws/FUN4_6509/install/custom_interface/include/custom_interface/custom_interface/srv/detail/change_mode__rosidl_typesupport_fastrtps_c.h
[2.883s] -- Installing: /home/chayanin09/Documents/FUN4_ws/FUN4_6509/install/custom_interface/include/custom_interface/custom_interface/srv/detail/change_mode_dlc__rosidl_typesupport_fastrtps_c.h
[2.883s] -- Installing: /home/chayanin09/Documents/FUN4_ws/FUN4_6509/install/custom_interface/include/custom_interface/custom_interface/srv/detail/mode3_control__rosidl_typesupport_fastrtps_c.h
[2.883s] -- Installing: /home/chayanin09/Documents/FUN4_ws/FUN4_6509/install/custom_interface/lib/libcustom_interface__rosidl_typesupport_fastrtps_c.so
[2.883s] -- Set runtime path of "/home/chayanin09/Documents/FUN4_ws/FUN4_6509/install/custom_interface/lib/libcustom_interface__rosidl_typesupport_fastrtps_c.so" to ""
[2.883s] -- Up-to-date: /home/chayanin09/Documents/FUN4_ws/FUN4_6509/install/custom_interface/include/custom_interface/custom_interface
[2.883s] -- Up-to-date: /home/chayanin09/Documents/FUN4_ws/FUN4_6509/install/custom_interface/include/custom_interface/custom_interface/srv
[2.883s] -- Up-to-date: /home/chayanin09/Documents/FUN4_ws/FUN4_6509/install/custom_interface/include/custom_interface/custom_interface/srv/detail
[2.883s] -- Installing: /home/chayanin09/Documents/FUN4_ws/FUN4_6509/install/custom_interface/include/custom_interface/custom_interface/srv/detail/mode3_control__builder.hpp
[2.883s] -- Installing: /home/chayanin09/Documents/FUN4_ws/FUN4_6509/install/custom_interface/include/custom_interface/custom_interface/srv/detail/change_mode__builder.hpp
[2.883s] -- Installing: /home/chayanin09/Documents/FUN4_ws/FUN4_6509/install/custom_interface/include/custom_interface/custom_interface/srv/detail/mode3_control__traits.hpp
[2.883s] -- Installing: /home/chayanin09/Documents/FUN4_ws/FUN4_6509/install/custom_interface/include/custom_interface/custom_interface/srv/detail/set_taskspace__traits.hpp
[2.883s] -- Installing: /home/chayanin09/Documents/FUN4_ws/FUN4_6509/install/custom_interface/include/custom_interface/custom_interface/srv/detail/set_taskspace__struct.hpp
[2.883s] -- Installing: /home/chayanin09/Documents/FUN4_ws/FUN4_6509/install/custom_interface/include/custom_interface/custom_interface/srv/detail/mode3_control__struct.hpp
[2.883s] -- Installing: /home/chayanin09/Documents/FUN4_ws/FUN4_6509/install/custom_interface/include/custom_interface/custom_interface/srv/detail/change_mode_dlc__traits.hpp
[2.883s] -- Installing: /home/chayanin09/Documents/FUN4_ws/FUN4_6509/install/custom_interface/include/custom_interface/custom_interface/srv/detail/change_mode__struct.hpp
[2.883s] -- Installing: /home/chayanin09/Documents/FUN4_ws/FUN4_6509/install/custom_interface/include/custom_interface/custom_interface/srv/detail/change_mode__traits.hpp
[2.883s] -- Installing: /home/chayanin09/Documents/FUN4_ws/FUN4_6509/install/custom_interface/include/custom_interface/custom_interface/srv/detail/set_taskspace__builder.hpp
[2.883s] -- Installing: /home/chayanin09/Documents/FUN4_ws/FUN4_6509/install/custom_interface/include/custom_interface/custom_interface/srv/detail/change_mode_dlc__struct.hpp
[2.884s] -- Installing: /home/chayanin09/Documents/FUN4_ws/FUN4_6509/install/custom_interface/include/custom_interface/custom_interface/srv/detail/change_mode_dlc__builder.hpp
[2.884s] -- Installing: /home/chayanin09/Documents/FUN4_ws/FUN4_6509/install/custom_interface/include/custom_interface/custom_interface/srv/change_mode.hpp
[2.884s] -- Installing: /home/chayanin09/Documents/FUN4_ws/FUN4_6509/install/custom_interface/include/custom_interface/custom_interface/srv/set_taskspace.hpp
[2.884s] -- Installing: /home/chayanin09/Documents/FUN4_ws/FUN4_6509/install/custom_interface/include/custom_interface/custom_interface/srv/mode3_control.hpp
[2.884s] -- Installing: /home/chayanin09/Documents/FUN4_ws/FUN4_6509/install/custom_interface/include/custom_interface/custom_interface/srv/change_mode_dlc.hpp
[2.884s] -- Up-to-date: /home/chayanin09/Documents/FUN4_ws/FUN4_6509/install/custom_interface/include/custom_interface/custom_interface
[2.884s] -- Up-to-date: /home/chayanin09/Documents/FUN4_ws/FUN4_6509/install/custom_interface/include/custom_interface/custom_interface/msg
[2.884s] -- Up-to-date: /home/chayanin09/Documents/FUN4_ws/FUN4_6509/install/custom_interface/include/custom_interface/custom_interface/msg/rosidl_typesupport_fastrtps_cpp__visibility_control.h
[2.884s] -- Up-to-date: /home/chayanin09/Documents/FUN4_ws/FUN4_6509/install/custom_interface/include/custom_interface/custom_interface/srv
[2.884s] -- Up-to-date: /home/chayanin09/Documents/FUN4_ws/FUN4_6509/install/custom_interface/include/custom_interface/custom_interface/srv/detail
[2.884s] -- Installing: /home/chayanin09/Documents/FUN4_ws/FUN4_6509/install/custom_interface/include/custom_interface/custom_interface/srv/detail/mode3_control__rosidl_typesupport_fastrtps_cpp.hpp
[2.884s] -- Up-to-date: /home/chayanin09/Documents/FUN4_ws/FUN4_6509/install/custom_interface/include/custom_interface/custom_interface/srv/detail/dds_fastrtps
[2.884s] -- Installing: /home/chayanin09/Documents/FUN4_ws/FUN4_6509/install/custom_interface/include/custom_interface/custom_interface/srv/detail/change_mode_dlc__rosidl_typesupport_fastrtps_cpp.hpp
[2.884s] -- Installing: /home/chayanin09/Documents/FUN4_ws/FUN4_6509/install/custom_interface/include/custom_interface/custom_interface/srv/detail/change_mode__rosidl_typesupport_fastrtps_cpp.hpp
[2.884s] -- Installing: /home/chayanin09/Documents/FUN4_ws/FUN4_6509/install/custom_interface/include/custom_interface/custom_interface/srv/detail/set_taskspace__rosidl_typesupport_fastrtps_cpp.hpp
[2.884s] -- Installing: /home/chayanin09/Documents/FUN4_ws/FUN4_6509/install/custom_interface/lib/libcustom_interface__rosidl_typesupport_fastrtps_cpp.so
[2.884s] -- Set runtime path of "/home/chayanin09/Documents/FUN4_ws/FUN4_6509/install/custom_interface/lib/libcustom_interface__rosidl_typesupport_fastrtps_cpp.so" to ""
[2.884s] -- Up-to-date: /home/chayanin09/Documents/FUN4_ws/FUN4_6509/install/custom_interface/include/custom_interface/custom_interface
[2.884s] -- Up-to-date: /home/chayanin09/Documents/FUN4_ws/FUN4_6509/install/custom_interface/include/custom_interface/custom_interface/msg
[2.884s] -- Up-to-date: /home/chayanin09/Documents/FUN4_ws/FUN4_6509/install/custom_interface/include/custom_interface/custom_interface/msg/rosidl_typesupport_introspection_c__visibility_control.h
[2.884s] -- Up-to-date: /home/chayanin09/Documents/FUN4_ws/FUN4_6509/install/custom_interface/include/custom_interface/custom_interface/srv
[2.884s] -- Up-to-date: /home/chayanin09/Documents/FUN4_ws/FUN4_6509/install/custom_interface/include/custom_interface/custom_interface/srv/detail
[2.884s] -- Installing: /home/chayanin09/Documents/FUN4_ws/FUN4_6509/install/custom_interface/include/custom_interface/custom_interface/srv/detail/change_mode_dlc__rosidl_typesupport_introspection_c.h
[2.884s] -- Installing: /home/chayanin09/Documents/FUN4_ws/FUN4_6509/install/custom_interface/include/custom_interface/custom_interface/srv/detail/mode3_control__rosidl_typesupport_introspection_c.h
[2.884s] -- Installing: /home/chayanin09/Documents/FUN4_ws/FUN4_6509/install/custom_interface/include/custom_interface/custom_interface/srv/detail/change_mode_dlc__type_support.c
[2.884s] -- Installing: /home/chayanin09/Documents/FUN4_ws/FUN4_6509/install/custom_interface/include/custom_interface/custom_interface/srv/detail/set_taskspace__rosidl_typesupport_introspection_c.h
[2.885s] -- Installing: /home/chayanin09/Documents/FUN4_ws/FUN4_6509/install/custom_interface/include/custom_interface/custom_interface/srv/detail/change_mode__type_support.c
[2.885s] -- Installing: /home/chayanin09/Documents/FUN4_ws/FUN4_6509/install/custom_interface/include/custom_interface/custom_interface/srv/detail/mode3_control__type_support.c
[2.885s] -- Installing: /home/chayanin09/Documents/FUN4_ws/FUN4_6509/install/custom_interface/include/custom_interface/custom_interface/srv/detail/change_mode__rosidl_typesupport_introspection_c.h
[2.885s] -- Installing: /home/chayanin09/Documents/FUN4_ws/FUN4_6509/install/custom_interface/include/custom_interface/custom_interface/srv/detail/set_taskspace__type_support.c
[2.885s] -- Installing: /home/chayanin09/Documents/FUN4_ws/FUN4_6509/install/custom_interface/lib/libcustom_interface__rosidl_typesupport_introspection_c.so
[2.885s] -- Set runtime path of "/home/chayanin09/Documents/FUN4_ws/FUN4_6509/install/custom_interface/lib/libcustom_interface__rosidl_typesupport_introspection_c.so" to ""
[2.885s] -- Installing: /home/chayanin09/Documents/FUN4_ws/FUN4_6509/install/custom_interface/lib/libcustom_interface__rosidl_typesupport_c.so
[2.885s] -- Set runtime path of "/home/chayanin09/Documents/FUN4_ws/FUN4_6509/install/custom_interface/lib/libcustom_interface__rosidl_typesupport_c.so" to ""
[2.885s] -- Up-to-date: /home/chayanin09/Documents/FUN4_ws/FUN4_6509/install/custom_interface/include/custom_interface/custom_interface
[2.885s] -- Up-to-date: /home/chayanin09/Documents/FUN4_ws/FUN4_6509/install/custom_interface/include/custom_interface/custom_interface/srv
[2.885s] -- Up-to-date: /home/chayanin09/Documents/FUN4_ws/FUN4_6509/install/custom_interface/include/custom_interface/custom_interface/srv/detail
[2.885s] -- Installing: /home/chayanin09/Documents/FUN4_ws/FUN4_6509/install/custom_interface/include/custom_interface/custom_interface/srv/detail/change_mode_dlc__type_support.cpp
[2.885s] -- Installing: /home/chayanin09/Documents/FUN4_ws/FUN4_6509/install/custom_interface/include/custom_interface/custom_interface/srv/detail/change_mode_dlc__rosidl_typesupport_introspection_cpp.hpp
[2.885s] -- Installing: /home/chayanin09/Documents/FUN4_ws/FUN4_6509/install/custom_interface/include/custom_interface/custom_interface/srv/detail/mode3_control__rosidl_typesupport_introspection_cpp.hpp
[2.885s] -- Installing: /home/chayanin09/Documents/FUN4_ws/FUN4_6509/install/custom_interface/include/custom_interface/custom_interface/srv/detail/change_mode__type_support.cpp
[2.885s] -- Installing: /home/chayanin09/Documents/FUN4_ws/FUN4_6509/install/custom_interface/include/custom_interface/custom_interface/srv/detail/mode3_control__type_support.cpp
[2.885s] -- Installing: /home/chayanin09/Documents/FUN4_ws/FUN4_6509/install/custom_interface/include/custom_interface/custom_interface/srv/detail/set_taskspace__type_support.cpp
[2.885s] -- Installing: /home/chayanin09/Documents/FUN4_ws/FUN4_6509/install/custom_interface/include/custom_interface/custom_interface/srv/detail/change_mode__rosidl_typesupport_introspection_cpp.hpp
[2.885s] -- Installing: /home/chayanin09/Documents/FUN4_ws/FUN4_6509/install/custom_interface/include/custom_interface/custom_interface/srv/detail/set_taskspace__rosidl_typesupport_introspection_cpp.hpp
[2.885s] -- Installing: /home/chayanin09/Documents/FUN4_ws/FUN4_6509/install/custom_interface/lib/libcustom_interface__rosidl_typesupport_introspection_cpp.so
[2.886s] -- Set runtime path of "/home/chayanin09/Documents/FUN4_ws/FUN4_6509/install/custom_interface/lib/libcustom_interface__rosidl_typesupport_introspection_cpp.so" to ""
[2.886s] -- Installing: /home/chayanin09/Documents/FUN4_ws/FUN4_6509/install/custom_interface/lib/libcustom_interface__rosidl_typesupport_cpp.so
[2.886s] -- Set runtime path of "/home/chayanin09/Documents/FUN4_ws/FUN4_6509/install/custom_interface/lib/libcustom_interface__rosidl_typesupport_cpp.so" to ""
[2.886s] -- Up-to-date: /home/chayanin09/Documents/FUN4_ws/FUN4_6509/install/custom_interface/share/custom_interface/environment/pythonpath.sh
[2.886s] -- Installing: /home/chayanin09/Documents/FUN4_ws/FUN4_6509/install/custom_interface/share/custom_interface/environment/pythonpath.dsv
[2.886s] -- Up-to-date: /home/chayanin09/Documents/FUN4_ws/FUN4_6509/install/custom_interface/local/lib/python3.10/dist-packages/custom_interface-0.0.0-py3.10.egg-info
[2.886s] -- Installing: /home/chayanin09/Documents/FUN4_ws/FUN4_6509/install/custom_interface/local/lib/python3.10/dist-packages/custom_interface-0.0.0-py3.10.egg-info/dependency_links.txt
[2.886s] -- Installing: /home/chayanin09/Documents/FUN4_ws/FUN4_6509/install/custom_interface/local/lib/python3.10/dist-packages/custom_interface-0.0.0-py3.10.egg-info/PKG-INFO
[2.886s] -- Installing: /home/chayanin09/Documents/FUN4_ws/FUN4_6509/install/custom_interface/local/lib/python3.10/dist-packages/custom_interface-0.0.0-py3.10.egg-info/top_level.txt
[2.886s] -- Installing: /home/chayanin09/Documents/FUN4_ws/FUN4_6509/install/custom_interface/local/lib/python3.10/dist-packages/custom_interface-0.0.0-py3.10.egg-info/SOURCES.txt
[2.886s] -- Up-to-date: /home/chayanin09/Documents/FUN4_ws/FUN4_6509/install/custom_interface/local/lib/python3.10/dist-packages/custom_interface
[2.886s] -- Installing: /home/chayanin09/Documents/FUN4_ws/FUN4_6509/install/custom_interface/local/lib/python3.10/dist-packages/custom_interface/_custom_interface_s.ep.rosidl_typesupport_fastrtps_c.c
[2.886s] -- Installing: /home/chayanin09/Documents/FUN4_ws/FUN4_6509/install/custom_interface/local/lib/python3.10/dist-packages/custom_interface/custom_interface_s__rosidl_typesupport_c.cpython-310-x86_64-linux-gnu.so
[2.886s] -- Installing: /home/chayanin09/Documents/FUN4_ws/FUN4_6509/install/custom_interface/local/lib/python3.10/dist-packages/custom_interface/custom_interface_s__rosidl_typesupport_introspection_c.cpython-310-x86_64-linux-gnu.so
[2.886s] -- Installing: /home/chayanin09/Documents/FUN4_ws/FUN4_6509/install/custom_interface/local/lib/python3.10/dist-packages/custom_interface/custom_interface_s__rosidl_typesupport_fastrtps_c.cpython-310-x86_64-linux-gnu.so
[2.886s] -- Installing: /home/chayanin09/Documents/FUN4_ws/FUN4_6509/install/custom_interface/local/lib/python3.10/dist-packages/custom_interface/_custom_interface_s.ep.rosidl_typesupport_c.c
[2.886s] -- Installing: /home/chayanin09/Documents/FUN4_ws/FUN4_6509/install/custom_interface/local/lib/python3.10/dist-packages/custom_interface/__init__.py
[2.886s] -- Up-to-date: /home/chayanin09/Documents/FUN4_ws/FUN4_6509/install/custom_interface/local/lib/python3.10/dist-packages/custom_interface/srv
[2.886s] -- Installing: /home/chayanin09/Documents/FUN4_ws/FUN4_6509/install/custom_interface/local/lib/python3.10/dist-packages/custom_interface/srv/_change_mode.py
[2.887s] -- Installing: /home/chayanin09/Documents/FUN4_ws/FUN4_6509/install/custom_interface/local/lib/python3.10/dist-packages/custom_interface/srv/_mode3_control.py
[2.887s] -- Installing: /home/chayanin09/Documents/FUN4_ws/FUN4_6509/install/custom_interface/local/lib/python3.10/dist-packages/custom_interface/srv/_mode3_control_s.c
[2.887s] -- Installing: /home/chayanin09/Documents/FUN4_ws/FUN4_6509/install/custom_interface/local/lib/python3.10/dist-packages/custom_interface/srv/_set_taskspace_s.c
[2.887s] -- Installing: /home/chayanin09/Documents/FUN4_ws/FUN4_6509/install/custom_interface/local/lib/python3.10/dist-packages/custom_interface/srv/_change_mode_dlc.py
[2.887s] -- Installing: /home/chayanin09/Documents/FUN4_ws/FUN4_6509/install/custom_interface/local/lib/python3.10/dist-packages/custom_interface/srv/_change_mode_s.c
[2.887s] -- Installing: /home/chayanin09/Documents/FUN4_ws/FUN4_6509/install/custom_interface/local/lib/python3.10/dist-packages/custom_interface/srv/__init__.py
[2.887s] -- Installing: /home/chayanin09/Documents/FUN4_ws/FUN4_6509/install/custom_interface/local/lib/python3.10/dist-packages/custom_interface/srv/_change_mode_dlc_s.c
[2.887s] -- Installing: /home/chayanin09/Documents/FUN4_ws/FUN4_6509/install/custom_interface/local/lib/python3.10/dist-packages/custom_interface/srv/_set_taskspace.py
[2.887s] -- Installing: /home/chayanin09/Documents/FUN4_ws/FUN4_6509/install/custom_interface/local/lib/python3.10/dist-packages/custom_interface/libcustom_interface__rosidl_generator_py.so
[2.887s] -- Installing: /home/chayanin09/Documents/FUN4_ws/FUN4_6509/install/custom_interface/local/lib/python3.10/dist-packages/custom_interface/_custom_interface_s.ep.rosidl_typesupport_introspection_c.c
[2.910s] Listing '/home/chayanin09/Documents/FUN4_ws/FUN4_6509/install/custom_interface/local/lib/python3.10/dist-packages/custom_interface'...
[2.910s] Compiling '/home/chayanin09/Documents/FUN4_ws/FUN4_6509/install/custom_interface/local/lib/python3.10/dist-packages/custom_interface/__init__.py'...
[2.910s] Listing '/home/chayanin09/Documents/FUN4_ws/FUN4_6509/install/custom_interface/local/lib/python3.10/dist-packages/custom_interface/srv'...
[2.910s] Compiling '/home/chayanin09/Documents/FUN4_ws/FUN4_6509/install/custom_interface/local/lib/python3.10/dist-packages/custom_interface/srv/__init__.py'...
[2.910s] Compiling '/home/chayanin09/Documents/FUN4_ws/FUN4_6509/install/custom_interface/local/lib/python3.10/dist-packages/custom_interface/srv/_change_mode.py'...
[2.910s] Compiling '/home/chayanin09/Documents/FUN4_ws/FUN4_6509/install/custom_interface/local/lib/python3.10/dist-packages/custom_interface/srv/_change_mode_dlc.py'...
[2.910s] Compiling '/home/chayanin09/Documents/FUN4_ws/FUN4_6509/install/custom_interface/local/lib/python3.10/dist-packages/custom_interface/srv/_mode3_control.py'...
[2.910s] Compiling '/home/chayanin09/Documents/FUN4_ws/FUN4_6509/install/custom_interface/local/lib/python3.10/dist-packages/custom_interface/srv/_set_taskspace.py'...
[2.913s] -- Installing: /home/chayanin09/Documents/FUN4_ws/FUN4_6509/install/custom_interface/local/lib/python3.10/dist-packages/custom_interface/custom_interface_s__rosidl_typesupport_fastrtps_c.cpython-310-x86_64-linux-gnu.so
[2.913s] -- Set runtime path of "/home/chayanin09/Documents/FUN4_ws/FUN4_6509/install/custom_interface/local/lib/python3.10/dist-packages/custom_interface/custom_interface_s__rosidl_typesupport_fastrtps_c.cpython-310-x86_64-linux-gnu.so" to ""
[2.913s] -- Installing: /home/chayanin09/Documents/FUN4_ws/FUN4_6509/install/custom_interface/local/lib/python3.10/dist-packages/custom_interface/custom_interface_s__rosidl_typesupport_introspection_c.cpython-310-x86_64-linux-gnu.so
[2.913s] -- Set runtime path of "/home/chayanin09/Documents/FUN4_ws/FUN4_6509/install/custom_interface/local/lib/python3.10/dist-packages/custom_interface/custom_interface_s__rosidl_typesupport_introspection_c.cpython-310-x86_64-linux-gnu.so" to ""
[2.913s] -- Installing: /home/chayanin09/Documents/FUN4_ws/FUN4_6509/install/custom_interface/local/lib/python3.10/dist-packages/custom_interface/custom_interface_s__rosidl_typesupport_c.cpython-310-x86_64-linux-gnu.so
[2.913s] -- Set runtime path of "/home/chayanin09/Documents/FUN4_ws/FUN4_6509/install/custom_interface/local/lib/python3.10/dist-packages/custom_interface/custom_interface_s__rosidl_typesupport_c.cpython-310-x86_64-linux-gnu.so" to ""
[2.914s] -- Installing: /home/chayanin09/Documents/FUN4_ws/FUN4_6509/install/custom_interface/lib/libcustom_interface__rosidl_generator_py.so
[2.914s] -- Set runtime path of "/home/chayanin09/Documents/FUN4_ws/FUN4_6509/install/custom_interface/lib/libcustom_interface__rosidl_generator_py.so" to ""
[2.914s] -- Up-to-date: /home/chayanin09/Documents/FUN4_ws/FUN4_6509/install/custom_interface/share/custom_interface/srv/ChangeMode.idl
[2.914s] -- Installing: /home/chayanin09/Documents/FUN4_ws/FUN4_6509/install/custom_interface/share/custom_interface/srv/ChangeModeDlc.idl
[2.914s] -- Up-to-date: /home/chayanin09/Documents/FUN4_ws/FUN4_6509/install/custom_interface/share/custom_interface/srv/SetTaskspace.idl
[2.914s] -- Up-to-date: /home/chayanin09/Documents/FUN4_ws/FUN4_6509/install/custom_interface/share/custom_interface/srv/Mode3Control.idl
[2.914s] -- Up-to-date: /home/chayanin09/Documents/FUN4_ws/FUN4_6509/install/custom_interface/share/custom_interface/srv/ChangeMode.srv
[2.914s] -- Up-to-date: /home/chayanin09/Documents/FUN4_ws/FUN4_6509/install/custom_interface/share/custom_interface/srv/ChangeMode_Request.msg
[2.914s] -- Up-to-date: /home/chayanin09/Documents/FUN4_ws/FUN4_6509/install/custom_interface/share/custom_interface/srv/ChangeMode_Response.msg
[2.914s] -- Installing: /home/chayanin09/Documents/FUN4_ws/FUN4_6509/install/custom_interface/share/custom_interface/srv/ChangeModeDlc.srv
[2.914s] -- Installing: /home/chayanin09/Documents/FUN4_ws/FUN4_6509/install/custom_interface/share/custom_interface/srv/ChangeModeDlc_Request.msg
[2.914s] -- Installing: /home/chayanin09/Documents/FUN4_ws/FUN4_6509/install/custom_interface/share/custom_interface/srv/ChangeModeDlc_Response.msg
[2.914s] -- Up-to-date: /home/chayanin09/Documents/FUN4_ws/FUN4_6509/install/custom_interface/share/custom_interface/srv/SetTaskspace.srv
[2.914s] -- Up-to-date: /home/chayanin09/Documents/FUN4_ws/FUN4_6509/install/custom_interface/share/custom_interface/srv/SetTaskspace_Request.msg
[2.914s] -- Up-to-date: /home/chayanin09/Documents/FUN4_ws/FUN4_6509/install/custom_interface/share/custom_interface/srv/SetTaskspace_Response.msg
[2.914s] -- Up-to-date: /home/chayanin09/Documents/FUN4_ws/FUN4_6509/install/custom_interface/share/custom_interface/srv/Mode3Control.srv
[2.914s] -- Up-to-date: /home/chayanin09/Documents/FUN4_ws/FUN4_6509/install/custom_interface/share/custom_interface/srv/Mode3Control_Request.msg
[2.914s] -- Up-to-date: /home/chayanin09/Documents/FUN4_ws/FUN4_6509/install/custom_interface/share/custom_interface/srv/Mode3Control_Response.msg
[2.914s] -- Up-to-date: /home/chayanin09/Documents/FUN4_ws/FUN4_6509/install/custom_interface/share/ament_index/resource_index/package_run_dependencies/custom_interface
[2.914s] -- Installing: /home/chayanin09/Documents/FUN4_ws/FUN4_6509/install/custom_interface/share/ament_index/resource_index/parent_prefix_path/custom_interface
[2.914s] -- Up-to-date: /home/chayanin09/Documents/FUN4_ws/FUN4_6509/install/custom_interface/share/custom_interface/environment/ament_prefix_path.sh
[2.914s] -- Installing: /home/chayanin09/Documents/FUN4_ws/FUN4_6509/install/custom_interface/share/custom_interface/environment/ament_prefix_path.dsv
[2.914s] -- Up-to-date: /home/chayanin09/Documents/FUN4_ws/FUN4_6509/install/custom_interface/share/custom_interface/environment/path.sh
[2.914s] -- Installing: /home/chayanin09/Documents/FUN4_ws/FUN4_6509/install/custom_interface/share/custom_interface/environment/path.dsv
[2.914s] -- Up-to-date: /home/chayanin09/Documents/FUN4_ws/FUN4_6509/install/custom_interface/share/custom_interface/local_setup.bash
[2.914s] -- Up-to-date: /home/chayanin09/Documents/FUN4_ws/FUN4_6509/install/custom_interface/share/custom_interface/local_setup.sh
[2.914s] -- Up-to-date: /home/chayanin09/Documents/FUN4_ws/FUN4_6509/install/custom_interface/share/custom_interface/local_setup.zsh
[2.914s] -- Installing: /home/chayanin09/Documents/FUN4_ws/FUN4_6509/install/custom_interface/share/custom_interface/local_setup.dsv
[2.914s] -- Installing: /home/chayanin09/Documents/FUN4_ws/FUN4_6509/install/custom_interface/share/custom_interface/package.dsv
[2.915s] -- Up-to-date: /home/chayanin09/Documents/FUN4_ws/FUN4_6509/install/custom_interface/share/ament_index/resource_index/packages/custom_interface
[2.915s] -- Up-to-date: /home/chayanin09/Documents/FUN4_ws/FUN4_6509/install/custom_interface/share/custom_interface/cmake/export_custom_interface__rosidl_generator_cExport.cmake
[2.915s] -- Up-to-date: /home/chayanin09/Documents/FUN4_ws/FUN4_6509/install/custom_interface/share/custom_interface/cmake/export_custom_interface__rosidl_generator_cExport-noconfig.cmake
[2.915s] -- Up-to-date: /home/chayanin09/Documents/FUN4_ws/FUN4_6509/install/custom_interface/share/custom_interface/cmake/export_custom_interface__rosidl_typesupport_fastrtps_cExport.cmake
[2.915s] -- Up-to-date: /home/chayanin09/Documents/FUN4_ws/FUN4_6509/install/custom_interface/share/custom_interface/cmake/export_custom_interface__rosidl_typesupport_fastrtps_cExport-noconfig.cmake
[2.915s] -- Up-to-date: /home/chayanin09/Documents/FUN4_ws/FUN4_6509/install/custom_interface/share/custom_interface/cmake/export_custom_interface__rosidl_generator_cppExport.cmake
[2.915s] -- Up-to-date: /home/chayanin09/Documents/FUN4_ws/FUN4_6509/install/custom_interface/share/custom_interface/cmake/export_custom_interface__rosidl_typesupport_fastrtps_cppExport.cmake
[2.915s] -- Up-to-date: /home/chayanin09/Documents/FUN4_ws/FUN4_6509/install/custom_interface/share/custom_interface/cmake/export_custom_interface__rosidl_typesupport_fastrtps_cppExport-noconfig.cmake
[2.915s] -- Up-to-date: /home/chayanin09/Documents/FUN4_ws/FUN4_6509/install/custom_interface/share/custom_interface/cmake/custom_interface__rosidl_typesupport_introspection_cExport.cmake
[2.915s] -- Up-to-date: /home/chayanin09/Documents/FUN4_ws/FUN4_6509/install/custom_interface/share/custom_interface/cmake/custom_interface__rosidl_typesupport_introspection_cExport-noconfig.cmake
[2.915s] -- Up-to-date: /home/chayanin09/Documents/FUN4_ws/FUN4_6509/install/custom_interface/share/custom_interface/cmake/custom_interface__rosidl_typesupport_cExport.cmake
[2.915s] -- Up-to-date: /home/chayanin09/Documents/FUN4_ws/FUN4_6509/install/custom_interface/share/custom_interface/cmake/custom_interface__rosidl_typesupport_cExport-noconfig.cmake
[2.915s] -- Up-to-date: /home/chayanin09/Documents/FUN4_ws/FUN4_6509/install/custom_interface/share/custom_interface/cmake/custom_interface__rosidl_typesupport_introspection_cppExport.cmake
[2.915s] -- Up-to-date: /home/chayanin09/Documents/FUN4_ws/FUN4_6509/install/custom_interface/share/custom_interface/cmake/custom_interface__rosidl_typesupport_introspection_cppExport-noconfig.cmake
[2.915s] -- Up-to-date: /home/chayanin09/Documents/FUN4_ws/FUN4_6509/install/custom_interface/share/custom_interface/cmake/custom_interface__rosidl_typesupport_cppExport.cmake
[2.915s] -- Up-to-date: /home/chayanin09/Documents/FUN4_ws/FUN4_6509/install/custom_interface/share/custom_interface/cmake/custom_interface__rosidl_typesupport_cppExport-noconfig.cmake
[2.915s] -- Up-to-date: /home/chayanin09/Documents/FUN4_ws/FUN4_6509/install/custom_interface/share/custom_interface/cmake/export_custom_interface__rosidl_generator_pyExport.cmake
[2.915s] -- Up-to-date: /home/chayanin09/Documents/FUN4_ws/FUN4_6509/install/custom_interface/share/custom_interface/cmake/export_custom_interface__rosidl_generator_pyExport-noconfig.cmake
[2.915s] -- Installing: /home/chayanin09/Documents/FUN4_ws/FUN4_6509/install/custom_interface/share/custom_interface/cmake/rosidl_cmake-extras.cmake
[2.915s] -- Up-to-date: /home/chayanin09/Documents/FUN4_ws/FUN4_6509/install/custom_interface/share/custom_interface/cmake/ament_cmake_export_dependencies-extras.cmake
[2.915s] -- Up-to-date: /home/chayanin09/Documents/FUN4_ws/FUN4_6509/install/custom_interface/share/custom_interface/cmake/ament_cmake_export_include_directories-extras.cmake
[2.915s] -- Up-to-date: /home/chayanin09/Documents/FUN4_ws/FUN4_6509/install/custom_interface/share/custom_interface/cmake/ament_cmake_export_libraries-extras.cmake
[2.915s] -- Up-to-date: /home/chayanin09/Documents/FUN4_ws/FUN4_6509/install/custom_interface/share/custom_interface/cmake/ament_cmake_export_targets-extras.cmake
[2.915s] -- Up-to-date: /home/chayanin09/Documents/FUN4_ws/FUN4_6509/install/custom_interface/share/custom_interface/cmake/rosidl_cmake_export_typesupport_targets-extras.cmake
[2.915s] -- Up-to-date: /home/chayanin09/Documents/FUN4_ws/FUN4_6509/install/custom_interface/share/custom_interface/cmake/rosidl_cmake_export_typesupport_libraries-extras.cmake
[2.915s] -- Up-to-date: /home/chayanin09/Documents/FUN4_ws/FUN4_6509/install/custom_interface/share/custom_interface/cmake/custom_interfaceConfig.cmake
[2.915s] -- Up-to-date: /home/chayanin09/Documents/FUN4_ws/FUN4_6509/install/custom_interface/share/custom_interface/cmake/custom_interfaceConfig-version.cmake
[2.915s] -- Up-to-date: /home/chayanin09/Documents/FUN4_ws/FUN4_6509/install/custom_interface/share/custom_interface/package.xml
[2.916s] Invoked command in '/home/chayanin09/Documents/FUN4_ws/FUN4_6509/build/custom_interface' returned '0': CMAKE_PREFIX_PATH=${CMAKE_PREFIX_PATH}:/opt/ros/humble /usr/bin/cmake --install /home/chayanin09/Documents/FUN4_ws/FUN4_6509/build/custom_interface
