[0.010s] Invoking command in '/home/chayanin09/Documents/FUN4_ws/FUN4_6509/build/example_description': CMAKE_PREFIX_PATH=${CMAKE_PREFIX_PATH}:/home/chayanin09/Documents/robot_modelling_ws/install/moveit_configs_utils:/home/chayanin09/Documents/robot_modelling_ws/install/launch_param_builder:/opt/ros/humble /usr/bin/cmake --build /home/chayanin09/Documents/FUN4_ws/FUN4_6509/build/example_description -- -j20 -l20
[0.032s] -- Found ament_cmake: 1.3.10 (/opt/ros/humble/share/ament_cmake/cmake)
[0.115s] -- Found rclcpp: 16.0.10 (/opt/ros/humble/share/rclcpp/cmake)
[0.132s] -- Found rosidl_generator_c: 3.1.5 (/opt/ros/humble/share/rosidl_generator_c/cmake)
[0.133s] -- Found rosidl_adapter: 3.1.5 (/opt/ros/humble/share/rosidl_adapter/cmake)
[0.136s] -- Found rosidl_generator_cpp: 3.1.5 (/opt/ros/humble/share/rosidl_generator_cpp/cmake)
[0.142s] -- Using all available rosidl_typesupport_c: rosidl_typesupport_fastrtps_c;rosidl_typesupport_introspection_c
[0.150s] -- Using all available rosidl_typesupport_cpp: rosidl_typesupport_fastrtps_cpp;rosidl_typesupport_introspection_cpp
[0.168s] -- Found rmw_implementation_cmake: 6.1.2 (/opt/ros/humble/share/rmw_implementation_cmake/cmake)
[0.171s] -- Found rmw_fastrtps_cpp: 6.2.7 (/opt/ros/humble/share/rmw_fastrtps_cpp/cmake)
[0.248s] -- Using RMW implementation 'rmw_fastrtps_cpp' as default
[0.275s] -- Found rclpy: 3.3.14 (/opt/ros/humble/share/rclpy/cmake)
[0.357s] -- Configuring done
[0.361s] -- Generating done
[0.362s] -- Build files have been written to: /home/chayanin09/Documents/FUN4_ws/FUN4_6509/build/example_description
[0.389s] [35m[1mConsolidate compiler generated dependencies of target cpp_node_test[0m
[0.399s] [ 50%] [32mBuilding CXX object CMakeFiles/cpp_node_test.dir/src/cpp_node.cpp.o[0m
[0.409s] [ 50%] Built target ament_cmake_python_copy_example_description
[0.547s] [100%] [32m[1mLinking CXX executable cpp_node_test[0m
[0.566s] running egg_info
[0.566s] writing example_description.egg-info/PKG-INFO
[0.566s] writing dependency_links to example_description.egg-info/dependency_links.txt
[0.566s] writing top-level names to example_description.egg-info/top_level.txt
[0.567s] reading manifest file 'example_description.egg-info/SOURCES.txt'
[0.568s] writing manifest file 'example_description.egg-info/SOURCES.txt'
[0.589s] [100%] Built target ament_cmake_python_build_example_description_egg
[0.616s] [100%] Built target cpp_node_test
[0.628s] Invoked command in '/home/chayanin09/Documents/FUN4_ws/FUN4_6509/build/example_description' returned '0': CMAKE_PREFIX_PATH=${CMAKE_PREFIX_PATH}:/home/chayanin09/Documents/robot_modelling_ws/install/moveit_configs_utils:/home/chayanin09/Documents/robot_modelling_ws/install/launch_param_builder:/opt/ros/humble /usr/bin/cmake --build /home/chayanin09/Documents/FUN4_ws/FUN4_6509/build/example_description -- -j20 -l20
[0.673s] Invoking command in '/home/chayanin09/Documents/FUN4_ws/FUN4_6509/build/example_description': CMAKE_PREFIX_PATH=${CMAKE_PREFIX_PATH}:/home/chayanin09/Documents/robot_modelling_ws/install/moveit_configs_utils:/home/chayanin09/Documents/robot_modelling_ws/install/launch_param_builder:/opt/ros/humble /usr/bin/cmake --install /home/chayanin09/Documents/FUN4_ws/FUN4_6509/build/example_description
[0.680s] -- Install configuration: ""
[0.680s] -- Up-to-date: /home/chayanin09/Documents/FUN4_ws/FUN4_6509/install/example_description/share/example_description/environment/pythonpath.sh
[0.681s] -- Installing: /home/chayanin09/Documents/FUN4_ws/FUN4_6509/install/example_description/share/example_description/environment/pythonpath.dsv
[0.681s] -- Up-to-date: /home/chayanin09/Documents/FUN4_ws/FUN4_6509/install/example_description/local/lib/python3.10/dist-packages/example_description-0.0.0-py3.10.egg-info
[0.681s] -- Installing: /home/chayanin09/Documents/FUN4_ws/FUN4_6509/install/example_description/local/lib/python3.10/dist-packages/example_description-0.0.0-py3.10.egg-info/dependency_links.txt
[0.681s] -- Installing: /home/chayanin09/Documents/FUN4_ws/FUN4_6509/install/example_description/local/lib/python3.10/dist-packages/example_description-0.0.0-py3.10.egg-info/PKG-INFO
[0.681s] -- Installing: /home/chayanin09/Documents/FUN4_ws/FUN4_6509/install/example_description/local/lib/python3.10/dist-packages/example_description-0.0.0-py3.10.egg-info/top_level.txt
[0.681s] -- Installing: /home/chayanin09/Documents/FUN4_ws/FUN4_6509/install/example_description/local/lib/python3.10/dist-packages/example_description-0.0.0-py3.10.egg-info/SOURCES.txt
[0.681s] -- Up-to-date: /home/chayanin09/Documents/FUN4_ws/FUN4_6509/install/example_description/local/lib/python3.10/dist-packages/example_description
[0.681s] -- Installing: /home/chayanin09/Documents/FUN4_ws/FUN4_6509/install/example_description/local/lib/python3.10/dist-packages/example_description/__init__.py
[0.681s] -- Installing: /home/chayanin09/Documents/FUN4_ws/FUN4_6509/install/example_description/local/lib/python3.10/dist-packages/example_description/dummy_module.py
[0.704s] Listing '/home/chayanin09/Documents/FUN4_ws/FUN4_6509/install/example_description/local/lib/python3.10/dist-packages/example_description'...
[0.704s] Compiling '/home/chayanin09/Documents/FUN4_ws/FUN4_6509/install/example_description/local/lib/python3.10/dist-packages/example_description/__init__.py'...
[0.705s] Compiling '/home/chayanin09/Documents/FUN4_ws/FUN4_6509/install/example_description/local/lib/python3.10/dist-packages/example_description/dummy_module.py'...
[0.707s] -- Installing: /home/chayanin09/Documents/FUN4_ws/FUN4_6509/install/example_description/lib/example_description/dummy_script.py
[0.707s] -- Installing: /home/chayanin09/Documents/FUN4_ws/FUN4_6509/install/example_description/lib/example_description/cpp_node_test
[0.707s] -- Set runtime path of "/home/chayanin09/Documents/FUN4_ws/FUN4_6509/install/example_description/lib/example_description/cpp_node_test" to ""
[0.707s] -- Up-to-date: /home/chayanin09/Documents/FUN4_ws/FUN4_6509/install/example_description/share/example_description/config
[0.707s] -- Installing: /home/chayanin09/Documents/FUN4_ws/FUN4_6509/install/example_description/share/example_description/config/display.rviz
[0.707s] -- Up-to-date: /home/chayanin09/Documents/FUN4_ws/FUN4_6509/install/example_description/share/example_description/launch
[0.707s] -- Installing: /home/chayanin09/Documents/FUN4_ws/FUN4_6509/install/example_description/share/example_description/launch/fun.launch.py
[0.707s] -- Installing: /home/chayanin09/Documents/FUN4_ws/FUN4_6509/install/example_description/share/example_description/launch/simple_display.launch.py
[0.707s] -- Up-to-date: /home/chayanin09/Documents/FUN4_ws/FUN4_6509/install/example_description/share/example_description/meshes
[0.707s] -- Installing: /home/chayanin09/Documents/FUN4_ws/FUN4_6509/install/example_description/share/example_description/meshes/link_2.stl
[0.708s] -- Installing: /home/chayanin09/Documents/FUN4_ws/FUN4_6509/install/example_description/share/example_description/meshes/link_0.stl
[0.708s] -- Installing: /home/chayanin09/Documents/FUN4_ws/FUN4_6509/install/example_description/share/example_description/meshes/link_3.stl
[0.708s] -- Installing: /home/chayanin09/Documents/FUN4_ws/FUN4_6509/install/example_description/share/example_description/meshes/end_effector.stl
[0.708s] -- Installing: /home/chayanin09/Documents/FUN4_ws/FUN4_6509/install/example_description/share/example_description/meshes/link_1.stl
[0.708s] -- Up-to-date: /home/chayanin09/Documents/FUN4_ws/FUN4_6509/install/example_description/share/example_description/robot
[0.708s] -- Up-to-date: /home/chayanin09/Documents/FUN4_ws/FUN4_6509/install/example_description/share/example_description/robot/visual
[0.708s] -- Installing: /home/chayanin09/Documents/FUN4_ws/FUN4_6509/install/example_description/share/example_description/robot/visual/my-robot.xacro
[0.708s] -- Installing: /home/chayanin09/Documents/FUN4_ws/FUN4_6509/install/example_description/share/example_description/robot/visual/01-myfirst.urdf
[0.708s] -- Up-to-date: /home/chayanin09/Documents/FUN4_ws/FUN4_6509/install/example_description/share/ament_index/resource_index/package_run_dependencies/example_description
[0.708s] -- Installing: /home/chayanin09/Documents/FUN4_ws/FUN4_6509/install/example_description/share/ament_index/resource_index/parent_prefix_path/example_description
[0.708s] -- Up-to-date: /home/chayanin09/Documents/FUN4_ws/FUN4_6509/install/example_description/share/example_description/environment/ament_prefix_path.sh
[0.708s] -- Installing: /home/chayanin09/Documents/FUN4_ws/FUN4_6509/install/example_description/share/example_description/environment/ament_prefix_path.dsv
[0.708s] -- Up-to-date: /home/chayanin09/Documents/FUN4_ws/FUN4_6509/install/example_description/share/example_description/environment/path.sh
[0.708s] -- Installing: /home/chayanin09/Documents/FUN4_ws/FUN4_6509/install/example_description/share/example_description/environment/path.dsv
[0.708s] -- Up-to-date: /home/chayanin09/Documents/FUN4_ws/FUN4_6509/install/example_description/share/example_description/local_setup.bash
[0.708s] -- Up-to-date: /home/chayanin09/Documents/FUN4_ws/FUN4_6509/install/example_description/share/example_description/local_setup.sh
[0.708s] -- Up-to-date: /home/chayanin09/Documents/FUN4_ws/FUN4_6509/install/example_description/share/example_description/local_setup.zsh
[0.708s] -- Installing: /home/chayanin09/Documents/FUN4_ws/FUN4_6509/install/example_description/share/example_description/local_setup.dsv
[0.708s] -- Installing: /home/chayanin09/Documents/FUN4_ws/FUN4_6509/install/example_description/share/example_description/package.dsv
[0.708s] -- Up-to-date: /home/chayanin09/Documents/FUN4_ws/FUN4_6509/install/example_description/share/ament_index/resource_index/packages/example_description
[0.709s] -- Up-to-date: /home/chayanin09/Documents/FUN4_ws/FUN4_6509/install/example_description/share/example_description/cmake/example_descriptionConfig.cmake
[0.709s] -- Up-to-date: /home/chayanin09/Documents/FUN4_ws/FUN4_6509/install/example_description/share/example_description/cmake/example_descriptionConfig-version.cmake
[0.709s] -- Installing: /home/chayanin09/Documents/FUN4_ws/FUN4_6509/install/example_description/share/example_description/package.xml
[0.710s] Invoked command in '/home/chayanin09/Documents/FUN4_ws/FUN4_6509/build/example_description' returned '0': CMAKE_PREFIX_PATH=${CMAKE_PREFIX_PATH}:/home/chayanin09/Documents/robot_modelling_ws/install/moveit_configs_utils:/home/chayanin09/Documents/robot_modelling_ws/install/launch_param_builder:/opt/ros/humble /usr/bin/cmake --install /home/chayanin09/Documents/FUN4_ws/FUN4_6509/build/example_description
