[0.008s] Invoking command in '/home/chayanin09/Documents/FUN4_ws/FUN4_6509/build/custom_msg': CMAKE_PREFIX_PATH=${CMAKE_PREFIX_PATH}:/opt/ros/humble /usr/bin/cmake /home/chayanin09/Documents/FUN4_ws/FUN4_6509/src/custom_msg -DCMAKE_INSTALL_PREFIX=/home/chayanin09/Documents/FUN4_ws/FUN4_6509/install/custom_msg
[0.048s] -- The C compiler identification is GNU 11.4.0
[0.099s] -- The CXX compiler identification is GNU 11.4.0
[0.106s] -- Detecting C compiler ABI info
[0.155s] -- Detecting C compiler ABI info - done
[0.159s] -- Check for working C compiler: /usr/bin/cc - skipped
[0.159s] -- Detecting C compile features
[0.160s] -- Detecting C compile features - done
[0.161s] -- Detecting CXX compiler ABI info
[0.219s] -- Detecting CXX compiler ABI info - done
[0.225s] -- Check for working CXX compiler: /usr/bin/c++ - skipped
[0.225s] -- Detecting CXX compile features
[0.225s] -- Detecting CXX compile features - done
[0.226s] -- Found ament_cmake: 1.3.10 (/opt/ros/humble/share/ament_cmake/cmake)
[0.328s] -- Found Python3: /usr/bin/python3 (found version "3.10.12") found components: Interpreter 
[0.380s] -- Found rosidl_default_generators: 1.2.0 (/opt/ros/humble/share/rosidl_default_generators/cmake)
[0.383s] -- Using all available rosidl_typesupport_c: rosidl_typesupport_fastrtps_c;rosidl_typesupport_introspection_c
[0.389s] -- Found rosidl_adapter: 3.1.5 (/opt/ros/humble/share/rosidl_adapter/cmake)
[0.414s] -- Using all available rosidl_typesupport_cpp: rosidl_typesupport_fastrtps_cpp;rosidl_typesupport_introspection_cpp
[0.574s] -- Found ament_cmake_ros: 0.10.0 (/opt/ros/humble/share/ament_cmake_ros/cmake)
[0.686s] -- Using all available rosidl_typesupport_c: rosidl_typesupport_fastrtps_c;rosidl_typesupport_introspection_c
[0.835s] -- Using all available rosidl_typesupport_cpp: rosidl_typesupport_fastrtps_cpp;rosidl_typesupport_introspection_cpp
[0.852s] -- Found PythonInterp: /usr/bin/python3 (found suitable version "3.10.12", minimum required is "3.6") 
[0.853s] -- Found python_cmake_module: 0.10.0 (/opt/ros/humble/share/python_cmake_module/cmake)
[0.873s] -- Found PythonLibs: /usr/lib/x86_64-linux-gnu/libpython3.10.so (found suitable version "3.10.12", minimum required is "3.5") 
[0.873s] -- Using PYTHON_EXECUTABLE: /usr/bin/python3
[0.873s] -- Using PYTHON_INCLUDE_DIRS: /usr/include/python3.10
[0.873s] -- Using PYTHON_LIBRARIES: /usr/lib/x86_64-linux-gnu/libpython3.10.so
[0.885s] -- Found PythonExtra: .so  
[0.904s] -- Configuring done
[0.916s] -- Generating done
[0.917s] -- Build files have been written to: /home/chayanin09/Documents/FUN4_ws/FUN4_6509/build/custom_msg
[0.922s] Invoked command in '/home/chayanin09/Documents/FUN4_ws/FUN4_6509/build/custom_msg' returned '0': CMAKE_PREFIX_PATH=${CMAKE_PREFIX_PATH}:/opt/ros/humble /usr/bin/cmake /home/chayanin09/Documents/FUN4_ws/FUN4_6509/src/custom_msg -DCMAKE_INSTALL_PREFIX=/home/chayanin09/Documents/FUN4_ws/FUN4_6509/install/custom_msg
[0.922s] Invoking command in '/home/chayanin09/Documents/FUN4_ws/FUN4_6509/build/custom_msg': CMAKE_PREFIX_PATH=${CMAKE_PREFIX_PATH}:/opt/ros/humble /usr/bin/cmake --build /home/chayanin09/Documents/FUN4_ws/FUN4_6509/build/custom_msg -- -j20 -l20
[0.951s] [  3%] [34m[1mGenerating C code for ROS interfaces[0m
[0.959s] [  6%] [34m[1mGenerating C++ code for ROS interfaces[0m
[0.966s] [  6%] Built target ament_cmake_python_copy_custom_msg
[1.095s] [  6%] Built target custom_msg__cpp
[1.102s] [  9%] [34m[1mGenerating C++ introspection for ROS interfaces[0m
[1.104s] [ 12%] [34m[1mGenerating C++ type support for eProsima Fast-RTPS[0m
[1.104s] [ 16%] [34m[1mGenerating C++ type support dispatch for ROS interfaces[0m
[1.108s] [ 19%] [32mBuilding C object CMakeFiles/custom_msg__rosidl_generator_c.dir/rosidl_generator_c/custom_msg/msg/detail/qtarget__functions.c.o[0m
[1.133s] running egg_info
[1.133s] creating custom_msg.egg-info
[1.133s] writing custom_msg.egg-info/PKG-INFO
[1.133s] writing dependency_links to custom_msg.egg-info/dependency_links.txt
[1.133s] writing top-level names to custom_msg.egg-info/top_level.txt
[1.133s] writing manifest file 'custom_msg.egg-info/SOURCES.txt'
[1.134s] reading manifest file 'custom_msg.egg-info/SOURCES.txt'
[1.134s] writing manifest file 'custom_msg.egg-info/SOURCES.txt'
[1.147s] [ 22%] [32m[1mLinking C shared library libcustom_msg__rosidl_generator_c.so[0m
[1.154s] [ 22%] Built target ament_cmake_python_build_custom_msg_egg
[1.175s] [ 22%] Built target custom_msg__rosidl_generator_c
[1.184s] [ 25%] [34m[1mGenerating C type support for eProsima Fast-RTPS[0m
[1.184s] [ 32%] [34m[1mGenerating C introspection for ROS interfaces[0m
[1.184s] [ 32%] [34m[1mGenerating C type support dispatch for ROS interfaces[0m
[1.238s] [ 35%] [32mBuilding CXX object CMakeFiles/custom_msg__rosidl_typesupport_cpp.dir/rosidl_typesupport_cpp/custom_msg/msg/qtarget__type_support.cpp.o[0m
[1.245s] [ 38%] [32mBuilding CXX object CMakeFiles/custom_msg__rosidl_typesupport_introspection_cpp.dir/rosidl_typesupport_introspection_cpp/custom_msg/msg/detail/qtarget__type_support.cpp.o[0m
[1.253s] [ 41%] [32mBuilding CXX object CMakeFiles/custom_msg__rosidl_typesupport_fastrtps_cpp.dir/rosidl_typesupport_fastrtps_cpp/custom_msg/msg/detail/dds_fastrtps/qtarget__type_support.cpp.o[0m
[1.323s] [ 45%] [32mBuilding CXX object CMakeFiles/custom_msg__rosidl_typesupport_c.dir/rosidl_typesupport_c/custom_msg/msg/qtarget__type_support.cpp.o[0m
[1.332s] [ 48%] [32mBuilding CXX object CMakeFiles/custom_msg__rosidl_typesupport_fastrtps_c.dir/rosidl_typesupport_fastrtps_c/custom_msg/msg/detail/qtarget__type_support_c.cpp.o[0m
[1.339s] [ 51%] [32mBuilding C object CMakeFiles/custom_msg__rosidl_typesupport_introspection_c.dir/rosidl_typesupport_introspection_c/custom_msg/msg/detail/qtarget__type_support.c.o[0m
[1.354s] [ 54%] [32m[1mLinking CXX shared library libcustom_msg__rosidl_typesupport_c.so[0m
[1.365s] [ 58%] [32m[1mLinking C shared library libcustom_msg__rosidl_typesupport_introspection_c.so[0m
[1.382s] [ 61%] [32m[1mLinking CXX shared library libcustom_msg__rosidl_typesupport_cpp.so[0m
[1.385s] [ 61%] Built target custom_msg__rosidl_typesupport_c
[1.388s] [ 61%] Built target custom_msg__rosidl_typesupport_introspection_c
[1.410s] [ 61%] Built target custom_msg__rosidl_typesupport_cpp
[1.466s] [ 64%] [32m[1mLinking CXX shared library libcustom_msg__rosidl_typesupport_introspection_cpp.so[0m
[1.495s] [ 67%] [32m[1mLinking CXX shared library libcustom_msg__rosidl_typesupport_fastrtps_cpp.so[0m
[1.515s] [ 67%] Built target custom_msg__rosidl_typesupport_introspection_cpp
[1.519s] [ 70%] [32m[1mLinking CXX shared library libcustom_msg__rosidl_typesupport_fastrtps_c.so[0m
[1.542s] [ 70%] Built target custom_msg__rosidl_typesupport_fastrtps_cpp
[1.570s] [ 70%] Built target custom_msg__rosidl_typesupport_fastrtps_c
[1.587s] [ 70%] Built target custom_msg
[1.601s] [ 74%] [34m[1mGenerating Python code for ROS interfaces[0m
[1.759s] [ 74%] Built target custom_msg__py
[1.775s] [ 77%] [32mBuilding C object CMakeFiles/custom_msg__rosidl_generator_py.dir/rosidl_generator_py/custom_msg/msg/_qtarget_s.c.o[0m
[1.833s] [ 80%] [32m[1mLinking C shared library rosidl_generator_py/custom_msg/libcustom_msg__rosidl_generator_py.so[0m
[1.862s] [ 80%] Built target custom_msg__rosidl_generator_py
[1.878s] [ 83%] [32mBuilding C object CMakeFiles/custom_msg__rosidl_typesupport_introspection_c__pyext.dir/rosidl_generator_py/custom_msg/_custom_msg_s.ep.rosidl_typesupport_introspection_c.c.o[0m
[1.879s] [ 90%] [32mBuilding C object CMakeFiles/custom_msg__rosidl_typesupport_fastrtps_c__pyext.dir/rosidl_generator_py/custom_msg/_custom_msg_s.ep.rosidl_typesupport_fastrtps_c.c.o[0m
[1.879s] [ 90%] [32mBuilding C object CMakeFiles/custom_msg__rosidl_typesupport_c__pyext.dir/rosidl_generator_py/custom_msg/_custom_msg_s.ep.rosidl_typesupport_c.c.o[0m
[1.932s] [ 93%] [32m[1mLinking C shared library rosidl_generator_py/custom_msg/custom_msg_s__rosidl_typesupport_c.cpython-310-x86_64-linux-gnu.so[0m
[1.932s] [ 96%] [32m[1mLinking C shared library rosidl_generator_py/custom_msg/custom_msg_s__rosidl_typesupport_introspection_c.cpython-310-x86_64-linux-gnu.so[0m
[1.932s] [100%] [32m[1mLinking C shared library rosidl_generator_py/custom_msg/custom_msg_s__rosidl_typesupport_fastrtps_c.cpython-310-x86_64-linux-gnu.so[0m
[1.955s] [100%] Built target custom_msg__rosidl_typesupport_fastrtps_c__pyext
[1.956s] [100%] Built target custom_msg__rosidl_typesupport_introspection_c__pyext
[1.957s] [100%] Built target custom_msg__rosidl_typesupport_c__pyext
[1.966s] Invoked command in '/home/chayanin09/Documents/FUN4_ws/FUN4_6509/build/custom_msg' returned '0': CMAKE_PREFIX_PATH=${CMAKE_PREFIX_PATH}:/opt/ros/humble /usr/bin/cmake --build /home/chayanin09/Documents/FUN4_ws/FUN4_6509/build/custom_msg -- -j20 -l20
[2.016s] Invoking command in '/home/chayanin09/Documents/FUN4_ws/FUN4_6509/build/custom_msg': CMAKE_PREFIX_PATH=${CMAKE_PREFIX_PATH}:/opt/ros/humble /usr/bin/cmake --install /home/chayanin09/Documents/FUN4_ws/FUN4_6509/build/custom_msg
[2.021s] -- Install configuration: ""
[2.022s] -- Installing: /home/chayanin09/Documents/FUN4_ws/FUN4_6509/install/custom_msg/share/ament_index/resource_index/rosidl_interfaces/custom_msg
[2.022s] -- Installing: /home/chayanin09/Documents/FUN4_ws/FUN4_6509/install/custom_msg/include/custom_msg/custom_msg
[2.022s] -- Installing: /home/chayanin09/Documents/FUN4_ws/FUN4_6509/install/custom_msg/include/custom_msg/custom_msg/msg
[2.022s] -- Installing: /home/chayanin09/Documents/FUN4_ws/FUN4_6509/install/custom_msg/include/custom_msg/custom_msg/msg/rosidl_generator_c__visibility_control.h
[2.022s] -- Installing: /home/chayanin09/Documents/FUN4_ws/FUN4_6509/install/custom_msg/include/custom_msg/custom_msg/msg/qtarget.h
[2.022s] -- Installing: /home/chayanin09/Documents/FUN4_ws/FUN4_6509/install/custom_msg/include/custom_msg/custom_msg/msg/detail
[2.022s] -- Installing: /home/chayanin09/Documents/FUN4_ws/FUN4_6509/install/custom_msg/include/custom_msg/custom_msg/msg/detail/qtarget__struct.h
[2.022s] -- Installing: /home/chayanin09/Documents/FUN4_ws/FUN4_6509/install/custom_msg/include/custom_msg/custom_msg/msg/detail/qtarget__type_support.h
[2.022s] -- Installing: /home/chayanin09/Documents/FUN4_ws/FUN4_6509/install/custom_msg/include/custom_msg/custom_msg/msg/detail/qtarget__functions.c
[2.022s] -- Installing: /home/chayanin09/Documents/FUN4_ws/FUN4_6509/install/custom_msg/include/custom_msg/custom_msg/msg/detail/qtarget__functions.h
[2.022s] -- Installing: /home/chayanin09/Documents/FUN4_ws/FUN4_6509/install/custom_msg/share/custom_msg/environment/library_path.sh
[2.022s] -- Installing: /home/chayanin09/Documents/FUN4_ws/FUN4_6509/install/custom_msg/share/custom_msg/environment/library_path.dsv
[2.022s] -- Installing: /home/chayanin09/Documents/FUN4_ws/FUN4_6509/install/custom_msg/lib/libcustom_msg__rosidl_generator_c.so
[2.022s] -- Set runtime path of "/home/chayanin09/Documents/FUN4_ws/FUN4_6509/install/custom_msg/lib/libcustom_msg__rosidl_generator_c.so" to ""
[2.022s] -- Up-to-date: /home/chayanin09/Documents/FUN4_ws/FUN4_6509/install/custom_msg/include/custom_msg/custom_msg
[2.022s] -- Up-to-date: /home/chayanin09/Documents/FUN4_ws/FUN4_6509/install/custom_msg/include/custom_msg/custom_msg/msg
[2.022s] -- Installing: /home/chayanin09/Documents/FUN4_ws/FUN4_6509/install/custom_msg/include/custom_msg/custom_msg/msg/rosidl_typesupport_fastrtps_c__visibility_control.h
[2.022s] -- Up-to-date: /home/chayanin09/Documents/FUN4_ws/FUN4_6509/install/custom_msg/include/custom_msg/custom_msg/msg/detail
[2.022s] -- Installing: /home/chayanin09/Documents/FUN4_ws/FUN4_6509/install/custom_msg/include/custom_msg/custom_msg/msg/detail/qtarget__rosidl_typesupport_fastrtps_c.h
[2.022s] -- Installing: /home/chayanin09/Documents/FUN4_ws/FUN4_6509/install/custom_msg/lib/libcustom_msg__rosidl_typesupport_fastrtps_c.so
[2.022s] -- Set runtime path of "/home/chayanin09/Documents/FUN4_ws/FUN4_6509/install/custom_msg/lib/libcustom_msg__rosidl_typesupport_fastrtps_c.so" to ""
[2.022s] -- Up-to-date: /home/chayanin09/Documents/FUN4_ws/FUN4_6509/install/custom_msg/include/custom_msg/custom_msg
[2.022s] -- Up-to-date: /home/chayanin09/Documents/FUN4_ws/FUN4_6509/install/custom_msg/include/custom_msg/custom_msg/msg
[2.023s] -- Up-to-date: /home/chayanin09/Documents/FUN4_ws/FUN4_6509/install/custom_msg/include/custom_msg/custom_msg/msg/detail
[2.023s] -- Installing: /home/chayanin09/Documents/FUN4_ws/FUN4_6509/install/custom_msg/include/custom_msg/custom_msg/msg/detail/qtarget__type_support.c
[2.023s] -- Installing: /home/chayanin09/Documents/FUN4_ws/FUN4_6509/install/custom_msg/include/custom_msg/custom_msg/msg/detail/qtarget__rosidl_typesupport_introspection_c.h
[2.023s] -- Installing: /home/chayanin09/Documents/FUN4_ws/FUN4_6509/install/custom_msg/include/custom_msg/custom_msg/msg/rosidl_typesupport_introspection_c__visibility_control.h
[2.023s] -- Installing: /home/chayanin09/Documents/FUN4_ws/FUN4_6509/install/custom_msg/lib/libcustom_msg__rosidl_typesupport_introspection_c.so
[2.023s] -- Set runtime path of "/home/chayanin09/Documents/FUN4_ws/FUN4_6509/install/custom_msg/lib/libcustom_msg__rosidl_typesupport_introspection_c.so" to ""
[2.023s] -- Installing: /home/chayanin09/Documents/FUN4_ws/FUN4_6509/install/custom_msg/lib/libcustom_msg__rosidl_typesupport_c.so
[2.023s] -- Set runtime path of "/home/chayanin09/Documents/FUN4_ws/FUN4_6509/install/custom_msg/lib/libcustom_msg__rosidl_typesupport_c.so" to ""
[2.023s] -- Up-to-date: /home/chayanin09/Documents/FUN4_ws/FUN4_6509/install/custom_msg/include/custom_msg/custom_msg
[2.023s] -- Up-to-date: /home/chayanin09/Documents/FUN4_ws/FUN4_6509/install/custom_msg/include/custom_msg/custom_msg/msg
[2.023s] -- Installing: /home/chayanin09/Documents/FUN4_ws/FUN4_6509/install/custom_msg/include/custom_msg/custom_msg/msg/qtarget.hpp
[2.023s] -- Up-to-date: /home/chayanin09/Documents/FUN4_ws/FUN4_6509/install/custom_msg/include/custom_msg/custom_msg/msg/detail
[2.023s] -- Installing: /home/chayanin09/Documents/FUN4_ws/FUN4_6509/install/custom_msg/include/custom_msg/custom_msg/msg/detail/qtarget__builder.hpp
[2.023s] -- Installing: /home/chayanin09/Documents/FUN4_ws/FUN4_6509/install/custom_msg/include/custom_msg/custom_msg/msg/detail/qtarget__struct.hpp
[2.023s] -- Installing: /home/chayanin09/Documents/FUN4_ws/FUN4_6509/install/custom_msg/include/custom_msg/custom_msg/msg/detail/qtarget__traits.hpp
[2.023s] -- Up-to-date: /home/chayanin09/Documents/FUN4_ws/FUN4_6509/install/custom_msg/include/custom_msg/custom_msg
[2.023s] -- Up-to-date: /home/chayanin09/Documents/FUN4_ws/FUN4_6509/install/custom_msg/include/custom_msg/custom_msg/msg
[2.023s] -- Up-to-date: /home/chayanin09/Documents/FUN4_ws/FUN4_6509/install/custom_msg/include/custom_msg/custom_msg/msg/detail
[2.023s] -- Installing: /home/chayanin09/Documents/FUN4_ws/FUN4_6509/install/custom_msg/include/custom_msg/custom_msg/msg/detail/dds_fastrtps
[2.023s] -- Installing: /home/chayanin09/Documents/FUN4_ws/FUN4_6509/install/custom_msg/include/custom_msg/custom_msg/msg/detail/qtarget__rosidl_typesupport_fastrtps_cpp.hpp
[2.023s] -- Installing: /home/chayanin09/Documents/FUN4_ws/FUN4_6509/install/custom_msg/include/custom_msg/custom_msg/msg/rosidl_typesupport_fastrtps_cpp__visibility_control.h
[2.023s] -- Installing: /home/chayanin09/Documents/FUN4_ws/FUN4_6509/install/custom_msg/lib/libcustom_msg__rosidl_typesupport_fastrtps_cpp.so
[2.023s] -- Set runtime path of "/home/chayanin09/Documents/FUN4_ws/FUN4_6509/install/custom_msg/lib/libcustom_msg__rosidl_typesupport_fastrtps_cpp.so" to ""
[2.023s] -- Up-to-date: /home/chayanin09/Documents/FUN4_ws/FUN4_6509/install/custom_msg/include/custom_msg/custom_msg
[2.023s] -- Up-to-date: /home/chayanin09/Documents/FUN4_ws/FUN4_6509/install/custom_msg/include/custom_msg/custom_msg/msg
[2.023s] -- Up-to-date: /home/chayanin09/Documents/FUN4_ws/FUN4_6509/install/custom_msg/include/custom_msg/custom_msg/msg/detail
[2.023s] -- Installing: /home/chayanin09/Documents/FUN4_ws/FUN4_6509/install/custom_msg/include/custom_msg/custom_msg/msg/detail/qtarget__rosidl_typesupport_introspection_cpp.hpp
[2.023s] -- Installing: /home/chayanin09/Documents/FUN4_ws/FUN4_6509/install/custom_msg/include/custom_msg/custom_msg/msg/detail/qtarget__type_support.cpp
[2.023s] -- Installing: /home/chayanin09/Documents/FUN4_ws/FUN4_6509/install/custom_msg/lib/libcustom_msg__rosidl_typesupport_introspection_cpp.so
[2.023s] -- Set runtime path of "/home/chayanin09/Documents/FUN4_ws/FUN4_6509/install/custom_msg/lib/libcustom_msg__rosidl_typesupport_introspection_cpp.so" to ""
[2.023s] -- Installing: /home/chayanin09/Documents/FUN4_ws/FUN4_6509/install/custom_msg/lib/libcustom_msg__rosidl_typesupport_cpp.so
[2.023s] -- Set runtime path of "/home/chayanin09/Documents/FUN4_ws/FUN4_6509/install/custom_msg/lib/libcustom_msg__rosidl_typesupport_cpp.so" to ""
[2.023s] -- Installing: /home/chayanin09/Documents/FUN4_ws/FUN4_6509/install/custom_msg/share/custom_msg/environment/pythonpath.sh
[2.024s] -- Installing: /home/chayanin09/Documents/FUN4_ws/FUN4_6509/install/custom_msg/share/custom_msg/environment/pythonpath.dsv
[2.024s] -- Installing: /home/chayanin09/Documents/FUN4_ws/FUN4_6509/install/custom_msg/local/lib/python3.10/dist-packages/custom_msg-0.0.0-py3.10.egg-info
[2.024s] -- Installing: /home/chayanin09/Documents/FUN4_ws/FUN4_6509/install/custom_msg/local/lib/python3.10/dist-packages/custom_msg-0.0.0-py3.10.egg-info/dependency_links.txt
[2.024s] -- Installing: /home/chayanin09/Documents/FUN4_ws/FUN4_6509/install/custom_msg/local/lib/python3.10/dist-packages/custom_msg-0.0.0-py3.10.egg-info/PKG-INFO
[2.024s] -- Installing: /home/chayanin09/Documents/FUN4_ws/FUN4_6509/install/custom_msg/local/lib/python3.10/dist-packages/custom_msg-0.0.0-py3.10.egg-info/top_level.txt
[2.024s] -- Installing: /home/chayanin09/Documents/FUN4_ws/FUN4_6509/install/custom_msg/local/lib/python3.10/dist-packages/custom_msg-0.0.0-py3.10.egg-info/SOURCES.txt
[2.024s] -- Installing: /home/chayanin09/Documents/FUN4_ws/FUN4_6509/install/custom_msg/local/lib/python3.10/dist-packages/custom_msg
[2.024s] -- Installing: /home/chayanin09/Documents/FUN4_ws/FUN4_6509/install/custom_msg/local/lib/python3.10/dist-packages/custom_msg/_custom_msg_s.ep.rosidl_typesupport_fastrtps_c.c
[2.024s] -- Installing: /home/chayanin09/Documents/FUN4_ws/FUN4_6509/install/custom_msg/local/lib/python3.10/dist-packages/custom_msg/custom_msg_s__rosidl_typesupport_fastrtps_c.cpython-310-x86_64-linux-gnu.so
[2.024s] -- Installing: /home/chayanin09/Documents/FUN4_ws/FUN4_6509/install/custom_msg/local/lib/python3.10/dist-packages/custom_msg/_custom_msg_s.ep.rosidl_typesupport_c.c
[2.024s] -- Installing: /home/chayanin09/Documents/FUN4_ws/FUN4_6509/install/custom_msg/local/lib/python3.10/dist-packages/custom_msg/_custom_msg_s.ep.rosidl_typesupport_introspection_c.c
[2.024s] -- Installing: /home/chayanin09/Documents/FUN4_ws/FUN4_6509/install/custom_msg/local/lib/python3.10/dist-packages/custom_msg/msg
[2.024s] -- Installing: /home/chayanin09/Documents/FUN4_ws/FUN4_6509/install/custom_msg/local/lib/python3.10/dist-packages/custom_msg/msg/_qtarget.py
[2.024s] -- Installing: /home/chayanin09/Documents/FUN4_ws/FUN4_6509/install/custom_msg/local/lib/python3.10/dist-packages/custom_msg/msg/_qtarget_s.c
[2.024s] -- Installing: /home/chayanin09/Documents/FUN4_ws/FUN4_6509/install/custom_msg/local/lib/python3.10/dist-packages/custom_msg/msg/__init__.py
[2.024s] -- Installing: /home/chayanin09/Documents/FUN4_ws/FUN4_6509/install/custom_msg/local/lib/python3.10/dist-packages/custom_msg/custom_msg_s__rosidl_typesupport_c.cpython-310-x86_64-linux-gnu.so
[2.024s] -- Installing: /home/chayanin09/Documents/FUN4_ws/FUN4_6509/install/custom_msg/local/lib/python3.10/dist-packages/custom_msg/__init__.py
[2.024s] -- Installing: /home/chayanin09/Documents/FUN4_ws/FUN4_6509/install/custom_msg/local/lib/python3.10/dist-packages/custom_msg/libcustom_msg__rosidl_generator_py.so
[2.024s] -- Installing: /home/chayanin09/Documents/FUN4_ws/FUN4_6509/install/custom_msg/local/lib/python3.10/dist-packages/custom_msg/custom_msg_s__rosidl_typesupport_introspection_c.cpython-310-x86_64-linux-gnu.so
[2.044s] Listing '/home/chayanin09/Documents/FUN4_ws/FUN4_6509/install/custom_msg/local/lib/python3.10/dist-packages/custom_msg'...
[2.044s] Compiling '/home/chayanin09/Documents/FUN4_ws/FUN4_6509/install/custom_msg/local/lib/python3.10/dist-packages/custom_msg/__init__.py'...
[2.045s] Listing '/home/chayanin09/Documents/FUN4_ws/FUN4_6509/install/custom_msg/local/lib/python3.10/dist-packages/custom_msg/msg'...
[2.045s] Compiling '/home/chayanin09/Documents/FUN4_ws/FUN4_6509/install/custom_msg/local/lib/python3.10/dist-packages/custom_msg/msg/__init__.py'...
[2.045s] Compiling '/home/chayanin09/Documents/FUN4_ws/FUN4_6509/install/custom_msg/local/lib/python3.10/dist-packages/custom_msg/msg/_qtarget.py'...
[2.047s] -- Installing: /home/chayanin09/Documents/FUN4_ws/FUN4_6509/install/custom_msg/local/lib/python3.10/dist-packages/custom_msg/custom_msg_s__rosidl_typesupport_fastrtps_c.cpython-310-x86_64-linux-gnu.so
[2.047s] -- Set runtime path of "/home/chayanin09/Documents/FUN4_ws/FUN4_6509/install/custom_msg/local/lib/python3.10/dist-packages/custom_msg/custom_msg_s__rosidl_typesupport_fastrtps_c.cpython-310-x86_64-linux-gnu.so" to ""
[2.047s] -- Installing: /home/chayanin09/Documents/FUN4_ws/FUN4_6509/install/custom_msg/local/lib/python3.10/dist-packages/custom_msg/custom_msg_s__rosidl_typesupport_introspection_c.cpython-310-x86_64-linux-gnu.so
[2.047s] -- Set runtime path of "/home/chayanin09/Documents/FUN4_ws/FUN4_6509/install/custom_msg/local/lib/python3.10/dist-packages/custom_msg/custom_msg_s__rosidl_typesupport_introspection_c.cpython-310-x86_64-linux-gnu.so" to ""
[2.047s] -- Installing: /home/chayanin09/Documents/FUN4_ws/FUN4_6509/install/custom_msg/local/lib/python3.10/dist-packages/custom_msg/custom_msg_s__rosidl_typesupport_c.cpython-310-x86_64-linux-gnu.so
[2.047s] -- Set runtime path of "/home/chayanin09/Documents/FUN4_ws/FUN4_6509/install/custom_msg/local/lib/python3.10/dist-packages/custom_msg/custom_msg_s__rosidl_typesupport_c.cpython-310-x86_64-linux-gnu.so" to ""
[2.047s] -- Installing: /home/chayanin09/Documents/FUN4_ws/FUN4_6509/install/custom_msg/lib/libcustom_msg__rosidl_generator_py.so
[2.048s] -- Set runtime path of "/home/chayanin09/Documents/FUN4_ws/FUN4_6509/install/custom_msg/lib/libcustom_msg__rosidl_generator_py.so" to ""
[2.048s] -- Installing: /home/chayanin09/Documents/FUN4_ws/FUN4_6509/install/custom_msg/share/custom_msg/msg/Qtarget.idl
[2.048s] -- Installing: /home/chayanin09/Documents/FUN4_ws/FUN4_6509/install/custom_msg/share/custom_msg/msg/Qtarget.msg
[2.048s] -- Installing: /home/chayanin09/Documents/FUN4_ws/FUN4_6509/install/custom_msg/share/ament_index/resource_index/package_run_dependencies/custom_msg
[2.048s] -- Installing: /home/chayanin09/Documents/FUN4_ws/FUN4_6509/install/custom_msg/share/ament_index/resource_index/parent_prefix_path/custom_msg
[2.048s] -- Installing: /home/chayanin09/Documents/FUN4_ws/FUN4_6509/install/custom_msg/share/custom_msg/environment/ament_prefix_path.sh
[2.048s] -- Installing: /home/chayanin09/Documents/FUN4_ws/FUN4_6509/install/custom_msg/share/custom_msg/environment/ament_prefix_path.dsv
[2.048s] -- Installing: /home/chayanin09/Documents/FUN4_ws/FUN4_6509/install/custom_msg/share/custom_msg/environment/path.sh
[2.048s] -- Installing: /home/chayanin09/Documents/FUN4_ws/FUN4_6509/install/custom_msg/share/custom_msg/environment/path.dsv
[2.048s] -- Installing: /home/chayanin09/Documents/FUN4_ws/FUN4_6509/install/custom_msg/share/custom_msg/local_setup.bash
[2.048s] -- Installing: /home/chayanin09/Documents/FUN4_ws/FUN4_6509/install/custom_msg/share/custom_msg/local_setup.sh
[2.048s] -- Installing: /home/chayanin09/Documents/FUN4_ws/FUN4_6509/install/custom_msg/share/custom_msg/local_setup.zsh
[2.048s] -- Installing: /home/chayanin09/Documents/FUN4_ws/FUN4_6509/install/custom_msg/share/custom_msg/local_setup.dsv
[2.048s] -- Installing: /home/chayanin09/Documents/FUN4_ws/FUN4_6509/install/custom_msg/share/custom_msg/package.dsv
[2.048s] -- Installing: /home/chayanin09/Documents/FUN4_ws/FUN4_6509/install/custom_msg/share/ament_index/resource_index/packages/custom_msg
[2.048s] -- Installing: /home/chayanin09/Documents/FUN4_ws/FUN4_6509/install/custom_msg/share/custom_msg/cmake/export_custom_msg__rosidl_generator_cExport.cmake
[2.048s] -- Installing: /home/chayanin09/Documents/FUN4_ws/FUN4_6509/install/custom_msg/share/custom_msg/cmake/export_custom_msg__rosidl_generator_cExport-noconfig.cmake
[2.048s] -- Installing: /home/chayanin09/Documents/FUN4_ws/FUN4_6509/install/custom_msg/share/custom_msg/cmake/export_custom_msg__rosidl_typesupport_fastrtps_cExport.cmake
[2.048s] -- Installing: /home/chayanin09/Documents/FUN4_ws/FUN4_6509/install/custom_msg/share/custom_msg/cmake/export_custom_msg__rosidl_typesupport_fastrtps_cExport-noconfig.cmake
[2.048s] -- Installing: /home/chayanin09/Documents/FUN4_ws/FUN4_6509/install/custom_msg/share/custom_msg/cmake/custom_msg__rosidl_typesupport_introspection_cExport.cmake
[2.048s] -- Installing: /home/chayanin09/Documents/FUN4_ws/FUN4_6509/install/custom_msg/share/custom_msg/cmake/custom_msg__rosidl_typesupport_introspection_cExport-noconfig.cmake
[2.049s] -- Installing: /home/chayanin09/Documents/FUN4_ws/FUN4_6509/install/custom_msg/share/custom_msg/cmake/custom_msg__rosidl_typesupport_cExport.cmake
[2.049s] -- Installing: /home/chayanin09/Documents/FUN4_ws/FUN4_6509/install/custom_msg/share/custom_msg/cmake/custom_msg__rosidl_typesupport_cExport-noconfig.cmake
[2.049s] -- Installing: /home/chayanin09/Documents/FUN4_ws/FUN4_6509/install/custom_msg/share/custom_msg/cmake/export_custom_msg__rosidl_generator_cppExport.cmake
[2.049s] -- Installing: /home/chayanin09/Documents/FUN4_ws/FUN4_6509/install/custom_msg/share/custom_msg/cmake/export_custom_msg__rosidl_typesupport_fastrtps_cppExport.cmake
[2.049s] -- Installing: /home/chayanin09/Documents/FUN4_ws/FUN4_6509/install/custom_msg/share/custom_msg/cmake/export_custom_msg__rosidl_typesupport_fastrtps_cppExport-noconfig.cmake
[2.049s] -- Installing: /home/chayanin09/Documents/FUN4_ws/FUN4_6509/install/custom_msg/share/custom_msg/cmake/custom_msg__rosidl_typesupport_introspection_cppExport.cmake
[2.049s] -- Installing: /home/chayanin09/Documents/FUN4_ws/FUN4_6509/install/custom_msg/share/custom_msg/cmake/custom_msg__rosidl_typesupport_introspection_cppExport-noconfig.cmake
[2.049s] -- Installing: /home/chayanin09/Documents/FUN4_ws/FUN4_6509/install/custom_msg/share/custom_msg/cmake/custom_msg__rosidl_typesupport_cppExport.cmake
[2.049s] -- Installing: /home/chayanin09/Documents/FUN4_ws/FUN4_6509/install/custom_msg/share/custom_msg/cmake/custom_msg__rosidl_typesupport_cppExport-noconfig.cmake
[2.049s] -- Installing: /home/chayanin09/Documents/FUN4_ws/FUN4_6509/install/custom_msg/share/custom_msg/cmake/export_custom_msg__rosidl_generator_pyExport.cmake
[2.049s] -- Installing: /home/chayanin09/Documents/FUN4_ws/FUN4_6509/install/custom_msg/share/custom_msg/cmake/export_custom_msg__rosidl_generator_pyExport-noconfig.cmake
[2.049s] -- Installing: /home/chayanin09/Documents/FUN4_ws/FUN4_6509/install/custom_msg/share/custom_msg/cmake/rosidl_cmake-extras.cmake
[2.049s] -- Installing: /home/chayanin09/Documents/FUN4_ws/FUN4_6509/install/custom_msg/share/custom_msg/cmake/ament_cmake_export_include_directories-extras.cmake
[2.049s] -- Installing: /home/chayanin09/Documents/FUN4_ws/FUN4_6509/install/custom_msg/share/custom_msg/cmake/ament_cmake_export_libraries-extras.cmake
[2.049s] -- Installing: /home/chayanin09/Documents/FUN4_ws/FUN4_6509/install/custom_msg/share/custom_msg/cmake/ament_cmake_export_targets-extras.cmake
[2.049s] -- Installing: /home/chayanin09/Documents/FUN4_ws/FUN4_6509/install/custom_msg/share/custom_msg/cmake/rosidl_cmake_export_typesupport_targets-extras.cmake
[2.049s] -- Installing: /home/chayanin09/Documents/FUN4_ws/FUN4_6509/install/custom_msg/share/custom_msg/cmake/ament_cmake_export_dependencies-extras.cmake
[2.049s] -- Installing: /home/chayanin09/Documents/FUN4_ws/FUN4_6509/install/custom_msg/share/custom_msg/cmake/rosidl_cmake_export_typesupport_libraries-extras.cmake
[2.049s] -- Installing: /home/chayanin09/Documents/FUN4_ws/FUN4_6509/install/custom_msg/share/custom_msg/cmake/custom_msgConfig.cmake
[2.049s] -- Installing: /home/chayanin09/Documents/FUN4_ws/FUN4_6509/install/custom_msg/share/custom_msg/cmake/custom_msgConfig-version.cmake
[2.049s] -- Installing: /home/chayanin09/Documents/FUN4_ws/FUN4_6509/install/custom_msg/share/custom_msg/package.xml
[2.051s] Invoked command in '/home/chayanin09/Documents/FUN4_ws/FUN4_6509/build/custom_msg' returned '0': CMAKE_PREFIX_PATH=${CMAKE_PREFIX_PATH}:/opt/ros/humble /usr/bin/cmake --install /home/chayanin09/Documents/FUN4_ws/FUN4_6509/build/custom_msg
