[0.013s] Invoking command in '/home/chayanin09/Documents/FUN4_ws/FUN4_6509/build/custom_interface': CMAKE_PREFIX_PATH=${CMAKE_PREFIX_PATH}:/home/chayanin09/Documents/robot_modelling_ws/install/moveit_configs_utils:/home/chayanin09/Documents/robot_modelling_ws/install/launch_param_builder:/opt/ros/humble /usr/bin/cmake --build /home/chayanin09/Documents/FUN4_ws/FUN4_6509/build/custom_interface -- -j20 -l20
[0.060s] [  9%] Built target custom_interface__rosidl_generator_c
[0.060s] [ 12%] Built target custom_interface__cpp
[0.080s] [ 12%] Built target ament_cmake_python_copy_custom_interface
[0.094s] [ 22%] Built target custom_interface__rosidl_typesupport_introspection_cpp
[0.095s] [ 32%] Built target custom_interface__rosidl_typesupport_fastrtps_cpp
[0.095s] [ 41%] Built target custom_interface__rosidl_typesupport_c
[0.096s] [ 51%] Built target custom_interface__rosidl_typesupport_cpp
[0.097s] [ 61%] Built target custom_interface__rosidl_typesupport_introspection_c
[0.102s] [ 70%] Built target custom_interface__rosidl_typesupport_fastrtps_c
[0.124s] [ 70%] Built target custom_interface
[0.151s] [ 74%] Built target custom_interface__py
[0.178s] [ 80%] Built target custom_interface__rosidl_generator_py
[0.202s] [ 93%] Built target custom_interface__rosidl_typesupport_c__pyext
[0.202s] [ 93%] Built target custom_interface__rosidl_typesupport_fastrtps_c__pyext
[0.203s] [100%] Built target custom_interface__rosidl_typesupport_introspection_c__pyext
[0.249s] running egg_info
[0.249s] writing custom_interface.egg-info/PKG-INFO
[0.250s] writing dependency_links to custom_interface.egg-info/dependency_links.txt
[0.250s] writing top-level names to custom_interface.egg-info/top_level.txt
[0.251s] reading manifest file 'custom_interface.egg-info/SOURCES.txt'
[0.251s] writing manifest file 'custom_interface.egg-info/SOURCES.txt'
[0.271s] [100%] Built target ament_cmake_python_build_custom_interface_egg
[0.281s] Invoked command in '/home/chayanin09/Documents/FUN4_ws/FUN4_6509/build/custom_interface' returned '0': CMAKE_PREFIX_PATH=${CMAKE_PREFIX_PATH}:/home/chayanin09/Documents/robot_modelling_ws/install/moveit_configs_utils:/home/chayanin09/Documents/robot_modelling_ws/install/launch_param_builder:/opt/ros/humble /usr/bin/cmake --build /home/chayanin09/Documents/FUN4_ws/FUN4_6509/build/custom_interface -- -j20 -l20
[0.360s] Invoking command in '/home/chayanin09/Documents/FUN4_ws/FUN4_6509/build/custom_interface': CMAKE_PREFIX_PATH=${CMAKE_PREFIX_PATH}:/home/chayanin09/Documents/robot_modelling_ws/install/moveit_configs_utils:/home/chayanin09/Documents/robot_modelling_ws/install/launch_param_builder:/opt/ros/humble /usr/bin/cmake --install /home/chayanin09/Documents/FUN4_ws/FUN4_6509/build/custom_interface
[0.369s] -- Install configuration: ""
[0.369s] -- Up-to-date: /home/chayanin09/Documents/FUN4_ws/FUN4_6509/install/custom_interface/share/ament_index/resource_index/rosidl_interfaces/custom_interface
[0.369s] -- Up-to-date: /home/chayanin09/Documents/FUN4_ws/FUN4_6509/install/custom_interface/include/custom_interface/custom_interface
[0.369s] -- Up-to-date: /home/chayanin09/Documents/FUN4_ws/FUN4_6509/install/custom_interface/include/custom_interface/custom_interface/msg
[0.369s] -- Up-to-date: /home/chayanin09/Documents/FUN4_ws/FUN4_6509/install/custom_interface/include/custom_interface/custom_interface/msg/rosidl_generator_c__visibility_control.h
[0.369s] -- Up-to-date: /home/chayanin09/Documents/FUN4_ws/FUN4_6509/install/custom_interface/include/custom_interface/custom_interface/srv
[0.369s] -- Up-to-date: /home/chayanin09/Documents/FUN4_ws/FUN4_6509/install/custom_interface/include/custom_interface/custom_interface/srv/detail
[0.370s] -- Up-to-date: /home/chayanin09/Documents/FUN4_ws/FUN4_6509/install/custom_interface/include/custom_interface/custom_interface/srv/detail/change_mode__type_support.h
[0.370s] -- Up-to-date: /home/chayanin09/Documents/FUN4_ws/FUN4_6509/install/custom_interface/include/custom_interface/custom_interface/srv/detail/change_mode__struct.h
[0.370s] -- Up-to-date: /home/chayanin09/Documents/FUN4_ws/FUN4_6509/install/custom_interface/include/custom_interface/custom_interface/srv/detail/change_mode__functions.c
[0.370s] -- Up-to-date: /home/chayanin09/Documents/FUN4_ws/FUN4_6509/install/custom_interface/include/custom_interface/custom_interface/srv/detail/change_mode__functions.h
[0.370s] -- Up-to-date: /home/chayanin09/Documents/FUN4_ws/FUN4_6509/install/custom_interface/include/custom_interface/custom_interface/srv/change_mode.h
[0.370s] -- Up-to-date: /home/chayanin09/Documents/FUN4_ws/FUN4_6509/install/custom_interface/share/custom_interface/environment/library_path.sh
[0.370s] -- Up-to-date: /home/chayanin09/Documents/FUN4_ws/FUN4_6509/install/custom_interface/share/custom_interface/environment/library_path.dsv
[0.370s] -- Up-to-date: /home/chayanin09/Documents/FUN4_ws/FUN4_6509/install/custom_interface/lib/libcustom_interface__rosidl_generator_c.so
[0.370s] -- Up-to-date: /home/chayanin09/Documents/FUN4_ws/FUN4_6509/install/custom_interface/include/custom_interface/custom_interface
[0.370s] -- Up-to-date: /home/chayanin09/Documents/FUN4_ws/FUN4_6509/install/custom_interface/include/custom_interface/custom_interface/msg
[0.370s] -- Up-to-date: /home/chayanin09/Documents/FUN4_ws/FUN4_6509/install/custom_interface/include/custom_interface/custom_interface/msg/rosidl_typesupport_fastrtps_c__visibility_control.h
[0.370s] -- Up-to-date: /home/chayanin09/Documents/FUN4_ws/FUN4_6509/install/custom_interface/include/custom_interface/custom_interface/srv
[0.370s] -- Up-to-date: /home/chayanin09/Documents/FUN4_ws/FUN4_6509/install/custom_interface/include/custom_interface/custom_interface/srv/detail
[0.370s] -- Up-to-date: /home/chayanin09/Documents/FUN4_ws/FUN4_6509/install/custom_interface/include/custom_interface/custom_interface/srv/detail/change_mode__rosidl_typesupport_fastrtps_c.h
[0.370s] -- Up-to-date: /home/chayanin09/Documents/FUN4_ws/FUN4_6509/install/custom_interface/lib/libcustom_interface__rosidl_typesupport_fastrtps_c.so
[0.370s] -- Up-to-date: /home/chayanin09/Documents/FUN4_ws/FUN4_6509/install/custom_interface/include/custom_interface/custom_interface
[0.370s] -- Up-to-date: /home/chayanin09/Documents/FUN4_ws/FUN4_6509/install/custom_interface/include/custom_interface/custom_interface/msg
[0.370s] -- Up-to-date: /home/chayanin09/Documents/FUN4_ws/FUN4_6509/install/custom_interface/include/custom_interface/custom_interface/msg/rosidl_typesupport_introspection_c__visibility_control.h
[0.370s] -- Up-to-date: /home/chayanin09/Documents/FUN4_ws/FUN4_6509/install/custom_interface/include/custom_interface/custom_interface/srv
[0.370s] -- Up-to-date: /home/chayanin09/Documents/FUN4_ws/FUN4_6509/install/custom_interface/include/custom_interface/custom_interface/srv/detail
[0.370s] -- Up-to-date: /home/chayanin09/Documents/FUN4_ws/FUN4_6509/install/custom_interface/include/custom_interface/custom_interface/srv/detail/change_mode__type_support.c
[0.370s] -- Up-to-date: /home/chayanin09/Documents/FUN4_ws/FUN4_6509/install/custom_interface/include/custom_interface/custom_interface/srv/detail/change_mode__rosidl_typesupport_introspection_c.h
[0.370s] -- Up-to-date: /home/chayanin09/Documents/FUN4_ws/FUN4_6509/install/custom_interface/lib/libcustom_interface__rosidl_typesupport_introspection_c.so
[0.370s] -- Up-to-date: /home/chayanin09/Documents/FUN4_ws/FUN4_6509/install/custom_interface/lib/libcustom_interface__rosidl_typesupport_c.so
[0.370s] -- Up-to-date: /home/chayanin09/Documents/FUN4_ws/FUN4_6509/install/custom_interface/include/custom_interface/custom_interface
[0.370s] -- Up-to-date: /home/chayanin09/Documents/FUN4_ws/FUN4_6509/install/custom_interface/include/custom_interface/custom_interface/srv
[0.370s] -- Up-to-date: /home/chayanin09/Documents/FUN4_ws/FUN4_6509/install/custom_interface/include/custom_interface/custom_interface/srv/detail
[0.370s] -- Up-to-date: /home/chayanin09/Documents/FUN4_ws/FUN4_6509/install/custom_interface/include/custom_interface/custom_interface/srv/detail/change_mode__builder.hpp
[0.370s] -- Up-to-date: /home/chayanin09/Documents/FUN4_ws/FUN4_6509/install/custom_interface/include/custom_interface/custom_interface/srv/detail/change_mode__struct.hpp
[0.371s] -- Up-to-date: /home/chayanin09/Documents/FUN4_ws/FUN4_6509/install/custom_interface/include/custom_interface/custom_interface/srv/detail/change_mode__traits.hpp
[0.371s] -- Up-to-date: /home/chayanin09/Documents/FUN4_ws/FUN4_6509/install/custom_interface/include/custom_interface/custom_interface/srv/change_mode.hpp
[0.371s] -- Up-to-date: /home/chayanin09/Documents/FUN4_ws/FUN4_6509/install/custom_interface/include/custom_interface/custom_interface
[0.371s] -- Up-to-date: /home/chayanin09/Documents/FUN4_ws/FUN4_6509/install/custom_interface/include/custom_interface/custom_interface/msg
[0.371s] -- Up-to-date: /home/chayanin09/Documents/FUN4_ws/FUN4_6509/install/custom_interface/include/custom_interface/custom_interface/msg/rosidl_typesupport_fastrtps_cpp__visibility_control.h
[0.371s] -- Up-to-date: /home/chayanin09/Documents/FUN4_ws/FUN4_6509/install/custom_interface/include/custom_interface/custom_interface/srv
[0.371s] -- Up-to-date: /home/chayanin09/Documents/FUN4_ws/FUN4_6509/install/custom_interface/include/custom_interface/custom_interface/srv/detail
[0.371s] -- Up-to-date: /home/chayanin09/Documents/FUN4_ws/FUN4_6509/install/custom_interface/include/custom_interface/custom_interface/srv/detail/dds_fastrtps
[0.372s] -- Up-to-date: /home/chayanin09/Documents/FUN4_ws/FUN4_6509/install/custom_interface/include/custom_interface/custom_interface/srv/detail/change_mode__rosidl_typesupport_fastrtps_cpp.hpp
[0.372s] -- Up-to-date: /home/chayanin09/Documents/FUN4_ws/FUN4_6509/install/custom_interface/lib/libcustom_interface__rosidl_typesupport_fastrtps_cpp.so
[0.372s] -- Up-to-date: /home/chayanin09/Documents/FUN4_ws/FUN4_6509/install/custom_interface/include/custom_interface/custom_interface
[0.372s] -- Up-to-date: /home/chayanin09/Documents/FUN4_ws/FUN4_6509/install/custom_interface/include/custom_interface/custom_interface/srv
[0.372s] -- Up-to-date: /home/chayanin09/Documents/FUN4_ws/FUN4_6509/install/custom_interface/include/custom_interface/custom_interface/srv/detail
[0.372s] -- Up-to-date: /home/chayanin09/Documents/FUN4_ws/FUN4_6509/install/custom_interface/include/custom_interface/custom_interface/srv/detail/change_mode__type_support.cpp
[0.372s] -- Up-to-date: /home/chayanin09/Documents/FUN4_ws/FUN4_6509/install/custom_interface/include/custom_interface/custom_interface/srv/detail/change_mode__rosidl_typesupport_introspection_cpp.hpp
[0.372s] -- Up-to-date: /home/chayanin09/Documents/FUN4_ws/FUN4_6509/install/custom_interface/lib/libcustom_interface__rosidl_typesupport_introspection_cpp.so
[0.372s] -- Up-to-date: /home/chayanin09/Documents/FUN4_ws/FUN4_6509/install/custom_interface/lib/libcustom_interface__rosidl_typesupport_cpp.so
[0.372s] -- Up-to-date: /home/chayanin09/Documents/FUN4_ws/FUN4_6509/install/custom_interface/share/custom_interface/environment/pythonpath.sh
[0.372s] -- Up-to-date: /home/chayanin09/Documents/FUN4_ws/FUN4_6509/install/custom_interface/share/custom_interface/environment/pythonpath.dsv
[0.372s] -- Up-to-date: /home/chayanin09/Documents/FUN4_ws/FUN4_6509/install/custom_interface/local/lib/python3.10/dist-packages/custom_interface-0.0.0-py3.10.egg-info
[0.372s] -- Installing: /home/chayanin09/Documents/FUN4_ws/FUN4_6509/install/custom_interface/local/lib/python3.10/dist-packages/custom_interface-0.0.0-py3.10.egg-info/dependency_links.txt
[0.372s] -- Installing: /home/chayanin09/Documents/FUN4_ws/FUN4_6509/install/custom_interface/local/lib/python3.10/dist-packages/custom_interface-0.0.0-py3.10.egg-info/PKG-INFO
[0.372s] -- Installing: /home/chayanin09/Documents/FUN4_ws/FUN4_6509/install/custom_interface/local/lib/python3.10/dist-packages/custom_interface-0.0.0-py3.10.egg-info/top_level.txt
[0.372s] -- Installing: /home/chayanin09/Documents/FUN4_ws/FUN4_6509/install/custom_interface/local/lib/python3.10/dist-packages/custom_interface-0.0.0-py3.10.egg-info/SOURCES.txt
[0.372s] -- Up-to-date: /home/chayanin09/Documents/FUN4_ws/FUN4_6509/install/custom_interface/local/lib/python3.10/dist-packages/custom_interface
[0.372s] -- Up-to-date: /home/chayanin09/Documents/FUN4_ws/FUN4_6509/install/custom_interface/local/lib/python3.10/dist-packages/custom_interface/_custom_interface_s.ep.rosidl_typesupport_fastrtps_c.c
[0.372s] -- Up-to-date: /home/chayanin09/Documents/FUN4_ws/FUN4_6509/install/custom_interface/local/lib/python3.10/dist-packages/custom_interface/custom_interface_s__rosidl_typesupport_c.cpython-310-x86_64-linux-gnu.so
[0.372s] -- Up-to-date: /home/chayanin09/Documents/FUN4_ws/FUN4_6509/install/custom_interface/local/lib/python3.10/dist-packages/custom_interface/custom_interface_s__rosidl_typesupport_introspection_c.cpython-310-x86_64-linux-gnu.so
[0.372s] -- Up-to-date: /home/chayanin09/Documents/FUN4_ws/FUN4_6509/install/custom_interface/local/lib/python3.10/dist-packages/custom_interface/custom_interface_s__rosidl_typesupport_fastrtps_c.cpython-310-x86_64-linux-gnu.so
[0.372s] -- Up-to-date: /home/chayanin09/Documents/FUN4_ws/FUN4_6509/install/custom_interface/local/lib/python3.10/dist-packages/custom_interface/_custom_interface_s.ep.rosidl_typesupport_c.c
[0.372s] -- Up-to-date: /home/chayanin09/Documents/FUN4_ws/FUN4_6509/install/custom_interface/local/lib/python3.10/dist-packages/custom_interface/__init__.py
[0.372s] -- Up-to-date: /home/chayanin09/Documents/FUN4_ws/FUN4_6509/install/custom_interface/local/lib/python3.10/dist-packages/custom_interface/srv
[0.372s] -- Up-to-date: /home/chayanin09/Documents/FUN4_ws/FUN4_6509/install/custom_interface/local/lib/python3.10/dist-packages/custom_interface/srv/_change_mode.py
[0.372s] -- Up-to-date: /home/chayanin09/Documents/FUN4_ws/FUN4_6509/install/custom_interface/local/lib/python3.10/dist-packages/custom_interface/srv/_change_mode_s.c
[0.372s] -- Up-to-date: /home/chayanin09/Documents/FUN4_ws/FUN4_6509/install/custom_interface/local/lib/python3.10/dist-packages/custom_interface/srv/__init__.py
[0.372s] -- Up-to-date: /home/chayanin09/Documents/FUN4_ws/FUN4_6509/install/custom_interface/local/lib/python3.10/dist-packages/custom_interface/libcustom_interface__rosidl_generator_py.so
[0.372s] -- Up-to-date: /home/chayanin09/Documents/FUN4_ws/FUN4_6509/install/custom_interface/local/lib/python3.10/dist-packages/custom_interface/_custom_interface_s.ep.rosidl_typesupport_introspection_c.c
[0.396s] Listing '/home/chayanin09/Documents/FUN4_ws/FUN4_6509/install/custom_interface/local/lib/python3.10/dist-packages/custom_interface'...
[0.396s] Listing '/home/chayanin09/Documents/FUN4_ws/FUN4_6509/install/custom_interface/local/lib/python3.10/dist-packages/custom_interface/srv'...
[0.399s] -- Up-to-date: /home/chayanin09/Documents/FUN4_ws/FUN4_6509/install/custom_interface/local/lib/python3.10/dist-packages/custom_interface/custom_interface_s__rosidl_typesupport_fastrtps_c.cpython-310-x86_64-linux-gnu.so
[0.399s] -- Up-to-date: /home/chayanin09/Documents/FUN4_ws/FUN4_6509/install/custom_interface/local/lib/python3.10/dist-packages/custom_interface/custom_interface_s__rosidl_typesupport_introspection_c.cpython-310-x86_64-linux-gnu.so
[0.399s] -- Up-to-date: /home/chayanin09/Documents/FUN4_ws/FUN4_6509/install/custom_interface/local/lib/python3.10/dist-packages/custom_interface/custom_interface_s__rosidl_typesupport_c.cpython-310-x86_64-linux-gnu.so
[0.399s] -- Up-to-date: /home/chayanin09/Documents/FUN4_ws/FUN4_6509/install/custom_interface/lib/libcustom_interface__rosidl_generator_py.so
[0.399s] -- Up-to-date: /home/chayanin09/Documents/FUN4_ws/FUN4_6509/install/custom_interface/share/custom_interface/srv/ChangeMode.idl
[0.399s] -- Up-to-date: /home/chayanin09/Documents/FUN4_ws/FUN4_6509/install/custom_interface/share/custom_interface/srv/ChangeMode.srv
[0.399s] -- Up-to-date: /home/chayanin09/Documents/FUN4_ws/FUN4_6509/install/custom_interface/share/custom_interface/srv/ChangeMode_Request.msg
[0.399s] -- Up-to-date: /home/chayanin09/Documents/FUN4_ws/FUN4_6509/install/custom_interface/share/custom_interface/srv/ChangeMode_Response.msg
[0.399s] -- Up-to-date: /home/chayanin09/Documents/FUN4_ws/FUN4_6509/install/custom_interface/share/ament_index/resource_index/package_run_dependencies/custom_interface
[0.399s] -- Up-to-date: /home/chayanin09/Documents/FUN4_ws/FUN4_6509/install/custom_interface/share/ament_index/resource_index/parent_prefix_path/custom_interface
[0.399s] -- Up-to-date: /home/chayanin09/Documents/FUN4_ws/FUN4_6509/install/custom_interface/share/custom_interface/environment/ament_prefix_path.sh
[0.399s] -- Up-to-date: /home/chayanin09/Documents/FUN4_ws/FUN4_6509/install/custom_interface/share/custom_interface/environment/ament_prefix_path.dsv
[0.399s] -- Up-to-date: /home/chayanin09/Documents/FUN4_ws/FUN4_6509/install/custom_interface/share/custom_interface/environment/path.sh
[0.399s] -- Up-to-date: /home/chayanin09/Documents/FUN4_ws/FUN4_6509/install/custom_interface/share/custom_interface/environment/path.dsv
[0.399s] -- Up-to-date: /home/chayanin09/Documents/FUN4_ws/FUN4_6509/install/custom_interface/share/custom_interface/local_setup.bash
[0.399s] -- Up-to-date: /home/chayanin09/Documents/FUN4_ws/FUN4_6509/install/custom_interface/share/custom_interface/local_setup.sh
[0.399s] -- Up-to-date: /home/chayanin09/Documents/FUN4_ws/FUN4_6509/install/custom_interface/share/custom_interface/local_setup.zsh
[0.399s] -- Up-to-date: /home/chayanin09/Documents/FUN4_ws/FUN4_6509/install/custom_interface/share/custom_interface/local_setup.dsv
[0.399s] -- Installing: /home/chayanin09/Documents/FUN4_ws/FUN4_6509/install/custom_interface/share/custom_interface/package.dsv
[0.399s] -- Up-to-date: /home/chayanin09/Documents/FUN4_ws/FUN4_6509/install/custom_interface/share/ament_index/resource_index/packages/custom_interface
[0.399s] -- Up-to-date: /home/chayanin09/Documents/FUN4_ws/FUN4_6509/install/custom_interface/share/custom_interface/cmake/export_custom_interface__rosidl_generator_cExport.cmake
[0.400s] -- Up-to-date: /home/chayanin09/Documents/FUN4_ws/FUN4_6509/install/custom_interface/share/custom_interface/cmake/export_custom_interface__rosidl_generator_cExport-noconfig.cmake
[0.400s] -- Up-to-date: /home/chayanin09/Documents/FUN4_ws/FUN4_6509/install/custom_interface/share/custom_interface/cmake/export_custom_interface__rosidl_typesupport_fastrtps_cExport.cmake
[0.400s] -- Up-to-date: /home/chayanin09/Documents/FUN4_ws/FUN4_6509/install/custom_interface/share/custom_interface/cmake/export_custom_interface__rosidl_typesupport_fastrtps_cExport-noconfig.cmake
[0.400s] -- Up-to-date: /home/chayanin09/Documents/FUN4_ws/FUN4_6509/install/custom_interface/share/custom_interface/cmake/custom_interface__rosidl_typesupport_introspection_cExport.cmake
[0.400s] -- Up-to-date: /home/chayanin09/Documents/FUN4_ws/FUN4_6509/install/custom_interface/share/custom_interface/cmake/custom_interface__rosidl_typesupport_introspection_cExport-noconfig.cmake
[0.400s] -- Up-to-date: /home/chayanin09/Documents/FUN4_ws/FUN4_6509/install/custom_interface/share/custom_interface/cmake/custom_interface__rosidl_typesupport_cExport.cmake
[0.400s] -- Up-to-date: /home/chayanin09/Documents/FUN4_ws/FUN4_6509/install/custom_interface/share/custom_interface/cmake/custom_interface__rosidl_typesupport_cExport-noconfig.cmake
[0.400s] -- Up-to-date: /home/chayanin09/Documents/FUN4_ws/FUN4_6509/install/custom_interface/share/custom_interface/cmake/export_custom_interface__rosidl_generator_cppExport.cmake
[0.400s] -- Up-to-date: /home/chayanin09/Documents/FUN4_ws/FUN4_6509/install/custom_interface/share/custom_interface/cmake/export_custom_interface__rosidl_typesupport_fastrtps_cppExport.cmake
[0.400s] -- Up-to-date: /home/chayanin09/Documents/FUN4_ws/FUN4_6509/install/custom_interface/share/custom_interface/cmake/export_custom_interface__rosidl_typesupport_fastrtps_cppExport-noconfig.cmake
[0.400s] -- Up-to-date: /home/chayanin09/Documents/FUN4_ws/FUN4_6509/install/custom_interface/share/custom_interface/cmake/custom_interface__rosidl_typesupport_introspection_cppExport.cmake
[0.400s] -- Up-to-date: /home/chayanin09/Documents/FUN4_ws/FUN4_6509/install/custom_interface/share/custom_interface/cmake/custom_interface__rosidl_typesupport_introspection_cppExport-noconfig.cmake
[0.400s] -- Up-to-date: /home/chayanin09/Documents/FUN4_ws/FUN4_6509/install/custom_interface/share/custom_interface/cmake/custom_interface__rosidl_typesupport_cppExport.cmake
[0.400s] -- Up-to-date: /home/chayanin09/Documents/FUN4_ws/FUN4_6509/install/custom_interface/share/custom_interface/cmake/custom_interface__rosidl_typesupport_cppExport-noconfig.cmake
[0.400s] -- Up-to-date: /home/chayanin09/Documents/FUN4_ws/FUN4_6509/install/custom_interface/share/custom_interface/cmake/export_custom_interface__rosidl_generator_pyExport.cmake
[0.400s] -- Up-to-date: /home/chayanin09/Documents/FUN4_ws/FUN4_6509/install/custom_interface/share/custom_interface/cmake/export_custom_interface__rosidl_generator_pyExport-noconfig.cmake
[0.400s] -- Up-to-date: /home/chayanin09/Documents/FUN4_ws/FUN4_6509/install/custom_interface/share/custom_interface/cmake/rosidl_cmake-extras.cmake
[0.400s] -- Up-to-date: /home/chayanin09/Documents/FUN4_ws/FUN4_6509/install/custom_interface/share/custom_interface/cmake/ament_cmake_export_include_directories-extras.cmake
[0.400s] -- Up-to-date: /home/chayanin09/Documents/FUN4_ws/FUN4_6509/install/custom_interface/share/custom_interface/cmake/ament_cmake_export_libraries-extras.cmake
[0.400s] -- Up-to-date: /home/chayanin09/Documents/FUN4_ws/FUN4_6509/install/custom_interface/share/custom_interface/cmake/ament_cmake_export_targets-extras.cmake
[0.400s] -- Up-to-date: /home/chayanin09/Documents/FUN4_ws/FUN4_6509/install/custom_interface/share/custom_interface/cmake/rosidl_cmake_export_typesupport_targets-extras.cmake
[0.400s] -- Up-to-date: /home/chayanin09/Documents/FUN4_ws/FUN4_6509/install/custom_interface/share/custom_interface/cmake/ament_cmake_export_dependencies-extras.cmake
[0.400s] -- Up-to-date: /home/chayanin09/Documents/FUN4_ws/FUN4_6509/install/custom_interface/share/custom_interface/cmake/rosidl_cmake_export_typesupport_libraries-extras.cmake
[0.400s] -- Up-to-date: /home/chayanin09/Documents/FUN4_ws/FUN4_6509/install/custom_interface/share/custom_interface/cmake/custom_interfaceConfig.cmake
[0.400s] -- Up-to-date: /home/chayanin09/Documents/FUN4_ws/FUN4_6509/install/custom_interface/share/custom_interface/cmake/custom_interfaceConfig-version.cmake
[0.400s] -- Up-to-date: /home/chayanin09/Documents/FUN4_ws/FUN4_6509/install/custom_interface/share/custom_interface/package.xml
[0.402s] Invoked command in '/home/chayanin09/Documents/FUN4_ws/FUN4_6509/build/custom_interface' returned '0': CMAKE_PREFIX_PATH=${CMAKE_PREFIX_PATH}:/home/chayanin09/Documents/robot_modelling_ws/install/moveit_configs_utils:/home/chayanin09/Documents/robot_modelling_ws/install/launch_param_builder:/opt/ros/humble /usr/bin/cmake --install /home/chayanin09/Documents/FUN4_ws/FUN4_6509/build/custom_interface
