[  3%] Built target robot_action__cpp
[ 12%] Built target robot_action__rosidl_generator_c
[ 12%] Built target ament_cmake_python_copy_robot_action
[ 32%] Built target robot_action__rosidl_typesupport_cpp
[ 34%] Built target robot_action__rosidl_typesupport_introspection_c
[ 45%] Built target robot_action__rosidl_typesupport_c
[ 56%] Built target robot_action__rosidl_typesupport_fastrtps_c
[ 67%] Built target robot_action__rosidl_typesupport_introspection_cpp
[ 78%] Built target robot_action__rosidl_typesupport_fastrtps_cpp
[ 78%] Built target robot_action
[ 80%] Built target robot_action__py
[ 89%] Built target robot_action__rosidl_generator_py
[ 98%] Built target robot_action__rosidl_typesupport_fastrtps_c__pyext
[ 98%] Built target robot_action__rosidl_typesupport_introspection_c__pyext
[100%] Built target robot_action__rosidl_typesupport_c__pyext
running egg_info
writing robot_action.egg-info/PKG-INFO
writing dependency_links to robot_action.egg-info/dependency_links.txt
writing top-level names to robot_action.egg-info/top_level.txt
reading manifest file 'robot_action.egg-info/SOURCES.txt'
writing manifest file 'robot_action.egg-info/SOURCES.txt'
[100%] Built target ament_cmake_python_build_robot_action_egg
-- Install configuration: ""
-- Up-to-date: /home/chayanin09/Documents/FUN4_ws/FUN4_6509/install/robot_action/share/ament_index/resource_index/rosidl_interfaces/robot_action
-- Up-to-date: /home/chayanin09/Documents/FUN4_ws/FUN4_6509/install/robot_action/include/robot_action/robot_action
-- Up-to-date: /home/chayanin09/Documents/FUN4_ws/FUN4_6509/install/robot_action/include/robot_action/robot_action/msg
-- Up-to-date: /home/chayanin09/Documents/FUN4_ws/FUN4_6509/install/robot_action/include/robot_action/robot_action/msg/rosidl_generator_c__visibility_control.h
-- Up-to-date: /home/chayanin09/Documents/FUN4_ws/FUN4_6509/install/robot_action/include/robot_action/robot_action/action
-- Up-to-date: /home/chayanin09/Documents/FUN4_ws/FUN4_6509/install/robot_action/include/robot_action/robot_action/action/detail
-- Up-to-date: /home/chayanin09/Documents/FUN4_ws/FUN4_6509/install/robot_action/include/robot_action/robot_action/action/detail/pose_goal__functions.c
-- Up-to-date: /home/chayanin09/Documents/FUN4_ws/FUN4_6509/install/robot_action/include/robot_action/robot_action/action/detail/pose_goal__functions.h
-- Up-to-date: /home/chayanin09/Documents/FUN4_ws/FUN4_6509/install/robot_action/include/robot_action/robot_action/action/detail/pose_goal__type_support.h
-- Up-to-date: /home/chayanin09/Documents/FUN4_ws/FUN4_6509/install/robot_action/include/robot_action/robot_action/action/detail/pose_goal__struct.h
-- Up-to-date: /home/chayanin09/Documents/FUN4_ws/FUN4_6509/install/robot_action/include/robot_action/robot_action/action/pose_goal.h
-- Up-to-date: /home/chayanin09/Documents/FUN4_ws/FUN4_6509/install/robot_action/include/robot_action/robot_action/srv
-- Up-to-date: /home/chayanin09/Documents/FUN4_ws/FUN4_6509/install/robot_action/include/robot_action/robot_action/srv/detail
-- Up-to-date: /home/chayanin09/Documents/FUN4_ws/FUN4_6509/install/robot_action/include/robot_action/robot_action/srv/detail/set_taskspace__functions.h
-- Up-to-date: /home/chayanin09/Documents/FUN4_ws/FUN4_6509/install/robot_action/include/robot_action/robot_action/srv/detail/set_taskspace__type_support.h
-- Up-to-date: /home/chayanin09/Documents/FUN4_ws/FUN4_6509/install/robot_action/include/robot_action/robot_action/srv/detail/change_mode__type_support.h
-- Up-to-date: /home/chayanin09/Documents/FUN4_ws/FUN4_6509/install/robot_action/include/robot_action/robot_action/srv/detail/change_mode__struct.h
-- Up-to-date: /home/chayanin09/Documents/FUN4_ws/FUN4_6509/install/robot_action/include/robot_action/robot_action/srv/detail/gen_target__functions.c
-- Up-to-date: /home/chayanin09/Documents/FUN4_ws/FUN4_6509/install/robot_action/include/robot_action/robot_action/srv/detail/change_mode__functions.c
-- Up-to-date: /home/chayanin09/Documents/FUN4_ws/FUN4_6509/install/robot_action/include/robot_action/robot_action/srv/detail/gen_target__functions.h
-- Up-to-date: /home/chayanin09/Documents/FUN4_ws/FUN4_6509/install/robot_action/include/robot_action/robot_action/srv/detail/gen_target__struct.h
-- Up-to-date: /home/chayanin09/Documents/FUN4_ws/FUN4_6509/install/robot_action/include/robot_action/robot_action/srv/detail/gen_target__type_support.h
-- Up-to-date: /home/chayanin09/Documents/FUN4_ws/FUN4_6509/install/robot_action/include/robot_action/robot_action/srv/detail/set_taskspace__functions.c
-- Up-to-date: /home/chayanin09/Documents/FUN4_ws/FUN4_6509/install/robot_action/include/robot_action/robot_action/srv/detail/set_taskspace__struct.h
-- Up-to-date: /home/chayanin09/Documents/FUN4_ws/FUN4_6509/install/robot_action/include/robot_action/robot_action/srv/detail/change_mode__functions.h
-- Up-to-date: /home/chayanin09/Documents/FUN4_ws/FUN4_6509/install/robot_action/include/robot_action/robot_action/srv/gen_target.h
-- Up-to-date: /home/chayanin09/Documents/FUN4_ws/FUN4_6509/install/robot_action/include/robot_action/robot_action/srv/set_taskspace.h
-- Up-to-date: /home/chayanin09/Documents/FUN4_ws/FUN4_6509/install/robot_action/include/robot_action/robot_action/srv/change_mode.h
-- Up-to-date: /home/chayanin09/Documents/FUN4_ws/FUN4_6509/install/robot_action/share/robot_action/environment/library_path.sh
-- Up-to-date: /home/chayanin09/Documents/FUN4_ws/FUN4_6509/install/robot_action/share/robot_action/environment/library_path.dsv
-- Up-to-date: /home/chayanin09/Documents/FUN4_ws/FUN4_6509/install/robot_action/lib/librobot_action__rosidl_generator_c.so
-- Up-to-date: /home/chayanin09/Documents/FUN4_ws/FUN4_6509/install/robot_action/include/robot_action/robot_action
-- Up-to-date: /home/chayanin09/Documents/FUN4_ws/FUN4_6509/install/robot_action/include/robot_action/robot_action/msg
-- Up-to-date: /home/chayanin09/Documents/FUN4_ws/FUN4_6509/install/robot_action/include/robot_action/robot_action/msg/rosidl_typesupport_fastrtps_c__visibility_control.h
-- Up-to-date: /home/chayanin09/Documents/FUN4_ws/FUN4_6509/install/robot_action/include/robot_action/robot_action/action
-- Up-to-date: /home/chayanin09/Documents/FUN4_ws/FUN4_6509/install/robot_action/include/robot_action/robot_action/action/detail
-- Up-to-date: /home/chayanin09/Documents/FUN4_ws/FUN4_6509/install/robot_action/include/robot_action/robot_action/action/detail/pose_goal__rosidl_typesupport_fastrtps_c.h
-- Up-to-date: /home/chayanin09/Documents/FUN4_ws/FUN4_6509/install/robot_action/include/robot_action/robot_action/srv
-- Up-to-date: /home/chayanin09/Documents/FUN4_ws/FUN4_6509/install/robot_action/include/robot_action/robot_action/srv/detail
-- Up-to-date: /home/chayanin09/Documents/FUN4_ws/FUN4_6509/install/robot_action/include/robot_action/robot_action/srv/detail/set_taskspace__rosidl_typesupport_fastrtps_c.h
-- Up-to-date: /home/chayanin09/Documents/FUN4_ws/FUN4_6509/install/robot_action/include/robot_action/robot_action/srv/detail/change_mode__rosidl_typesupport_fastrtps_c.h
-- Up-to-date: /home/chayanin09/Documents/FUN4_ws/FUN4_6509/install/robot_action/include/robot_action/robot_action/srv/detail/gen_target__rosidl_typesupport_fastrtps_c.h
-- Up-to-date: /home/chayanin09/Documents/FUN4_ws/FUN4_6509/install/robot_action/lib/librobot_action__rosidl_typesupport_fastrtps_c.so
-- Up-to-date: /home/chayanin09/Documents/FUN4_ws/FUN4_6509/install/robot_action/include/robot_action/robot_action
-- Up-to-date: /home/chayanin09/Documents/FUN4_ws/FUN4_6509/install/robot_action/include/robot_action/robot_action/action
-- Up-to-date: /home/chayanin09/Documents/FUN4_ws/FUN4_6509/install/robot_action/include/robot_action/robot_action/action/detail
-- Up-to-date: /home/chayanin09/Documents/FUN4_ws/FUN4_6509/install/robot_action/include/robot_action/robot_action/action/detail/pose_goal__builder.hpp
-- Up-to-date: /home/chayanin09/Documents/FUN4_ws/FUN4_6509/install/robot_action/include/robot_action/robot_action/action/detail/pose_goal__struct.hpp
-- Up-to-date: /home/chayanin09/Documents/FUN4_ws/FUN4_6509/install/robot_action/include/robot_action/robot_action/action/detail/pose_goal__traits.hpp
-- Up-to-date: /home/chayanin09/Documents/FUN4_ws/FUN4_6509/install/robot_action/include/robot_action/robot_action/action/pose_goal.hpp
-- Up-to-date: /home/chayanin09/Documents/FUN4_ws/FUN4_6509/install/robot_action/include/robot_action/robot_action/srv
-- Up-to-date: /home/chayanin09/Documents/FUN4_ws/FUN4_6509/install/robot_action/include/robot_action/robot_action/srv/detail
-- Up-to-date: /home/chayanin09/Documents/FUN4_ws/FUN4_6509/install/robot_action/include/robot_action/robot_action/srv/detail/change_mode__builder.hpp
-- Up-to-date: /home/chayanin09/Documents/FUN4_ws/FUN4_6509/install/robot_action/include/robot_action/robot_action/srv/detail/set_taskspace__traits.hpp
-- Up-to-date: /home/chayanin09/Documents/FUN4_ws/FUN4_6509/install/robot_action/include/robot_action/robot_action/srv/detail/gen_target__traits.hpp
-- Up-to-date: /home/chayanin09/Documents/FUN4_ws/FUN4_6509/install/robot_action/include/robot_action/robot_action/srv/detail/set_taskspace__struct.hpp
-- Up-to-date: /home/chayanin09/Documents/FUN4_ws/FUN4_6509/install/robot_action/include/robot_action/robot_action/srv/detail/change_mode__struct.hpp
-- Up-to-date: /home/chayanin09/Documents/FUN4_ws/FUN4_6509/install/robot_action/include/robot_action/robot_action/srv/detail/gen_target__struct.hpp
-- Up-to-date: /home/chayanin09/Documents/FUN4_ws/FUN4_6509/install/robot_action/include/robot_action/robot_action/srv/detail/change_mode__traits.hpp
-- Up-to-date: /home/chayanin09/Documents/FUN4_ws/FUN4_6509/install/robot_action/include/robot_action/robot_action/srv/detail/set_taskspace__builder.hpp
-- Up-to-date: /home/chayanin09/Documents/FUN4_ws/FUN4_6509/install/robot_action/include/robot_action/robot_action/srv/detail/gen_target__builder.hpp
-- Up-to-date: /home/chayanin09/Documents/FUN4_ws/FUN4_6509/install/robot_action/include/robot_action/robot_action/srv/change_mode.hpp
-- Up-to-date: /home/chayanin09/Documents/FUN4_ws/FUN4_6509/install/robot_action/include/robot_action/robot_action/srv/set_taskspace.hpp
-- Up-to-date: /home/chayanin09/Documents/FUN4_ws/FUN4_6509/install/robot_action/include/robot_action/robot_action/srv/gen_target.hpp
-- Up-to-date: /home/chayanin09/Documents/FUN4_ws/FUN4_6509/install/robot_action/include/robot_action/robot_action
-- Up-to-date: /home/chayanin09/Documents/FUN4_ws/FUN4_6509/install/robot_action/include/robot_action/robot_action/msg
-- Up-to-date: /home/chayanin09/Documents/FUN4_ws/FUN4_6509/install/robot_action/include/robot_action/robot_action/msg/rosidl_typesupport_fastrtps_cpp__visibility_control.h
-- Up-to-date: /home/chayanin09/Documents/FUN4_ws/FUN4_6509/install/robot_action/include/robot_action/robot_action/action
-- Up-to-date: /home/chayanin09/Documents/FUN4_ws/FUN4_6509/install/robot_action/include/robot_action/robot_action/action/detail
-- Up-to-date: /home/chayanin09/Documents/FUN4_ws/FUN4_6509/install/robot_action/include/robot_action/robot_action/action/detail/dds_fastrtps
-- Up-to-date: /home/chayanin09/Documents/FUN4_ws/FUN4_6509/install/robot_action/include/robot_action/robot_action/action/detail/pose_goal__rosidl_typesupport_fastrtps_cpp.hpp
-- Up-to-date: /home/chayanin09/Documents/FUN4_ws/FUN4_6509/install/robot_action/include/robot_action/robot_action/srv
-- Up-to-date: /home/chayanin09/Documents/FUN4_ws/FUN4_6509/install/robot_action/include/robot_action/robot_action/srv/detail
-- Up-to-date: /home/chayanin09/Documents/FUN4_ws/FUN4_6509/install/robot_action/include/robot_action/robot_action/srv/detail/dds_fastrtps
-- Up-to-date: /home/chayanin09/Documents/FUN4_ws/FUN4_6509/install/robot_action/include/robot_action/robot_action/srv/detail/change_mode__rosidl_typesupport_fastrtps_cpp.hpp
-- Up-to-date: /home/chayanin09/Documents/FUN4_ws/FUN4_6509/install/robot_action/include/robot_action/robot_action/srv/detail/gen_target__rosidl_typesupport_fastrtps_cpp.hpp
-- Up-to-date: /home/chayanin09/Documents/FUN4_ws/FUN4_6509/install/robot_action/include/robot_action/robot_action/srv/detail/set_taskspace__rosidl_typesupport_fastrtps_cpp.hpp
-- Up-to-date: /home/chayanin09/Documents/FUN4_ws/FUN4_6509/install/robot_action/lib/librobot_action__rosidl_typesupport_fastrtps_cpp.so
-- Up-to-date: /home/chayanin09/Documents/FUN4_ws/FUN4_6509/install/robot_action/include/robot_action/robot_action
-- Up-to-date: /home/chayanin09/Documents/FUN4_ws/FUN4_6509/install/robot_action/include/robot_action/robot_action/msg
-- Up-to-date: /home/chayanin09/Documents/FUN4_ws/FUN4_6509/install/robot_action/include/robot_action/robot_action/msg/rosidl_typesupport_introspection_c__visibility_control.h
-- Up-to-date: /home/chayanin09/Documents/FUN4_ws/FUN4_6509/install/robot_action/include/robot_action/robot_action/action
-- Up-to-date: /home/chayanin09/Documents/FUN4_ws/FUN4_6509/install/robot_action/include/robot_action/robot_action/action/detail
-- Up-to-date: /home/chayanin09/Documents/FUN4_ws/FUN4_6509/install/robot_action/include/robot_action/robot_action/action/detail/pose_goal__rosidl_typesupport_introspection_c.h
-- Up-to-date: /home/chayanin09/Documents/FUN4_ws/FUN4_6509/install/robot_action/include/robot_action/robot_action/action/detail/pose_goal__type_support.c
-- Up-to-date: /home/chayanin09/Documents/FUN4_ws/FUN4_6509/install/robot_action/include/robot_action/robot_action/srv
-- Up-to-date: /home/chayanin09/Documents/FUN4_ws/FUN4_6509/install/robot_action/include/robot_action/robot_action/srv/detail
-- Up-to-date: /home/chayanin09/Documents/FUN4_ws/FUN4_6509/install/robot_action/include/robot_action/robot_action/srv/detail/gen_target__rosidl_typesupport_introspection_c.h
-- Up-to-date: /home/chayanin09/Documents/FUN4_ws/FUN4_6509/install/robot_action/include/robot_action/robot_action/srv/detail/set_taskspace__rosidl_typesupport_introspection_c.h
-- Up-to-date: /home/chayanin09/Documents/FUN4_ws/FUN4_6509/install/robot_action/include/robot_action/robot_action/srv/detail/change_mode__type_support.c
-- Up-to-date: /home/chayanin09/Documents/FUN4_ws/FUN4_6509/install/robot_action/include/robot_action/robot_action/srv/detail/change_mode__rosidl_typesupport_introspection_c.h
-- Up-to-date: /home/chayanin09/Documents/FUN4_ws/FUN4_6509/install/robot_action/include/robot_action/robot_action/srv/detail/set_taskspace__type_support.c
-- Up-to-date: /home/chayanin09/Documents/FUN4_ws/FUN4_6509/install/robot_action/include/robot_action/robot_action/srv/detail/gen_target__type_support.c
-- Up-to-date: /home/chayanin09/Documents/FUN4_ws/FUN4_6509/install/robot_action/lib/librobot_action__rosidl_typesupport_introspection_c.so
-- Up-to-date: /home/chayanin09/Documents/FUN4_ws/FUN4_6509/install/robot_action/lib/librobot_action__rosidl_typesupport_c.so
-- Up-to-date: /home/chayanin09/Documents/FUN4_ws/FUN4_6509/install/robot_action/include/robot_action/robot_action
-- Up-to-date: /home/chayanin09/Documents/FUN4_ws/FUN4_6509/install/robot_action/include/robot_action/robot_action/action
-- Up-to-date: /home/chayanin09/Documents/FUN4_ws/FUN4_6509/install/robot_action/include/robot_action/robot_action/action/detail
-- Up-to-date: /home/chayanin09/Documents/FUN4_ws/FUN4_6509/install/robot_action/include/robot_action/robot_action/action/detail/pose_goal__type_support.cpp
-- Up-to-date: /home/chayanin09/Documents/FUN4_ws/FUN4_6509/install/robot_action/include/robot_action/robot_action/action/detail/pose_goal__rosidl_typesupport_introspection_cpp.hpp
-- Up-to-date: /home/chayanin09/Documents/FUN4_ws/FUN4_6509/install/robot_action/include/robot_action/robot_action/srv
-- Up-to-date: /home/chayanin09/Documents/FUN4_ws/FUN4_6509/install/robot_action/include/robot_action/robot_action/srv/detail
-- Up-to-date: /home/chayanin09/Documents/FUN4_ws/FUN4_6509/install/robot_action/include/robot_action/robot_action/srv/detail/gen_target__rosidl_typesupport_introspection_cpp.hpp
-- Up-to-date: /home/chayanin09/Documents/FUN4_ws/FUN4_6509/install/robot_action/include/robot_action/robot_action/srv/detail/gen_target__type_support.cpp
-- Up-to-date: /home/chayanin09/Documents/FUN4_ws/FUN4_6509/install/robot_action/include/robot_action/robot_action/srv/detail/change_mode__type_support.cpp
-- Up-to-date: /home/chayanin09/Documents/FUN4_ws/FUN4_6509/install/robot_action/include/robot_action/robot_action/srv/detail/set_taskspace__type_support.cpp
-- Up-to-date: /home/chayanin09/Documents/FUN4_ws/FUN4_6509/install/robot_action/include/robot_action/robot_action/srv/detail/change_mode__rosidl_typesupport_introspection_cpp.hpp
-- Up-to-date: /home/chayanin09/Documents/FUN4_ws/FUN4_6509/install/robot_action/include/robot_action/robot_action/srv/detail/set_taskspace__rosidl_typesupport_introspection_cpp.hpp
-- Up-to-date: /home/chayanin09/Documents/FUN4_ws/FUN4_6509/install/robot_action/lib/librobot_action__rosidl_typesupport_introspection_cpp.so
-- Up-to-date: /home/chayanin09/Documents/FUN4_ws/FUN4_6509/install/robot_action/lib/librobot_action__rosidl_typesupport_cpp.so
-- Up-to-date: /home/chayanin09/Documents/FUN4_ws/FUN4_6509/install/robot_action/share/robot_action/environment/pythonpath.sh
-- Up-to-date: /home/chayanin09/Documents/FUN4_ws/FUN4_6509/install/robot_action/share/robot_action/environment/pythonpath.dsv
-- Up-to-date: /home/chayanin09/Documents/FUN4_ws/FUN4_6509/install/robot_action/local/lib/python3.10/dist-packages/robot_action-0.0.0-py3.10.egg-info
-- Installing: /home/chayanin09/Documents/FUN4_ws/FUN4_6509/install/robot_action/local/lib/python3.10/dist-packages/robot_action-0.0.0-py3.10.egg-info/dependency_links.txt
-- Installing: /home/chayanin09/Documents/FUN4_ws/FUN4_6509/install/robot_action/local/lib/python3.10/dist-packages/robot_action-0.0.0-py3.10.egg-info/PKG-INFO
-- Installing: /home/chayanin09/Documents/FUN4_ws/FUN4_6509/install/robot_action/local/lib/python3.10/dist-packages/robot_action-0.0.0-py3.10.egg-info/top_level.txt
-- Installing: /home/chayanin09/Documents/FUN4_ws/FUN4_6509/install/robot_action/local/lib/python3.10/dist-packages/robot_action-0.0.0-py3.10.egg-info/SOURCES.txt
-- Up-to-date: /home/chayanin09/Documents/FUN4_ws/FUN4_6509/install/robot_action/local/lib/python3.10/dist-packages/robot_action
-- Up-to-date: /home/chayanin09/Documents/FUN4_ws/FUN4_6509/install/robot_action/local/lib/python3.10/dist-packages/robot_action/_robot_action_s.ep.rosidl_typesupport_introspection_c.c
-- Up-to-date: /home/chayanin09/Documents/FUN4_ws/FUN4_6509/install/robot_action/local/lib/python3.10/dist-packages/robot_action/robot_action_s__rosidl_typesupport_fastrtps_c.cpython-310-x86_64-linux-gnu.so
-- Up-to-date: /home/chayanin09/Documents/FUN4_ws/FUN4_6509/install/robot_action/local/lib/python3.10/dist-packages/robot_action/robot_action_s__rosidl_typesupport_c.cpython-310-x86_64-linux-gnu.so
-- Up-to-date: /home/chayanin09/Documents/FUN4_ws/FUN4_6509/install/robot_action/local/lib/python3.10/dist-packages/robot_action/__init__.py
-- Up-to-date: /home/chayanin09/Documents/FUN4_ws/FUN4_6509/install/robot_action/local/lib/python3.10/dist-packages/robot_action/action
-- Up-to-date: /home/chayanin09/Documents/FUN4_ws/FUN4_6509/install/robot_action/local/lib/python3.10/dist-packages/robot_action/action/_pose_goal.py
-- Up-to-date: /home/chayanin09/Documents/FUN4_ws/FUN4_6509/install/robot_action/local/lib/python3.10/dist-packages/robot_action/action/_pose_goal_s.c
-- Up-to-date: /home/chayanin09/Documents/FUN4_ws/FUN4_6509/install/robot_action/local/lib/python3.10/dist-packages/robot_action/action/__init__.py
-- Up-to-date: /home/chayanin09/Documents/FUN4_ws/FUN4_6509/install/robot_action/local/lib/python3.10/dist-packages/robot_action/srv
-- Up-to-date: /home/chayanin09/Documents/FUN4_ws/FUN4_6509/install/robot_action/local/lib/python3.10/dist-packages/robot_action/srv/_change_mode.py
-- Up-to-date: /home/chayanin09/Documents/FUN4_ws/FUN4_6509/install/robot_action/local/lib/python3.10/dist-packages/robot_action/srv/_gen_target.py
-- Up-to-date: /home/chayanin09/Documents/FUN4_ws/FUN4_6509/install/robot_action/local/lib/python3.10/dist-packages/robot_action/srv/_gen_target_s.c
-- Up-to-date: /home/chayanin09/Documents/FUN4_ws/FUN4_6509/install/robot_action/local/lib/python3.10/dist-packages/robot_action/srv/_set_taskspace_s.c
-- Up-to-date: /home/chayanin09/Documents/FUN4_ws/FUN4_6509/install/robot_action/local/lib/python3.10/dist-packages/robot_action/srv/_change_mode_s.c
-- Up-to-date: /home/chayanin09/Documents/FUN4_ws/FUN4_6509/install/robot_action/local/lib/python3.10/dist-packages/robot_action/srv/__init__.py
-- Up-to-date: /home/chayanin09/Documents/FUN4_ws/FUN4_6509/install/robot_action/local/lib/python3.10/dist-packages/robot_action/srv/_set_taskspace.py
-- Up-to-date: /home/chayanin09/Documents/FUN4_ws/FUN4_6509/install/robot_action/local/lib/python3.10/dist-packages/robot_action/librobot_action__rosidl_generator_py.so
-- Up-to-date: /home/chayanin09/Documents/FUN4_ws/FUN4_6509/install/robot_action/local/lib/python3.10/dist-packages/robot_action/_robot_action_s.ep.rosidl_typesupport_c.c
-- Up-to-date: /home/chayanin09/Documents/FUN4_ws/FUN4_6509/install/robot_action/local/lib/python3.10/dist-packages/robot_action/robot_action_s__rosidl_typesupport_introspection_c.cpython-310-x86_64-linux-gnu.so
-- Up-to-date: /home/chayanin09/Documents/FUN4_ws/FUN4_6509/install/robot_action/local/lib/python3.10/dist-packages/robot_action/_robot_action_s.ep.rosidl_typesupport_fastrtps_c.c
Listing '/home/chayanin09/Documents/FUN4_ws/FUN4_6509/install/robot_action/local/lib/python3.10/dist-packages/robot_action'...
Listing '/home/chayanin09/Documents/FUN4_ws/FUN4_6509/install/robot_action/local/lib/python3.10/dist-packages/robot_action/action'...
Listing '/home/chayanin09/Documents/FUN4_ws/FUN4_6509/install/robot_action/local/lib/python3.10/dist-packages/robot_action/srv'...
-- Up-to-date: /home/chayanin09/Documents/FUN4_ws/FUN4_6509/install/robot_action/local/lib/python3.10/dist-packages/robot_action/robot_action_s__rosidl_typesupport_fastrtps_c.cpython-310-x86_64-linux-gnu.so
-- Up-to-date: /home/chayanin09/Documents/FUN4_ws/FUN4_6509/install/robot_action/local/lib/python3.10/dist-packages/robot_action/robot_action_s__rosidl_typesupport_introspection_c.cpython-310-x86_64-linux-gnu.so
-- Up-to-date: /home/chayanin09/Documents/FUN4_ws/FUN4_6509/install/robot_action/local/lib/python3.10/dist-packages/robot_action/robot_action_s__rosidl_typesupport_c.cpython-310-x86_64-linux-gnu.so
-- Up-to-date: /home/chayanin09/Documents/FUN4_ws/FUN4_6509/install/robot_action/lib/librobot_action__rosidl_generator_py.so
-- Up-to-date: /home/chayanin09/Documents/FUN4_ws/FUN4_6509/install/robot_action/share/robot_action/action/PoseGoal.idl
-- Up-to-date: /home/chayanin09/Documents/FUN4_ws/FUN4_6509/install/robot_action/share/robot_action/srv/GenTarget.idl
-- Up-to-date: /home/chayanin09/Documents/FUN4_ws/FUN4_6509/install/robot_action/share/robot_action/srv/ChangeMode.idl
-- Up-to-date: /home/chayanin09/Documents/FUN4_ws/FUN4_6509/install/robot_action/share/robot_action/srv/SetTaskspace.idl
-- Up-to-date: /home/chayanin09/Documents/FUN4_ws/FUN4_6509/install/robot_action/share/robot_action/action/PoseGoal.action
-- Up-to-date: /home/chayanin09/Documents/FUN4_ws/FUN4_6509/install/robot_action/share/robot_action/srv/GenTarget.srv
-- Up-to-date: /home/chayanin09/Documents/FUN4_ws/FUN4_6509/install/robot_action/share/robot_action/srv/GenTarget_Request.msg
-- Up-to-date: /home/chayanin09/Documents/FUN4_ws/FUN4_6509/install/robot_action/share/robot_action/srv/GenTarget_Response.msg
-- Up-to-date: /home/chayanin09/Documents/FUN4_ws/FUN4_6509/install/robot_action/share/robot_action/srv/ChangeMode.srv
-- Up-to-date: /home/chayanin09/Documents/FUN4_ws/FUN4_6509/install/robot_action/share/robot_action/srv/ChangeMode_Request.msg
-- Up-to-date: /home/chayanin09/Documents/FUN4_ws/FUN4_6509/install/robot_action/share/robot_action/srv/ChangeMode_Response.msg
-- Up-to-date: /home/chayanin09/Documents/FUN4_ws/FUN4_6509/install/robot_action/share/robot_action/srv/SetTaskspace.srv
-- Up-to-date: /home/chayanin09/Documents/FUN4_ws/FUN4_6509/install/robot_action/share/robot_action/srv/SetTaskspace_Request.msg
-- Up-to-date: /home/chayanin09/Documents/FUN4_ws/FUN4_6509/install/robot_action/share/robot_action/srv/SetTaskspace_Response.msg
-- Up-to-date: /home/chayanin09/Documents/FUN4_ws/FUN4_6509/install/robot_action/share/ament_index/resource_index/package_run_dependencies/robot_action
-- Up-to-date: /home/chayanin09/Documents/FUN4_ws/FUN4_6509/install/robot_action/share/ament_index/resource_index/parent_prefix_path/robot_action
-- Up-to-date: /home/chayanin09/Documents/FUN4_ws/FUN4_6509/install/robot_action/share/robot_action/environment/ament_prefix_path.sh
-- Up-to-date: /home/chayanin09/Documents/FUN4_ws/FUN4_6509/install/robot_action/share/robot_action/environment/ament_prefix_path.dsv
-- Up-to-date: /home/chayanin09/Documents/FUN4_ws/FUN4_6509/install/robot_action/share/robot_action/environment/path.sh
-- Up-to-date: /home/chayanin09/Documents/FUN4_ws/FUN4_6509/install/robot_action/share/robot_action/environment/path.dsv
-- Up-to-date: /home/chayanin09/Documents/FUN4_ws/FUN4_6509/install/robot_action/share/robot_action/local_setup.bash
-- Up-to-date: /home/chayanin09/Documents/FUN4_ws/FUN4_6509/install/robot_action/share/robot_action/local_setup.sh
-- Up-to-date: /home/chayanin09/Documents/FUN4_ws/FUN4_6509/install/robot_action/share/robot_action/local_setup.zsh
-- Up-to-date: /home/chayanin09/Documents/FUN4_ws/FUN4_6509/install/robot_action/share/robot_action/local_setup.dsv
-- Installing: /home/chayanin09/Documents/FUN4_ws/FUN4_6509/install/robot_action/share/robot_action/package.dsv
-- Up-to-date: /home/chayanin09/Documents/FUN4_ws/FUN4_6509/install/robot_action/share/ament_index/resource_index/packages/robot_action
-- Up-to-date: /home/chayanin09/Documents/FUN4_ws/FUN4_6509/install/robot_action/share/robot_action/cmake/export_robot_action__rosidl_generator_cExport.cmake
-- Up-to-date: /home/chayanin09/Documents/FUN4_ws/FUN4_6509/install/robot_action/share/robot_action/cmake/export_robot_action__rosidl_generator_cExport-noconfig.cmake
-- Up-to-date: /home/chayanin09/Documents/FUN4_ws/FUN4_6509/install/robot_action/share/robot_action/cmake/export_robot_action__rosidl_typesupport_fastrtps_cExport.cmake
-- Up-to-date: /home/chayanin09/Documents/FUN4_ws/FUN4_6509/install/robot_action/share/robot_action/cmake/export_robot_action__rosidl_typesupport_fastrtps_cExport-noconfig.cmake
-- Up-to-date: /home/chayanin09/Documents/FUN4_ws/FUN4_6509/install/robot_action/share/robot_action/cmake/export_robot_action__rosidl_generator_cppExport.cmake
-- Up-to-date: /home/chayanin09/Documents/FUN4_ws/FUN4_6509/install/robot_action/share/robot_action/cmake/export_robot_action__rosidl_typesupport_fastrtps_cppExport.cmake
-- Up-to-date: /home/chayanin09/Documents/FUN4_ws/FUN4_6509/install/robot_action/share/robot_action/cmake/export_robot_action__rosidl_typesupport_fastrtps_cppExport-noconfig.cmake
-- Up-to-date: /home/chayanin09/Documents/FUN4_ws/FUN4_6509/install/robot_action/share/robot_action/cmake/robot_action__rosidl_typesupport_introspection_cExport.cmake
-- Up-to-date: /home/chayanin09/Documents/FUN4_ws/FUN4_6509/install/robot_action/share/robot_action/cmake/robot_action__rosidl_typesupport_introspection_cExport-noconfig.cmake
-- Up-to-date: /home/chayanin09/Documents/FUN4_ws/FUN4_6509/install/robot_action/share/robot_action/cmake/robot_action__rosidl_typesupport_cExport.cmake
-- Up-to-date: /home/chayanin09/Documents/FUN4_ws/FUN4_6509/install/robot_action/share/robot_action/cmake/robot_action__rosidl_typesupport_cExport-noconfig.cmake
-- Up-to-date: /home/chayanin09/Documents/FUN4_ws/FUN4_6509/install/robot_action/share/robot_action/cmake/robot_action__rosidl_typesupport_introspection_cppExport.cmake
-- Up-to-date: /home/chayanin09/Documents/FUN4_ws/FUN4_6509/install/robot_action/share/robot_action/cmake/robot_action__rosidl_typesupport_introspection_cppExport-noconfig.cmake
-- Up-to-date: /home/chayanin09/Documents/FUN4_ws/FUN4_6509/install/robot_action/share/robot_action/cmake/robot_action__rosidl_typesupport_cppExport.cmake
-- Up-to-date: /home/chayanin09/Documents/FUN4_ws/FUN4_6509/install/robot_action/share/robot_action/cmake/robot_action__rosidl_typesupport_cppExport-noconfig.cmake
-- Up-to-date: /home/chayanin09/Documents/FUN4_ws/FUN4_6509/install/robot_action/share/robot_action/cmake/export_robot_action__rosidl_generator_pyExport.cmake
-- Up-to-date: /home/chayanin09/Documents/FUN4_ws/FUN4_6509/install/robot_action/share/robot_action/cmake/export_robot_action__rosidl_generator_pyExport-noconfig.cmake
-- Up-to-date: /home/chayanin09/Documents/FUN4_ws/FUN4_6509/install/robot_action/share/robot_action/cmake/rosidl_cmake-extras.cmake
-- Up-to-date: /home/chayanin09/Documents/FUN4_ws/FUN4_6509/install/robot_action/share/robot_action/cmake/ament_cmake_export_dependencies-extras.cmake
-- Up-to-date: /home/chayanin09/Documents/FUN4_ws/FUN4_6509/install/robot_action/share/robot_action/cmake/ament_cmake_export_include_directories-extras.cmake
-- Up-to-date: /home/chayanin09/Documents/FUN4_ws/FUN4_6509/install/robot_action/share/robot_action/cmake/ament_cmake_export_libraries-extras.cmake
-- Up-to-date: /home/chayanin09/Documents/FUN4_ws/FUN4_6509/install/robot_action/share/robot_action/cmake/ament_cmake_export_targets-extras.cmake
-- Up-to-date: /home/chayanin09/Documents/FUN4_ws/FUN4_6509/install/robot_action/share/robot_action/cmake/rosidl_cmake_export_typesupport_targets-extras.cmake
-- Up-to-date: /home/chayanin09/Documents/FUN4_ws/FUN4_6509/install/robot_action/share/robot_action/cmake/rosidl_cmake_export_typesupport_libraries-extras.cmake
-- Up-to-date: /home/chayanin09/Documents/FUN4_ws/FUN4_6509/install/robot_action/share/robot_action/cmake/robot_actionConfig.cmake
-- Up-to-date: /home/chayanin09/Documents/FUN4_ws/FUN4_6509/install/robot_action/share/robot_action/cmake/robot_actionConfig-version.cmake
-- Up-to-date: /home/chayanin09/Documents/FUN4_ws/FUN4_6509/install/robot_action/share/robot_action/package.xml
