[0.007s] Invoking command in '/home/chayanin09/Documents/FUN4_ws/FUN4_6509/build/robot_action': CMAKE_PREFIX_PATH=/opt/ros/humble /usr/bin/cmake /home/chayanin09/Documents/FUN4_ws/FUN4_6509/src/robot_action -DCMAKE_INSTALL_PREFIX=/home/chayanin09/Documents/FUN4_ws/FUN4_6509/install/robot_action
[0.084s] -- The C compiler identification is GNU 11.4.0
[0.143s] -- The CXX compiler identification is GNU 11.4.0
[0.147s] -- Detecting C compiler ABI info
[0.201s] -- Detecting C compiler ABI info - done
[0.206s] -- Check for working C compiler: /usr/bin/cc - skipped
[0.206s] -- Detecting C compile features
[0.206s] -- Detecting C compile features - done
[0.209s] -- Detecting CXX compiler ABI info
[0.271s] -- Detecting CXX compiler ABI info - done
[0.278s] -- Check for working CXX compiler: /usr/bin/c++ - skipped
[0.278s] -- Detecting CXX compile features
[0.279s] -- Detecting CXX compile features - done
[0.282s] -- Found ament_cmake: 1.3.10 (/opt/ros/humble/share/ament_cmake/cmake)
[0.383s] -- Found Python3: /usr/bin/python3 (found version "3.10.12") found components: Interpreter 
[0.443s] -- Found geometry_msgs: 4.2.4 (/opt/ros/humble/share/geometry_msgs/cmake)
[0.471s] -- Found rosidl_generator_c: 3.1.5 (/opt/ros/humble/share/rosidl_generator_c/cmake)
[0.475s] -- Found rosidl_adapter: 3.1.5 (/opt/ros/humble/share/rosidl_adapter/cmake)
[0.482s] -- Found rosidl_generator_cpp: 3.1.5 (/opt/ros/humble/share/rosidl_generator_cpp/cmake)
[0.491s] -- Using all available rosidl_typesupport_c: rosidl_typesupport_fastrtps_c;rosidl_typesupport_introspection_c
[0.503s] -- Using all available rosidl_typesupport_cpp: rosidl_typesupport_fastrtps_cpp;rosidl_typesupport_introspection_cpp
[0.530s] -- Found rosidl_default_generators: 1.2.0 (/opt/ros/humble/share/rosidl_default_generators/cmake)
[0.762s] -- Found ament_cmake_ros: 0.10.0 (/opt/ros/humble/share/ament_cmake_ros/cmake)
[1.027s] -- Using all available rosidl_typesupport_c: rosidl_typesupport_fastrtps_c;rosidl_typesupport_introspection_c
[1.123s] -- Using all available rosidl_typesupport_cpp: rosidl_typesupport_fastrtps_cpp;rosidl_typesupport_introspection_cpp
[1.138s] -- Found PythonInterp: /usr/bin/python3 (found suitable version "3.10.12", minimum required is "3.6") 
[1.140s] -- Found python_cmake_module: 0.10.0 (/opt/ros/humble/share/python_cmake_module/cmake)
[1.158s] -- Found PythonLibs: /usr/lib/x86_64-linux-gnu/libpython3.10.so (found suitable version "3.10.12", minimum required is "3.5") 
[1.159s] -- Using PYTHON_EXECUTABLE: /usr/bin/python3
[1.159s] -- Using PYTHON_INCLUDE_DIRS: /usr/include/python3.10
[1.159s] -- Using PYTHON_LIBRARIES: /usr/lib/x86_64-linux-gnu/libpython3.10.so
[1.172s] -- Found PythonExtra: .so  
[1.216s] -- Configuring done
[1.237s] -- Generating done
[1.238s] -- Build files have been written to: /home/chayanin09/Documents/FUN4_ws/FUN4_6509/build/robot_action
[1.244s] Invoked command in '/home/chayanin09/Documents/FUN4_ws/FUN4_6509/build/robot_action' returned '0': CMAKE_PREFIX_PATH=/opt/ros/humble /usr/bin/cmake /home/chayanin09/Documents/FUN4_ws/FUN4_6509/src/robot_action -DCMAKE_INSTALL_PREFIX=/home/chayanin09/Documents/FUN4_ws/FUN4_6509/install/robot_action
[1.246s] Invoking command in '/home/chayanin09/Documents/FUN4_ws/FUN4_6509/build/robot_action': CMAKE_PREFIX_PATH=/opt/ros/humble /usr/bin/cmake --build /home/chayanin09/Documents/FUN4_ws/FUN4_6509/build/robot_action -- -j20 -l20
[1.276s] [  1%] [34m[1mGenerating C code for ROS interfaces[0m
[1.285s] [  3%] [34m[1mGenerating C++ code for ROS interfaces[0m
[1.290s] [  3%] Built target ament_cmake_python_copy_robot_action
[1.438s] running egg_info
[1.438s] creating robot_action.egg-info
[1.438s] writing robot_action.egg-info/PKG-INFO
[1.438s] writing dependency_links to robot_action.egg-info/dependency_links.txt
[1.438s] writing top-level names to robot_action.egg-info/top_level.txt
[1.438s] writing manifest file 'robot_action.egg-info/SOURCES.txt'
[1.439s] reading manifest file 'robot_action.egg-info/SOURCES.txt'
[1.440s] writing manifest file 'robot_action.egg-info/SOURCES.txt'
[1.457s] [  3%] Built target ament_cmake_python_build_robot_action_egg
[1.666s] [  3%] Built target robot_action__cpp
[1.672s] [  5%] [34m[1mGenerating C++ type support dispatch for ROS interfaces[0m
[1.672s] [  7%] [34m[1mGenerating C++ introspection for ROS interfaces[0m
[1.672s] [  9%] [34m[1mGenerating C++ type support for eProsima Fast-RTPS[0m
[1.676s] [ 10%] [32mBuilding C object CMakeFiles/robot_action__rosidl_generator_c.dir/rosidl_generator_c/robot_action/action/detail/pose_goal__functions.c.o[0m
[1.676s] [ 12%] [32mBuilding C object CMakeFiles/robot_action__rosidl_generator_c.dir/rosidl_generator_c/robot_action/srv/detail/change_mode__functions.c.o[0m
[1.677s] [ 14%] [32mBuilding C object CMakeFiles/robot_action__rosidl_generator_c.dir/rosidl_generator_c/robot_action/srv/detail/set_taskspace__functions.c.o[0m
[1.677s] [ 16%] [32mBuilding C object CMakeFiles/robot_action__rosidl_generator_c.dir/rosidl_generator_c/robot_action/srv/detail/gen_target__functions.c.o[0m
[1.762s] [ 18%] [32m[1mLinking C shared library librobot_action__rosidl_generator_c.so[0m
[1.789s] [ 18%] Built target robot_action__rosidl_generator_c
[1.799s] [ 23%] [34m[1mGenerating C type support for eProsima Fast-RTPS[0m
[1.799s] [ 23%] [34m[1mGenerating C introspection for ROS interfaces[0m
[1.799s] [ 23%] [34m[1mGenerating C type support dispatch for ROS interfaces[0m
[1.949s] [ 25%] [32mBuilding CXX object CMakeFiles/robot_action__rosidl_typesupport_cpp.dir/rosidl_typesupport_cpp/robot_action/srv/gen_target__type_support.cpp.o[0m
[1.950s] [ 29%] [32mBuilding CXX object CMakeFiles/robot_action__rosidl_typesupport_cpp.dir/rosidl_typesupport_cpp/robot_action/action/pose_goal__type_support.cpp.o[0m
[1.950s] [ 29%] [32mBuilding CXX object CMakeFiles/robot_action__rosidl_typesupport_cpp.dir/rosidl_typesupport_cpp/robot_action/srv/change_mode__type_support.cpp.o[0m
[1.950s] [ 30%] [32mBuilding CXX object CMakeFiles/robot_action__rosidl_typesupport_cpp.dir/rosidl_typesupport_cpp/robot_action/srv/set_taskspace__type_support.cpp.o[0m
[1.997s] [ 34%] [32mBuilding CXX object CMakeFiles/robot_action__rosidl_typesupport_introspection_cpp.dir/rosidl_typesupport_introspection_cpp/robot_action/srv/detail/change_mode__type_support.cpp.o[0m
[1.997s] [ 34%] [32mBuilding CXX object CMakeFiles/robot_action__rosidl_typesupport_introspection_cpp.dir/rosidl_typesupport_introspection_cpp/robot_action/action/detail/pose_goal__type_support.cpp.o[0m
[1.998s] [ 36%] [32mBuilding CXX object CMakeFiles/robot_action__rosidl_typesupport_introspection_cpp.dir/rosidl_typesupport_introspection_cpp/robot_action/srv/detail/gen_target__type_support.cpp.o[0m
[1.998s] [ 38%] [32mBuilding CXX object CMakeFiles/robot_action__rosidl_typesupport_introspection_cpp.dir/rosidl_typesupport_introspection_cpp/robot_action/srv/detail/set_taskspace__type_support.cpp.o[0m
[2.055s] [ 41%] [32mBuilding CXX object CMakeFiles/robot_action__rosidl_typesupport_fastrtps_cpp.dir/rosidl_typesupport_fastrtps_cpp/robot_action/srv/detail/dds_fastrtps/set_taskspace__type_support.cpp.o[0m
[2.055s] [ 41%] [32mBuilding CXX object CMakeFiles/robot_action__rosidl_typesupport_fastrtps_cpp.dir/rosidl_typesupport_fastrtps_cpp/robot_action/srv/detail/dds_fastrtps/gen_target__type_support.cpp.o[0m
[2.055s] [ 43%] [32mBuilding CXX object CMakeFiles/robot_action__rosidl_typesupport_fastrtps_cpp.dir/rosidl_typesupport_fastrtps_cpp/robot_action/srv/detail/dds_fastrtps/change_mode__type_support.cpp.o[0m
[2.055s] [ 45%] [32mBuilding CXX object CMakeFiles/robot_action__rosidl_typesupport_fastrtps_cpp.dir/rosidl_typesupport_fastrtps_cpp/robot_action/action/detail/dds_fastrtps/pose_goal__type_support.cpp.o[0m
[2.170s] [ 52%] [32mBuilding CXX object CMakeFiles/robot_action__rosidl_typesupport_c.dir/rosidl_typesupport_c/robot_action/action/pose_goal__type_support.cpp.o[0m
[2.170s] [ 52%] [32mBuilding CXX object CMakeFiles/robot_action__rosidl_typesupport_c.dir/rosidl_typesupport_c/robot_action/srv/change_mode__type_support.cpp.o[0m
[2.170s] [ 52%] [32mBuilding CXX object CMakeFiles/robot_action__rosidl_typesupport_c.dir/rosidl_typesupport_c/robot_action/srv/gen_target__type_support.cpp.o[0m
[2.170s] [ 52%] [32mBuilding CXX object CMakeFiles/robot_action__rosidl_typesupport_c.dir/rosidl_typesupport_c/robot_action/srv/set_taskspace__type_support.cpp.o[0m
[2.217s] [ 54%] [32m[1mLinking CXX shared library librobot_action__rosidl_typesupport_c.so[0m
[2.265s] [ 54%] Built target robot_action__rosidl_typesupport_c
[2.265s] [ 56%] [32mBuilding CXX object CMakeFiles/robot_action__rosidl_typesupport_fastrtps_c.dir/rosidl_typesupport_fastrtps_c/robot_action/srv/detail/gen_target__type_support_c.cpp.o[0m
[2.266s] [ 60%] [32mBuilding CXX object CMakeFiles/robot_action__rosidl_typesupport_fastrtps_c.dir/rosidl_typesupport_fastrtps_c/robot_action/srv/detail/change_mode__type_support_c.cpp.o[0m
[2.267s] [ 60%] [32mBuilding CXX object CMakeFiles/robot_action__rosidl_typesupport_fastrtps_c.dir/rosidl_typesupport_fastrtps_c/robot_action/action/detail/pose_goal__type_support_c.cpp.o[0m
[2.267s] [ 61%] [32mBuilding CXX object CMakeFiles/robot_action__rosidl_typesupport_fastrtps_c.dir/rosidl_typesupport_fastrtps_c/robot_action/srv/detail/set_taskspace__type_support_c.cpp.o[0m
[2.348s] [ 69%] [32mBuilding C object CMakeFiles/robot_action__rosidl_typesupport_introspection_c.dir/rosidl_typesupport_introspection_c/robot_action/srv/detail/set_taskspace__type_support.c.o[0m
[2.348s] [ 69%] [32mBuilding C object CMakeFiles/robot_action__rosidl_typesupport_introspection_c.dir/rosidl_typesupport_introspection_c/robot_action/srv/detail/gen_target__type_support.c.o[0m
[2.348s] [ 69%] [32mBuilding C object CMakeFiles/robot_action__rosidl_typesupport_introspection_c.dir/rosidl_typesupport_introspection_c/robot_action/action/detail/pose_goal__type_support.c.o[0m
[2.348s] [ 69%] [32mBuilding C object CMakeFiles/robot_action__rosidl_typesupport_introspection_c.dir/rosidl_typesupport_introspection_c/robot_action/srv/detail/change_mode__type_support.c.o[0m
[2.405s] [ 70%] [32m[1mLinking C shared library librobot_action__rosidl_typesupport_introspection_c.so[0m
[2.447s] [ 70%] Built target robot_action__rosidl_typesupport_introspection_c
[2.504s] [ 72%] [32m[1mLinking CXX shared library librobot_action__rosidl_typesupport_cpp.so[0m
[2.531s] [ 74%] [32m[1mLinking CXX shared library librobot_action__rosidl_typesupport_introspection_cpp.so[0m
[2.540s] [ 74%] Built target robot_action__rosidl_typesupport_cpp
[2.587s] [ 74%] Built target robot_action__rosidl_typesupport_introspection_cpp
[2.588s] [ 76%] [32m[1mLinking CXX shared library librobot_action__rosidl_typesupport_fastrtps_c.so[0m
[2.633s] [ 78%] [32m[1mLinking CXX shared library librobot_action__rosidl_typesupport_fastrtps_cpp.so[0m
[2.640s] [ 78%] Built target robot_action__rosidl_typesupport_fastrtps_c
[2.684s] [ 78%] Built target robot_action__rosidl_typesupport_fastrtps_cpp
[2.701s] [ 78%] Built target robot_action
[2.715s] [ 80%] [34m[1mGenerating Python code for ROS interfaces[0m
[3.413s] [ 80%] Built target robot_action__py
[3.427s] [ 81%] [32mBuilding C object CMakeFiles/robot_action__rosidl_generator_py.dir/rosidl_generator_py/robot_action/srv/_gen_target_s.c.o[0m
[3.428s] [ 83%] [32mBuilding C object CMakeFiles/robot_action__rosidl_generator_py.dir/rosidl_generator_py/robot_action/action/_pose_goal_s.c.o[0m
[3.428s] [ 85%] [32mBuilding C object CMakeFiles/robot_action__rosidl_generator_py.dir/rosidl_generator_py/robot_action/srv/_set_taskspace_s.c.o[0m
[3.429s] [ 87%] [32mBuilding C object CMakeFiles/robot_action__rosidl_generator_py.dir/rosidl_generator_py/robot_action/srv/_change_mode_s.c.o[0m
[3.517s] [ 89%] [32m[1mLinking C shared library rosidl_generator_py/robot_action/librobot_action__rosidl_generator_py.so[0m
[3.548s] [ 89%] Built target robot_action__rosidl_generator_py
[3.565s] [ 92%] [32mBuilding C object CMakeFiles/robot_action__rosidl_typesupport_c__pyext.dir/rosidl_generator_py/robot_action/_robot_action_s.ep.rosidl_typesupport_c.c.o[0m
[3.565s] [ 92%] [32mBuilding C object CMakeFiles/robot_action__rosidl_typesupport_fastrtps_c__pyext.dir/rosidl_generator_py/robot_action/_robot_action_s.ep.rosidl_typesupport_fastrtps_c.c.o[0m
[3.565s] [ 94%] [32mBuilding C object CMakeFiles/robot_action__rosidl_typesupport_introspection_c__pyext.dir/rosidl_generator_py/robot_action/_robot_action_s.ep.rosidl_typesupport_introspection_c.c.o[0m
[3.647s] [ 98%] [32m[1mLinking C shared library rosidl_generator_py/robot_action/robot_action_s__rosidl_typesupport_introspection_c.cpython-310-x86_64-linux-gnu.so[0m
[3.647s] [ 98%] [32m[1mLinking C shared library rosidl_generator_py/robot_action/robot_action_s__rosidl_typesupport_fastrtps_c.cpython-310-x86_64-linux-gnu.so[0m
[3.649s] [100%] [32m[1mLinking C shared library rosidl_generator_py/robot_action/robot_action_s__rosidl_typesupport_c.cpython-310-x86_64-linux-gnu.so[0m
[3.678s] [100%] Built target robot_action__rosidl_typesupport_c__pyext
[3.684s] [100%] Built target robot_action__rosidl_typesupport_fastrtps_c__pyext
[3.689s] [100%] Built target robot_action__rosidl_typesupport_introspection_c__pyext
[3.698s] Invoked command in '/home/chayanin09/Documents/FUN4_ws/FUN4_6509/build/robot_action' returned '0': CMAKE_PREFIX_PATH=/opt/ros/humble /usr/bin/cmake --build /home/chayanin09/Documents/FUN4_ws/FUN4_6509/build/robot_action -- -j20 -l20
[3.794s] Invoking command in '/home/chayanin09/Documents/FUN4_ws/FUN4_6509/build/robot_action': CMAKE_PREFIX_PATH=/opt/ros/humble /usr/bin/cmake --install /home/chayanin09/Documents/FUN4_ws/FUN4_6509/build/robot_action
[3.799s] -- Install configuration: ""
[3.800s] -- Installing: /home/chayanin09/Documents/FUN4_ws/FUN4_6509/install/robot_action/share/ament_index/resource_index/rosidl_interfaces/robot_action
[3.800s] -- Installing: /home/chayanin09/Documents/FUN4_ws/FUN4_6509/install/robot_action/include/robot_action/robot_action
[3.800s] -- Installing: /home/chayanin09/Documents/FUN4_ws/FUN4_6509/install/robot_action/include/robot_action/robot_action/msg
[3.800s] -- Installing: /home/chayanin09/Documents/FUN4_ws/FUN4_6509/install/robot_action/include/robot_action/robot_action/msg/rosidl_generator_c__visibility_control.h
[3.800s] -- Installing: /home/chayanin09/Documents/FUN4_ws/FUN4_6509/install/robot_action/include/robot_action/robot_action/action
[3.800s] -- Installing: /home/chayanin09/Documents/FUN4_ws/FUN4_6509/install/robot_action/include/robot_action/robot_action/action/detail
[3.800s] -- Installing: /home/chayanin09/Documents/FUN4_ws/FUN4_6509/install/robot_action/include/robot_action/robot_action/action/detail/pose_goal__functions.c
[3.800s] -- Installing: /home/chayanin09/Documents/FUN4_ws/FUN4_6509/install/robot_action/include/robot_action/robot_action/action/detail/pose_goal__functions.h
[3.800s] -- Installing: /home/chayanin09/Documents/FUN4_ws/FUN4_6509/install/robot_action/include/robot_action/robot_action/action/detail/pose_goal__type_support.h
[3.800s] -- Installing: /home/chayanin09/Documents/FUN4_ws/FUN4_6509/install/robot_action/include/robot_action/robot_action/action/detail/pose_goal__struct.h
[3.800s] -- Installing: /home/chayanin09/Documents/FUN4_ws/FUN4_6509/install/robot_action/include/robot_action/robot_action/action/pose_goal.h
[3.800s] -- Installing: /home/chayanin09/Documents/FUN4_ws/FUN4_6509/install/robot_action/include/robot_action/robot_action/srv
[3.801s] -- Installing: /home/chayanin09/Documents/FUN4_ws/FUN4_6509/install/robot_action/include/robot_action/robot_action/srv/detail
[3.801s] -- Installing: /home/chayanin09/Documents/FUN4_ws/FUN4_6509/install/robot_action/include/robot_action/robot_action/srv/detail/set_taskspace__functions.h
[3.801s] -- Installing: /home/chayanin09/Documents/FUN4_ws/FUN4_6509/install/robot_action/include/robot_action/robot_action/srv/detail/set_taskspace__type_support.h
[3.801s] -- Installing: /home/chayanin09/Documents/FUN4_ws/FUN4_6509/install/robot_action/include/robot_action/robot_action/srv/detail/change_mode__type_support.h
[3.801s] -- Installing: /home/chayanin09/Documents/FUN4_ws/FUN4_6509/install/robot_action/include/robot_action/robot_action/srv/detail/change_mode__struct.h
[3.801s] -- Installing: /home/chayanin09/Documents/FUN4_ws/FUN4_6509/install/robot_action/include/robot_action/robot_action/srv/detail/gen_target__functions.c
[3.801s] -- Installing: /home/chayanin09/Documents/FUN4_ws/FUN4_6509/install/robot_action/include/robot_action/robot_action/srv/detail/change_mode__functions.c
[3.801s] -- Installing: /home/chayanin09/Documents/FUN4_ws/FUN4_6509/install/robot_action/include/robot_action/robot_action/srv/detail/gen_target__functions.h
[3.801s] -- Installing: /home/chayanin09/Documents/FUN4_ws/FUN4_6509/install/robot_action/include/robot_action/robot_action/srv/detail/gen_target__struct.h
[3.801s] -- Installing: /home/chayanin09/Documents/FUN4_ws/FUN4_6509/install/robot_action/include/robot_action/robot_action/srv/detail/gen_target__type_support.h
[3.801s] -- Installing: /home/chayanin09/Documents/FUN4_ws/FUN4_6509/install/robot_action/include/robot_action/robot_action/srv/detail/set_taskspace__functions.c
[3.801s] -- Installing: /home/chayanin09/Documents/FUN4_ws/FUN4_6509/install/robot_action/include/robot_action/robot_action/srv/detail/set_taskspace__struct.h
[3.801s] -- Installing: /home/chayanin09/Documents/FUN4_ws/FUN4_6509/install/robot_action/include/robot_action/robot_action/srv/detail/change_mode__functions.h
[3.801s] -- Installing: /home/chayanin09/Documents/FUN4_ws/FUN4_6509/install/robot_action/include/robot_action/robot_action/srv/gen_target.h
[3.801s] -- Installing: /home/chayanin09/Documents/FUN4_ws/FUN4_6509/install/robot_action/include/robot_action/robot_action/srv/set_taskspace.h
[3.801s] -- Installing: /home/chayanin09/Documents/FUN4_ws/FUN4_6509/install/robot_action/include/robot_action/robot_action/srv/change_mode.h
[3.802s] -- Installing: /home/chayanin09/Documents/FUN4_ws/FUN4_6509/install/robot_action/share/robot_action/environment/library_path.sh
[3.802s] -- Installing: /home/chayanin09/Documents/FUN4_ws/FUN4_6509/install/robot_action/share/robot_action/environment/library_path.dsv
[3.802s] -- Installing: /home/chayanin09/Documents/FUN4_ws/FUN4_6509/install/robot_action/lib/librobot_action__rosidl_generator_c.so
[3.802s] -- Set runtime path of "/home/chayanin09/Documents/FUN4_ws/FUN4_6509/install/robot_action/lib/librobot_action__rosidl_generator_c.so" to ""
[3.802s] -- Up-to-date: /home/chayanin09/Documents/FUN4_ws/FUN4_6509/install/robot_action/include/robot_action/robot_action
[3.802s] -- Up-to-date: /home/chayanin09/Documents/FUN4_ws/FUN4_6509/install/robot_action/include/robot_action/robot_action/msg
[3.802s] -- Installing: /home/chayanin09/Documents/FUN4_ws/FUN4_6509/install/robot_action/include/robot_action/robot_action/msg/rosidl_typesupport_fastrtps_c__visibility_control.h
[3.802s] -- Up-to-date: /home/chayanin09/Documents/FUN4_ws/FUN4_6509/install/robot_action/include/robot_action/robot_action/action
[3.802s] -- Up-to-date: /home/chayanin09/Documents/FUN4_ws/FUN4_6509/install/robot_action/include/robot_action/robot_action/action/detail
[3.802s] -- Installing: /home/chayanin09/Documents/FUN4_ws/FUN4_6509/install/robot_action/include/robot_action/robot_action/action/detail/pose_goal__rosidl_typesupport_fastrtps_c.h
[3.802s] -- Up-to-date: /home/chayanin09/Documents/FUN4_ws/FUN4_6509/install/robot_action/include/robot_action/robot_action/srv
[3.802s] -- Up-to-date: /home/chayanin09/Documents/FUN4_ws/FUN4_6509/install/robot_action/include/robot_action/robot_action/srv/detail
[3.802s] -- Installing: /home/chayanin09/Documents/FUN4_ws/FUN4_6509/install/robot_action/include/robot_action/robot_action/srv/detail/set_taskspace__rosidl_typesupport_fastrtps_c.h
[3.802s] -- Installing: /home/chayanin09/Documents/FUN4_ws/FUN4_6509/install/robot_action/include/robot_action/robot_action/srv/detail/change_mode__rosidl_typesupport_fastrtps_c.h
[3.802s] -- Installing: /home/chayanin09/Documents/FUN4_ws/FUN4_6509/install/robot_action/include/robot_action/robot_action/srv/detail/gen_target__rosidl_typesupport_fastrtps_c.h
[3.802s] -- Installing: /home/chayanin09/Documents/FUN4_ws/FUN4_6509/install/robot_action/lib/librobot_action__rosidl_typesupport_fastrtps_c.so
[3.803s] -- Set runtime path of "/home/chayanin09/Documents/FUN4_ws/FUN4_6509/install/robot_action/lib/librobot_action__rosidl_typesupport_fastrtps_c.so" to ""
[3.803s] -- Up-to-date: /home/chayanin09/Documents/FUN4_ws/FUN4_6509/install/robot_action/include/robot_action/robot_action
[3.803s] -- Up-to-date: /home/chayanin09/Documents/FUN4_ws/FUN4_6509/install/robot_action/include/robot_action/robot_action/action
[3.803s] -- Up-to-date: /home/chayanin09/Documents/FUN4_ws/FUN4_6509/install/robot_action/include/robot_action/robot_action/action/detail
[3.803s] -- Installing: /home/chayanin09/Documents/FUN4_ws/FUN4_6509/install/robot_action/include/robot_action/robot_action/action/detail/pose_goal__builder.hpp
[3.803s] -- Installing: /home/chayanin09/Documents/FUN4_ws/FUN4_6509/install/robot_action/include/robot_action/robot_action/action/detail/pose_goal__struct.hpp
[3.803s] -- Installing: /home/chayanin09/Documents/FUN4_ws/FUN4_6509/install/robot_action/include/robot_action/robot_action/action/detail/pose_goal__traits.hpp
[3.803s] -- Installing: /home/chayanin09/Documents/FUN4_ws/FUN4_6509/install/robot_action/include/robot_action/robot_action/action/pose_goal.hpp
[3.803s] -- Up-to-date: /home/chayanin09/Documents/FUN4_ws/FUN4_6509/install/robot_action/include/robot_action/robot_action/srv
[3.803s] -- Up-to-date: /home/chayanin09/Documents/FUN4_ws/FUN4_6509/install/robot_action/include/robot_action/robot_action/srv/detail
[3.803s] -- Installing: /home/chayanin09/Documents/FUN4_ws/FUN4_6509/install/robot_action/include/robot_action/robot_action/srv/detail/change_mode__builder.hpp
[3.803s] -- Installing: /home/chayanin09/Documents/FUN4_ws/FUN4_6509/install/robot_action/include/robot_action/robot_action/srv/detail/set_taskspace__traits.hpp
[3.803s] -- Installing: /home/chayanin09/Documents/FUN4_ws/FUN4_6509/install/robot_action/include/robot_action/robot_action/srv/detail/gen_target__traits.hpp
[3.803s] -- Installing: /home/chayanin09/Documents/FUN4_ws/FUN4_6509/install/robot_action/include/robot_action/robot_action/srv/detail/set_taskspace__struct.hpp
[3.803s] -- Installing: /home/chayanin09/Documents/FUN4_ws/FUN4_6509/install/robot_action/include/robot_action/robot_action/srv/detail/change_mode__struct.hpp
[3.803s] -- Installing: /home/chayanin09/Documents/FUN4_ws/FUN4_6509/install/robot_action/include/robot_action/robot_action/srv/detail/gen_target__struct.hpp
[3.804s] -- Installing: /home/chayanin09/Documents/FUN4_ws/FUN4_6509/install/robot_action/include/robot_action/robot_action/srv/detail/change_mode__traits.hpp
[3.804s] -- Installing: /home/chayanin09/Documents/FUN4_ws/FUN4_6509/install/robot_action/include/robot_action/robot_action/srv/detail/set_taskspace__builder.hpp
[3.804s] -- Installing: /home/chayanin09/Documents/FUN4_ws/FUN4_6509/install/robot_action/include/robot_action/robot_action/srv/detail/gen_target__builder.hpp
[3.804s] -- Installing: /home/chayanin09/Documents/FUN4_ws/FUN4_6509/install/robot_action/include/robot_action/robot_action/srv/change_mode.hpp
[3.804s] -- Installing: /home/chayanin09/Documents/FUN4_ws/FUN4_6509/install/robot_action/include/robot_action/robot_action/srv/set_taskspace.hpp
[3.804s] -- Installing: /home/chayanin09/Documents/FUN4_ws/FUN4_6509/install/robot_action/include/robot_action/robot_action/srv/gen_target.hpp
[3.804s] -- Up-to-date: /home/chayanin09/Documents/FUN4_ws/FUN4_6509/install/robot_action/include/robot_action/robot_action
[3.804s] -- Up-to-date: /home/chayanin09/Documents/FUN4_ws/FUN4_6509/install/robot_action/include/robot_action/robot_action/msg
[3.804s] -- Installing: /home/chayanin09/Documents/FUN4_ws/FUN4_6509/install/robot_action/include/robot_action/robot_action/msg/rosidl_typesupport_fastrtps_cpp__visibility_control.h
[3.804s] -- Up-to-date: /home/chayanin09/Documents/FUN4_ws/FUN4_6509/install/robot_action/include/robot_action/robot_action/action
[3.804s] -- Up-to-date: /home/chayanin09/Documents/FUN4_ws/FUN4_6509/install/robot_action/include/robot_action/robot_action/action/detail
[3.804s] -- Installing: /home/chayanin09/Documents/FUN4_ws/FUN4_6509/install/robot_action/include/robot_action/robot_action/action/detail/dds_fastrtps
[3.804s] -- Installing: /home/chayanin09/Documents/FUN4_ws/FUN4_6509/install/robot_action/include/robot_action/robot_action/action/detail/pose_goal__rosidl_typesupport_fastrtps_cpp.hpp
[3.804s] -- Up-to-date: /home/chayanin09/Documents/FUN4_ws/FUN4_6509/install/robot_action/include/robot_action/robot_action/srv
[3.804s] -- Up-to-date: /home/chayanin09/Documents/FUN4_ws/FUN4_6509/install/robot_action/include/robot_action/robot_action/srv/detail
[3.804s] -- Installing: /home/chayanin09/Documents/FUN4_ws/FUN4_6509/install/robot_action/include/robot_action/robot_action/srv/detail/dds_fastrtps
[3.805s] -- Installing: /home/chayanin09/Documents/FUN4_ws/FUN4_6509/install/robot_action/include/robot_action/robot_action/srv/detail/change_mode__rosidl_typesupport_fastrtps_cpp.hpp
[3.805s] -- Installing: /home/chayanin09/Documents/FUN4_ws/FUN4_6509/install/robot_action/include/robot_action/robot_action/srv/detail/gen_target__rosidl_typesupport_fastrtps_cpp.hpp
[3.805s] -- Installing: /home/chayanin09/Documents/FUN4_ws/FUN4_6509/install/robot_action/include/robot_action/robot_action/srv/detail/set_taskspace__rosidl_typesupport_fastrtps_cpp.hpp
[3.805s] -- Installing: /home/chayanin09/Documents/FUN4_ws/FUN4_6509/install/robot_action/lib/librobot_action__rosidl_typesupport_fastrtps_cpp.so
[3.805s] -- Set runtime path of "/home/chayanin09/Documents/FUN4_ws/FUN4_6509/install/robot_action/lib/librobot_action__rosidl_typesupport_fastrtps_cpp.so" to ""
[3.805s] -- Up-to-date: /home/chayanin09/Documents/FUN4_ws/FUN4_6509/install/robot_action/include/robot_action/robot_action
[3.805s] -- Up-to-date: /home/chayanin09/Documents/FUN4_ws/FUN4_6509/install/robot_action/include/robot_action/robot_action/msg
[3.805s] -- Installing: /home/chayanin09/Documents/FUN4_ws/FUN4_6509/install/robot_action/include/robot_action/robot_action/msg/rosidl_typesupport_introspection_c__visibility_control.h
[3.805s] -- Up-to-date: /home/chayanin09/Documents/FUN4_ws/FUN4_6509/install/robot_action/include/robot_action/robot_action/action
[3.805s] -- Up-to-date: /home/chayanin09/Documents/FUN4_ws/FUN4_6509/install/robot_action/include/robot_action/robot_action/action/detail
[3.805s] -- Installing: /home/chayanin09/Documents/FUN4_ws/FUN4_6509/install/robot_action/include/robot_action/robot_action/action/detail/pose_goal__rosidl_typesupport_introspection_c.h
[3.805s] -- Installing: /home/chayanin09/Documents/FUN4_ws/FUN4_6509/install/robot_action/include/robot_action/robot_action/action/detail/pose_goal__type_support.c
[3.805s] -- Up-to-date: /home/chayanin09/Documents/FUN4_ws/FUN4_6509/install/robot_action/include/robot_action/robot_action/srv
[3.805s] -- Up-to-date: /home/chayanin09/Documents/FUN4_ws/FUN4_6509/install/robot_action/include/robot_action/robot_action/srv/detail
[3.805s] -- Installing: /home/chayanin09/Documents/FUN4_ws/FUN4_6509/install/robot_action/include/robot_action/robot_action/srv/detail/gen_target__rosidl_typesupport_introspection_c.h
[3.805s] -- Installing: /home/chayanin09/Documents/FUN4_ws/FUN4_6509/install/robot_action/include/robot_action/robot_action/srv/detail/set_taskspace__rosidl_typesupport_introspection_c.h
[3.805s] -- Installing: /home/chayanin09/Documents/FUN4_ws/FUN4_6509/install/robot_action/include/robot_action/robot_action/srv/detail/change_mode__type_support.c
[3.806s] -- Installing: /home/chayanin09/Documents/FUN4_ws/FUN4_6509/install/robot_action/include/robot_action/robot_action/srv/detail/change_mode__rosidl_typesupport_introspection_c.h
[3.806s] -- Installing: /home/chayanin09/Documents/FUN4_ws/FUN4_6509/install/robot_action/include/robot_action/robot_action/srv/detail/set_taskspace__type_support.c
[3.806s] -- Installing: /home/chayanin09/Documents/FUN4_ws/FUN4_6509/install/robot_action/include/robot_action/robot_action/srv/detail/gen_target__type_support.c
[3.806s] -- Installing: /home/chayanin09/Documents/FUN4_ws/FUN4_6509/install/robot_action/lib/librobot_action__rosidl_typesupport_introspection_c.so
[3.806s] -- Set runtime path of "/home/chayanin09/Documents/FUN4_ws/FUN4_6509/install/robot_action/lib/librobot_action__rosidl_typesupport_introspection_c.so" to ""
[3.806s] -- Installing: /home/chayanin09/Documents/FUN4_ws/FUN4_6509/install/robot_action/lib/librobot_action__rosidl_typesupport_c.so
[3.806s] -- Set runtime path of "/home/chayanin09/Documents/FUN4_ws/FUN4_6509/install/robot_action/lib/librobot_action__rosidl_typesupport_c.so" to ""
[3.806s] -- Up-to-date: /home/chayanin09/Documents/FUN4_ws/FUN4_6509/install/robot_action/include/robot_action/robot_action
[3.806s] -- Up-to-date: /home/chayanin09/Documents/FUN4_ws/FUN4_6509/install/robot_action/include/robot_action/robot_action/action
[3.806s] -- Up-to-date: /home/chayanin09/Documents/FUN4_ws/FUN4_6509/install/robot_action/include/robot_action/robot_action/action/detail
[3.806s] -- Installing: /home/chayanin09/Documents/FUN4_ws/FUN4_6509/install/robot_action/include/robot_action/robot_action/action/detail/pose_goal__type_support.cpp
[3.806s] -- Installing: /home/chayanin09/Documents/FUN4_ws/FUN4_6509/install/robot_action/include/robot_action/robot_action/action/detail/pose_goal__rosidl_typesupport_introspection_cpp.hpp
[3.806s] -- Up-to-date: /home/chayanin09/Documents/FUN4_ws/FUN4_6509/install/robot_action/include/robot_action/robot_action/srv
[3.806s] -- Up-to-date: /home/chayanin09/Documents/FUN4_ws/FUN4_6509/install/robot_action/include/robot_action/robot_action/srv/detail
[3.806s] -- Installing: /home/chayanin09/Documents/FUN4_ws/FUN4_6509/install/robot_action/include/robot_action/robot_action/srv/detail/gen_target__rosidl_typesupport_introspection_cpp.hpp
[3.806s] -- Installing: /home/chayanin09/Documents/FUN4_ws/FUN4_6509/install/robot_action/include/robot_action/robot_action/srv/detail/gen_target__type_support.cpp
[3.806s] -- Installing: /home/chayanin09/Documents/FUN4_ws/FUN4_6509/install/robot_action/include/robot_action/robot_action/srv/detail/change_mode__type_support.cpp
[3.807s] -- Installing: /home/chayanin09/Documents/FUN4_ws/FUN4_6509/install/robot_action/include/robot_action/robot_action/srv/detail/set_taskspace__type_support.cpp
[3.807s] -- Installing: /home/chayanin09/Documents/FUN4_ws/FUN4_6509/install/robot_action/include/robot_action/robot_action/srv/detail/change_mode__rosidl_typesupport_introspection_cpp.hpp
[3.807s] -- Installing: /home/chayanin09/Documents/FUN4_ws/FUN4_6509/install/robot_action/include/robot_action/robot_action/srv/detail/set_taskspace__rosidl_typesupport_introspection_cpp.hpp
[3.807s] -- Installing: /home/chayanin09/Documents/FUN4_ws/FUN4_6509/install/robot_action/lib/librobot_action__rosidl_typesupport_introspection_cpp.so
[3.807s] -- Set runtime path of "/home/chayanin09/Documents/FUN4_ws/FUN4_6509/install/robot_action/lib/librobot_action__rosidl_typesupport_introspection_cpp.so" to ""
[3.807s] -- Installing: /home/chayanin09/Documents/FUN4_ws/FUN4_6509/install/robot_action/lib/librobot_action__rosidl_typesupport_cpp.so
[3.807s] -- Set runtime path of "/home/chayanin09/Documents/FUN4_ws/FUN4_6509/install/robot_action/lib/librobot_action__rosidl_typesupport_cpp.so" to ""
[3.807s] -- Installing: /home/chayanin09/Documents/FUN4_ws/FUN4_6509/install/robot_action/share/robot_action/environment/pythonpath.sh
[3.807s] -- Installing: /home/chayanin09/Documents/FUN4_ws/FUN4_6509/install/robot_action/share/robot_action/environment/pythonpath.dsv
[3.807s] -- Installing: /home/chayanin09/Documents/FUN4_ws/FUN4_6509/install/robot_action/local/lib/python3.10/dist-packages/robot_action-0.0.0-py3.10.egg-info
[3.807s] -- Installing: /home/chayanin09/Documents/FUN4_ws/FUN4_6509/install/robot_action/local/lib/python3.10/dist-packages/robot_action-0.0.0-py3.10.egg-info/dependency_links.txt
[3.807s] -- Installing: /home/chayanin09/Documents/FUN4_ws/FUN4_6509/install/robot_action/local/lib/python3.10/dist-packages/robot_action-0.0.0-py3.10.egg-info/PKG-INFO
[3.807s] -- Installing: /home/chayanin09/Documents/FUN4_ws/FUN4_6509/install/robot_action/local/lib/python3.10/dist-packages/robot_action-0.0.0-py3.10.egg-info/top_level.txt
[3.807s] -- Installing: /home/chayanin09/Documents/FUN4_ws/FUN4_6509/install/robot_action/local/lib/python3.10/dist-packages/robot_action-0.0.0-py3.10.egg-info/SOURCES.txt
[3.807s] -- Installing: /home/chayanin09/Documents/FUN4_ws/FUN4_6509/install/robot_action/local/lib/python3.10/dist-packages/robot_action
[3.807s] -- Installing: /home/chayanin09/Documents/FUN4_ws/FUN4_6509/install/robot_action/local/lib/python3.10/dist-packages/robot_action/_robot_action_s.ep.rosidl_typesupport_introspection_c.c
[3.807s] -- Installing: /home/chayanin09/Documents/FUN4_ws/FUN4_6509/install/robot_action/local/lib/python3.10/dist-packages/robot_action/robot_action_s__rosidl_typesupport_fastrtps_c.cpython-310-x86_64-linux-gnu.so
[3.807s] -- Installing: /home/chayanin09/Documents/FUN4_ws/FUN4_6509/install/robot_action/local/lib/python3.10/dist-packages/robot_action/robot_action_s__rosidl_typesupport_c.cpython-310-x86_64-linux-gnu.so
[3.807s] -- Installing: /home/chayanin09/Documents/FUN4_ws/FUN4_6509/install/robot_action/local/lib/python3.10/dist-packages/robot_action/__init__.py
[3.807s] -- Installing: /home/chayanin09/Documents/FUN4_ws/FUN4_6509/install/robot_action/local/lib/python3.10/dist-packages/robot_action/action
[3.807s] -- Installing: /home/chayanin09/Documents/FUN4_ws/FUN4_6509/install/robot_action/local/lib/python3.10/dist-packages/robot_action/action/_pose_goal.py
[3.807s] -- Installing: /home/chayanin09/Documents/FUN4_ws/FUN4_6509/install/robot_action/local/lib/python3.10/dist-packages/robot_action/action/_pose_goal_s.c
[3.807s] -- Installing: /home/chayanin09/Documents/FUN4_ws/FUN4_6509/install/robot_action/local/lib/python3.10/dist-packages/robot_action/action/__init__.py
[3.807s] -- Installing: /home/chayanin09/Documents/FUN4_ws/FUN4_6509/install/robot_action/local/lib/python3.10/dist-packages/robot_action/srv
[3.807s] -- Installing: /home/chayanin09/Documents/FUN4_ws/FUN4_6509/install/robot_action/local/lib/python3.10/dist-packages/robot_action/srv/_change_mode.py
[3.807s] -- Installing: /home/chayanin09/Documents/FUN4_ws/FUN4_6509/install/robot_action/local/lib/python3.10/dist-packages/robot_action/srv/_gen_target.py
[3.807s] -- Installing: /home/chayanin09/Documents/FUN4_ws/FUN4_6509/install/robot_action/local/lib/python3.10/dist-packages/robot_action/srv/_gen_target_s.c
[3.807s] -- Installing: /home/chayanin09/Documents/FUN4_ws/FUN4_6509/install/robot_action/local/lib/python3.10/dist-packages/robot_action/srv/_set_taskspace_s.c
[3.807s] -- Installing: /home/chayanin09/Documents/FUN4_ws/FUN4_6509/install/robot_action/local/lib/python3.10/dist-packages/robot_action/srv/_change_mode_s.c
[3.807s] -- Installing: /home/chayanin09/Documents/FUN4_ws/FUN4_6509/install/robot_action/local/lib/python3.10/dist-packages/robot_action/srv/__init__.py
[3.807s] -- Installing: /home/chayanin09/Documents/FUN4_ws/FUN4_6509/install/robot_action/local/lib/python3.10/dist-packages/robot_action/srv/_set_taskspace.py
[3.807s] -- Installing: /home/chayanin09/Documents/FUN4_ws/FUN4_6509/install/robot_action/local/lib/python3.10/dist-packages/robot_action/librobot_action__rosidl_generator_py.so
[3.807s] -- Installing: /home/chayanin09/Documents/FUN4_ws/FUN4_6509/install/robot_action/local/lib/python3.10/dist-packages/robot_action/_robot_action_s.ep.rosidl_typesupport_c.c
[3.807s] -- Installing: /home/chayanin09/Documents/FUN4_ws/FUN4_6509/install/robot_action/local/lib/python3.10/dist-packages/robot_action/robot_action_s__rosidl_typesupport_introspection_c.cpython-310-x86_64-linux-gnu.so
[3.807s] -- Installing: /home/chayanin09/Documents/FUN4_ws/FUN4_6509/install/robot_action/local/lib/python3.10/dist-packages/robot_action/_robot_action_s.ep.rosidl_typesupport_fastrtps_c.c
[3.832s] Listing '/home/chayanin09/Documents/FUN4_ws/FUN4_6509/install/robot_action/local/lib/python3.10/dist-packages/robot_action'...
[3.832s] Compiling '/home/chayanin09/Documents/FUN4_ws/FUN4_6509/install/robot_action/local/lib/python3.10/dist-packages/robot_action/__init__.py'...
[3.832s] Listing '/home/chayanin09/Documents/FUN4_ws/FUN4_6509/install/robot_action/local/lib/python3.10/dist-packages/robot_action/action'...
[3.832s] Compiling '/home/chayanin09/Documents/FUN4_ws/FUN4_6509/install/robot_action/local/lib/python3.10/dist-packages/robot_action/action/__init__.py'...
[3.832s] Compiling '/home/chayanin09/Documents/FUN4_ws/FUN4_6509/install/robot_action/local/lib/python3.10/dist-packages/robot_action/action/_pose_goal.py'...
[3.832s] Listing '/home/chayanin09/Documents/FUN4_ws/FUN4_6509/install/robot_action/local/lib/python3.10/dist-packages/robot_action/srv'...
[3.832s] Compiling '/home/chayanin09/Documents/FUN4_ws/FUN4_6509/install/robot_action/local/lib/python3.10/dist-packages/robot_action/srv/__init__.py'...
[3.832s] Compiling '/home/chayanin09/Documents/FUN4_ws/FUN4_6509/install/robot_action/local/lib/python3.10/dist-packages/robot_action/srv/_change_mode.py'...
[3.832s] Compiling '/home/chayanin09/Documents/FUN4_ws/FUN4_6509/install/robot_action/local/lib/python3.10/dist-packages/robot_action/srv/_gen_target.py'...
[3.833s] Compiling '/home/chayanin09/Documents/FUN4_ws/FUN4_6509/install/robot_action/local/lib/python3.10/dist-packages/robot_action/srv/_set_taskspace.py'...
[3.835s] -- Installing: /home/chayanin09/Documents/FUN4_ws/FUN4_6509/install/robot_action/local/lib/python3.10/dist-packages/robot_action/robot_action_s__rosidl_typesupport_fastrtps_c.cpython-310-x86_64-linux-gnu.so
[3.835s] -- Set runtime path of "/home/chayanin09/Documents/FUN4_ws/FUN4_6509/install/robot_action/local/lib/python3.10/dist-packages/robot_action/robot_action_s__rosidl_typesupport_fastrtps_c.cpython-310-x86_64-linux-gnu.so" to ""
[3.835s] -- Installing: /home/chayanin09/Documents/FUN4_ws/FUN4_6509/install/robot_action/local/lib/python3.10/dist-packages/robot_action/robot_action_s__rosidl_typesupport_introspection_c.cpython-310-x86_64-linux-gnu.so
[3.835s] -- Set runtime path of "/home/chayanin09/Documents/FUN4_ws/FUN4_6509/install/robot_action/local/lib/python3.10/dist-packages/robot_action/robot_action_s__rosidl_typesupport_introspection_c.cpython-310-x86_64-linux-gnu.so" to ""
[3.835s] -- Installing: /home/chayanin09/Documents/FUN4_ws/FUN4_6509/install/robot_action/local/lib/python3.10/dist-packages/robot_action/robot_action_s__rosidl_typesupport_c.cpython-310-x86_64-linux-gnu.so
[3.836s] -- Set runtime path of "/home/chayanin09/Documents/FUN4_ws/FUN4_6509/install/robot_action/local/lib/python3.10/dist-packages/robot_action/robot_action_s__rosidl_typesupport_c.cpython-310-x86_64-linux-gnu.so" to ""
[3.836s] -- Installing: /home/chayanin09/Documents/FUN4_ws/FUN4_6509/install/robot_action/lib/librobot_action__rosidl_generator_py.so
[3.836s] -- Set runtime path of "/home/chayanin09/Documents/FUN4_ws/FUN4_6509/install/robot_action/lib/librobot_action__rosidl_generator_py.so" to ""
[3.836s] -- Installing: /home/chayanin09/Documents/FUN4_ws/FUN4_6509/install/robot_action/share/robot_action/action/PoseGoal.idl
[3.836s] -- Installing: /home/chayanin09/Documents/FUN4_ws/FUN4_6509/install/robot_action/share/robot_action/srv/GenTarget.idl
[3.836s] -- Installing: /home/chayanin09/Documents/FUN4_ws/FUN4_6509/install/robot_action/share/robot_action/srv/ChangeMode.idl
[3.836s] -- Installing: /home/chayanin09/Documents/FUN4_ws/FUN4_6509/install/robot_action/share/robot_action/srv/SetTaskspace.idl
[3.836s] -- Installing: /home/chayanin09/Documents/FUN4_ws/FUN4_6509/install/robot_action/share/robot_action/action/PoseGoal.action
[3.836s] -- Installing: /home/chayanin09/Documents/FUN4_ws/FUN4_6509/install/robot_action/share/robot_action/srv/GenTarget.srv
[3.836s] -- Installing: /home/chayanin09/Documents/FUN4_ws/FUN4_6509/install/robot_action/share/robot_action/srv/GenTarget_Request.msg
[3.836s] -- Installing: /home/chayanin09/Documents/FUN4_ws/FUN4_6509/install/robot_action/share/robot_action/srv/GenTarget_Response.msg
[3.836s] -- Installing: /home/chayanin09/Documents/FUN4_ws/FUN4_6509/install/robot_action/share/robot_action/srv/ChangeMode.srv
[3.836s] -- Installing: /home/chayanin09/Documents/FUN4_ws/FUN4_6509/install/robot_action/share/robot_action/srv/ChangeMode_Request.msg
[3.836s] -- Installing: /home/chayanin09/Documents/FUN4_ws/FUN4_6509/install/robot_action/share/robot_action/srv/ChangeMode_Response.msg
[3.836s] -- Installing: /home/chayanin09/Documents/FUN4_ws/FUN4_6509/install/robot_action/share/robot_action/srv/SetTaskspace.srv
[3.837s] -- Installing: /home/chayanin09/Documents/FUN4_ws/FUN4_6509/install/robot_action/share/robot_action/srv/SetTaskspace_Request.msg
[3.837s] -- Installing: /home/chayanin09/Documents/FUN4_ws/FUN4_6509/install/robot_action/share/robot_action/srv/SetTaskspace_Response.msg
[3.837s] -- Installing: /home/chayanin09/Documents/FUN4_ws/FUN4_6509/install/robot_action/share/ament_index/resource_index/package_run_dependencies/robot_action
[3.837s] -- Installing: /home/chayanin09/Documents/FUN4_ws/FUN4_6509/install/robot_action/share/ament_index/resource_index/parent_prefix_path/robot_action
[3.837s] -- Installing: /home/chayanin09/Documents/FUN4_ws/FUN4_6509/install/robot_action/share/robot_action/environment/ament_prefix_path.sh
[3.837s] -- Installing: /home/chayanin09/Documents/FUN4_ws/FUN4_6509/install/robot_action/share/robot_action/environment/ament_prefix_path.dsv
[3.837s] -- Installing: /home/chayanin09/Documents/FUN4_ws/FUN4_6509/install/robot_action/share/robot_action/environment/path.sh
[3.837s] -- Installing: /home/chayanin09/Documents/FUN4_ws/FUN4_6509/install/robot_action/share/robot_action/environment/path.dsv
[3.837s] -- Installing: /home/chayanin09/Documents/FUN4_ws/FUN4_6509/install/robot_action/share/robot_action/local_setup.bash
[3.837s] -- Installing: /home/chayanin09/Documents/FUN4_ws/FUN4_6509/install/robot_action/share/robot_action/local_setup.sh
[3.837s] -- Installing: /home/chayanin09/Documents/FUN4_ws/FUN4_6509/install/robot_action/share/robot_action/local_setup.zsh
[3.837s] -- Installing: /home/chayanin09/Documents/FUN4_ws/FUN4_6509/install/robot_action/share/robot_action/local_setup.dsv
[3.837s] -- Installing: /home/chayanin09/Documents/FUN4_ws/FUN4_6509/install/robot_action/share/robot_action/package.dsv
[3.837s] -- Installing: /home/chayanin09/Documents/FUN4_ws/FUN4_6509/install/robot_action/share/ament_index/resource_index/packages/robot_action
[3.838s] -- Installing: /home/chayanin09/Documents/FUN4_ws/FUN4_6509/install/robot_action/share/robot_action/cmake/export_robot_action__rosidl_generator_cExport.cmake
[3.838s] -- Installing: /home/chayanin09/Documents/FUN4_ws/FUN4_6509/install/robot_action/share/robot_action/cmake/export_robot_action__rosidl_generator_cExport-noconfig.cmake
[3.838s] -- Installing: /home/chayanin09/Documents/FUN4_ws/FUN4_6509/install/robot_action/share/robot_action/cmake/export_robot_action__rosidl_typesupport_fastrtps_cExport.cmake
[3.838s] -- Installing: /home/chayanin09/Documents/FUN4_ws/FUN4_6509/install/robot_action/share/robot_action/cmake/export_robot_action__rosidl_typesupport_fastrtps_cExport-noconfig.cmake
[3.838s] -- Installing: /home/chayanin09/Documents/FUN4_ws/FUN4_6509/install/robot_action/share/robot_action/cmake/export_robot_action__rosidl_generator_cppExport.cmake
[3.838s] -- Installing: /home/chayanin09/Documents/FUN4_ws/FUN4_6509/install/robot_action/share/robot_action/cmake/export_robot_action__rosidl_typesupport_fastrtps_cppExport.cmake
[3.838s] -- Installing: /home/chayanin09/Documents/FUN4_ws/FUN4_6509/install/robot_action/share/robot_action/cmake/export_robot_action__rosidl_typesupport_fastrtps_cppExport-noconfig.cmake
[3.838s] -- Installing: /home/chayanin09/Documents/FUN4_ws/FUN4_6509/install/robot_action/share/robot_action/cmake/robot_action__rosidl_typesupport_introspection_cExport.cmake
[3.838s] -- Installing: /home/chayanin09/Documents/FUN4_ws/FUN4_6509/install/robot_action/share/robot_action/cmake/robot_action__rosidl_typesupport_introspection_cExport-noconfig.cmake
[3.838s] -- Installing: /home/chayanin09/Documents/FUN4_ws/FUN4_6509/install/robot_action/share/robot_action/cmake/robot_action__rosidl_typesupport_cExport.cmake
[3.838s] -- Installing: /home/chayanin09/Documents/FUN4_ws/FUN4_6509/install/robot_action/share/robot_action/cmake/robot_action__rosidl_typesupport_cExport-noconfig.cmake
[3.838s] -- Installing: /home/chayanin09/Documents/FUN4_ws/FUN4_6509/install/robot_action/share/robot_action/cmake/robot_action__rosidl_typesupport_introspection_cppExport.cmake
[3.838s] -- Installing: /home/chayanin09/Documents/FUN4_ws/FUN4_6509/install/robot_action/share/robot_action/cmake/robot_action__rosidl_typesupport_introspection_cppExport-noconfig.cmake
[3.838s] -- Installing: /home/chayanin09/Documents/FUN4_ws/FUN4_6509/install/robot_action/share/robot_action/cmake/robot_action__rosidl_typesupport_cppExport.cmake
[3.838s] -- Installing: /home/chayanin09/Documents/FUN4_ws/FUN4_6509/install/robot_action/share/robot_action/cmake/robot_action__rosidl_typesupport_cppExport-noconfig.cmake
[3.838s] -- Installing: /home/chayanin09/Documents/FUN4_ws/FUN4_6509/install/robot_action/share/robot_action/cmake/export_robot_action__rosidl_generator_pyExport.cmake
[3.838s] -- Installing: /home/chayanin09/Documents/FUN4_ws/FUN4_6509/install/robot_action/share/robot_action/cmake/export_robot_action__rosidl_generator_pyExport-noconfig.cmake
[3.838s] -- Installing: /home/chayanin09/Documents/FUN4_ws/FUN4_6509/install/robot_action/share/robot_action/cmake/rosidl_cmake-extras.cmake
[3.838s] -- Installing: /home/chayanin09/Documents/FUN4_ws/FUN4_6509/install/robot_action/share/robot_action/cmake/ament_cmake_export_dependencies-extras.cmake
[3.838s] -- Installing: /home/chayanin09/Documents/FUN4_ws/FUN4_6509/install/robot_action/share/robot_action/cmake/ament_cmake_export_include_directories-extras.cmake
[3.838s] -- Installing: /home/chayanin09/Documents/FUN4_ws/FUN4_6509/install/robot_action/share/robot_action/cmake/ament_cmake_export_libraries-extras.cmake
[3.838s] -- Installing: /home/chayanin09/Documents/FUN4_ws/FUN4_6509/install/robot_action/share/robot_action/cmake/ament_cmake_export_targets-extras.cmake
[3.838s] -- Installing: /home/chayanin09/Documents/FUN4_ws/FUN4_6509/install/robot_action/share/robot_action/cmake/rosidl_cmake_export_typesupport_targets-extras.cmake
[3.838s] -- Installing: /home/chayanin09/Documents/FUN4_ws/FUN4_6509/install/robot_action/share/robot_action/cmake/rosidl_cmake_export_typesupport_libraries-extras.cmake
[3.839s] -- Installing: /home/chayanin09/Documents/FUN4_ws/FUN4_6509/install/robot_action/share/robot_action/cmake/robot_actionConfig.cmake
[3.839s] -- Installing: /home/chayanin09/Documents/FUN4_ws/FUN4_6509/install/robot_action/share/robot_action/cmake/robot_actionConfig-version.cmake
[3.839s] -- Installing: /home/chayanin09/Documents/FUN4_ws/FUN4_6509/install/robot_action/share/robot_action/package.xml
[3.840s] Invoked command in '/home/chayanin09/Documents/FUN4_ws/FUN4_6509/build/robot_action' returned '0': CMAKE_PREFIX_PATH=/opt/ros/humble /usr/bin/cmake --install /home/chayanin09/Documents/FUN4_ws/FUN4_6509/build/robot_action
