[0.008s] Invoking command in '/home/chayanin09/Documents/FUN4_ws/FUN4_6509/build/robot_action': CMAKE_PREFIX_PATH=${CMAKE_PREFIX_PATH}:/opt/ros/humble /usr/bin/cmake --build /home/chayanin09/Documents/FUN4_ws/FUN4_6509/build/robot_action -- -j20 -l20
[0.046s] [  1%] Built target robot_action__cpp
[0.048s] [ 12%] Built target robot_action__rosidl_generator_c
[0.057s] [ 12%] Built target ament_cmake_python_copy_robot_action
[0.070s] [ 23%] Built target robot_action__rosidl_typesupport_cpp
[0.071s] [ 34%] Built target robot_action__rosidl_typesupport_introspection_cpp
[0.073s] [ 45%] Built target robot_action__rosidl_typesupport_c
[0.074s] [ 56%] Built target robot_action__rosidl_typesupport_fastrtps_c
[0.075s] [ 67%] Built target robot_action__rosidl_typesupport_introspection_c
[0.076s] [ 78%] Built target robot_action__rosidl_typesupport_fastrtps_cpp
[0.090s] [ 78%] Built target robot_action
[0.105s] [ 80%] Built target robot_action__py
[0.120s] [ 89%] Built target robot_action__rosidl_generator_py
[0.137s] [100%] Built target robot_action__rosidl_typesupport_fastrtps_c__pyext
[0.137s] [100%] Built target robot_action__rosidl_typesupport_introspection_c__pyext
[0.137s] [100%] Built target robot_action__rosidl_typesupport_c__pyext
[0.208s] running egg_info
[0.208s] writing robot_action.egg-info/PKG-INFO
[0.208s] writing dependency_links to robot_action.egg-info/dependency_links.txt
[0.208s] writing top-level names to robot_action.egg-info/top_level.txt
[0.209s] reading manifest file 'robot_action.egg-info/SOURCES.txt'
[0.209s] writing manifest file 'robot_action.egg-info/SOURCES.txt'
[0.226s] [100%] Built target ament_cmake_python_build_robot_action_egg
[0.237s] Invoked command in '/home/chayanin09/Documents/FUN4_ws/FUN4_6509/build/robot_action' returned '0': CMAKE_PREFIX_PATH=${CMAKE_PREFIX_PATH}:/opt/ros/humble /usr/bin/cmake --build /home/chayanin09/Documents/FUN4_ws/FUN4_6509/build/robot_action -- -j20 -l20
[0.325s] Invoking command in '/home/chayanin09/Documents/FUN4_ws/FUN4_6509/build/robot_action': CMAKE_PREFIX_PATH=${CMAKE_PREFIX_PATH}:/opt/ros/humble /usr/bin/cmake --install /home/chayanin09/Documents/FUN4_ws/FUN4_6509/build/robot_action
[0.330s] -- Install configuration: ""
[0.330s] -- Up-to-date: /home/chayanin09/Documents/FUN4_ws/FUN4_6509/install/robot_action/share/ament_index/resource_index/rosidl_interfaces/robot_action
[0.330s] -- Up-to-date: /home/chayanin09/Documents/FUN4_ws/FUN4_6509/install/robot_action/include/robot_action/robot_action
[0.330s] -- Up-to-date: /home/chayanin09/Documents/FUN4_ws/FUN4_6509/install/robot_action/include/robot_action/robot_action/msg
[0.330s] -- Up-to-date: /home/chayanin09/Documents/FUN4_ws/FUN4_6509/install/robot_action/include/robot_action/robot_action/msg/rosidl_generator_c__visibility_control.h
[0.330s] -- Up-to-date: /home/chayanin09/Documents/FUN4_ws/FUN4_6509/install/robot_action/include/robot_action/robot_action/action
[0.330s] -- Up-to-date: /home/chayanin09/Documents/FUN4_ws/FUN4_6509/install/robot_action/include/robot_action/robot_action/action/detail
[0.330s] -- Up-to-date: /home/chayanin09/Documents/FUN4_ws/FUN4_6509/install/robot_action/include/robot_action/robot_action/action/detail/pose_goal__functions.c
[0.330s] -- Up-to-date: /home/chayanin09/Documents/FUN4_ws/FUN4_6509/install/robot_action/include/robot_action/robot_action/action/detail/pose_goal__functions.h
[0.330s] -- Up-to-date: /home/chayanin09/Documents/FUN4_ws/FUN4_6509/install/robot_action/include/robot_action/robot_action/action/detail/pose_goal__type_support.h
[0.331s] -- Up-to-date: /home/chayanin09/Documents/FUN4_ws/FUN4_6509/install/robot_action/include/robot_action/robot_action/action/detail/pose_goal__struct.h
[0.331s] -- Up-to-date: /home/chayanin09/Documents/FUN4_ws/FUN4_6509/install/robot_action/include/robot_action/robot_action/action/pose_goal.h
[0.331s] -- Up-to-date: /home/chayanin09/Documents/FUN4_ws/FUN4_6509/install/robot_action/include/robot_action/robot_action/srv
[0.331s] -- Up-to-date: /home/chayanin09/Documents/FUN4_ws/FUN4_6509/install/robot_action/include/robot_action/robot_action/srv/detail
[0.331s] -- Up-to-date: /home/chayanin09/Documents/FUN4_ws/FUN4_6509/install/robot_action/include/robot_action/robot_action/srv/detail/set_taskspace__functions.h
[0.331s] -- Up-to-date: /home/chayanin09/Documents/FUN4_ws/FUN4_6509/install/robot_action/include/robot_action/robot_action/srv/detail/set_taskspace__type_support.h
[0.331s] -- Up-to-date: /home/chayanin09/Documents/FUN4_ws/FUN4_6509/install/robot_action/include/robot_action/robot_action/srv/detail/change_mode__type_support.h
[0.331s] -- Up-to-date: /home/chayanin09/Documents/FUN4_ws/FUN4_6509/install/robot_action/include/robot_action/robot_action/srv/detail/change_mode__struct.h
[0.331s] -- Up-to-date: /home/chayanin09/Documents/FUN4_ws/FUN4_6509/install/robot_action/include/robot_action/robot_action/srv/detail/gen_target__functions.c
[0.331s] -- Up-to-date: /home/chayanin09/Documents/FUN4_ws/FUN4_6509/install/robot_action/include/robot_action/robot_action/srv/detail/change_mode__functions.c
[0.331s] -- Up-to-date: /home/chayanin09/Documents/FUN4_ws/FUN4_6509/install/robot_action/include/robot_action/robot_action/srv/detail/gen_target__functions.h
[0.331s] -- Up-to-date: /home/chayanin09/Documents/FUN4_ws/FUN4_6509/install/robot_action/include/robot_action/robot_action/srv/detail/gen_target__struct.h
[0.331s] -- Up-to-date: /home/chayanin09/Documents/FUN4_ws/FUN4_6509/install/robot_action/include/robot_action/robot_action/srv/detail/gen_target__type_support.h
[0.331s] -- Up-to-date: /home/chayanin09/Documents/FUN4_ws/FUN4_6509/install/robot_action/include/robot_action/robot_action/srv/detail/set_taskspace__functions.c
[0.331s] -- Up-to-date: /home/chayanin09/Documents/FUN4_ws/FUN4_6509/install/robot_action/include/robot_action/robot_action/srv/detail/set_taskspace__struct.h
[0.331s] -- Up-to-date: /home/chayanin09/Documents/FUN4_ws/FUN4_6509/install/robot_action/include/robot_action/robot_action/srv/detail/change_mode__functions.h
[0.331s] -- Up-to-date: /home/chayanin09/Documents/FUN4_ws/FUN4_6509/install/robot_action/include/robot_action/robot_action/srv/gen_target.h
[0.331s] -- Up-to-date: /home/chayanin09/Documents/FUN4_ws/FUN4_6509/install/robot_action/include/robot_action/robot_action/srv/set_taskspace.h
[0.331s] -- Up-to-date: /home/chayanin09/Documents/FUN4_ws/FUN4_6509/install/robot_action/include/robot_action/robot_action/srv/change_mode.h
[0.331s] -- Up-to-date: /home/chayanin09/Documents/FUN4_ws/FUN4_6509/install/robot_action/share/robot_action/environment/library_path.sh
[0.331s] -- Up-to-date: /home/chayanin09/Documents/FUN4_ws/FUN4_6509/install/robot_action/share/robot_action/environment/library_path.dsv
[0.331s] -- Up-to-date: /home/chayanin09/Documents/FUN4_ws/FUN4_6509/install/robot_action/lib/librobot_action__rosidl_generator_c.so
[0.331s] -- Up-to-date: /home/chayanin09/Documents/FUN4_ws/FUN4_6509/install/robot_action/include/robot_action/robot_action
[0.331s] -- Up-to-date: /home/chayanin09/Documents/FUN4_ws/FUN4_6509/install/robot_action/include/robot_action/robot_action/msg
[0.331s] -- Up-to-date: /home/chayanin09/Documents/FUN4_ws/FUN4_6509/install/robot_action/include/robot_action/robot_action/msg/rosidl_typesupport_fastrtps_c__visibility_control.h
[0.331s] -- Up-to-date: /home/chayanin09/Documents/FUN4_ws/FUN4_6509/install/robot_action/include/robot_action/robot_action/action
[0.331s] -- Up-to-date: /home/chayanin09/Documents/FUN4_ws/FUN4_6509/install/robot_action/include/robot_action/robot_action/action/detail
[0.331s] -- Up-to-date: /home/chayanin09/Documents/FUN4_ws/FUN4_6509/install/robot_action/include/robot_action/robot_action/action/detail/pose_goal__rosidl_typesupport_fastrtps_c.h
[0.332s] -- Up-to-date: /home/chayanin09/Documents/FUN4_ws/FUN4_6509/install/robot_action/include/robot_action/robot_action/srv
[0.332s] -- Up-to-date: /home/chayanin09/Documents/FUN4_ws/FUN4_6509/install/robot_action/include/robot_action/robot_action/srv/detail
[0.332s] -- Up-to-date: /home/chayanin09/Documents/FUN4_ws/FUN4_6509/install/robot_action/include/robot_action/robot_action/srv/detail/set_taskspace__rosidl_typesupport_fastrtps_c.h
[0.332s] -- Up-to-date: /home/chayanin09/Documents/FUN4_ws/FUN4_6509/install/robot_action/include/robot_action/robot_action/srv/detail/change_mode__rosidl_typesupport_fastrtps_c.h
[0.332s] -- Up-to-date: /home/chayanin09/Documents/FUN4_ws/FUN4_6509/install/robot_action/include/robot_action/robot_action/srv/detail/gen_target__rosidl_typesupport_fastrtps_c.h
[0.332s] -- Up-to-date: /home/chayanin09/Documents/FUN4_ws/FUN4_6509/install/robot_action/lib/librobot_action__rosidl_typesupport_fastrtps_c.so
[0.332s] -- Up-to-date: /home/chayanin09/Documents/FUN4_ws/FUN4_6509/install/robot_action/include/robot_action/robot_action
[0.332s] -- Up-to-date: /home/chayanin09/Documents/FUN4_ws/FUN4_6509/install/robot_action/include/robot_action/robot_action/action
[0.332s] -- Up-to-date: /home/chayanin09/Documents/FUN4_ws/FUN4_6509/install/robot_action/include/robot_action/robot_action/action/detail
[0.332s] -- Up-to-date: /home/chayanin09/Documents/FUN4_ws/FUN4_6509/install/robot_action/include/robot_action/robot_action/action/detail/pose_goal__builder.hpp
[0.332s] -- Up-to-date: /home/chayanin09/Documents/FUN4_ws/FUN4_6509/install/robot_action/include/robot_action/robot_action/action/detail/pose_goal__struct.hpp
[0.332s] -- Up-to-date: /home/chayanin09/Documents/FUN4_ws/FUN4_6509/install/robot_action/include/robot_action/robot_action/action/detail/pose_goal__traits.hpp
[0.332s] -- Up-to-date: /home/chayanin09/Documents/FUN4_ws/FUN4_6509/install/robot_action/include/robot_action/robot_action/action/pose_goal.hpp
[0.332s] -- Up-to-date: /home/chayanin09/Documents/FUN4_ws/FUN4_6509/install/robot_action/include/robot_action/robot_action/srv
[0.332s] -- Up-to-date: /home/chayanin09/Documents/FUN4_ws/FUN4_6509/install/robot_action/include/robot_action/robot_action/srv/detail
[0.332s] -- Up-to-date: /home/chayanin09/Documents/FUN4_ws/FUN4_6509/install/robot_action/include/robot_action/robot_action/srv/detail/change_mode__builder.hpp
[0.332s] -- Up-to-date: /home/chayanin09/Documents/FUN4_ws/FUN4_6509/install/robot_action/include/robot_action/robot_action/srv/detail/set_taskspace__traits.hpp
[0.332s] -- Up-to-date: /home/chayanin09/Documents/FUN4_ws/FUN4_6509/install/robot_action/include/robot_action/robot_action/srv/detail/gen_target__traits.hpp
[0.332s] -- Up-to-date: /home/chayanin09/Documents/FUN4_ws/FUN4_6509/install/robot_action/include/robot_action/robot_action/srv/detail/set_taskspace__struct.hpp
[0.332s] -- Up-to-date: /home/chayanin09/Documents/FUN4_ws/FUN4_6509/install/robot_action/include/robot_action/robot_action/srv/detail/change_mode__struct.hpp
[0.332s] -- Up-to-date: /home/chayanin09/Documents/FUN4_ws/FUN4_6509/install/robot_action/include/robot_action/robot_action/srv/detail/gen_target__struct.hpp
[0.332s] -- Up-to-date: /home/chayanin09/Documents/FUN4_ws/FUN4_6509/install/robot_action/include/robot_action/robot_action/srv/detail/change_mode__traits.hpp
[0.332s] -- Up-to-date: /home/chayanin09/Documents/FUN4_ws/FUN4_6509/install/robot_action/include/robot_action/robot_action/srv/detail/set_taskspace__builder.hpp
[0.332s] -- Up-to-date: /home/chayanin09/Documents/FUN4_ws/FUN4_6509/install/robot_action/include/robot_action/robot_action/srv/detail/gen_target__builder.hpp
[0.332s] -- Up-to-date: /home/chayanin09/Documents/FUN4_ws/FUN4_6509/install/robot_action/include/robot_action/robot_action/srv/change_mode.hpp
[0.332s] -- Up-to-date: /home/chayanin09/Documents/FUN4_ws/FUN4_6509/install/robot_action/include/robot_action/robot_action/srv/set_taskspace.hpp
[0.332s] -- Up-to-date: /home/chayanin09/Documents/FUN4_ws/FUN4_6509/install/robot_action/include/robot_action/robot_action/srv/gen_target.hpp
[0.332s] -- Up-to-date: /home/chayanin09/Documents/FUN4_ws/FUN4_6509/install/robot_action/include/robot_action/robot_action
[0.332s] -- Up-to-date: /home/chayanin09/Documents/FUN4_ws/FUN4_6509/install/robot_action/include/robot_action/robot_action/msg
[0.332s] -- Up-to-date: /home/chayanin09/Documents/FUN4_ws/FUN4_6509/install/robot_action/include/robot_action/robot_action/msg/rosidl_typesupport_fastrtps_cpp__visibility_control.h
[0.333s] -- Up-to-date: /home/chayanin09/Documents/FUN4_ws/FUN4_6509/install/robot_action/include/robot_action/robot_action/action
[0.333s] -- Up-to-date: /home/chayanin09/Documents/FUN4_ws/FUN4_6509/install/robot_action/include/robot_action/robot_action/action/detail
[0.333s] -- Up-to-date: /home/chayanin09/Documents/FUN4_ws/FUN4_6509/install/robot_action/include/robot_action/robot_action/action/detail/dds_fastrtps
[0.333s] -- Up-to-date: /home/chayanin09/Documents/FUN4_ws/FUN4_6509/install/robot_action/include/robot_action/robot_action/action/detail/pose_goal__rosidl_typesupport_fastrtps_cpp.hpp
[0.333s] -- Up-to-date: /home/chayanin09/Documents/FUN4_ws/FUN4_6509/install/robot_action/include/robot_action/robot_action/srv
[0.333s] -- Up-to-date: /home/chayanin09/Documents/FUN4_ws/FUN4_6509/install/robot_action/include/robot_action/robot_action/srv/detail
[0.333s] -- Up-to-date: /home/chayanin09/Documents/FUN4_ws/FUN4_6509/install/robot_action/include/robot_action/robot_action/srv/detail/dds_fastrtps
[0.333s] -- Up-to-date: /home/chayanin09/Documents/FUN4_ws/FUN4_6509/install/robot_action/include/robot_action/robot_action/srv/detail/change_mode__rosidl_typesupport_fastrtps_cpp.hpp
[0.333s] -- Up-to-date: /home/chayanin09/Documents/FUN4_ws/FUN4_6509/install/robot_action/include/robot_action/robot_action/srv/detail/gen_target__rosidl_typesupport_fastrtps_cpp.hpp
[0.333s] -- Up-to-date: /home/chayanin09/Documents/FUN4_ws/FUN4_6509/install/robot_action/include/robot_action/robot_action/srv/detail/set_taskspace__rosidl_typesupport_fastrtps_cpp.hpp
[0.333s] -- Up-to-date: /home/chayanin09/Documents/FUN4_ws/FUN4_6509/install/robot_action/lib/librobot_action__rosidl_typesupport_fastrtps_cpp.so
[0.333s] -- Up-to-date: /home/chayanin09/Documents/FUN4_ws/FUN4_6509/install/robot_action/include/robot_action/robot_action
[0.333s] -- Up-to-date: /home/chayanin09/Documents/FUN4_ws/FUN4_6509/install/robot_action/include/robot_action/robot_action/msg
[0.333s] -- Up-to-date: /home/chayanin09/Documents/FUN4_ws/FUN4_6509/install/robot_action/include/robot_action/robot_action/msg/rosidl_typesupport_introspection_c__visibility_control.h
[0.333s] -- Up-to-date: /home/chayanin09/Documents/FUN4_ws/FUN4_6509/install/robot_action/include/robot_action/robot_action/action
[0.333s] -- Up-to-date: /home/chayanin09/Documents/FUN4_ws/FUN4_6509/install/robot_action/include/robot_action/robot_action/action/detail
[0.333s] -- Up-to-date: /home/chayanin09/Documents/FUN4_ws/FUN4_6509/install/robot_action/include/robot_action/robot_action/action/detail/pose_goal__rosidl_typesupport_introspection_c.h
[0.333s] -- Up-to-date: /home/chayanin09/Documents/FUN4_ws/FUN4_6509/install/robot_action/include/robot_action/robot_action/action/detail/pose_goal__type_support.c
[0.333s] -- Up-to-date: /home/chayanin09/Documents/FUN4_ws/FUN4_6509/install/robot_action/include/robot_action/robot_action/srv
[0.333s] -- Up-to-date: /home/chayanin09/Documents/FUN4_ws/FUN4_6509/install/robot_action/include/robot_action/robot_action/srv/detail
[0.333s] -- Up-to-date: /home/chayanin09/Documents/FUN4_ws/FUN4_6509/install/robot_action/include/robot_action/robot_action/srv/detail/gen_target__rosidl_typesupport_introspection_c.h
[0.333s] -- Up-to-date: /home/chayanin09/Documents/FUN4_ws/FUN4_6509/install/robot_action/include/robot_action/robot_action/srv/detail/set_taskspace__rosidl_typesupport_introspection_c.h
[0.333s] -- Up-to-date: /home/chayanin09/Documents/FUN4_ws/FUN4_6509/install/robot_action/include/robot_action/robot_action/srv/detail/change_mode__type_support.c
[0.333s] -- Up-to-date: /home/chayanin09/Documents/FUN4_ws/FUN4_6509/install/robot_action/include/robot_action/robot_action/srv/detail/change_mode__rosidl_typesupport_introspection_c.h
[0.333s] -- Up-to-date: /home/chayanin09/Documents/FUN4_ws/FUN4_6509/install/robot_action/include/robot_action/robot_action/srv/detail/set_taskspace__type_support.c
[0.333s] -- Up-to-date: /home/chayanin09/Documents/FUN4_ws/FUN4_6509/install/robot_action/include/robot_action/robot_action/srv/detail/gen_target__type_support.c
[0.333s] -- Up-to-date: /home/chayanin09/Documents/FUN4_ws/FUN4_6509/install/robot_action/lib/librobot_action__rosidl_typesupport_introspection_c.so
[0.333s] -- Up-to-date: /home/chayanin09/Documents/FUN4_ws/FUN4_6509/install/robot_action/lib/librobot_action__rosidl_typesupport_c.so
[0.333s] -- Up-to-date: /home/chayanin09/Documents/FUN4_ws/FUN4_6509/install/robot_action/include/robot_action/robot_action
[0.333s] -- Up-to-date: /home/chayanin09/Documents/FUN4_ws/FUN4_6509/install/robot_action/include/robot_action/robot_action/action
[0.333s] -- Up-to-date: /home/chayanin09/Documents/FUN4_ws/FUN4_6509/install/robot_action/include/robot_action/robot_action/action/detail
[0.333s] -- Up-to-date: /home/chayanin09/Documents/FUN4_ws/FUN4_6509/install/robot_action/include/robot_action/robot_action/action/detail/pose_goal__type_support.cpp
[0.333s] -- Up-to-date: /home/chayanin09/Documents/FUN4_ws/FUN4_6509/install/robot_action/include/robot_action/robot_action/action/detail/pose_goal__rosidl_typesupport_introspection_cpp.hpp
[0.333s] -- Up-to-date: /home/chayanin09/Documents/FUN4_ws/FUN4_6509/install/robot_action/include/robot_action/robot_action/srv
[0.333s] -- Up-to-date: /home/chayanin09/Documents/FUN4_ws/FUN4_6509/install/robot_action/include/robot_action/robot_action/srv/detail
[0.333s] -- Up-to-date: /home/chayanin09/Documents/FUN4_ws/FUN4_6509/install/robot_action/include/robot_action/robot_action/srv/detail/gen_target__rosidl_typesupport_introspection_cpp.hpp
[0.333s] -- Up-to-date: /home/chayanin09/Documents/FUN4_ws/FUN4_6509/install/robot_action/include/robot_action/robot_action/srv/detail/gen_target__type_support.cpp
[0.333s] -- Up-to-date: /home/chayanin09/Documents/FUN4_ws/FUN4_6509/install/robot_action/include/robot_action/robot_action/srv/detail/change_mode__type_support.cpp
[0.333s] -- Up-to-date: /home/chayanin09/Documents/FUN4_ws/FUN4_6509/install/robot_action/include/robot_action/robot_action/srv/detail/set_taskspace__type_support.cpp
[0.333s] -- Up-to-date: /home/chayanin09/Documents/FUN4_ws/FUN4_6509/install/robot_action/include/robot_action/robot_action/srv/detail/change_mode__rosidl_typesupport_introspection_cpp.hpp
[0.334s] -- Up-to-date: /home/chayanin09/Documents/FUN4_ws/FUN4_6509/install/robot_action/include/robot_action/robot_action/srv/detail/set_taskspace__rosidl_typesupport_introspection_cpp.hpp
[0.334s] -- Up-to-date: /home/chayanin09/Documents/FUN4_ws/FUN4_6509/install/robot_action/lib/librobot_action__rosidl_typesupport_introspection_cpp.so
[0.334s] -- Up-to-date: /home/chayanin09/Documents/FUN4_ws/FUN4_6509/install/robot_action/lib/librobot_action__rosidl_typesupport_cpp.so
[0.334s] -- Up-to-date: /home/chayanin09/Documents/FUN4_ws/FUN4_6509/install/robot_action/share/robot_action/environment/pythonpath.sh
[0.334s] -- Up-to-date: /home/chayanin09/Documents/FUN4_ws/FUN4_6509/install/robot_action/share/robot_action/environment/pythonpath.dsv
[0.334s] -- Up-to-date: /home/chayanin09/Documents/FUN4_ws/FUN4_6509/install/robot_action/local/lib/python3.10/dist-packages/robot_action-0.0.0-py3.10.egg-info
[0.334s] -- Installing: /home/chayanin09/Documents/FUN4_ws/FUN4_6509/install/robot_action/local/lib/python3.10/dist-packages/robot_action-0.0.0-py3.10.egg-info/dependency_links.txt
[0.334s] -- Installing: /home/chayanin09/Documents/FUN4_ws/FUN4_6509/install/robot_action/local/lib/python3.10/dist-packages/robot_action-0.0.0-py3.10.egg-info/PKG-INFO
[0.334s] -- Installing: /home/chayanin09/Documents/FUN4_ws/FUN4_6509/install/robot_action/local/lib/python3.10/dist-packages/robot_action-0.0.0-py3.10.egg-info/top_level.txt
[0.334s] -- Installing: /home/chayanin09/Documents/FUN4_ws/FUN4_6509/install/robot_action/local/lib/python3.10/dist-packages/robot_action-0.0.0-py3.10.egg-info/SOURCES.txt
[0.334s] -- Up-to-date: /home/chayanin09/Documents/FUN4_ws/FUN4_6509/install/robot_action/local/lib/python3.10/dist-packages/robot_action
[0.334s] -- Up-to-date: /home/chayanin09/Documents/FUN4_ws/FUN4_6509/install/robot_action/local/lib/python3.10/dist-packages/robot_action/_robot_action_s.ep.rosidl_typesupport_introspection_c.c
[0.334s] -- Up-to-date: /home/chayanin09/Documents/FUN4_ws/FUN4_6509/install/robot_action/local/lib/python3.10/dist-packages/robot_action/robot_action_s__rosidl_typesupport_fastrtps_c.cpython-310-x86_64-linux-gnu.so
[0.334s] -- Up-to-date: /home/chayanin09/Documents/FUN4_ws/FUN4_6509/install/robot_action/local/lib/python3.10/dist-packages/robot_action/robot_action_s__rosidl_typesupport_c.cpython-310-x86_64-linux-gnu.so
[0.334s] -- Up-to-date: /home/chayanin09/Documents/FUN4_ws/FUN4_6509/install/robot_action/local/lib/python3.10/dist-packages/robot_action/__init__.py
[0.334s] -- Up-to-date: /home/chayanin09/Documents/FUN4_ws/FUN4_6509/install/robot_action/local/lib/python3.10/dist-packages/robot_action/action
[0.334s] -- Up-to-date: /home/chayanin09/Documents/FUN4_ws/FUN4_6509/install/robot_action/local/lib/python3.10/dist-packages/robot_action/action/_pose_goal.py
[0.334s] -- Up-to-date: /home/chayanin09/Documents/FUN4_ws/FUN4_6509/install/robot_action/local/lib/python3.10/dist-packages/robot_action/action/_pose_goal_s.c
[0.334s] -- Up-to-date: /home/chayanin09/Documents/FUN4_ws/FUN4_6509/install/robot_action/local/lib/python3.10/dist-packages/robot_action/action/__init__.py
[0.334s] -- Up-to-date: /home/chayanin09/Documents/FUN4_ws/FUN4_6509/install/robot_action/local/lib/python3.10/dist-packages/robot_action/srv
[0.334s] -- Up-to-date: /home/chayanin09/Documents/FUN4_ws/FUN4_6509/install/robot_action/local/lib/python3.10/dist-packages/robot_action/srv/_change_mode.py
[0.334s] -- Up-to-date: /home/chayanin09/Documents/FUN4_ws/FUN4_6509/install/robot_action/local/lib/python3.10/dist-packages/robot_action/srv/_gen_target.py
[0.334s] -- Up-to-date: /home/chayanin09/Documents/FUN4_ws/FUN4_6509/install/robot_action/local/lib/python3.10/dist-packages/robot_action/srv/_gen_target_s.c
[0.334s] -- Up-to-date: /home/chayanin09/Documents/FUN4_ws/FUN4_6509/install/robot_action/local/lib/python3.10/dist-packages/robot_action/srv/_set_taskspace_s.c
[0.334s] -- Up-to-date: /home/chayanin09/Documents/FUN4_ws/FUN4_6509/install/robot_action/local/lib/python3.10/dist-packages/robot_action/srv/_change_mode_s.c
[0.334s] -- Up-to-date: /home/chayanin09/Documents/FUN4_ws/FUN4_6509/install/robot_action/local/lib/python3.10/dist-packages/robot_action/srv/__init__.py
[0.334s] -- Up-to-date: /home/chayanin09/Documents/FUN4_ws/FUN4_6509/install/robot_action/local/lib/python3.10/dist-packages/robot_action/srv/_set_taskspace.py
[0.334s] -- Up-to-date: /home/chayanin09/Documents/FUN4_ws/FUN4_6509/install/robot_action/local/lib/python3.10/dist-packages/robot_action/librobot_action__rosidl_generator_py.so
[0.334s] -- Up-to-date: /home/chayanin09/Documents/FUN4_ws/FUN4_6509/install/robot_action/local/lib/python3.10/dist-packages/robot_action/_robot_action_s.ep.rosidl_typesupport_c.c
[0.334s] -- Up-to-date: /home/chayanin09/Documents/FUN4_ws/FUN4_6509/install/robot_action/local/lib/python3.10/dist-packages/robot_action/robot_action_s__rosidl_typesupport_introspection_c.cpython-310-x86_64-linux-gnu.so
[0.334s] -- Up-to-date: /home/chayanin09/Documents/FUN4_ws/FUN4_6509/install/robot_action/local/lib/python3.10/dist-packages/robot_action/_robot_action_s.ep.rosidl_typesupport_fastrtps_c.c
[0.351s] Listing '/home/chayanin09/Documents/FUN4_ws/FUN4_6509/install/robot_action/local/lib/python3.10/dist-packages/robot_action'...
[0.351s] Listing '/home/chayanin09/Documents/FUN4_ws/FUN4_6509/install/robot_action/local/lib/python3.10/dist-packages/robot_action/action'...
[0.351s] Listing '/home/chayanin09/Documents/FUN4_ws/FUN4_6509/install/robot_action/local/lib/python3.10/dist-packages/robot_action/srv'...
[0.354s] -- Up-to-date: /home/chayanin09/Documents/FUN4_ws/FUN4_6509/install/robot_action/local/lib/python3.10/dist-packages/robot_action/robot_action_s__rosidl_typesupport_fastrtps_c.cpython-310-x86_64-linux-gnu.so
[0.354s] -- Up-to-date: /home/chayanin09/Documents/FUN4_ws/FUN4_6509/install/robot_action/local/lib/python3.10/dist-packages/robot_action/robot_action_s__rosidl_typesupport_introspection_c.cpython-310-x86_64-linux-gnu.so
[0.354s] -- Up-to-date: /home/chayanin09/Documents/FUN4_ws/FUN4_6509/install/robot_action/local/lib/python3.10/dist-packages/robot_action/robot_action_s__rosidl_typesupport_c.cpython-310-x86_64-linux-gnu.so
[0.354s] -- Up-to-date: /home/chayanin09/Documents/FUN4_ws/FUN4_6509/install/robot_action/lib/librobot_action__rosidl_generator_py.so
[0.354s] -- Up-to-date: /home/chayanin09/Documents/FUN4_ws/FUN4_6509/install/robot_action/share/robot_action/action/PoseGoal.idl
[0.354s] -- Up-to-date: /home/chayanin09/Documents/FUN4_ws/FUN4_6509/install/robot_action/share/robot_action/srv/GenTarget.idl
[0.354s] -- Up-to-date: /home/chayanin09/Documents/FUN4_ws/FUN4_6509/install/robot_action/share/robot_action/srv/ChangeMode.idl
[0.354s] -- Up-to-date: /home/chayanin09/Documents/FUN4_ws/FUN4_6509/install/robot_action/share/robot_action/srv/SetTaskspace.idl
[0.354s] -- Up-to-date: /home/chayanin09/Documents/FUN4_ws/FUN4_6509/install/robot_action/share/robot_action/action/PoseGoal.action
[0.354s] -- Up-to-date: /home/chayanin09/Documents/FUN4_ws/FUN4_6509/install/robot_action/share/robot_action/srv/GenTarget.srv
[0.355s] -- Up-to-date: /home/chayanin09/Documents/FUN4_ws/FUN4_6509/install/robot_action/share/robot_action/srv/GenTarget_Request.msg
[0.355s] -- Up-to-date: /home/chayanin09/Documents/FUN4_ws/FUN4_6509/install/robot_action/share/robot_action/srv/GenTarget_Response.msg
[0.355s] -- Up-to-date: /home/chayanin09/Documents/FUN4_ws/FUN4_6509/install/robot_action/share/robot_action/srv/ChangeMode.srv
[0.355s] -- Up-to-date: /home/chayanin09/Documents/FUN4_ws/FUN4_6509/install/robot_action/share/robot_action/srv/ChangeMode_Request.msg
[0.355s] -- Up-to-date: /home/chayanin09/Documents/FUN4_ws/FUN4_6509/install/robot_action/share/robot_action/srv/ChangeMode_Response.msg
[0.355s] -- Up-to-date: /home/chayanin09/Documents/FUN4_ws/FUN4_6509/install/robot_action/share/robot_action/srv/SetTaskspace.srv
[0.355s] -- Up-to-date: /home/chayanin09/Documents/FUN4_ws/FUN4_6509/install/robot_action/share/robot_action/srv/SetTaskspace_Request.msg
[0.355s] -- Up-to-date: /home/chayanin09/Documents/FUN4_ws/FUN4_6509/install/robot_action/share/robot_action/srv/SetTaskspace_Response.msg
[0.355s] -- Up-to-date: /home/chayanin09/Documents/FUN4_ws/FUN4_6509/install/robot_action/share/ament_index/resource_index/package_run_dependencies/robot_action
[0.355s] -- Up-to-date: /home/chayanin09/Documents/FUN4_ws/FUN4_6509/install/robot_action/share/ament_index/resource_index/parent_prefix_path/robot_action
[0.355s] -- Up-to-date: /home/chayanin09/Documents/FUN4_ws/FUN4_6509/install/robot_action/share/robot_action/environment/ament_prefix_path.sh
[0.355s] -- Up-to-date: /home/chayanin09/Documents/FUN4_ws/FUN4_6509/install/robot_action/share/robot_action/environment/ament_prefix_path.dsv
[0.355s] -- Up-to-date: /home/chayanin09/Documents/FUN4_ws/FUN4_6509/install/robot_action/share/robot_action/environment/path.sh
[0.355s] -- Up-to-date: /home/chayanin09/Documents/FUN4_ws/FUN4_6509/install/robot_action/share/robot_action/environment/path.dsv
[0.355s] -- Up-to-date: /home/chayanin09/Documents/FUN4_ws/FUN4_6509/install/robot_action/share/robot_action/local_setup.bash
[0.355s] -- Up-to-date: /home/chayanin09/Documents/FUN4_ws/FUN4_6509/install/robot_action/share/robot_action/local_setup.sh
[0.355s] -- Up-to-date: /home/chayanin09/Documents/FUN4_ws/FUN4_6509/install/robot_action/share/robot_action/local_setup.zsh
[0.355s] -- Up-to-date: /home/chayanin09/Documents/FUN4_ws/FUN4_6509/install/robot_action/share/robot_action/local_setup.dsv
[0.355s] -- Installing: /home/chayanin09/Documents/FUN4_ws/FUN4_6509/install/robot_action/share/robot_action/package.dsv
[0.355s] -- Up-to-date: /home/chayanin09/Documents/FUN4_ws/FUN4_6509/install/robot_action/share/ament_index/resource_index/packages/robot_action
[0.355s] -- Up-to-date: /home/chayanin09/Documents/FUN4_ws/FUN4_6509/install/robot_action/share/robot_action/cmake/export_robot_action__rosidl_generator_cExport.cmake
[0.355s] -- Up-to-date: /home/chayanin09/Documents/FUN4_ws/FUN4_6509/install/robot_action/share/robot_action/cmake/export_robot_action__rosidl_generator_cExport-noconfig.cmake
[0.355s] -- Up-to-date: /home/chayanin09/Documents/FUN4_ws/FUN4_6509/install/robot_action/share/robot_action/cmake/export_robot_action__rosidl_typesupport_fastrtps_cExport.cmake
[0.355s] -- Up-to-date: /home/chayanin09/Documents/FUN4_ws/FUN4_6509/install/robot_action/share/robot_action/cmake/export_robot_action__rosidl_typesupport_fastrtps_cExport-noconfig.cmake
[0.355s] -- Up-to-date: /home/chayanin09/Documents/FUN4_ws/FUN4_6509/install/robot_action/share/robot_action/cmake/export_robot_action__rosidl_generator_cppExport.cmake
[0.355s] -- Up-to-date: /home/chayanin09/Documents/FUN4_ws/FUN4_6509/install/robot_action/share/robot_action/cmake/export_robot_action__rosidl_typesupport_fastrtps_cppExport.cmake
[0.355s] -- Up-to-date: /home/chayanin09/Documents/FUN4_ws/FUN4_6509/install/robot_action/share/robot_action/cmake/export_robot_action__rosidl_typesupport_fastrtps_cppExport-noconfig.cmake
[0.355s] -- Up-to-date: /home/chayanin09/Documents/FUN4_ws/FUN4_6509/install/robot_action/share/robot_action/cmake/robot_action__rosidl_typesupport_introspection_cExport.cmake
[0.355s] -- Up-to-date: /home/chayanin09/Documents/FUN4_ws/FUN4_6509/install/robot_action/share/robot_action/cmake/robot_action__rosidl_typesupport_introspection_cExport-noconfig.cmake
[0.355s] -- Up-to-date: /home/chayanin09/Documents/FUN4_ws/FUN4_6509/install/robot_action/share/robot_action/cmake/robot_action__rosidl_typesupport_cExport.cmake
[0.355s] -- Up-to-date: /home/chayanin09/Documents/FUN4_ws/FUN4_6509/install/robot_action/share/robot_action/cmake/robot_action__rosidl_typesupport_cExport-noconfig.cmake
[0.355s] -- Up-to-date: /home/chayanin09/Documents/FUN4_ws/FUN4_6509/install/robot_action/share/robot_action/cmake/robot_action__rosidl_typesupport_introspection_cppExport.cmake
[0.355s] -- Up-to-date: /home/chayanin09/Documents/FUN4_ws/FUN4_6509/install/robot_action/share/robot_action/cmake/robot_action__rosidl_typesupport_introspection_cppExport-noconfig.cmake
[0.355s] -- Up-to-date: /home/chayanin09/Documents/FUN4_ws/FUN4_6509/install/robot_action/share/robot_action/cmake/robot_action__rosidl_typesupport_cppExport.cmake
[0.356s] -- Up-to-date: /home/chayanin09/Documents/FUN4_ws/FUN4_6509/install/robot_action/share/robot_action/cmake/robot_action__rosidl_typesupport_cppExport-noconfig.cmake
[0.356s] -- Up-to-date: /home/chayanin09/Documents/FUN4_ws/FUN4_6509/install/robot_action/share/robot_action/cmake/export_robot_action__rosidl_generator_pyExport.cmake
[0.356s] -- Up-to-date: /home/chayanin09/Documents/FUN4_ws/FUN4_6509/install/robot_action/share/robot_action/cmake/export_robot_action__rosidl_generator_pyExport-noconfig.cmake
[0.356s] -- Up-to-date: /home/chayanin09/Documents/FUN4_ws/FUN4_6509/install/robot_action/share/robot_action/cmake/rosidl_cmake-extras.cmake
[0.356s] -- Up-to-date: /home/chayanin09/Documents/FUN4_ws/FUN4_6509/install/robot_action/share/robot_action/cmake/ament_cmake_export_dependencies-extras.cmake
[0.356s] -- Up-to-date: /home/chayanin09/Documents/FUN4_ws/FUN4_6509/install/robot_action/share/robot_action/cmake/ament_cmake_export_include_directories-extras.cmake
[0.356s] -- Up-to-date: /home/chayanin09/Documents/FUN4_ws/FUN4_6509/install/robot_action/share/robot_action/cmake/ament_cmake_export_libraries-extras.cmake
[0.356s] -- Up-to-date: /home/chayanin09/Documents/FUN4_ws/FUN4_6509/install/robot_action/share/robot_action/cmake/ament_cmake_export_targets-extras.cmake
[0.356s] -- Up-to-date: /home/chayanin09/Documents/FUN4_ws/FUN4_6509/install/robot_action/share/robot_action/cmake/rosidl_cmake_export_typesupport_targets-extras.cmake
[0.356s] -- Up-to-date: /home/chayanin09/Documents/FUN4_ws/FUN4_6509/install/robot_action/share/robot_action/cmake/rosidl_cmake_export_typesupport_libraries-extras.cmake
[0.356s] -- Up-to-date: /home/chayanin09/Documents/FUN4_ws/FUN4_6509/install/robot_action/share/robot_action/cmake/robot_actionConfig.cmake
[0.356s] -- Up-to-date: /home/chayanin09/Documents/FUN4_ws/FUN4_6509/install/robot_action/share/robot_action/cmake/robot_actionConfig-version.cmake
[0.356s] -- Up-to-date: /home/chayanin09/Documents/FUN4_ws/FUN4_6509/install/robot_action/share/robot_action/package.xml
[0.357s] Invoked command in '/home/chayanin09/Documents/FUN4_ws/FUN4_6509/build/robot_action' returned '0': CMAKE_PREFIX_PATH=${CMAKE_PREFIX_PATH}:/opt/ros/humble /usr/bin/cmake --install /home/chayanin09/Documents/FUN4_ws/FUN4_6509/build/robot_action
