[0.007s] Invoking command in '/home/chayanin09/Documents/FUN4_ws/FUN4_6509/build/custom_msg': CMAKE_PREFIX_PATH=${CMAKE_PREFIX_PATH}:/opt/ros/humble /usr/bin/cmake --build /home/chayanin09/Documents/FUN4_ws/FUN4_6509/build/custom_msg -- -j20 -l20
[0.045s] [  3%] Built target custom_msg__cpp
[0.047s] [ 12%] Built target custom_msg__rosidl_generator_c
[0.050s] [ 12%] Built target ament_cmake_python_copy_custom_msg
[0.060s] [ 22%] Built target custom_msg__rosidl_typesupport_c
[0.060s] [ 32%] Built target custom_msg__rosidl_typesupport_introspection_c
[0.061s] [ 41%] Built target custom_msg__rosidl_typesupport_fastrtps_cpp
[0.061s] [ 51%] Built target custom_msg__rosidl_typesupport_introspection_cpp
[0.062s] [ 67%] Built target custom_msg__rosidl_typesupport_fastrtps_c
[0.062s] [ 70%] Built target custom_msg__rosidl_typesupport_cpp
[0.077s] [ 70%] Built target custom_msg
[0.094s] [ 74%] Built target custom_msg__py
[0.112s] [ 80%] Built target custom_msg__rosidl_generator_py
[0.130s] [ 87%] Built target custom_msg__rosidl_typesupport_introspection_c__pyext
[0.130s] [ 93%] Built target custom_msg__rosidl_typesupport_fastrtps_c__pyext
[0.130s] [100%] Built target custom_msg__rosidl_typesupport_c__pyext
[0.196s] running egg_info
[0.197s] writing custom_msg.egg-info/PKG-INFO
[0.197s] writing dependency_links to custom_msg.egg-info/dependency_links.txt
[0.197s] writing top-level names to custom_msg.egg-info/top_level.txt
[0.198s] reading manifest file 'custom_msg.egg-info/SOURCES.txt'
[0.198s] writing manifest file 'custom_msg.egg-info/SOURCES.txt'
[0.217s] [100%] Built target ament_cmake_python_build_custom_msg_egg
[0.227s] Invoked command in '/home/chayanin09/Documents/FUN4_ws/FUN4_6509/build/custom_msg' returned '0': CMAKE_PREFIX_PATH=${CMAKE_PREFIX_PATH}:/opt/ros/humble /usr/bin/cmake --build /home/chayanin09/Documents/FUN4_ws/FUN4_6509/build/custom_msg -- -j20 -l20
[0.275s] Invoking command in '/home/chayanin09/Documents/FUN4_ws/FUN4_6509/build/custom_msg': CMAKE_PREFIX_PATH=${CMAKE_PREFIX_PATH}:/opt/ros/humble /usr/bin/cmake --install /home/chayanin09/Documents/FUN4_ws/FUN4_6509/build/custom_msg
[0.285s] -- Install configuration: ""
[0.285s] -- Up-to-date: /home/chayanin09/Documents/FUN4_ws/FUN4_6509/install/custom_msg/share/ament_index/resource_index/rosidl_interfaces/custom_msg
[0.286s] -- Up-to-date: /home/chayanin09/Documents/FUN4_ws/FUN4_6509/install/custom_msg/include/custom_msg/custom_msg
[0.286s] -- Up-to-date: /home/chayanin09/Documents/FUN4_ws/FUN4_6509/install/custom_msg/include/custom_msg/custom_msg/msg
[0.286s] -- Up-to-date: /home/chayanin09/Documents/FUN4_ws/FUN4_6509/install/custom_msg/include/custom_msg/custom_msg/msg/rosidl_generator_c__visibility_control.h
[0.286s] -- Up-to-date: /home/chayanin09/Documents/FUN4_ws/FUN4_6509/install/custom_msg/include/custom_msg/custom_msg/msg/qtarget.h
[0.286s] -- Up-to-date: /home/chayanin09/Documents/FUN4_ws/FUN4_6509/install/custom_msg/include/custom_msg/custom_msg/msg/detail
[0.286s] -- Up-to-date: /home/chayanin09/Documents/FUN4_ws/FUN4_6509/install/custom_msg/include/custom_msg/custom_msg/msg/detail/qtarget__struct.h
[0.286s] -- Up-to-date: /home/chayanin09/Documents/FUN4_ws/FUN4_6509/install/custom_msg/include/custom_msg/custom_msg/msg/detail/qtarget__type_support.h
[0.286s] -- Up-to-date: /home/chayanin09/Documents/FUN4_ws/FUN4_6509/install/custom_msg/include/custom_msg/custom_msg/msg/detail/qtarget__functions.c
[0.286s] -- Up-to-date: /home/chayanin09/Documents/FUN4_ws/FUN4_6509/install/custom_msg/include/custom_msg/custom_msg/msg/detail/qtarget__functions.h
[0.286s] -- Up-to-date: /home/chayanin09/Documents/FUN4_ws/FUN4_6509/install/custom_msg/share/custom_msg/environment/library_path.sh
[0.286s] -- Up-to-date: /home/chayanin09/Documents/FUN4_ws/FUN4_6509/install/custom_msg/share/custom_msg/environment/library_path.dsv
[0.286s] -- Up-to-date: /home/chayanin09/Documents/FUN4_ws/FUN4_6509/install/custom_msg/lib/libcustom_msg__rosidl_generator_c.so
[0.286s] -- Up-to-date: /home/chayanin09/Documents/FUN4_ws/FUN4_6509/install/custom_msg/include/custom_msg/custom_msg
[0.286s] -- Up-to-date: /home/chayanin09/Documents/FUN4_ws/FUN4_6509/install/custom_msg/include/custom_msg/custom_msg/msg
[0.286s] -- Up-to-date: /home/chayanin09/Documents/FUN4_ws/FUN4_6509/install/custom_msg/include/custom_msg/custom_msg/msg/rosidl_typesupport_fastrtps_c__visibility_control.h
[0.287s] -- Up-to-date: /home/chayanin09/Documents/FUN4_ws/FUN4_6509/install/custom_msg/include/custom_msg/custom_msg/msg/detail
[0.287s] -- Up-to-date: /home/chayanin09/Documents/FUN4_ws/FUN4_6509/install/custom_msg/include/custom_msg/custom_msg/msg/detail/qtarget__rosidl_typesupport_fastrtps_c.h
[0.287s] -- Up-to-date: /home/chayanin09/Documents/FUN4_ws/FUN4_6509/install/custom_msg/lib/libcustom_msg__rosidl_typesupport_fastrtps_c.so
[0.287s] -- Up-to-date: /home/chayanin09/Documents/FUN4_ws/FUN4_6509/install/custom_msg/include/custom_msg/custom_msg
[0.287s] -- Up-to-date: /home/chayanin09/Documents/FUN4_ws/FUN4_6509/install/custom_msg/include/custom_msg/custom_msg/msg
[0.287s] -- Up-to-date: /home/chayanin09/Documents/FUN4_ws/FUN4_6509/install/custom_msg/include/custom_msg/custom_msg/msg/detail
[0.287s] -- Up-to-date: /home/chayanin09/Documents/FUN4_ws/FUN4_6509/install/custom_msg/include/custom_msg/custom_msg/msg/detail/qtarget__type_support.c
[0.287s] -- Up-to-date: /home/chayanin09/Documents/FUN4_ws/FUN4_6509/install/custom_msg/include/custom_msg/custom_msg/msg/detail/qtarget__rosidl_typesupport_introspection_c.h
[0.287s] -- Up-to-date: /home/chayanin09/Documents/FUN4_ws/FUN4_6509/install/custom_msg/include/custom_msg/custom_msg/msg/rosidl_typesupport_introspection_c__visibility_control.h
[0.287s] -- Up-to-date: /home/chayanin09/Documents/FUN4_ws/FUN4_6509/install/custom_msg/lib/libcustom_msg__rosidl_typesupport_introspection_c.so
[0.287s] -- Up-to-date: /home/chayanin09/Documents/FUN4_ws/FUN4_6509/install/custom_msg/lib/libcustom_msg__rosidl_typesupport_c.so
[0.287s] -- Up-to-date: /home/chayanin09/Documents/FUN4_ws/FUN4_6509/install/custom_msg/include/custom_msg/custom_msg
[0.288s] -- Up-to-date: /home/chayanin09/Documents/FUN4_ws/FUN4_6509/install/custom_msg/include/custom_msg/custom_msg/msg
[0.288s] -- Up-to-date: /home/chayanin09/Documents/FUN4_ws/FUN4_6509/install/custom_msg/include/custom_msg/custom_msg/msg/qtarget.hpp
[0.288s] -- Up-to-date: /home/chayanin09/Documents/FUN4_ws/FUN4_6509/install/custom_msg/include/custom_msg/custom_msg/msg/detail
[0.288s] -- Up-to-date: /home/chayanin09/Documents/FUN4_ws/FUN4_6509/install/custom_msg/include/custom_msg/custom_msg/msg/detail/qtarget__builder.hpp
[0.288s] -- Up-to-date: /home/chayanin09/Documents/FUN4_ws/FUN4_6509/install/custom_msg/include/custom_msg/custom_msg/msg/detail/qtarget__struct.hpp
[0.288s] -- Up-to-date: /home/chayanin09/Documents/FUN4_ws/FUN4_6509/install/custom_msg/include/custom_msg/custom_msg/msg/detail/qtarget__traits.hpp
[0.288s] -- Up-to-date: /home/chayanin09/Documents/FUN4_ws/FUN4_6509/install/custom_msg/include/custom_msg/custom_msg
[0.288s] -- Up-to-date: /home/chayanin09/Documents/FUN4_ws/FUN4_6509/install/custom_msg/include/custom_msg/custom_msg/msg
[0.288s] -- Up-to-date: /home/chayanin09/Documents/FUN4_ws/FUN4_6509/install/custom_msg/include/custom_msg/custom_msg/msg/detail
[0.288s] -- Up-to-date: /home/chayanin09/Documents/FUN4_ws/FUN4_6509/install/custom_msg/include/custom_msg/custom_msg/msg/detail/dds_fastrtps
[0.288s] -- Up-to-date: /home/chayanin09/Documents/FUN4_ws/FUN4_6509/install/custom_msg/include/custom_msg/custom_msg/msg/detail/qtarget__rosidl_typesupport_fastrtps_cpp.hpp
[0.288s] -- Up-to-date: /home/chayanin09/Documents/FUN4_ws/FUN4_6509/install/custom_msg/include/custom_msg/custom_msg/msg/rosidl_typesupport_fastrtps_cpp__visibility_control.h
[0.288s] -- Up-to-date: /home/chayanin09/Documents/FUN4_ws/FUN4_6509/install/custom_msg/lib/libcustom_msg__rosidl_typesupport_fastrtps_cpp.so
[0.288s] -- Up-to-date: /home/chayanin09/Documents/FUN4_ws/FUN4_6509/install/custom_msg/include/custom_msg/custom_msg
[0.288s] -- Up-to-date: /home/chayanin09/Documents/FUN4_ws/FUN4_6509/install/custom_msg/include/custom_msg/custom_msg/msg
[0.289s] -- Up-to-date: /home/chayanin09/Documents/FUN4_ws/FUN4_6509/install/custom_msg/include/custom_msg/custom_msg/msg/detail
[0.289s] -- Up-to-date: /home/chayanin09/Documents/FUN4_ws/FUN4_6509/install/custom_msg/include/custom_msg/custom_msg/msg/detail/qtarget__rosidl_typesupport_introspection_cpp.hpp
[0.289s] -- Up-to-date: /home/chayanin09/Documents/FUN4_ws/FUN4_6509/install/custom_msg/include/custom_msg/custom_msg/msg/detail/qtarget__type_support.cpp
[0.289s] -- Up-to-date: /home/chayanin09/Documents/FUN4_ws/FUN4_6509/install/custom_msg/lib/libcustom_msg__rosidl_typesupport_introspection_cpp.so
[0.289s] -- Up-to-date: /home/chayanin09/Documents/FUN4_ws/FUN4_6509/install/custom_msg/lib/libcustom_msg__rosidl_typesupport_cpp.so
[0.289s] -- Up-to-date: /home/chayanin09/Documents/FUN4_ws/FUN4_6509/install/custom_msg/share/custom_msg/environment/pythonpath.sh
[0.289s] -- Up-to-date: /home/chayanin09/Documents/FUN4_ws/FUN4_6509/install/custom_msg/share/custom_msg/environment/pythonpath.dsv
[0.289s] -- Up-to-date: /home/chayanin09/Documents/FUN4_ws/FUN4_6509/install/custom_msg/local/lib/python3.10/dist-packages/custom_msg-0.0.0-py3.10.egg-info
[0.289s] -- Installing: /home/chayanin09/Documents/FUN4_ws/FUN4_6509/install/custom_msg/local/lib/python3.10/dist-packages/custom_msg-0.0.0-py3.10.egg-info/dependency_links.txt
[0.289s] -- Installing: /home/chayanin09/Documents/FUN4_ws/FUN4_6509/install/custom_msg/local/lib/python3.10/dist-packages/custom_msg-0.0.0-py3.10.egg-info/PKG-INFO
[0.289s] -- Installing: /home/chayanin09/Documents/FUN4_ws/FUN4_6509/install/custom_msg/local/lib/python3.10/dist-packages/custom_msg-0.0.0-py3.10.egg-info/top_level.txt
[0.289s] -- Installing: /home/chayanin09/Documents/FUN4_ws/FUN4_6509/install/custom_msg/local/lib/python3.10/dist-packages/custom_msg-0.0.0-py3.10.egg-info/SOURCES.txt
[0.289s] -- Up-to-date: /home/chayanin09/Documents/FUN4_ws/FUN4_6509/install/custom_msg/local/lib/python3.10/dist-packages/custom_msg
[0.290s] -- Up-to-date: /home/chayanin09/Documents/FUN4_ws/FUN4_6509/install/custom_msg/local/lib/python3.10/dist-packages/custom_msg/_custom_msg_s.ep.rosidl_typesupport_fastrtps_c.c
[0.290s] -- Up-to-date: /home/chayanin09/Documents/FUN4_ws/FUN4_6509/install/custom_msg/local/lib/python3.10/dist-packages/custom_msg/custom_msg_s__rosidl_typesupport_fastrtps_c.cpython-310-x86_64-linux-gnu.so
[0.290s] -- Up-to-date: /home/chayanin09/Documents/FUN4_ws/FUN4_6509/install/custom_msg/local/lib/python3.10/dist-packages/custom_msg/_custom_msg_s.ep.rosidl_typesupport_c.c
[0.290s] -- Up-to-date: /home/chayanin09/Documents/FUN4_ws/FUN4_6509/install/custom_msg/local/lib/python3.10/dist-packages/custom_msg/_custom_msg_s.ep.rosidl_typesupport_introspection_c.c
[0.290s] -- Up-to-date: /home/chayanin09/Documents/FUN4_ws/FUN4_6509/install/custom_msg/local/lib/python3.10/dist-packages/custom_msg/msg
[0.290s] -- Up-to-date: /home/chayanin09/Documents/FUN4_ws/FUN4_6509/install/custom_msg/local/lib/python3.10/dist-packages/custom_msg/msg/_qtarget.py
[0.290s] -- Up-to-date: /home/chayanin09/Documents/FUN4_ws/FUN4_6509/install/custom_msg/local/lib/python3.10/dist-packages/custom_msg/msg/_qtarget_s.c
[0.290s] -- Up-to-date: /home/chayanin09/Documents/FUN4_ws/FUN4_6509/install/custom_msg/local/lib/python3.10/dist-packages/custom_msg/msg/__init__.py
[0.290s] -- Up-to-date: /home/chayanin09/Documents/FUN4_ws/FUN4_6509/install/custom_msg/local/lib/python3.10/dist-packages/custom_msg/custom_msg_s__rosidl_typesupport_c.cpython-310-x86_64-linux-gnu.so
[0.290s] -- Up-to-date: /home/chayanin09/Documents/FUN4_ws/FUN4_6509/install/custom_msg/local/lib/python3.10/dist-packages/custom_msg/__init__.py
[0.290s] -- Up-to-date: /home/chayanin09/Documents/FUN4_ws/FUN4_6509/install/custom_msg/local/lib/python3.10/dist-packages/custom_msg/libcustom_msg__rosidl_generator_py.so
[0.290s] -- Up-to-date: /home/chayanin09/Documents/FUN4_ws/FUN4_6509/install/custom_msg/local/lib/python3.10/dist-packages/custom_msg/custom_msg_s__rosidl_typesupport_introspection_c.cpython-310-x86_64-linux-gnu.so
[0.302s] Listing '/home/chayanin09/Documents/FUN4_ws/FUN4_6509/install/custom_msg/local/lib/python3.10/dist-packages/custom_msg'...
[0.302s] Listing '/home/chayanin09/Documents/FUN4_ws/FUN4_6509/install/custom_msg/local/lib/python3.10/dist-packages/custom_msg/msg'...
[0.305s] -- Up-to-date: /home/chayanin09/Documents/FUN4_ws/FUN4_6509/install/custom_msg/local/lib/python3.10/dist-packages/custom_msg/custom_msg_s__rosidl_typesupport_fastrtps_c.cpython-310-x86_64-linux-gnu.so
[0.305s] -- Up-to-date: /home/chayanin09/Documents/FUN4_ws/FUN4_6509/install/custom_msg/local/lib/python3.10/dist-packages/custom_msg/custom_msg_s__rosidl_typesupport_introspection_c.cpython-310-x86_64-linux-gnu.so
[0.305s] -- Up-to-date: /home/chayanin09/Documents/FUN4_ws/FUN4_6509/install/custom_msg/local/lib/python3.10/dist-packages/custom_msg/custom_msg_s__rosidl_typesupport_c.cpython-310-x86_64-linux-gnu.so
[0.305s] -- Up-to-date: /home/chayanin09/Documents/FUN4_ws/FUN4_6509/install/custom_msg/lib/libcustom_msg__rosidl_generator_py.so
[0.306s] -- Up-to-date: /home/chayanin09/Documents/FUN4_ws/FUN4_6509/install/custom_msg/share/custom_msg/msg/Qtarget.idl
[0.306s] -- Up-to-date: /home/chayanin09/Documents/FUN4_ws/FUN4_6509/install/custom_msg/share/custom_msg/msg/Qtarget.msg
[0.306s] -- Up-to-date: /home/chayanin09/Documents/FUN4_ws/FUN4_6509/install/custom_msg/share/ament_index/resource_index/package_run_dependencies/custom_msg
[0.306s] -- Up-to-date: /home/chayanin09/Documents/FUN4_ws/FUN4_6509/install/custom_msg/share/ament_index/resource_index/parent_prefix_path/custom_msg
[0.306s] -- Up-to-date: /home/chayanin09/Documents/FUN4_ws/FUN4_6509/install/custom_msg/share/custom_msg/environment/ament_prefix_path.sh
[0.306s] -- Up-to-date: /home/chayanin09/Documents/FUN4_ws/FUN4_6509/install/custom_msg/share/custom_msg/environment/ament_prefix_path.dsv
[0.306s] -- Up-to-date: /home/chayanin09/Documents/FUN4_ws/FUN4_6509/install/custom_msg/share/custom_msg/environment/path.sh
[0.306s] -- Up-to-date: /home/chayanin09/Documents/FUN4_ws/FUN4_6509/install/custom_msg/share/custom_msg/environment/path.dsv
[0.306s] -- Up-to-date: /home/chayanin09/Documents/FUN4_ws/FUN4_6509/install/custom_msg/share/custom_msg/local_setup.bash
[0.307s] -- Up-to-date: /home/chayanin09/Documents/FUN4_ws/FUN4_6509/install/custom_msg/share/custom_msg/local_setup.sh
[0.307s] -- Up-to-date: /home/chayanin09/Documents/FUN4_ws/FUN4_6509/install/custom_msg/share/custom_msg/local_setup.zsh
[0.307s] -- Up-to-date: /home/chayanin09/Documents/FUN4_ws/FUN4_6509/install/custom_msg/share/custom_msg/local_setup.dsv
[0.307s] -- Installing: /home/chayanin09/Documents/FUN4_ws/FUN4_6509/install/custom_msg/share/custom_msg/package.dsv
[0.307s] -- Up-to-date: /home/chayanin09/Documents/FUN4_ws/FUN4_6509/install/custom_msg/share/ament_index/resource_index/packages/custom_msg
[0.307s] -- Up-to-date: /home/chayanin09/Documents/FUN4_ws/FUN4_6509/install/custom_msg/share/custom_msg/cmake/export_custom_msg__rosidl_generator_cExport.cmake
[0.307s] -- Up-to-date: /home/chayanin09/Documents/FUN4_ws/FUN4_6509/install/custom_msg/share/custom_msg/cmake/export_custom_msg__rosidl_generator_cExport-noconfig.cmake
[0.307s] -- Up-to-date: /home/chayanin09/Documents/FUN4_ws/FUN4_6509/install/custom_msg/share/custom_msg/cmake/export_custom_msg__rosidl_typesupport_fastrtps_cExport.cmake
[0.307s] -- Up-to-date: /home/chayanin09/Documents/FUN4_ws/FUN4_6509/install/custom_msg/share/custom_msg/cmake/export_custom_msg__rosidl_typesupport_fastrtps_cExport-noconfig.cmake
[0.307s] -- Up-to-date: /home/chayanin09/Documents/FUN4_ws/FUN4_6509/install/custom_msg/share/custom_msg/cmake/custom_msg__rosidl_typesupport_introspection_cExport.cmake
[0.307s] -- Up-to-date: /home/chayanin09/Documents/FUN4_ws/FUN4_6509/install/custom_msg/share/custom_msg/cmake/custom_msg__rosidl_typesupport_introspection_cExport-noconfig.cmake
[0.307s] -- Up-to-date: /home/chayanin09/Documents/FUN4_ws/FUN4_6509/install/custom_msg/share/custom_msg/cmake/custom_msg__rosidl_typesupport_cExport.cmake
[0.307s] -- Up-to-date: /home/chayanin09/Documents/FUN4_ws/FUN4_6509/install/custom_msg/share/custom_msg/cmake/custom_msg__rosidl_typesupport_cExport-noconfig.cmake
[0.307s] -- Up-to-date: /home/chayanin09/Documents/FUN4_ws/FUN4_6509/install/custom_msg/share/custom_msg/cmake/export_custom_msg__rosidl_generator_cppExport.cmake
[0.307s] -- Up-to-date: /home/chayanin09/Documents/FUN4_ws/FUN4_6509/install/custom_msg/share/custom_msg/cmake/export_custom_msg__rosidl_typesupport_fastrtps_cppExport.cmake
[0.307s] -- Up-to-date: /home/chayanin09/Documents/FUN4_ws/FUN4_6509/install/custom_msg/share/custom_msg/cmake/export_custom_msg__rosidl_typesupport_fastrtps_cppExport-noconfig.cmake
[0.307s] -- Up-to-date: /home/chayanin09/Documents/FUN4_ws/FUN4_6509/install/custom_msg/share/custom_msg/cmake/custom_msg__rosidl_typesupport_introspection_cppExport.cmake
[0.307s] -- Up-to-date: /home/chayanin09/Documents/FUN4_ws/FUN4_6509/install/custom_msg/share/custom_msg/cmake/custom_msg__rosidl_typesupport_introspection_cppExport-noconfig.cmake
[0.307s] -- Up-to-date: /home/chayanin09/Documents/FUN4_ws/FUN4_6509/install/custom_msg/share/custom_msg/cmake/custom_msg__rosidl_typesupport_cppExport.cmake
[0.307s] -- Up-to-date: /home/chayanin09/Documents/FUN4_ws/FUN4_6509/install/custom_msg/share/custom_msg/cmake/custom_msg__rosidl_typesupport_cppExport-noconfig.cmake
[0.307s] -- Up-to-date: /home/chayanin09/Documents/FUN4_ws/FUN4_6509/install/custom_msg/share/custom_msg/cmake/export_custom_msg__rosidl_generator_pyExport.cmake
[0.307s] -- Up-to-date: /home/chayanin09/Documents/FUN4_ws/FUN4_6509/install/custom_msg/share/custom_msg/cmake/export_custom_msg__rosidl_generator_pyExport-noconfig.cmake
[0.307s] -- Up-to-date: /home/chayanin09/Documents/FUN4_ws/FUN4_6509/install/custom_msg/share/custom_msg/cmake/rosidl_cmake-extras.cmake
[0.307s] -- Up-to-date: /home/chayanin09/Documents/FUN4_ws/FUN4_6509/install/custom_msg/share/custom_msg/cmake/ament_cmake_export_include_directories-extras.cmake
[0.307s] -- Up-to-date: /home/chayanin09/Documents/FUN4_ws/FUN4_6509/install/custom_msg/share/custom_msg/cmake/ament_cmake_export_libraries-extras.cmake
[0.307s] -- Up-to-date: /home/chayanin09/Documents/FUN4_ws/FUN4_6509/install/custom_msg/share/custom_msg/cmake/ament_cmake_export_targets-extras.cmake
[0.307s] -- Up-to-date: /home/chayanin09/Documents/FUN4_ws/FUN4_6509/install/custom_msg/share/custom_msg/cmake/rosidl_cmake_export_typesupport_targets-extras.cmake
[0.307s] -- Up-to-date: /home/chayanin09/Documents/FUN4_ws/FUN4_6509/install/custom_msg/share/custom_msg/cmake/ament_cmake_export_dependencies-extras.cmake
[0.307s] -- Up-to-date: /home/chayanin09/Documents/FUN4_ws/FUN4_6509/install/custom_msg/share/custom_msg/cmake/rosidl_cmake_export_typesupport_libraries-extras.cmake
[0.307s] -- Up-to-date: /home/chayanin09/Documents/FUN4_ws/FUN4_6509/install/custom_msg/share/custom_msg/cmake/custom_msgConfig.cmake
[0.307s] -- Up-to-date: /home/chayanin09/Documents/FUN4_ws/FUN4_6509/install/custom_msg/share/custom_msg/cmake/custom_msgConfig-version.cmake
[0.307s] -- Up-to-date: /home/chayanin09/Documents/FUN4_ws/FUN4_6509/install/custom_msg/share/custom_msg/package.xml
[0.308s] Invoked command in '/home/chayanin09/Documents/FUN4_ws/FUN4_6509/build/custom_msg' returned '0': CMAKE_PREFIX_PATH=${CMAKE_PREFIX_PATH}:/opt/ros/humble /usr/bin/cmake --install /home/chayanin09/Documents/FUN4_ws/FUN4_6509/build/custom_msg
