[0.011s] Invoking command in '/home/chayanin09/Documents/FUN4_ws/FUN4_6509/build/custom_interface': CMAKE_PREFIX_PATH=${CMAKE_PREFIX_PATH}:/home/chayanin09/Documents/robot_modelling_ws/install/moveit_configs_utils:/home/chayanin09/Documents/robot_modelling_ws/install/launch_param_builder:/opt/ros/humble /usr/bin/cmake /home/chayanin09/Documents/FUN4_ws/FUN4_6509/src/custom_interface -DCMAKE_INSTALL_PREFIX=/home/chayanin09/Documents/FUN4_ws/FUN4_6509/install/custom_interface
[0.023s] -- Found ament_cmake: 1.3.10 (/opt/ros/humble/share/ament_cmake/cmake)
[0.107s] -- Found rosidl_default_generators: 1.2.0 (/opt/ros/humble/share/rosidl_default_generators/cmake)
[0.114s] -- Using all available rosidl_typesupport_c: rosidl_typesupport_fastrtps_c;rosidl_typesupport_introspection_c
[0.115s] -- Found rosidl_adapter: 3.1.5 (/opt/ros/humble/share/rosidl_adapter/cmake)
[0.134s] -- Using all available rosidl_typesupport_cpp: rosidl_typesupport_fastrtps_cpp;rosidl_typesupport_introspection_cpp
[0.333s] -- Found ament_cmake_ros: 0.10.0 (/opt/ros/humble/share/ament_cmake_ros/cmake)
[0.473s] -- Using all available rosidl_typesupport_c: rosidl_typesupport_fastrtps_c;rosidl_typesupport_introspection_c
[0.635s] -- Using all available rosidl_typesupport_cpp: rosidl_typesupport_fastrtps_cpp;rosidl_typesupport_introspection_cpp
[0.653s] -- Found PythonInterp: /usr/bin/python3 (found suitable version "3.10.12", minimum required is "3.6") 
[0.657s] -- Found python_cmake_module: 0.10.0 (/opt/ros/humble/share/python_cmake_module/cmake)
[0.678s] -- Found PythonLibs: /usr/lib/x86_64-linux-gnu/libpython3.10.so (found suitable version "3.10.12", minimum required is "3.5") 
[0.679s] -- Using PYTHON_EXECUTABLE: /usr/bin/python3
[0.679s] -- Using PYTHON_INCLUDE_DIRS: /usr/include/python3.10
[0.679s] -- Using PYTHON_LIBRARIES: /usr/lib/x86_64-linux-gnu/libpython3.10.so
[0.693s] -- Found PythonExtra: .so  
[0.739s] -- Configuring done
[0.751s] -- Generating done
[0.753s] -- Build files have been written to: /home/chayanin09/Documents/FUN4_ws/FUN4_6509/build/custom_interface
[0.756s] Invoked command in '/home/chayanin09/Documents/FUN4_ws/FUN4_6509/build/custom_interface' returned '0': CMAKE_PREFIX_PATH=${CMAKE_PREFIX_PATH}:/home/chayanin09/Documents/robot_modelling_ws/install/moveit_configs_utils:/home/chayanin09/Documents/robot_modelling_ws/install/launch_param_builder:/opt/ros/humble /usr/bin/cmake /home/chayanin09/Documents/FUN4_ws/FUN4_6509/src/custom_interface -DCMAKE_INSTALL_PREFIX=/home/chayanin09/Documents/FUN4_ws/FUN4_6509/install/custom_interface
[0.757s] Invoking command in '/home/chayanin09/Documents/FUN4_ws/FUN4_6509/build/custom_interface': CMAKE_PREFIX_PATH=${CMAKE_PREFIX_PATH}:/home/chayanin09/Documents/robot_modelling_ws/install/moveit_configs_utils:/home/chayanin09/Documents/robot_modelling_ws/install/launch_param_builder:/opt/ros/humble /usr/bin/cmake --build /home/chayanin09/Documents/FUN4_ws/FUN4_6509/build/custom_interface -- -j20 -l20
[0.797s] [  3%] [34m[1mGenerating C code for ROS interfaces[0m
[0.808s] [  6%] [34m[1mGenerating C++ code for ROS interfaces[0m
[0.815s] [  6%] Built target ament_cmake_python_copy_custom_interface
[0.976s] running egg_info
[0.977s] creating custom_interface.egg-info
[0.977s] writing custom_interface.egg-info/PKG-INFO
[0.977s] writing dependency_links to custom_interface.egg-info/dependency_links.txt
[0.977s] writing top-level names to custom_interface.egg-info/top_level.txt
[0.977s] writing manifest file 'custom_interface.egg-info/SOURCES.txt'
[0.978s] reading manifest file 'custom_interface.egg-info/SOURCES.txt'
[0.978s] writing manifest file 'custom_interface.egg-info/SOURCES.txt'
[0.989s] [  9%] [32mBuilding C object CMakeFiles/custom_interface__rosidl_generator_c.dir/rosidl_generator_c/custom_interface/srv/detail/change_mode__functions.c.o[0m
[0.991s] [  9%] Built target custom_interface__cpp
[0.998s] [  9%] Built target ament_cmake_python_build_custom_interface_egg
[1.000s] [ 16%] [34m[1mGenerating C++ introspection for ROS interfaces[0m
[1.001s] [ 16%] [34m[1mGenerating C++ type support for eProsima Fast-RTPS[0m
[1.003s] [ 19%] [34m[1mGenerating C++ type support dispatch for ROS interfaces[0m
[1.043s] [ 22%] [32m[1mLinking C shared library libcustom_interface__rosidl_generator_c.so[0m
[1.080s] [ 22%] Built target custom_interface__rosidl_generator_c
[1.093s] [ 25%] [34m[1mGenerating C type support for eProsima Fast-RTPS[0m
[1.093s] [ 29%] [34m[1mGenerating C introspection for ROS interfaces[0m
[1.094s] [ 32%] [34m[1mGenerating C type support dispatch for ROS interfaces[0m
[1.161s] [ 35%] [32mBuilding CXX object CMakeFiles/custom_interface__rosidl_typesupport_cpp.dir/rosidl_typesupport_cpp/custom_interface/srv/change_mode__type_support.cpp.o[0m
[1.174s] [ 38%] [32mBuilding CXX object CMakeFiles/custom_interface__rosidl_typesupport_introspection_cpp.dir/rosidl_typesupport_introspection_cpp/custom_interface/srv/detail/change_mode__type_support.cpp.o[0m
[1.185s] [ 41%] [32mBuilding CXX object CMakeFiles/custom_interface__rosidl_typesupport_fastrtps_cpp.dir/rosidl_typesupport_fastrtps_cpp/custom_interface/srv/detail/dds_fastrtps/change_mode__type_support.cpp.o[0m
[1.266s] [ 45%] [32mBuilding CXX object CMakeFiles/custom_interface__rosidl_typesupport_c.dir/rosidl_typesupport_c/custom_interface/srv/change_mode__type_support.cpp.o[0m
[1.283s] [ 48%] [32mBuilding CXX object CMakeFiles/custom_interface__rosidl_typesupport_fastrtps_c.dir/rosidl_typesupport_fastrtps_c/custom_interface/srv/detail/change_mode__type_support_c.cpp.o[0m
[1.283s] [ 51%] [32mBuilding C object CMakeFiles/custom_interface__rosidl_typesupport_introspection_c.dir/rosidl_typesupport_introspection_c/custom_interface/srv/detail/change_mode__type_support.c.o[0m
[1.295s] [ 54%] [32m[1mLinking CXX shared library libcustom_interface__rosidl_typesupport_c.so[0m
[1.313s] [ 58%] [32m[1mLinking C shared library libcustom_interface__rosidl_typesupport_introspection_c.so[0m
[1.329s] [ 61%] [32m[1mLinking CXX shared library libcustom_interface__rosidl_typesupport_cpp.so[0m
[1.334s] [ 61%] Built target custom_interface__rosidl_typesupport_c
[1.348s] [ 61%] Built target custom_interface__rosidl_typesupport_introspection_c
[1.369s] [ 61%] Built target custom_interface__rosidl_typesupport_cpp
[1.391s] [ 64%] [32m[1mLinking CXX shared library libcustom_interface__rosidl_typesupport_introspection_cpp.so[0m
[1.417s] [ 67%] [32m[1mLinking CXX shared library libcustom_interface__rosidl_typesupport_fastrtps_cpp.so[0m
[1.432s] [ 67%] Built target custom_interface__rosidl_typesupport_introspection_cpp
[1.463s] [ 70%] [32m[1mLinking CXX shared library libcustom_interface__rosidl_typesupport_fastrtps_c.so[0m
[1.466s] [ 70%] Built target custom_interface__rosidl_typesupport_fastrtps_cpp
[1.518s] [ 70%] Built target custom_interface__rosidl_typesupport_fastrtps_c
[1.541s] [ 70%] Built target custom_interface
[1.565s] [ 74%] [34m[1mGenerating Python code for ROS interfaces[0m
[1.790s] [ 74%] Built target custom_interface__py
[1.814s] [ 77%] [32mBuilding C object CMakeFiles/custom_interface__rosidl_generator_py.dir/rosidl_generator_py/custom_interface/srv/_change_mode_s.c.o[0m
[1.889s] [ 80%] [32m[1mLinking C shared library rosidl_generator_py/custom_interface/libcustom_interface__rosidl_generator_py.so[0m
[1.924s] [ 80%] Built target custom_interface__rosidl_generator_py
[1.947s] [ 83%] [32mBuilding C object CMakeFiles/custom_interface__rosidl_typesupport_c__pyext.dir/rosidl_generator_py/custom_interface/_custom_interface_s.ep.rosidl_typesupport_c.c.o[0m
[1.947s] [ 87%] [32mBuilding C object CMakeFiles/custom_interface__rosidl_typesupport_fastrtps_c__pyext.dir/rosidl_generator_py/custom_interface/_custom_interface_s.ep.rosidl_typesupport_fastrtps_c.c.o[0m
[1.948s] [ 90%] [32mBuilding C object CMakeFiles/custom_interface__rosidl_typesupport_introspection_c__pyext.dir/rosidl_generator_py/custom_interface/_custom_interface_s.ep.rosidl_typesupport_introspection_c.c.o[0m
[2.007s] [ 96%] [32m[1mLinking C shared library rosidl_generator_py/custom_interface/custom_interface_s__rosidl_typesupport_c.cpython-310-x86_64-linux-gnu.so[0m
[2.007s] [ 96%] [32m[1mLinking C shared library rosidl_generator_py/custom_interface/custom_interface_s__rosidl_typesupport_introspection_c.cpython-310-x86_64-linux-gnu.so[0m
[2.007s] [100%] [32m[1mLinking C shared library rosidl_generator_py/custom_interface/custom_interface_s__rosidl_typesupport_fastrtps_c.cpython-310-x86_64-linux-gnu.so[0m
[2.036s] [100%] Built target custom_interface__rosidl_typesupport_introspection_c__pyext
[2.038s] [100%] Built target custom_interface__rosidl_typesupport_fastrtps_c__pyext
[2.040s] [100%] Built target custom_interface__rosidl_typesupport_c__pyext
[2.049s] Invoked command in '/home/chayanin09/Documents/FUN4_ws/FUN4_6509/build/custom_interface' returned '0': CMAKE_PREFIX_PATH=${CMAKE_PREFIX_PATH}:/home/chayanin09/Documents/robot_modelling_ws/install/moveit_configs_utils:/home/chayanin09/Documents/robot_modelling_ws/install/launch_param_builder:/opt/ros/humble /usr/bin/cmake --build /home/chayanin09/Documents/FUN4_ws/FUN4_6509/build/custom_interface -- -j20 -l20
[2.142s] Invoking command in '/home/chayanin09/Documents/FUN4_ws/FUN4_6509/build/custom_interface': CMAKE_PREFIX_PATH=${CMAKE_PREFIX_PATH}:/home/chayanin09/Documents/robot_modelling_ws/install/moveit_configs_utils:/home/chayanin09/Documents/robot_modelling_ws/install/launch_param_builder:/opt/ros/humble /usr/bin/cmake --install /home/chayanin09/Documents/FUN4_ws/FUN4_6509/build/custom_interface
[2.150s] -- Install configuration: ""
[2.150s] -- Installing: /home/chayanin09/Documents/FUN4_ws/FUN4_6509/install/custom_interface/share/ament_index/resource_index/rosidl_interfaces/custom_interface
[2.150s] -- Installing: /home/chayanin09/Documents/FUN4_ws/FUN4_6509/install/custom_interface/include/custom_interface/custom_interface
[2.150s] -- Installing: /home/chayanin09/Documents/FUN4_ws/FUN4_6509/install/custom_interface/include/custom_interface/custom_interface/msg
[2.150s] -- Installing: /home/chayanin09/Documents/FUN4_ws/FUN4_6509/install/custom_interface/include/custom_interface/custom_interface/msg/rosidl_generator_c__visibility_control.h
[2.150s] -- Installing: /home/chayanin09/Documents/FUN4_ws/FUN4_6509/install/custom_interface/include/custom_interface/custom_interface/srv
[2.150s] -- Installing: /home/chayanin09/Documents/FUN4_ws/FUN4_6509/install/custom_interface/include/custom_interface/custom_interface/srv/detail
[2.150s] -- Installing: /home/chayanin09/Documents/FUN4_ws/FUN4_6509/install/custom_interface/include/custom_interface/custom_interface/srv/detail/change_mode__type_support.h
[2.150s] -- Installing: /home/chayanin09/Documents/FUN4_ws/FUN4_6509/install/custom_interface/include/custom_interface/custom_interface/srv/detail/change_mode__struct.h
[2.150s] -- Installing: /home/chayanin09/Documents/FUN4_ws/FUN4_6509/install/custom_interface/include/custom_interface/custom_interface/srv/detail/change_mode__functions.c
[2.150s] -- Installing: /home/chayanin09/Documents/FUN4_ws/FUN4_6509/install/custom_interface/include/custom_interface/custom_interface/srv/detail/change_mode__functions.h
[2.150s] -- Installing: /home/chayanin09/Documents/FUN4_ws/FUN4_6509/install/custom_interface/include/custom_interface/custom_interface/srv/change_mode.h
[2.150s] -- Installing: /home/chayanin09/Documents/FUN4_ws/FUN4_6509/install/custom_interface/share/custom_interface/environment/library_path.sh
[2.150s] -- Installing: /home/chayanin09/Documents/FUN4_ws/FUN4_6509/install/custom_interface/share/custom_interface/environment/library_path.dsv
[2.150s] -- Installing: /home/chayanin09/Documents/FUN4_ws/FUN4_6509/install/custom_interface/lib/libcustom_interface__rosidl_generator_c.so
[2.150s] -- Set runtime path of "/home/chayanin09/Documents/FUN4_ws/FUN4_6509/install/custom_interface/lib/libcustom_interface__rosidl_generator_c.so" to ""
[2.151s] -- Up-to-date: /home/chayanin09/Documents/FUN4_ws/FUN4_6509/install/custom_interface/include/custom_interface/custom_interface
[2.151s] -- Up-to-date: /home/chayanin09/Documents/FUN4_ws/FUN4_6509/install/custom_interface/include/custom_interface/custom_interface/msg
[2.151s] -- Installing: /home/chayanin09/Documents/FUN4_ws/FUN4_6509/install/custom_interface/include/custom_interface/custom_interface/msg/rosidl_typesupport_fastrtps_c__visibility_control.h
[2.151s] -- Up-to-date: /home/chayanin09/Documents/FUN4_ws/FUN4_6509/install/custom_interface/include/custom_interface/custom_interface/srv
[2.151s] -- Up-to-date: /home/chayanin09/Documents/FUN4_ws/FUN4_6509/install/custom_interface/include/custom_interface/custom_interface/srv/detail
[2.151s] -- Installing: /home/chayanin09/Documents/FUN4_ws/FUN4_6509/install/custom_interface/include/custom_interface/custom_interface/srv/detail/change_mode__rosidl_typesupport_fastrtps_c.h
[2.151s] -- Installing: /home/chayanin09/Documents/FUN4_ws/FUN4_6509/install/custom_interface/lib/libcustom_interface__rosidl_typesupport_fastrtps_c.so
[2.151s] -- Set runtime path of "/home/chayanin09/Documents/FUN4_ws/FUN4_6509/install/custom_interface/lib/libcustom_interface__rosidl_typesupport_fastrtps_c.so" to ""
[2.151s] -- Up-to-date: /home/chayanin09/Documents/FUN4_ws/FUN4_6509/install/custom_interface/include/custom_interface/custom_interface
[2.151s] -- Up-to-date: /home/chayanin09/Documents/FUN4_ws/FUN4_6509/install/custom_interface/include/custom_interface/custom_interface/msg
[2.151s] -- Installing: /home/chayanin09/Documents/FUN4_ws/FUN4_6509/install/custom_interface/include/custom_interface/custom_interface/msg/rosidl_typesupport_introspection_c__visibility_control.h
[2.151s] -- Up-to-date: /home/chayanin09/Documents/FUN4_ws/FUN4_6509/install/custom_interface/include/custom_interface/custom_interface/srv
[2.151s] -- Up-to-date: /home/chayanin09/Documents/FUN4_ws/FUN4_6509/install/custom_interface/include/custom_interface/custom_interface/srv/detail
[2.151s] -- Installing: /home/chayanin09/Documents/FUN4_ws/FUN4_6509/install/custom_interface/include/custom_interface/custom_interface/srv/detail/change_mode__type_support.c
[2.151s] -- Installing: /home/chayanin09/Documents/FUN4_ws/FUN4_6509/install/custom_interface/include/custom_interface/custom_interface/srv/detail/change_mode__rosidl_typesupport_introspection_c.h
[2.151s] -- Installing: /home/chayanin09/Documents/FUN4_ws/FUN4_6509/install/custom_interface/lib/libcustom_interface__rosidl_typesupport_introspection_c.so
[2.151s] -- Set runtime path of "/home/chayanin09/Documents/FUN4_ws/FUN4_6509/install/custom_interface/lib/libcustom_interface__rosidl_typesupport_introspection_c.so" to ""
[2.151s] -- Installing: /home/chayanin09/Documents/FUN4_ws/FUN4_6509/install/custom_interface/lib/libcustom_interface__rosidl_typesupport_c.so
[2.151s] -- Set runtime path of "/home/chayanin09/Documents/FUN4_ws/FUN4_6509/install/custom_interface/lib/libcustom_interface__rosidl_typesupport_c.so" to ""
[2.151s] -- Up-to-date: /home/chayanin09/Documents/FUN4_ws/FUN4_6509/install/custom_interface/include/custom_interface/custom_interface
[2.151s] -- Up-to-date: /home/chayanin09/Documents/FUN4_ws/FUN4_6509/install/custom_interface/include/custom_interface/custom_interface/srv
[2.152s] -- Up-to-date: /home/chayanin09/Documents/FUN4_ws/FUN4_6509/install/custom_interface/include/custom_interface/custom_interface/srv/detail
[2.152s] -- Installing: /home/chayanin09/Documents/FUN4_ws/FUN4_6509/install/custom_interface/include/custom_interface/custom_interface/srv/detail/change_mode__builder.hpp
[2.152s] -- Installing: /home/chayanin09/Documents/FUN4_ws/FUN4_6509/install/custom_interface/include/custom_interface/custom_interface/srv/detail/change_mode__struct.hpp
[2.152s] -- Installing: /home/chayanin09/Documents/FUN4_ws/FUN4_6509/install/custom_interface/include/custom_interface/custom_interface/srv/detail/change_mode__traits.hpp
[2.152s] -- Installing: /home/chayanin09/Documents/FUN4_ws/FUN4_6509/install/custom_interface/include/custom_interface/custom_interface/srv/change_mode.hpp
[2.152s] -- Up-to-date: /home/chayanin09/Documents/FUN4_ws/FUN4_6509/install/custom_interface/include/custom_interface/custom_interface
[2.152s] -- Up-to-date: /home/chayanin09/Documents/FUN4_ws/FUN4_6509/install/custom_interface/include/custom_interface/custom_interface/msg
[2.152s] -- Installing: /home/chayanin09/Documents/FUN4_ws/FUN4_6509/install/custom_interface/include/custom_interface/custom_interface/msg/rosidl_typesupport_fastrtps_cpp__visibility_control.h
[2.152s] -- Up-to-date: /home/chayanin09/Documents/FUN4_ws/FUN4_6509/install/custom_interface/include/custom_interface/custom_interface/srv
[2.152s] -- Up-to-date: /home/chayanin09/Documents/FUN4_ws/FUN4_6509/install/custom_interface/include/custom_interface/custom_interface/srv/detail
[2.152s] -- Installing: /home/chayanin09/Documents/FUN4_ws/FUN4_6509/install/custom_interface/include/custom_interface/custom_interface/srv/detail/dds_fastrtps
[2.152s] -- Installing: /home/chayanin09/Documents/FUN4_ws/FUN4_6509/install/custom_interface/include/custom_interface/custom_interface/srv/detail/change_mode__rosidl_typesupport_fastrtps_cpp.hpp
[2.152s] -- Installing: /home/chayanin09/Documents/FUN4_ws/FUN4_6509/install/custom_interface/lib/libcustom_interface__rosidl_typesupport_fastrtps_cpp.so
[2.152s] -- Set runtime path of "/home/chayanin09/Documents/FUN4_ws/FUN4_6509/install/custom_interface/lib/libcustom_interface__rosidl_typesupport_fastrtps_cpp.so" to ""
[2.152s] -- Up-to-date: /home/chayanin09/Documents/FUN4_ws/FUN4_6509/install/custom_interface/include/custom_interface/custom_interface
[2.152s] -- Up-to-date: /home/chayanin09/Documents/FUN4_ws/FUN4_6509/install/custom_interface/include/custom_interface/custom_interface/srv
[2.152s] -- Up-to-date: /home/chayanin09/Documents/FUN4_ws/FUN4_6509/install/custom_interface/include/custom_interface/custom_interface/srv/detail
[2.152s] -- Installing: /home/chayanin09/Documents/FUN4_ws/FUN4_6509/install/custom_interface/include/custom_interface/custom_interface/srv/detail/change_mode__type_support.cpp
[2.152s] -- Installing: /home/chayanin09/Documents/FUN4_ws/FUN4_6509/install/custom_interface/include/custom_interface/custom_interface/srv/detail/change_mode__rosidl_typesupport_introspection_cpp.hpp
[2.152s] -- Installing: /home/chayanin09/Documents/FUN4_ws/FUN4_6509/install/custom_interface/lib/libcustom_interface__rosidl_typesupport_introspection_cpp.so
[2.152s] -- Set runtime path of "/home/chayanin09/Documents/FUN4_ws/FUN4_6509/install/custom_interface/lib/libcustom_interface__rosidl_typesupport_introspection_cpp.so" to ""
[2.152s] -- Installing: /home/chayanin09/Documents/FUN4_ws/FUN4_6509/install/custom_interface/lib/libcustom_interface__rosidl_typesupport_cpp.so
[2.152s] -- Set runtime path of "/home/chayanin09/Documents/FUN4_ws/FUN4_6509/install/custom_interface/lib/libcustom_interface__rosidl_typesupport_cpp.so" to ""
[2.152s] -- Installing: /home/chayanin09/Documents/FUN4_ws/FUN4_6509/install/custom_interface/share/custom_interface/environment/pythonpath.sh
[2.152s] -- Installing: /home/chayanin09/Documents/FUN4_ws/FUN4_6509/install/custom_interface/share/custom_interface/environment/pythonpath.dsv
[2.152s] -- Installing: /home/chayanin09/Documents/FUN4_ws/FUN4_6509/install/custom_interface/local/lib/python3.10/dist-packages/custom_interface-0.0.0-py3.10.egg-info
[2.152s] -- Installing: /home/chayanin09/Documents/FUN4_ws/FUN4_6509/install/custom_interface/local/lib/python3.10/dist-packages/custom_interface-0.0.0-py3.10.egg-info/dependency_links.txt
[2.152s] -- Installing: /home/chayanin09/Documents/FUN4_ws/FUN4_6509/install/custom_interface/local/lib/python3.10/dist-packages/custom_interface-0.0.0-py3.10.egg-info/PKG-INFO
[2.152s] -- Installing: /home/chayanin09/Documents/FUN4_ws/FUN4_6509/install/custom_interface/local/lib/python3.10/dist-packages/custom_interface-0.0.0-py3.10.egg-info/top_level.txt
[2.152s] -- Installing: /home/chayanin09/Documents/FUN4_ws/FUN4_6509/install/custom_interface/local/lib/python3.10/dist-packages/custom_interface-0.0.0-py3.10.egg-info/SOURCES.txt
[2.152s] -- Installing: /home/chayanin09/Documents/FUN4_ws/FUN4_6509/install/custom_interface/local/lib/python3.10/dist-packages/custom_interface
[2.152s] -- Installing: /home/chayanin09/Documents/FUN4_ws/FUN4_6509/install/custom_interface/local/lib/python3.10/dist-packages/custom_interface/_custom_interface_s.ep.rosidl_typesupport_fastrtps_c.c
[2.152s] -- Installing: /home/chayanin09/Documents/FUN4_ws/FUN4_6509/install/custom_interface/local/lib/python3.10/dist-packages/custom_interface/custom_interface_s__rosidl_typesupport_c.cpython-310-x86_64-linux-gnu.so
[2.152s] -- Installing: /home/chayanin09/Documents/FUN4_ws/FUN4_6509/install/custom_interface/local/lib/python3.10/dist-packages/custom_interface/custom_interface_s__rosidl_typesupport_introspection_c.cpython-310-x86_64-linux-gnu.so
[2.153s] -- Installing: /home/chayanin09/Documents/FUN4_ws/FUN4_6509/install/custom_interface/local/lib/python3.10/dist-packages/custom_interface/custom_interface_s__rosidl_typesupport_fastrtps_c.cpython-310-x86_64-linux-gnu.so
[2.153s] -- Installing: /home/chayanin09/Documents/FUN4_ws/FUN4_6509/install/custom_interface/local/lib/python3.10/dist-packages/custom_interface/_custom_interface_s.ep.rosidl_typesupport_c.c
[2.153s] -- Installing: /home/chayanin09/Documents/FUN4_ws/FUN4_6509/install/custom_interface/local/lib/python3.10/dist-packages/custom_interface/__init__.py
[2.153s] -- Installing: /home/chayanin09/Documents/FUN4_ws/FUN4_6509/install/custom_interface/local/lib/python3.10/dist-packages/custom_interface/srv
[2.153s] -- Installing: /home/chayanin09/Documents/FUN4_ws/FUN4_6509/install/custom_interface/local/lib/python3.10/dist-packages/custom_interface/srv/_change_mode.py
[2.153s] -- Installing: /home/chayanin09/Documents/FUN4_ws/FUN4_6509/install/custom_interface/local/lib/python3.10/dist-packages/custom_interface/srv/_change_mode_s.c
[2.153s] -- Installing: /home/chayanin09/Documents/FUN4_ws/FUN4_6509/install/custom_interface/local/lib/python3.10/dist-packages/custom_interface/srv/__init__.py
[2.153s] -- Installing: /home/chayanin09/Documents/FUN4_ws/FUN4_6509/install/custom_interface/local/lib/python3.10/dist-packages/custom_interface/libcustom_interface__rosidl_generator_py.so
[2.153s] -- Installing: /home/chayanin09/Documents/FUN4_ws/FUN4_6509/install/custom_interface/local/lib/python3.10/dist-packages/custom_interface/_custom_interface_s.ep.rosidl_typesupport_introspection_c.c
[2.178s] Listing '/home/chayanin09/Documents/FUN4_ws/FUN4_6509/install/custom_interface/local/lib/python3.10/dist-packages/custom_interface'...
[2.179s] Compiling '/home/chayanin09/Documents/FUN4_ws/FUN4_6509/install/custom_interface/local/lib/python3.10/dist-packages/custom_interface/__init__.py'...
[2.179s] Listing '/home/chayanin09/Documents/FUN4_ws/FUN4_6509/install/custom_interface/local/lib/python3.10/dist-packages/custom_interface/srv'...
[2.179s] Compiling '/home/chayanin09/Documents/FUN4_ws/FUN4_6509/install/custom_interface/local/lib/python3.10/dist-packages/custom_interface/srv/__init__.py'...
[2.179s] Compiling '/home/chayanin09/Documents/FUN4_ws/FUN4_6509/install/custom_interface/local/lib/python3.10/dist-packages/custom_interface/srv/_change_mode.py'...
[2.181s] -- Installing: /home/chayanin09/Documents/FUN4_ws/FUN4_6509/install/custom_interface/local/lib/python3.10/dist-packages/custom_interface/custom_interface_s__rosidl_typesupport_fastrtps_c.cpython-310-x86_64-linux-gnu.so
[2.181s] -- Set runtime path of "/home/chayanin09/Documents/FUN4_ws/FUN4_6509/install/custom_interface/local/lib/python3.10/dist-packages/custom_interface/custom_interface_s__rosidl_typesupport_fastrtps_c.cpython-310-x86_64-linux-gnu.so" to ""
[2.181s] -- Installing: /home/chayanin09/Documents/FUN4_ws/FUN4_6509/install/custom_interface/local/lib/python3.10/dist-packages/custom_interface/custom_interface_s__rosidl_typesupport_introspection_c.cpython-310-x86_64-linux-gnu.so
[2.181s] -- Set runtime path of "/home/chayanin09/Documents/FUN4_ws/FUN4_6509/install/custom_interface/local/lib/python3.10/dist-packages/custom_interface/custom_interface_s__rosidl_typesupport_introspection_c.cpython-310-x86_64-linux-gnu.so" to ""
[2.181s] -- Installing: /home/chayanin09/Documents/FUN4_ws/FUN4_6509/install/custom_interface/local/lib/python3.10/dist-packages/custom_interface/custom_interface_s__rosidl_typesupport_c.cpython-310-x86_64-linux-gnu.so
[2.182s] -- Set runtime path of "/home/chayanin09/Documents/FUN4_ws/FUN4_6509/install/custom_interface/local/lib/python3.10/dist-packages/custom_interface/custom_interface_s__rosidl_typesupport_c.cpython-310-x86_64-linux-gnu.so" to ""
[2.182s] -- Installing: /home/chayanin09/Documents/FUN4_ws/FUN4_6509/install/custom_interface/lib/libcustom_interface__rosidl_generator_py.so
[2.182s] -- Set runtime path of "/home/chayanin09/Documents/FUN4_ws/FUN4_6509/install/custom_interface/lib/libcustom_interface__rosidl_generator_py.so" to ""
[2.182s] -- Installing: /home/chayanin09/Documents/FUN4_ws/FUN4_6509/install/custom_interface/share/custom_interface/srv/ChangeMode.idl
[2.182s] -- Installing: /home/chayanin09/Documents/FUN4_ws/FUN4_6509/install/custom_interface/share/custom_interface/srv/ChangeMode.srv
[2.182s] -- Installing: /home/chayanin09/Documents/FUN4_ws/FUN4_6509/install/custom_interface/share/custom_interface/srv/ChangeMode_Request.msg
[2.182s] -- Installing: /home/chayanin09/Documents/FUN4_ws/FUN4_6509/install/custom_interface/share/custom_interface/srv/ChangeMode_Response.msg
[2.182s] -- Installing: /home/chayanin09/Documents/FUN4_ws/FUN4_6509/install/custom_interface/share/ament_index/resource_index/package_run_dependencies/custom_interface
[2.182s] -- Installing: /home/chayanin09/Documents/FUN4_ws/FUN4_6509/install/custom_interface/share/ament_index/resource_index/parent_prefix_path/custom_interface
[2.182s] -- Installing: /home/chayanin09/Documents/FUN4_ws/FUN4_6509/install/custom_interface/share/custom_interface/environment/ament_prefix_path.sh
[2.182s] -- Installing: /home/chayanin09/Documents/FUN4_ws/FUN4_6509/install/custom_interface/share/custom_interface/environment/ament_prefix_path.dsv
[2.182s] -- Installing: /home/chayanin09/Documents/FUN4_ws/FUN4_6509/install/custom_interface/share/custom_interface/environment/path.sh
[2.182s] -- Installing: /home/chayanin09/Documents/FUN4_ws/FUN4_6509/install/custom_interface/share/custom_interface/environment/path.dsv
[2.182s] -- Installing: /home/chayanin09/Documents/FUN4_ws/FUN4_6509/install/custom_interface/share/custom_interface/local_setup.bash
[2.182s] -- Installing: /home/chayanin09/Documents/FUN4_ws/FUN4_6509/install/custom_interface/share/custom_interface/local_setup.sh
[2.182s] -- Installing: /home/chayanin09/Documents/FUN4_ws/FUN4_6509/install/custom_interface/share/custom_interface/local_setup.zsh
[2.182s] -- Installing: /home/chayanin09/Documents/FUN4_ws/FUN4_6509/install/custom_interface/share/custom_interface/local_setup.dsv
[2.182s] -- Installing: /home/chayanin09/Documents/FUN4_ws/FUN4_6509/install/custom_interface/share/custom_interface/package.dsv
[2.182s] -- Installing: /home/chayanin09/Documents/FUN4_ws/FUN4_6509/install/custom_interface/share/ament_index/resource_index/packages/custom_interface
[2.182s] -- Installing: /home/chayanin09/Documents/FUN4_ws/FUN4_6509/install/custom_interface/share/custom_interface/cmake/export_custom_interface__rosidl_generator_cExport.cmake
[2.182s] -- Installing: /home/chayanin09/Documents/FUN4_ws/FUN4_6509/install/custom_interface/share/custom_interface/cmake/export_custom_interface__rosidl_generator_cExport-noconfig.cmake
[2.182s] -- Installing: /home/chayanin09/Documents/FUN4_ws/FUN4_6509/install/custom_interface/share/custom_interface/cmake/export_custom_interface__rosidl_typesupport_fastrtps_cExport.cmake
[2.182s] -- Installing: /home/chayanin09/Documents/FUN4_ws/FUN4_6509/install/custom_interface/share/custom_interface/cmake/export_custom_interface__rosidl_typesupport_fastrtps_cExport-noconfig.cmake
[2.182s] -- Installing: /home/chayanin09/Documents/FUN4_ws/FUN4_6509/install/custom_interface/share/custom_interface/cmake/custom_interface__rosidl_typesupport_introspection_cExport.cmake
[2.183s] -- Installing: /home/chayanin09/Documents/FUN4_ws/FUN4_6509/install/custom_interface/share/custom_interface/cmake/custom_interface__rosidl_typesupport_introspection_cExport-noconfig.cmake
[2.183s] -- Installing: /home/chayanin09/Documents/FUN4_ws/FUN4_6509/install/custom_interface/share/custom_interface/cmake/custom_interface__rosidl_typesupport_cExport.cmake
[2.183s] -- Installing: /home/chayanin09/Documents/FUN4_ws/FUN4_6509/install/custom_interface/share/custom_interface/cmake/custom_interface__rosidl_typesupport_cExport-noconfig.cmake
[2.183s] -- Installing: /home/chayanin09/Documents/FUN4_ws/FUN4_6509/install/custom_interface/share/custom_interface/cmake/export_custom_interface__rosidl_generator_cppExport.cmake
[2.183s] -- Installing: /home/chayanin09/Documents/FUN4_ws/FUN4_6509/install/custom_interface/share/custom_interface/cmake/export_custom_interface__rosidl_typesupport_fastrtps_cppExport.cmake
[2.183s] -- Installing: /home/chayanin09/Documents/FUN4_ws/FUN4_6509/install/custom_interface/share/custom_interface/cmake/export_custom_interface__rosidl_typesupport_fastrtps_cppExport-noconfig.cmake
[2.183s] -- Installing: /home/chayanin09/Documents/FUN4_ws/FUN4_6509/install/custom_interface/share/custom_interface/cmake/custom_interface__rosidl_typesupport_introspection_cppExport.cmake
[2.183s] -- Installing: /home/chayanin09/Documents/FUN4_ws/FUN4_6509/install/custom_interface/share/custom_interface/cmake/custom_interface__rosidl_typesupport_introspection_cppExport-noconfig.cmake
[2.183s] -- Installing: /home/chayanin09/Documents/FUN4_ws/FUN4_6509/install/custom_interface/share/custom_interface/cmake/custom_interface__rosidl_typesupport_cppExport.cmake
[2.183s] -- Installing: /home/chayanin09/Documents/FUN4_ws/FUN4_6509/install/custom_interface/share/custom_interface/cmake/custom_interface__rosidl_typesupport_cppExport-noconfig.cmake
[2.183s] -- Installing: /home/chayanin09/Documents/FUN4_ws/FUN4_6509/install/custom_interface/share/custom_interface/cmake/export_custom_interface__rosidl_generator_pyExport.cmake
[2.183s] -- Installing: /home/chayanin09/Documents/FUN4_ws/FUN4_6509/install/custom_interface/share/custom_interface/cmake/export_custom_interface__rosidl_generator_pyExport-noconfig.cmake
[2.183s] -- Installing: /home/chayanin09/Documents/FUN4_ws/FUN4_6509/install/custom_interface/share/custom_interface/cmake/rosidl_cmake-extras.cmake
[2.183s] -- Installing: /home/chayanin09/Documents/FUN4_ws/FUN4_6509/install/custom_interface/share/custom_interface/cmake/ament_cmake_export_include_directories-extras.cmake
[2.183s] -- Installing: /home/chayanin09/Documents/FUN4_ws/FUN4_6509/install/custom_interface/share/custom_interface/cmake/ament_cmake_export_libraries-extras.cmake
[2.183s] -- Installing: /home/chayanin09/Documents/FUN4_ws/FUN4_6509/install/custom_interface/share/custom_interface/cmake/ament_cmake_export_targets-extras.cmake
[2.183s] -- Installing: /home/chayanin09/Documents/FUN4_ws/FUN4_6509/install/custom_interface/share/custom_interface/cmake/rosidl_cmake_export_typesupport_targets-extras.cmake
[2.183s] -- Installing: /home/chayanin09/Documents/FUN4_ws/FUN4_6509/install/custom_interface/share/custom_interface/cmake/ament_cmake_export_dependencies-extras.cmake
[2.183s] -- Installing: /home/chayanin09/Documents/FUN4_ws/FUN4_6509/install/custom_interface/share/custom_interface/cmake/rosidl_cmake_export_typesupport_libraries-extras.cmake
[2.183s] -- Installing: /home/chayanin09/Documents/FUN4_ws/FUN4_6509/install/custom_interface/share/custom_interface/cmake/custom_interfaceConfig.cmake
[2.183s] -- Installing: /home/chayanin09/Documents/FUN4_ws/FUN4_6509/install/custom_interface/share/custom_interface/cmake/custom_interfaceConfig-version.cmake
[2.183s] -- Installing: /home/chayanin09/Documents/FUN4_ws/FUN4_6509/install/custom_interface/share/custom_interface/package.xml
[2.185s] Invoked command in '/home/chayanin09/Documents/FUN4_ws/FUN4_6509/build/custom_interface' returned '0': CMAKE_PREFIX_PATH=${CMAKE_PREFIX_PATH}:/home/chayanin09/Documents/robot_modelling_ws/install/moveit_configs_utils:/home/chayanin09/Documents/robot_modelling_ws/install/launch_param_builder:/opt/ros/humble /usr/bin/cmake --install /home/chayanin09/Documents/FUN4_ws/FUN4_6509/build/custom_interface
