[0.010s] Invoking command in '/home/chayanin09/Documents/FUN4_ws/FUN4_6509/build/example_description': CMAKE_PREFIX_PATH=${CMAKE_PREFIX_PATH}:/home/chayanin09/Documents/robot_modelling_ws/install/moveit_configs_utils:/home/chayanin09/Documents/robot_modelling_ws/install/launch_param_builder:/opt/ros/humble /usr/bin/cmake --build /home/chayanin09/Documents/FUN4_ws/FUN4_6509/build/example_description -- -j20 -l20
[0.067s] [100%] Built target cpp_node_test
[0.074s] [100%] Built target ament_cmake_python_copy_example_description
[0.244s] running egg_info
[0.244s] writing example_description.egg-info/PKG-INFO
[0.244s] writing dependency_links to example_description.egg-info/dependency_links.txt
[0.244s] writing top-level names to example_description.egg-info/top_level.txt
[0.245s] reading manifest file 'example_description.egg-info/SOURCES.txt'
[0.246s] writing manifest file 'example_description.egg-info/SOURCES.txt'
[0.266s] [100%] Built target ament_cmake_python_build_example_description_egg
[0.279s] Invoked command in '/home/chayanin09/Documents/FUN4_ws/FUN4_6509/build/example_description' returned '0': CMAKE_PREFIX_PATH=${CMAKE_PREFIX_PATH}:/home/chayanin09/Documents/robot_modelling_ws/install/moveit_configs_utils:/home/chayanin09/Documents/robot_modelling_ws/install/launch_param_builder:/opt/ros/humble /usr/bin/cmake --build /home/chayanin09/Documents/FUN4_ws/FUN4_6509/build/example_description -- -j20 -l20
[0.326s] Invoking command in '/home/chayanin09/Documents/FUN4_ws/FUN4_6509/build/example_description': CMAKE_PREFIX_PATH=${CMAKE_PREFIX_PATH}:/home/chayanin09/Documents/robot_modelling_ws/install/moveit_configs_utils:/home/chayanin09/Documents/robot_modelling_ws/install/launch_param_builder:/opt/ros/humble /usr/bin/cmake --install /home/chayanin09/Documents/FUN4_ws/FUN4_6509/build/example_description
[0.332s] -- Install configuration: ""
[0.332s] -- Up-to-date: /home/chayanin09/Documents/FUN4_ws/FUN4_6509/install/example_description/share/example_description/environment/pythonpath.sh
[0.332s] -- Up-to-date: /home/chayanin09/Documents/FUN4_ws/FUN4_6509/install/example_description/share/example_description/environment/pythonpath.dsv
[0.332s] -- Up-to-date: /home/chayanin09/Documents/FUN4_ws/FUN4_6509/install/example_description/local/lib/python3.10/dist-packages/example_description-0.0.0-py3.10.egg-info
[0.332s] -- Installing: /home/chayanin09/Documents/FUN4_ws/FUN4_6509/install/example_description/local/lib/python3.10/dist-packages/example_description-0.0.0-py3.10.egg-info/dependency_links.txt
[0.332s] -- Installing: /home/chayanin09/Documents/FUN4_ws/FUN4_6509/install/example_description/local/lib/python3.10/dist-packages/example_description-0.0.0-py3.10.egg-info/PKG-INFO
[0.332s] -- Installing: /home/chayanin09/Documents/FUN4_ws/FUN4_6509/install/example_description/local/lib/python3.10/dist-packages/example_description-0.0.0-py3.10.egg-info/top_level.txt
[0.332s] -- Installing: /home/chayanin09/Documents/FUN4_ws/FUN4_6509/install/example_description/local/lib/python3.10/dist-packages/example_description-0.0.0-py3.10.egg-info/SOURCES.txt
[0.333s] -- Up-to-date: /home/chayanin09/Documents/FUN4_ws/FUN4_6509/install/example_description/local/lib/python3.10/dist-packages/example_description
[0.333s] -- Up-to-date: /home/chayanin09/Documents/FUN4_ws/FUN4_6509/install/example_description/local/lib/python3.10/dist-packages/example_description/__init__.py
[0.333s] -- Up-to-date: /home/chayanin09/Documents/FUN4_ws/FUN4_6509/install/example_description/local/lib/python3.10/dist-packages/example_description/dummy_module.py
[0.357s] Listing '/home/chayanin09/Documents/FUN4_ws/FUN4_6509/install/example_description/local/lib/python3.10/dist-packages/example_description'...
[0.360s] -- Up-to-date: /home/chayanin09/Documents/FUN4_ws/FUN4_6509/install/example_description/lib/example_description/dummy_script.py
[0.360s] -- Up-to-date: /home/chayanin09/Documents/FUN4_ws/FUN4_6509/install/example_description/lib/example_description/jointstate_script.py
[0.360s] -- Up-to-date: /home/chayanin09/Documents/FUN4_ws/FUN4_6509/install/example_description/lib/example_description/workspace_marker.py
[0.360s] -- Up-to-date: /home/chayanin09/Documents/FUN4_ws/FUN4_6509/install/example_description/lib/example_description/workspace_move.py
[0.360s] -- Up-to-date: /home/chayanin09/Documents/FUN4_ws/FUN4_6509/install/example_description/lib/example_description/random_position.py
[0.360s] -- Up-to-date: /home/chayanin09/Documents/FUN4_ws/FUN4_6509/install/example_description/lib/example_description/random_controller.py
[0.361s] -- Up-to-date: /home/chayanin09/Documents/FUN4_ws/FUN4_6509/install/example_description/lib/example_description/joint_sub_node.py
[0.361s] -- Up-to-date: /home/chayanin09/Documents/FUN4_ws/FUN4_6509/install/example_description/lib/example_description/robot_server.py
[0.361s] -- Up-to-date: /home/chayanin09/Documents/FUN4_ws/FUN4_6509/install/example_description/lib/example_description/cpp_node_test
[0.361s] -- Up-to-date: /home/chayanin09/Documents/FUN4_ws/FUN4_6509/install/example_description/share/example_description/config
[0.361s] -- Up-to-date: /home/chayanin09/Documents/FUN4_ws/FUN4_6509/install/example_description/share/example_description/config/my_display.rviz
[0.361s] -- Up-to-date: /home/chayanin09/Documents/FUN4_ws/FUN4_6509/install/example_description/share/example_description/config/display.rviz
[0.361s] -- Up-to-date: /home/chayanin09/Documents/FUN4_ws/FUN4_6509/install/example_description/share/example_description/launch
[0.361s] -- Up-to-date: /home/chayanin09/Documents/FUN4_ws/FUN4_6509/install/example_description/share/example_description/launch/end_effector_pos.launch.py
[0.361s] -- Up-to-date: /home/chayanin09/Documents/FUN4_ws/FUN4_6509/install/example_description/share/example_description/launch/fun.launch.py
[0.361s] -- Up-to-date: /home/chayanin09/Documents/FUN4_ws/FUN4_6509/install/example_description/share/example_description/launch/test.launch.py
[0.361s] -- Up-to-date: /home/chayanin09/Documents/FUN4_ws/FUN4_6509/install/example_description/share/example_description/launch/random_task.launch.py
[0.361s] -- Up-to-date: /home/chayanin09/Documents/FUN4_ws/FUN4_6509/install/example_description/share/example_description/launch/workspace_plot_display.launch.py
[0.361s] -- Installing: /home/chayanin09/Documents/FUN4_ws/FUN4_6509/install/example_description/share/example_description/launch/controller3mode.launch.py
[0.361s] -- Up-to-date: /home/chayanin09/Documents/FUN4_ws/FUN4_6509/install/example_description/share/example_description/meshes
[0.361s] -- Up-to-date: /home/chayanin09/Documents/FUN4_ws/FUN4_6509/install/example_description/share/example_description/meshes/link_2.stl
[0.361s] -- Up-to-date: /home/chayanin09/Documents/FUN4_ws/FUN4_6509/install/example_description/share/example_description/meshes/link_0.stl
[0.361s] -- Up-to-date: /home/chayanin09/Documents/FUN4_ws/FUN4_6509/install/example_description/share/example_description/meshes/link_3.stl
[0.361s] -- Up-to-date: /home/chayanin09/Documents/FUN4_ws/FUN4_6509/install/example_description/share/example_description/meshes/end_effector.stl
[0.362s] -- Up-to-date: /home/chayanin09/Documents/FUN4_ws/FUN4_6509/install/example_description/share/example_description/meshes/link_1.stl
[0.362s] -- Up-to-date: /home/chayanin09/Documents/FUN4_ws/FUN4_6509/install/example_description/share/example_description/robot
[0.362s] -- Up-to-date: /home/chayanin09/Documents/FUN4_ws/FUN4_6509/install/example_description/share/example_description/robot/visual
[0.362s] -- Up-to-date: /home/chayanin09/Documents/FUN4_ws/FUN4_6509/install/example_description/share/example_description/robot/visual/my-robot.xacro
[0.362s] -- Up-to-date: /home/chayanin09/Documents/FUN4_ws/FUN4_6509/install/example_description/share/example_description/robot/visual/01-myfirst.urdf
[0.362s] -- Up-to-date: /home/chayanin09/Documents/FUN4_ws/FUN4_6509/install/example_description/share/example_description/robot/visual/moveit_robot.xacro
[0.362s] -- Up-to-date: /home/chayanin09/Documents/FUN4_ws/FUN4_6509/install/example_description/share/ament_index/resource_index/package_run_dependencies/example_description
[0.362s] -- Up-to-date: /home/chayanin09/Documents/FUN4_ws/FUN4_6509/install/example_description/share/ament_index/resource_index/parent_prefix_path/example_description
[0.362s] -- Up-to-date: /home/chayanin09/Documents/FUN4_ws/FUN4_6509/install/example_description/share/example_description/environment/ament_prefix_path.sh
[0.362s] -- Up-to-date: /home/chayanin09/Documents/FUN4_ws/FUN4_6509/install/example_description/share/example_description/environment/ament_prefix_path.dsv
[0.362s] -- Up-to-date: /home/chayanin09/Documents/FUN4_ws/FUN4_6509/install/example_description/share/example_description/environment/path.sh
[0.362s] -- Up-to-date: /home/chayanin09/Documents/FUN4_ws/FUN4_6509/install/example_description/share/example_description/environment/path.dsv
[0.362s] -- Up-to-date: /home/chayanin09/Documents/FUN4_ws/FUN4_6509/install/example_description/share/example_description/local_setup.bash
[0.362s] -- Up-to-date: /home/chayanin09/Documents/FUN4_ws/FUN4_6509/install/example_description/share/example_description/local_setup.sh
[0.362s] -- Up-to-date: /home/chayanin09/Documents/FUN4_ws/FUN4_6509/install/example_description/share/example_description/local_setup.zsh
[0.362s] -- Up-to-date: /home/chayanin09/Documents/FUN4_ws/FUN4_6509/install/example_description/share/example_description/local_setup.dsv
[0.363s] -- Installing: /home/chayanin09/Documents/FUN4_ws/FUN4_6509/install/example_description/share/example_description/package.dsv
[0.363s] -- Up-to-date: /home/chayanin09/Documents/FUN4_ws/FUN4_6509/install/example_description/share/ament_index/resource_index/packages/example_description
[0.363s] -- Up-to-date: /home/chayanin09/Documents/FUN4_ws/FUN4_6509/install/example_description/share/example_description/cmake/example_descriptionConfig.cmake
[0.363s] -- Up-to-date: /home/chayanin09/Documents/FUN4_ws/FUN4_6509/install/example_description/share/example_description/cmake/example_descriptionConfig-version.cmake
[0.363s] -- Up-to-date: /home/chayanin09/Documents/FUN4_ws/FUN4_6509/install/example_description/share/example_description/package.xml
[0.363s] Invoked command in '/home/chayanin09/Documents/FUN4_ws/FUN4_6509/build/example_description' returned '0': CMAKE_PREFIX_PATH=${CMAKE_PREFIX_PATH}:/home/chayanin09/Documents/robot_modelling_ws/install/moveit_configs_utils:/home/chayanin09/Documents/robot_modelling_ws/install/launch_param_builder:/opt/ros/humble /usr/bin/cmake --install /home/chayanin09/Documents/FUN4_ws/FUN4_6509/build/example_description
