[0.011s] Invoking command in '/home/chayanin09/Documents/FUN4_ws/FUN4_6509/build/custom_interface': CMAKE_PREFIX_PATH=${CMAKE_PREFIX_PATH}:/opt/ros/humble /usr/bin/cmake --build /home/chayanin09/Documents/FUN4_ws/FUN4_6509/build/custom_interface -- -j20 -l20
[0.060s] [  2%] Built target custom_interface__cpp
[0.063s] [ 12%] Built target custom_interface__rosidl_generator_c
[0.066s] [ 12%] Built target ament_cmake_python_copy_custom_interface
[0.084s] [ 23%] Built target custom_interface__rosidl_typesupport_c
[0.084s] [ 34%] Built target custom_interface__rosidl_typesupport_fastrtps_cpp
[0.085s] [ 44%] Built target custom_interface__rosidl_typesupport_introspection_cpp
[0.086s] [ 55%] Built target custom_interface__rosidl_typesupport_fastrtps_c
[0.088s] [ 65%] Built target custom_interface__rosidl_typesupport_cpp
[0.090s] [ 76%] Built target custom_interface__rosidl_typesupport_introspection_c
[0.107s] [ 76%] Built target custom_interface
[0.124s] [ 78%] Built target custom_interface__py
[0.143s] [ 87%] Built target custom_interface__rosidl_generator_py
[0.160s] [ 95%] Built target custom_interface__rosidl_typesupport_introspection_c__pyext
[0.161s] [ 95%] Built target custom_interface__rosidl_typesupport_fastrtps_c__pyext
[0.163s] [100%] Built target custom_interface__rosidl_typesupport_c__pyext
[0.224s] running egg_info
[0.224s] writing custom_interface.egg-info/PKG-INFO
[0.224s] writing dependency_links to custom_interface.egg-info/dependency_links.txt
[0.224s] writing top-level names to custom_interface.egg-info/top_level.txt
[0.225s] reading manifest file 'custom_interface.egg-info/SOURCES.txt'
[0.225s] writing manifest file 'custom_interface.egg-info/SOURCES.txt'
[0.248s] [100%] Built target ament_cmake_python_build_custom_interface_egg
[0.258s] Invoked command in '/home/chayanin09/Documents/FUN4_ws/FUN4_6509/build/custom_interface' returned '0': CMAKE_PREFIX_PATH=${CMAKE_PREFIX_PATH}:/opt/ros/humble /usr/bin/cmake --build /home/chayanin09/Documents/FUN4_ws/FUN4_6509/build/custom_interface -- -j20 -l20
[0.335s] Invoking command in '/home/chayanin09/Documents/FUN4_ws/FUN4_6509/build/custom_interface': CMAKE_PREFIX_PATH=${CMAKE_PREFIX_PATH}:/opt/ros/humble /usr/bin/cmake --install /home/chayanin09/Documents/FUN4_ws/FUN4_6509/build/custom_interface
[0.341s] -- Install configuration: ""
[0.341s] -- Up-to-date: /home/chayanin09/Documents/FUN4_ws/FUN4_6509/install/custom_interface/share/ament_index/resource_index/rosidl_interfaces/custom_interface
[0.342s] -- Up-to-date: /home/chayanin09/Documents/FUN4_ws/FUN4_6509/install/custom_interface/include/custom_interface/custom_interface
[0.342s] -- Up-to-date: /home/chayanin09/Documents/FUN4_ws/FUN4_6509/install/custom_interface/include/custom_interface/custom_interface/msg
[0.342s] -- Up-to-date: /home/chayanin09/Documents/FUN4_ws/FUN4_6509/install/custom_interface/include/custom_interface/custom_interface/msg/rosidl_generator_c__visibility_control.h
[0.342s] -- Up-to-date: /home/chayanin09/Documents/FUN4_ws/FUN4_6509/install/custom_interface/include/custom_interface/custom_interface/srv
[0.342s] -- Up-to-date: /home/chayanin09/Documents/FUN4_ws/FUN4_6509/install/custom_interface/include/custom_interface/custom_interface/srv/detail
[0.342s] -- Up-to-date: /home/chayanin09/Documents/FUN4_ws/FUN4_6509/install/custom_interface/include/custom_interface/custom_interface/srv/detail/set_taskspace__functions.h
[0.343s] -- Up-to-date: /home/chayanin09/Documents/FUN4_ws/FUN4_6509/install/custom_interface/include/custom_interface/custom_interface/srv/detail/set_taskspace__type_support.h
[0.343s] -- Up-to-date: /home/chayanin09/Documents/FUN4_ws/FUN4_6509/install/custom_interface/include/custom_interface/custom_interface/srv/detail/change_mode__type_support.h
[0.343s] -- Up-to-date: /home/chayanin09/Documents/FUN4_ws/FUN4_6509/install/custom_interface/include/custom_interface/custom_interface/srv/detail/mode3_control__type_support.h
[0.343s] -- Up-to-date: /home/chayanin09/Documents/FUN4_ws/FUN4_6509/install/custom_interface/include/custom_interface/custom_interface/srv/detail/change_mode__struct.h
[0.343s] -- Up-to-date: /home/chayanin09/Documents/FUN4_ws/FUN4_6509/install/custom_interface/include/custom_interface/custom_interface/srv/detail/change_mode__functions.c
[0.343s] -- Up-to-date: /home/chayanin09/Documents/FUN4_ws/FUN4_6509/install/custom_interface/include/custom_interface/custom_interface/srv/detail/mode3_control__functions.c
[0.343s] -- Up-to-date: /home/chayanin09/Documents/FUN4_ws/FUN4_6509/install/custom_interface/include/custom_interface/custom_interface/srv/detail/mode3_control__struct.h
[0.343s] -- Up-to-date: /home/chayanin09/Documents/FUN4_ws/FUN4_6509/install/custom_interface/include/custom_interface/custom_interface/srv/detail/mode3_control__functions.h
[0.343s] -- Up-to-date: /home/chayanin09/Documents/FUN4_ws/FUN4_6509/install/custom_interface/include/custom_interface/custom_interface/srv/detail/set_taskspace__functions.c
[0.343s] -- Up-to-date: /home/chayanin09/Documents/FUN4_ws/FUN4_6509/install/custom_interface/include/custom_interface/custom_interface/srv/detail/set_taskspace__struct.h
[0.343s] -- Up-to-date: /home/chayanin09/Documents/FUN4_ws/FUN4_6509/install/custom_interface/include/custom_interface/custom_interface/srv/detail/change_mode__functions.h
[0.343s] -- Up-to-date: /home/chayanin09/Documents/FUN4_ws/FUN4_6509/install/custom_interface/include/custom_interface/custom_interface/srv/set_taskspace.h
[0.343s] -- Up-to-date: /home/chayanin09/Documents/FUN4_ws/FUN4_6509/install/custom_interface/include/custom_interface/custom_interface/srv/change_mode.h
[0.343s] -- Up-to-date: /home/chayanin09/Documents/FUN4_ws/FUN4_6509/install/custom_interface/include/custom_interface/custom_interface/srv/mode3_control.h
[0.343s] -- Up-to-date: /home/chayanin09/Documents/FUN4_ws/FUN4_6509/install/custom_interface/share/custom_interface/environment/library_path.sh
[0.343s] -- Up-to-date: /home/chayanin09/Documents/FUN4_ws/FUN4_6509/install/custom_interface/share/custom_interface/environment/library_path.dsv
[0.343s] -- Up-to-date: /home/chayanin09/Documents/FUN4_ws/FUN4_6509/install/custom_interface/lib/libcustom_interface__rosidl_generator_c.so
[0.343s] -- Up-to-date: /home/chayanin09/Documents/FUN4_ws/FUN4_6509/install/custom_interface/include/custom_interface/custom_interface
[0.343s] -- Up-to-date: /home/chayanin09/Documents/FUN4_ws/FUN4_6509/install/custom_interface/include/custom_interface/custom_interface/msg
[0.343s] -- Up-to-date: /home/chayanin09/Documents/FUN4_ws/FUN4_6509/install/custom_interface/include/custom_interface/custom_interface/msg/rosidl_typesupport_fastrtps_c__visibility_control.h
[0.343s] -- Up-to-date: /home/chayanin09/Documents/FUN4_ws/FUN4_6509/install/custom_interface/include/custom_interface/custom_interface/srv
[0.343s] -- Up-to-date: /home/chayanin09/Documents/FUN4_ws/FUN4_6509/install/custom_interface/include/custom_interface/custom_interface/srv/detail
[0.343s] -- Up-to-date: /home/chayanin09/Documents/FUN4_ws/FUN4_6509/install/custom_interface/include/custom_interface/custom_interface/srv/detail/set_taskspace__rosidl_typesupport_fastrtps_c.h
[0.343s] -- Up-to-date: /home/chayanin09/Documents/FUN4_ws/FUN4_6509/install/custom_interface/include/custom_interface/custom_interface/srv/detail/change_mode__rosidl_typesupport_fastrtps_c.h
[0.343s] -- Up-to-date: /home/chayanin09/Documents/FUN4_ws/FUN4_6509/install/custom_interface/include/custom_interface/custom_interface/srv/detail/mode3_control__rosidl_typesupport_fastrtps_c.h
[0.343s] -- Up-to-date: /home/chayanin09/Documents/FUN4_ws/FUN4_6509/install/custom_interface/lib/libcustom_interface__rosidl_typesupport_fastrtps_c.so
[0.343s] -- Up-to-date: /home/chayanin09/Documents/FUN4_ws/FUN4_6509/install/custom_interface/include/custom_interface/custom_interface
[0.343s] -- Up-to-date: /home/chayanin09/Documents/FUN4_ws/FUN4_6509/install/custom_interface/include/custom_interface/custom_interface/srv
[0.343s] -- Up-to-date: /home/chayanin09/Documents/FUN4_ws/FUN4_6509/install/custom_interface/include/custom_interface/custom_interface/srv/detail
[0.344s] -- Up-to-date: /home/chayanin09/Documents/FUN4_ws/FUN4_6509/install/custom_interface/include/custom_interface/custom_interface/srv/detail/mode3_control__builder.hpp
[0.344s] -- Up-to-date: /home/chayanin09/Documents/FUN4_ws/FUN4_6509/install/custom_interface/include/custom_interface/custom_interface/srv/detail/change_mode__builder.hpp
[0.344s] -- Up-to-date: /home/chayanin09/Documents/FUN4_ws/FUN4_6509/install/custom_interface/include/custom_interface/custom_interface/srv/detail/mode3_control__traits.hpp
[0.344s] -- Up-to-date: /home/chayanin09/Documents/FUN4_ws/FUN4_6509/install/custom_interface/include/custom_interface/custom_interface/srv/detail/set_taskspace__traits.hpp
[0.344s] -- Up-to-date: /home/chayanin09/Documents/FUN4_ws/FUN4_6509/install/custom_interface/include/custom_interface/custom_interface/srv/detail/set_taskspace__struct.hpp
[0.344s] -- Up-to-date: /home/chayanin09/Documents/FUN4_ws/FUN4_6509/install/custom_interface/include/custom_interface/custom_interface/srv/detail/mode3_control__struct.hpp
[0.344s] -- Up-to-date: /home/chayanin09/Documents/FUN4_ws/FUN4_6509/install/custom_interface/include/custom_interface/custom_interface/srv/detail/change_mode__struct.hpp
[0.344s] -- Up-to-date: /home/chayanin09/Documents/FUN4_ws/FUN4_6509/install/custom_interface/include/custom_interface/custom_interface/srv/detail/change_mode__traits.hpp
[0.345s] -- Up-to-date: /home/chayanin09/Documents/FUN4_ws/FUN4_6509/install/custom_interface/include/custom_interface/custom_interface/srv/detail/set_taskspace__builder.hpp
[0.345s] -- Up-to-date: /home/chayanin09/Documents/FUN4_ws/FUN4_6509/install/custom_interface/include/custom_interface/custom_interface/srv/change_mode.hpp
[0.345s] -- Up-to-date: /home/chayanin09/Documents/FUN4_ws/FUN4_6509/install/custom_interface/include/custom_interface/custom_interface/srv/set_taskspace.hpp
[0.345s] -- Up-to-date: /home/chayanin09/Documents/FUN4_ws/FUN4_6509/install/custom_interface/include/custom_interface/custom_interface/srv/mode3_control.hpp
[0.345s] -- Up-to-date: /home/chayanin09/Documents/FUN4_ws/FUN4_6509/install/custom_interface/include/custom_interface/custom_interface
[0.346s] -- Up-to-date: /home/chayanin09/Documents/FUN4_ws/FUN4_6509/install/custom_interface/include/custom_interface/custom_interface/msg
[0.346s] -- Up-to-date: /home/chayanin09/Documents/FUN4_ws/FUN4_6509/install/custom_interface/include/custom_interface/custom_interface/msg/rosidl_typesupport_fastrtps_cpp__visibility_control.h
[0.346s] -- Up-to-date: /home/chayanin09/Documents/FUN4_ws/FUN4_6509/install/custom_interface/include/custom_interface/custom_interface/srv
[0.346s] -- Up-to-date: /home/chayanin09/Documents/FUN4_ws/FUN4_6509/install/custom_interface/include/custom_interface/custom_interface/srv/detail
[0.346s] -- Up-to-date: /home/chayanin09/Documents/FUN4_ws/FUN4_6509/install/custom_interface/include/custom_interface/custom_interface/srv/detail/mode3_control__rosidl_typesupport_fastrtps_cpp.hpp
[0.346s] -- Up-to-date: /home/chayanin09/Documents/FUN4_ws/FUN4_6509/install/custom_interface/include/custom_interface/custom_interface/srv/detail/dds_fastrtps
[0.346s] -- Up-to-date: /home/chayanin09/Documents/FUN4_ws/FUN4_6509/install/custom_interface/include/custom_interface/custom_interface/srv/detail/change_mode__rosidl_typesupport_fastrtps_cpp.hpp
[0.346s] -- Up-to-date: /home/chayanin09/Documents/FUN4_ws/FUN4_6509/install/custom_interface/include/custom_interface/custom_interface/srv/detail/set_taskspace__rosidl_typesupport_fastrtps_cpp.hpp
[0.346s] -- Up-to-date: /home/chayanin09/Documents/FUN4_ws/FUN4_6509/install/custom_interface/lib/libcustom_interface__rosidl_typesupport_fastrtps_cpp.so
[0.347s] -- Up-to-date: /home/chayanin09/Documents/FUN4_ws/FUN4_6509/install/custom_interface/include/custom_interface/custom_interface
[0.347s] -- Up-to-date: /home/chayanin09/Documents/FUN4_ws/FUN4_6509/install/custom_interface/include/custom_interface/custom_interface/msg
[0.347s] -- Up-to-date: /home/chayanin09/Documents/FUN4_ws/FUN4_6509/install/custom_interface/include/custom_interface/custom_interface/msg/rosidl_typesupport_introspection_c__visibility_control.h
[0.347s] -- Up-to-date: /home/chayanin09/Documents/FUN4_ws/FUN4_6509/install/custom_interface/include/custom_interface/custom_interface/srv
[0.347s] -- Up-to-date: /home/chayanin09/Documents/FUN4_ws/FUN4_6509/install/custom_interface/include/custom_interface/custom_interface/srv/detail
[0.347s] -- Up-to-date: /home/chayanin09/Documents/FUN4_ws/FUN4_6509/install/custom_interface/include/custom_interface/custom_interface/srv/detail/mode3_control__rosidl_typesupport_introspection_c.h
[0.347s] -- Up-to-date: /home/chayanin09/Documents/FUN4_ws/FUN4_6509/install/custom_interface/include/custom_interface/custom_interface/srv/detail/set_taskspace__rosidl_typesupport_introspection_c.h
[0.347s] -- Up-to-date: /home/chayanin09/Documents/FUN4_ws/FUN4_6509/install/custom_interface/include/custom_interface/custom_interface/srv/detail/change_mode__type_support.c
[0.347s] -- Up-to-date: /home/chayanin09/Documents/FUN4_ws/FUN4_6509/install/custom_interface/include/custom_interface/custom_interface/srv/detail/mode3_control__type_support.c
[0.347s] -- Up-to-date: /home/chayanin09/Documents/FUN4_ws/FUN4_6509/install/custom_interface/include/custom_interface/custom_interface/srv/detail/change_mode__rosidl_typesupport_introspection_c.h
[0.347s] -- Up-to-date: /home/chayanin09/Documents/FUN4_ws/FUN4_6509/install/custom_interface/include/custom_interface/custom_interface/srv/detail/set_taskspace__type_support.c
[0.347s] -- Up-to-date: /home/chayanin09/Documents/FUN4_ws/FUN4_6509/install/custom_interface/lib/libcustom_interface__rosidl_typesupport_introspection_c.so
[0.347s] -- Up-to-date: /home/chayanin09/Documents/FUN4_ws/FUN4_6509/install/custom_interface/lib/libcustom_interface__rosidl_typesupport_c.so
[0.347s] -- Up-to-date: /home/chayanin09/Documents/FUN4_ws/FUN4_6509/install/custom_interface/include/custom_interface/custom_interface
[0.347s] -- Up-to-date: /home/chayanin09/Documents/FUN4_ws/FUN4_6509/install/custom_interface/include/custom_interface/custom_interface/srv
[0.347s] -- Up-to-date: /home/chayanin09/Documents/FUN4_ws/FUN4_6509/install/custom_interface/include/custom_interface/custom_interface/srv/detail
[0.347s] -- Up-to-date: /home/chayanin09/Documents/FUN4_ws/FUN4_6509/install/custom_interface/include/custom_interface/custom_interface/srv/detail/mode3_control__rosidl_typesupport_introspection_cpp.hpp
[0.347s] -- Up-to-date: /home/chayanin09/Documents/FUN4_ws/FUN4_6509/install/custom_interface/include/custom_interface/custom_interface/srv/detail/change_mode__type_support.cpp
[0.347s] -- Up-to-date: /home/chayanin09/Documents/FUN4_ws/FUN4_6509/install/custom_interface/include/custom_interface/custom_interface/srv/detail/mode3_control__type_support.cpp
[0.347s] -- Up-to-date: /home/chayanin09/Documents/FUN4_ws/FUN4_6509/install/custom_interface/include/custom_interface/custom_interface/srv/detail/set_taskspace__type_support.cpp
[0.347s] -- Up-to-date: /home/chayanin09/Documents/FUN4_ws/FUN4_6509/install/custom_interface/include/custom_interface/custom_interface/srv/detail/change_mode__rosidl_typesupport_introspection_cpp.hpp
[0.347s] -- Up-to-date: /home/chayanin09/Documents/FUN4_ws/FUN4_6509/install/custom_interface/include/custom_interface/custom_interface/srv/detail/set_taskspace__rosidl_typesupport_introspection_cpp.hpp
[0.348s] -- Up-to-date: /home/chayanin09/Documents/FUN4_ws/FUN4_6509/install/custom_interface/lib/libcustom_interface__rosidl_typesupport_introspection_cpp.so
[0.348s] -- Up-to-date: /home/chayanin09/Documents/FUN4_ws/FUN4_6509/install/custom_interface/lib/libcustom_interface__rosidl_typesupport_cpp.so
[0.348s] -- Up-to-date: /home/chayanin09/Documents/FUN4_ws/FUN4_6509/install/custom_interface/share/custom_interface/environment/pythonpath.sh
[0.348s] -- Up-to-date: /home/chayanin09/Documents/FUN4_ws/FUN4_6509/install/custom_interface/share/custom_interface/environment/pythonpath.dsv
[0.348s] -- Up-to-date: /home/chayanin09/Documents/FUN4_ws/FUN4_6509/install/custom_interface/local/lib/python3.10/dist-packages/custom_interface-0.0.0-py3.10.egg-info
[0.348s] -- Installing: /home/chayanin09/Documents/FUN4_ws/FUN4_6509/install/custom_interface/local/lib/python3.10/dist-packages/custom_interface-0.0.0-py3.10.egg-info/dependency_links.txt
[0.348s] -- Installing: /home/chayanin09/Documents/FUN4_ws/FUN4_6509/install/custom_interface/local/lib/python3.10/dist-packages/custom_interface-0.0.0-py3.10.egg-info/PKG-INFO
[0.348s] -- Installing: /home/chayanin09/Documents/FUN4_ws/FUN4_6509/install/custom_interface/local/lib/python3.10/dist-packages/custom_interface-0.0.0-py3.10.egg-info/top_level.txt
[0.348s] -- Installing: /home/chayanin09/Documents/FUN4_ws/FUN4_6509/install/custom_interface/local/lib/python3.10/dist-packages/custom_interface-0.0.0-py3.10.egg-info/SOURCES.txt
[0.348s] -- Up-to-date: /home/chayanin09/Documents/FUN4_ws/FUN4_6509/install/custom_interface/local/lib/python3.10/dist-packages/custom_interface
[0.348s] -- Up-to-date: /home/chayanin09/Documents/FUN4_ws/FUN4_6509/install/custom_interface/local/lib/python3.10/dist-packages/custom_interface/_custom_interface_s.ep.rosidl_typesupport_fastrtps_c.c
[0.348s] -- Up-to-date: /home/chayanin09/Documents/FUN4_ws/FUN4_6509/install/custom_interface/local/lib/python3.10/dist-packages/custom_interface/custom_interface_s__rosidl_typesupport_c.cpython-310-x86_64-linux-gnu.so
[0.348s] -- Up-to-date: /home/chayanin09/Documents/FUN4_ws/FUN4_6509/install/custom_interface/local/lib/python3.10/dist-packages/custom_interface/custom_interface_s__rosidl_typesupport_introspection_c.cpython-310-x86_64-linux-gnu.so
[0.348s] -- Up-to-date: /home/chayanin09/Documents/FUN4_ws/FUN4_6509/install/custom_interface/local/lib/python3.10/dist-packages/custom_interface/custom_interface_s__rosidl_typesupport_fastrtps_c.cpython-310-x86_64-linux-gnu.so
[0.349s] -- Up-to-date: /home/chayanin09/Documents/FUN4_ws/FUN4_6509/install/custom_interface/local/lib/python3.10/dist-packages/custom_interface/_custom_interface_s.ep.rosidl_typesupport_c.c
[0.349s] -- Up-to-date: /home/chayanin09/Documents/FUN4_ws/FUN4_6509/install/custom_interface/local/lib/python3.10/dist-packages/custom_interface/__init__.py
[0.349s] -- Up-to-date: /home/chayanin09/Documents/FUN4_ws/FUN4_6509/install/custom_interface/local/lib/python3.10/dist-packages/custom_interface/srv
[0.349s] -- Up-to-date: /home/chayanin09/Documents/FUN4_ws/FUN4_6509/install/custom_interface/local/lib/python3.10/dist-packages/custom_interface/srv/_change_mode.py
[0.349s] -- Up-to-date: /home/chayanin09/Documents/FUN4_ws/FUN4_6509/install/custom_interface/local/lib/python3.10/dist-packages/custom_interface/srv/_mode3_control.py
[0.349s] -- Up-to-date: /home/chayanin09/Documents/FUN4_ws/FUN4_6509/install/custom_interface/local/lib/python3.10/dist-packages/custom_interface/srv/_mode3_control_s.c
[0.349s] -- Up-to-date: /home/chayanin09/Documents/FUN4_ws/FUN4_6509/install/custom_interface/local/lib/python3.10/dist-packages/custom_interface/srv/_set_taskspace_s.c
[0.349s] -- Up-to-date: /home/chayanin09/Documents/FUN4_ws/FUN4_6509/install/custom_interface/local/lib/python3.10/dist-packages/custom_interface/srv/_change_mode_s.c
[0.349s] -- Up-to-date: /home/chayanin09/Documents/FUN4_ws/FUN4_6509/install/custom_interface/local/lib/python3.10/dist-packages/custom_interface/srv/__init__.py
[0.349s] -- Up-to-date: /home/chayanin09/Documents/FUN4_ws/FUN4_6509/install/custom_interface/local/lib/python3.10/dist-packages/custom_interface/srv/_set_taskspace.py
[0.349s] -- Up-to-date: /home/chayanin09/Documents/FUN4_ws/FUN4_6509/install/custom_interface/local/lib/python3.10/dist-packages/custom_interface/libcustom_interface__rosidl_generator_py.so
[0.349s] -- Up-to-date: /home/chayanin09/Documents/FUN4_ws/FUN4_6509/install/custom_interface/local/lib/python3.10/dist-packages/custom_interface/_custom_interface_s.ep.rosidl_typesupport_introspection_c.c
[0.363s] Listing '/home/chayanin09/Documents/FUN4_ws/FUN4_6509/install/custom_interface/local/lib/python3.10/dist-packages/custom_interface'...
[0.363s] Listing '/home/chayanin09/Documents/FUN4_ws/FUN4_6509/install/custom_interface/local/lib/python3.10/dist-packages/custom_interface/srv'...
[0.366s] -- Up-to-date: /home/chayanin09/Documents/FUN4_ws/FUN4_6509/install/custom_interface/local/lib/python3.10/dist-packages/custom_interface/custom_interface_s__rosidl_typesupport_fastrtps_c.cpython-310-x86_64-linux-gnu.so
[0.366s] -- Up-to-date: /home/chayanin09/Documents/FUN4_ws/FUN4_6509/install/custom_interface/local/lib/python3.10/dist-packages/custom_interface/custom_interface_s__rosidl_typesupport_introspection_c.cpython-310-x86_64-linux-gnu.so
[0.366s] -- Up-to-date: /home/chayanin09/Documents/FUN4_ws/FUN4_6509/install/custom_interface/local/lib/python3.10/dist-packages/custom_interface/custom_interface_s__rosidl_typesupport_c.cpython-310-x86_64-linux-gnu.so
[0.366s] -- Up-to-date: /home/chayanin09/Documents/FUN4_ws/FUN4_6509/install/custom_interface/lib/libcustom_interface__rosidl_generator_py.so
[0.366s] -- Up-to-date: /home/chayanin09/Documents/FUN4_ws/FUN4_6509/install/custom_interface/share/custom_interface/srv/ChangeMode.idl
[0.366s] -- Up-to-date: /home/chayanin09/Documents/FUN4_ws/FUN4_6509/install/custom_interface/share/custom_interface/srv/SetTaskspace.idl
[0.366s] -- Up-to-date: /home/chayanin09/Documents/FUN4_ws/FUN4_6509/install/custom_interface/share/custom_interface/srv/Mode3Control.idl
[0.366s] -- Up-to-date: /home/chayanin09/Documents/FUN4_ws/FUN4_6509/install/custom_interface/share/custom_interface/srv/ChangeMode.srv
[0.366s] -- Up-to-date: /home/chayanin09/Documents/FUN4_ws/FUN4_6509/install/custom_interface/share/custom_interface/srv/ChangeMode_Request.msg
[0.367s] -- Up-to-date: /home/chayanin09/Documents/FUN4_ws/FUN4_6509/install/custom_interface/share/custom_interface/srv/ChangeMode_Response.msg
[0.367s] -- Up-to-date: /home/chayanin09/Documents/FUN4_ws/FUN4_6509/install/custom_interface/share/custom_interface/srv/SetTaskspace.srv
[0.367s] -- Up-to-date: /home/chayanin09/Documents/FUN4_ws/FUN4_6509/install/custom_interface/share/custom_interface/srv/SetTaskspace_Request.msg
[0.367s] -- Up-to-date: /home/chayanin09/Documents/FUN4_ws/FUN4_6509/install/custom_interface/share/custom_interface/srv/SetTaskspace_Response.msg
[0.367s] -- Up-to-date: /home/chayanin09/Documents/FUN4_ws/FUN4_6509/install/custom_interface/share/custom_interface/srv/Mode3Control.srv
[0.367s] -- Up-to-date: /home/chayanin09/Documents/FUN4_ws/FUN4_6509/install/custom_interface/share/custom_interface/srv/Mode3Control_Request.msg
[0.367s] -- Up-to-date: /home/chayanin09/Documents/FUN4_ws/FUN4_6509/install/custom_interface/share/custom_interface/srv/Mode3Control_Response.msg
[0.367s] -- Up-to-date: /home/chayanin09/Documents/FUN4_ws/FUN4_6509/install/custom_interface/share/ament_index/resource_index/package_run_dependencies/custom_interface
[0.367s] -- Up-to-date: /home/chayanin09/Documents/FUN4_ws/FUN4_6509/install/custom_interface/share/ament_index/resource_index/parent_prefix_path/custom_interface
[0.367s] -- Up-to-date: /home/chayanin09/Documents/FUN4_ws/FUN4_6509/install/custom_interface/share/custom_interface/environment/ament_prefix_path.sh
[0.367s] -- Up-to-date: /home/chayanin09/Documents/FUN4_ws/FUN4_6509/install/custom_interface/share/custom_interface/environment/ament_prefix_path.dsv
[0.367s] -- Up-to-date: /home/chayanin09/Documents/FUN4_ws/FUN4_6509/install/custom_interface/share/custom_interface/environment/path.sh
[0.367s] -- Up-to-date: /home/chayanin09/Documents/FUN4_ws/FUN4_6509/install/custom_interface/share/custom_interface/environment/path.dsv
[0.367s] -- Up-to-date: /home/chayanin09/Documents/FUN4_ws/FUN4_6509/install/custom_interface/share/custom_interface/local_setup.bash
[0.368s] -- Up-to-date: /home/chayanin09/Documents/FUN4_ws/FUN4_6509/install/custom_interface/share/custom_interface/local_setup.sh
[0.368s] -- Up-to-date: /home/chayanin09/Documents/FUN4_ws/FUN4_6509/install/custom_interface/share/custom_interface/local_setup.zsh
[0.368s] -- Up-to-date: /home/chayanin09/Documents/FUN4_ws/FUN4_6509/install/custom_interface/share/custom_interface/local_setup.dsv
[0.368s] -- Installing: /home/chayanin09/Documents/FUN4_ws/FUN4_6509/install/custom_interface/share/custom_interface/package.dsv
[0.368s] -- Up-to-date: /home/chayanin09/Documents/FUN4_ws/FUN4_6509/install/custom_interface/share/ament_index/resource_index/packages/custom_interface
[0.368s] -- Up-to-date: /home/chayanin09/Documents/FUN4_ws/FUN4_6509/install/custom_interface/share/custom_interface/cmake/export_custom_interface__rosidl_generator_cExport.cmake
[0.368s] -- Up-to-date: /home/chayanin09/Documents/FUN4_ws/FUN4_6509/install/custom_interface/share/custom_interface/cmake/export_custom_interface__rosidl_generator_cExport-noconfig.cmake
[0.368s] -- Up-to-date: /home/chayanin09/Documents/FUN4_ws/FUN4_6509/install/custom_interface/share/custom_interface/cmake/export_custom_interface__rosidl_typesupport_fastrtps_cExport.cmake
[0.368s] -- Up-to-date: /home/chayanin09/Documents/FUN4_ws/FUN4_6509/install/custom_interface/share/custom_interface/cmake/export_custom_interface__rosidl_typesupport_fastrtps_cExport-noconfig.cmake
[0.368s] -- Up-to-date: /home/chayanin09/Documents/FUN4_ws/FUN4_6509/install/custom_interface/share/custom_interface/cmake/export_custom_interface__rosidl_generator_cppExport.cmake
[0.368s] -- Up-to-date: /home/chayanin09/Documents/FUN4_ws/FUN4_6509/install/custom_interface/share/custom_interface/cmake/export_custom_interface__rosidl_typesupport_fastrtps_cppExport.cmake
[0.368s] -- Up-to-date: /home/chayanin09/Documents/FUN4_ws/FUN4_6509/install/custom_interface/share/custom_interface/cmake/export_custom_interface__rosidl_typesupport_fastrtps_cppExport-noconfig.cmake
[0.368s] -- Up-to-date: /home/chayanin09/Documents/FUN4_ws/FUN4_6509/install/custom_interface/share/custom_interface/cmake/custom_interface__rosidl_typesupport_introspection_cExport.cmake
[0.368s] -- Up-to-date: /home/chayanin09/Documents/FUN4_ws/FUN4_6509/install/custom_interface/share/custom_interface/cmake/custom_interface__rosidl_typesupport_introspection_cExport-noconfig.cmake
[0.368s] -- Up-to-date: /home/chayanin09/Documents/FUN4_ws/FUN4_6509/install/custom_interface/share/custom_interface/cmake/custom_interface__rosidl_typesupport_cExport.cmake
[0.368s] -- Up-to-date: /home/chayanin09/Documents/FUN4_ws/FUN4_6509/install/custom_interface/share/custom_interface/cmake/custom_interface__rosidl_typesupport_cExport-noconfig.cmake
[0.369s] -- Up-to-date: /home/chayanin09/Documents/FUN4_ws/FUN4_6509/install/custom_interface/share/custom_interface/cmake/custom_interface__rosidl_typesupport_introspection_cppExport.cmake
[0.369s] -- Up-to-date: /home/chayanin09/Documents/FUN4_ws/FUN4_6509/install/custom_interface/share/custom_interface/cmake/custom_interface__rosidl_typesupport_introspection_cppExport-noconfig.cmake
[0.369s] -- Up-to-date: /home/chayanin09/Documents/FUN4_ws/FUN4_6509/install/custom_interface/share/custom_interface/cmake/custom_interface__rosidl_typesupport_cppExport.cmake
[0.369s] -- Up-to-date: /home/chayanin09/Documents/FUN4_ws/FUN4_6509/install/custom_interface/share/custom_interface/cmake/custom_interface__rosidl_typesupport_cppExport-noconfig.cmake
[0.369s] -- Up-to-date: /home/chayanin09/Documents/FUN4_ws/FUN4_6509/install/custom_interface/share/custom_interface/cmake/export_custom_interface__rosidl_generator_pyExport.cmake
[0.369s] -- Up-to-date: /home/chayanin09/Documents/FUN4_ws/FUN4_6509/install/custom_interface/share/custom_interface/cmake/export_custom_interface__rosidl_generator_pyExport-noconfig.cmake
[0.369s] -- Up-to-date: /home/chayanin09/Documents/FUN4_ws/FUN4_6509/install/custom_interface/share/custom_interface/cmake/rosidl_cmake-extras.cmake
[0.369s] -- Up-to-date: /home/chayanin09/Documents/FUN4_ws/FUN4_6509/install/custom_interface/share/custom_interface/cmake/ament_cmake_export_dependencies-extras.cmake
[0.369s] -- Up-to-date: /home/chayanin09/Documents/FUN4_ws/FUN4_6509/install/custom_interface/share/custom_interface/cmake/ament_cmake_export_include_directories-extras.cmake
[0.369s] -- Up-to-date: /home/chayanin09/Documents/FUN4_ws/FUN4_6509/install/custom_interface/share/custom_interface/cmake/ament_cmake_export_libraries-extras.cmake
[0.369s] -- Up-to-date: /home/chayanin09/Documents/FUN4_ws/FUN4_6509/install/custom_interface/share/custom_interface/cmake/ament_cmake_export_targets-extras.cmake
[0.370s] -- Up-to-date: /home/chayanin09/Documents/FUN4_ws/FUN4_6509/install/custom_interface/share/custom_interface/cmake/rosidl_cmake_export_typesupport_targets-extras.cmake
[0.370s] -- Up-to-date: /home/chayanin09/Documents/FUN4_ws/FUN4_6509/install/custom_interface/share/custom_interface/cmake/rosidl_cmake_export_typesupport_libraries-extras.cmake
[0.370s] -- Up-to-date: /home/chayanin09/Documents/FUN4_ws/FUN4_6509/install/custom_interface/share/custom_interface/cmake/custom_interfaceConfig.cmake
[0.370s] -- Up-to-date: /home/chayanin09/Documents/FUN4_ws/FUN4_6509/install/custom_interface/share/custom_interface/cmake/custom_interfaceConfig-version.cmake
[0.370s] -- Up-to-date: /home/chayanin09/Documents/FUN4_ws/FUN4_6509/install/custom_interface/share/custom_interface/package.xml
[0.370s] Invoked command in '/home/chayanin09/Documents/FUN4_ws/FUN4_6509/build/custom_interface' returned '0': CMAKE_PREFIX_PATH=${CMAKE_PREFIX_PATH}:/opt/ros/humble /usr/bin/cmake --install /home/chayanin09/Documents/FUN4_ws/FUN4_6509/build/custom_interface
