[0.062s] DEBUG:colcon:Command line arguments: ['/usr/bin/colcon', 'build']
[0.062s] DEBUG:colcon:Parsed command line arguments: Namespace(log_base=None, log_level=None, verb_name='build', build_base='build', install_base='install', merge_install=False, symlink_install=False, test_result_base=None, continue_on_error=False, executor='parallel', parallel_workers=20, event_handlers=None, ignore_user_meta=False, metas=['./colcon.meta'], base_paths=['.'], packages_ignore=None, packages_ignore_regex=None, paths=None, packages_up_to=None, packages_up_to_regex=None, packages_above=None, packages_above_and_dependencies=None, packages_above_depth=None, packages_select_by_dep=None, packages_skip_by_dep=None, packages_skip_up_to=None, packages_select_build_failed=False, packages_skip_build_finished=False, packages_select_test_failures=False, packages_skip_test_passed=False, packages_select=None, packages_skip=None, packages_select_regex=None, packages_skip_regex=None, packages_start=None, packages_end=None, allow_overriding=[], cmake_args=None, cmake_target=None, cmake_target_skip_unavailable=False, cmake_clean_cache=False, cmake_clean_first=False, cmake_force_configure=False, ament_cmake_args=None, catkin_cmake_args=None, catkin_skip_building_tests=False, mixin_files=None, mixin=None, verb_parser=<colcon_mixin.mixin.mixin_argument.MixinArgumentDecorator object at 0x70e9d6942ce0>, verb_extension=<colcon_core.verb.build.BuildVerb object at 0x70e9d6941e40>, main=<bound method BuildVerb.main of <colcon_core.verb.build.BuildVerb object at 0x70e9d6941e40>>, mixin_verb=('build',))
[0.145s] Level 1:colcon.colcon_core.package_discovery:discover_packages(colcon_meta) check parameters
[0.146s] Level 1:colcon.colcon_core.package_discovery:discover_packages(recursive) check parameters
[0.146s] Level 1:colcon.colcon_core.package_discovery:discover_packages(ignore) check parameters
[0.146s] Level 1:colcon.colcon_core.package_discovery:discover_packages(path) check parameters
[0.146s] Level 1:colcon.colcon_core.package_discovery:discover_packages(colcon_meta) discover
[0.146s] Level 1:colcon.colcon_core.package_discovery:discover_packages(recursive) discover
[0.146s] INFO:colcon.colcon_core.package_discovery:Crawling recursively for packages in '/home/chayanin09/Documents/FUN4_ws/FUN4_6509'
[0.146s] Level 1:colcon.colcon_core.package_identification:_identify(.) by extensions ['ignore', 'ignore_ament_install']
[0.146s] Level 1:colcon.colcon_core.package_identification:_identify(.) by extension 'ignore'
[0.146s] Level 1:colcon.colcon_core.package_identification:_identify(.) by extension 'ignore_ament_install'
[0.146s] Level 1:colcon.colcon_core.package_identification:_identify(.) by extensions ['colcon_pkg']
[0.146s] Level 1:colcon.colcon_core.package_identification:_identify(.) by extension 'colcon_pkg'
[0.146s] Level 1:colcon.colcon_core.package_identification:_identify(.) by extensions ['colcon_meta']
[0.146s] Level 1:colcon.colcon_core.package_identification:_identify(.) by extension 'colcon_meta'
[0.146s] Level 1:colcon.colcon_core.package_identification:_identify(.) by extensions ['ros']
[0.146s] Level 1:colcon.colcon_core.package_identification:_identify(.) by extension 'ros'
[0.152s] Level 1:colcon.colcon_core.package_identification:_identify(.) by extensions ['cmake', 'python']
[0.152s] Level 1:colcon.colcon_core.package_identification:_identify(.) by extension 'cmake'
[0.152s] Level 1:colcon.colcon_core.package_identification:_identify(.) by extension 'python'
[0.152s] Level 1:colcon.colcon_core.package_identification:_identify(.) by extensions ['python_setup_py']
[0.152s] Level 1:colcon.colcon_core.package_identification:_identify(.) by extension 'python_setup_py'
[0.152s] Level 1:colcon.colcon_core.package_identification:_identify(build) by extensions ['ignore', 'ignore_ament_install']
[0.152s] Level 1:colcon.colcon_core.package_identification:_identify(build) by extension 'ignore'
[0.152s] Level 1:colcon.colcon_core.package_identification:_identify(build) ignored
[0.152s] Level 1:colcon.colcon_core.package_identification:_identify(install) by extensions ['ignore', 'ignore_ament_install']
[0.152s] Level 1:colcon.colcon_core.package_identification:_identify(install) by extension 'ignore'
[0.152s] Level 1:colcon.colcon_core.package_identification:_identify(install) ignored
[0.152s] Level 1:colcon.colcon_core.package_identification:_identify(log) by extensions ['ignore', 'ignore_ament_install']
[0.152s] Level 1:colcon.colcon_core.package_identification:_identify(log) by extension 'ignore'
[0.152s] Level 1:colcon.colcon_core.package_identification:_identify(log) ignored
[0.152s] Level 1:colcon.colcon_core.package_identification:_identify(src) by extensions ['ignore', 'ignore_ament_install']
[0.152s] Level 1:colcon.colcon_core.package_identification:_identify(src) by extension 'ignore'
[0.152s] Level 1:colcon.colcon_core.package_identification:_identify(src) by extension 'ignore_ament_install'
[0.152s] Level 1:colcon.colcon_core.package_identification:_identify(src) by extensions ['colcon_pkg']
[0.152s] Level 1:colcon.colcon_core.package_identification:_identify(src) by extension 'colcon_pkg'
[0.152s] Level 1:colcon.colcon_core.package_identification:_identify(src) by extensions ['colcon_meta']
[0.153s] Level 1:colcon.colcon_core.package_identification:_identify(src) by extension 'colcon_meta'
[0.153s] Level 1:colcon.colcon_core.package_identification:_identify(src) by extensions ['ros']
[0.153s] Level 1:colcon.colcon_core.package_identification:_identify(src) by extension 'ros'
[0.153s] Level 1:colcon.colcon_core.package_identification:_identify(src) by extensions ['cmake', 'python']
[0.153s] Level 1:colcon.colcon_core.package_identification:_identify(src) by extension 'cmake'
[0.153s] Level 1:colcon.colcon_core.package_identification:_identify(src) by extension 'python'
[0.153s] Level 1:colcon.colcon_core.package_identification:_identify(src) by extensions ['python_setup_py']
[0.153s] Level 1:colcon.colcon_core.package_identification:_identify(src) by extension 'python_setup_py'
[0.153s] Level 1:colcon.colcon_core.package_identification:_identify(src/custom_interface) by extensions ['ignore', 'ignore_ament_install']
[0.153s] Level 1:colcon.colcon_core.package_identification:_identify(src/custom_interface) by extension 'ignore'
[0.153s] Level 1:colcon.colcon_core.package_identification:_identify(src/custom_interface) by extension 'ignore_ament_install'
[0.153s] Level 1:colcon.colcon_core.package_identification:_identify(src/custom_interface) by extensions ['colcon_pkg']
[0.153s] Level 1:colcon.colcon_core.package_identification:_identify(src/custom_interface) by extension 'colcon_pkg'
[0.153s] Level 1:colcon.colcon_core.package_identification:_identify(src/custom_interface) by extensions ['colcon_meta']
[0.153s] Level 1:colcon.colcon_core.package_identification:_identify(src/custom_interface) by extension 'colcon_meta'
[0.153s] Level 1:colcon.colcon_core.package_identification:_identify(src/custom_interface) by extensions ['ros']
[0.153s] Level 1:colcon.colcon_core.package_identification:_identify(src/custom_interface) by extension 'ros'
[0.154s] DEBUG:colcon.colcon_core.package_identification:Package 'src/custom_interface' with type 'ros.ament_cmake' and name 'custom_interface'
[0.154s] Level 1:colcon.colcon_core.package_identification:_identify(src/custom_msg) by extensions ['ignore', 'ignore_ament_install']
[0.154s] Level 1:colcon.colcon_core.package_identification:_identify(src/custom_msg) by extension 'ignore'
[0.154s] Level 1:colcon.colcon_core.package_identification:_identify(src/custom_msg) by extension 'ignore_ament_install'
[0.154s] Level 1:colcon.colcon_core.package_identification:_identify(src/custom_msg) by extensions ['colcon_pkg']
[0.154s] Level 1:colcon.colcon_core.package_identification:_identify(src/custom_msg) by extension 'colcon_pkg'
[0.154s] Level 1:colcon.colcon_core.package_identification:_identify(src/custom_msg) by extensions ['colcon_meta']
[0.154s] Level 1:colcon.colcon_core.package_identification:_identify(src/custom_msg) by extension 'colcon_meta'
[0.154s] Level 1:colcon.colcon_core.package_identification:_identify(src/custom_msg) by extensions ['ros']
[0.154s] Level 1:colcon.colcon_core.package_identification:_identify(src/custom_msg) by extension 'ros'
[0.155s] DEBUG:colcon.colcon_core.package_identification:Package 'src/custom_msg' with type 'ros.ament_cmake' and name 'custom_msg'
[0.155s] Level 1:colcon.colcon_core.package_identification:_identify(src/example_description) by extensions ['ignore', 'ignore_ament_install']
[0.155s] Level 1:colcon.colcon_core.package_identification:_identify(src/example_description) by extension 'ignore'
[0.155s] Level 1:colcon.colcon_core.package_identification:_identify(src/example_description) by extension 'ignore_ament_install'
[0.155s] Level 1:colcon.colcon_core.package_identification:_identify(src/example_description) by extensions ['colcon_pkg']
[0.155s] Level 1:colcon.colcon_core.package_identification:_identify(src/example_description) by extension 'colcon_pkg'
[0.155s] Level 1:colcon.colcon_core.package_identification:_identify(src/example_description) by extensions ['colcon_meta']
[0.155s] Level 1:colcon.colcon_core.package_identification:_identify(src/example_description) by extension 'colcon_meta'
[0.155s] Level 1:colcon.colcon_core.package_identification:_identify(src/example_description) by extensions ['ros']
[0.155s] Level 1:colcon.colcon_core.package_identification:_identify(src/example_description) by extension 'ros'
[0.155s] DEBUG:colcon.colcon_core.package_identification:Package 'src/example_description' with type 'ros.ament_cmake' and name 'example_description'
[0.155s] Level 1:colcon.colcon_core.package_identification:_identify(src/img) by extensions ['ignore', 'ignore_ament_install']
[0.155s] Level 1:colcon.colcon_core.package_identification:_identify(src/img) by extension 'ignore'
[0.155s] Level 1:colcon.colcon_core.package_identification:_identify(src/img) by extension 'ignore_ament_install'
[0.155s] Level 1:colcon.colcon_core.package_identification:_identify(src/img) by extensions ['colcon_pkg']
[0.155s] Level 1:colcon.colcon_core.package_identification:_identify(src/img) by extension 'colcon_pkg'
[0.155s] Level 1:colcon.colcon_core.package_identification:_identify(src/img) by extensions ['colcon_meta']
[0.155s] Level 1:colcon.colcon_core.package_identification:_identify(src/img) by extension 'colcon_meta'
[0.156s] Level 1:colcon.colcon_core.package_identification:_identify(src/img) by extensions ['ros']
[0.156s] Level 1:colcon.colcon_core.package_identification:_identify(src/img) by extension 'ros'
[0.156s] Level 1:colcon.colcon_core.package_identification:_identify(src/img) by extensions ['cmake', 'python']
[0.156s] Level 1:colcon.colcon_core.package_identification:_identify(src/img) by extension 'cmake'
[0.156s] Level 1:colcon.colcon_core.package_identification:_identify(src/img) by extension 'python'
[0.156s] Level 1:colcon.colcon_core.package_identification:_identify(src/img) by extensions ['python_setup_py']
[0.156s] Level 1:colcon.colcon_core.package_identification:_identify(src/img) by extension 'python_setup_py'
[0.156s] Level 1:colcon.colcon_core.package_discovery:discover_packages(recursive) using defaults
[0.156s] Level 1:colcon.colcon_core.package_discovery:discover_packages(ignore) discover
[0.156s] Level 1:colcon.colcon_core.package_discovery:discover_packages(ignore) using defaults
[0.156s] Level 1:colcon.colcon_core.package_discovery:discover_packages(path) discover
[0.156s] Level 1:colcon.colcon_core.package_discovery:discover_packages(path) using defaults
[0.167s] Level 1:colcon.colcon_core.package_discovery:discover_packages(prefix_path) check parameters
[0.167s] Level 1:colcon.colcon_core.package_discovery:discover_packages(prefix_path) discover
[0.168s] DEBUG:colcon.colcon_installed_package_information.package_discovery:Found 3 installed packages in /home/chayanin09/Documents/FUN4_ws/FUN4_6509/install
[0.169s] DEBUG:colcon.colcon_installed_package_information.package_discovery:Found 339 installed packages in /opt/ros/humble
[0.170s] Level 1:colcon.colcon_core.package_discovery:discover_packages(prefix_path) using defaults
[0.196s] Level 5:colcon.colcon_core.verb:set package 'custom_interface' build argument 'cmake_args' from command line to 'None'
[0.196s] Level 5:colcon.colcon_core.verb:set package 'custom_interface' build argument 'cmake_target' from command line to 'None'
[0.196s] Level 5:colcon.colcon_core.verb:set package 'custom_interface' build argument 'cmake_target_skip_unavailable' from command line to 'False'
[0.196s] Level 5:colcon.colcon_core.verb:set package 'custom_interface' build argument 'cmake_clean_cache' from command line to 'False'
[0.196s] Level 5:colcon.colcon_core.verb:set package 'custom_interface' build argument 'cmake_clean_first' from command line to 'False'
[0.196s] Level 5:colcon.colcon_core.verb:set package 'custom_interface' build argument 'cmake_force_configure' from command line to 'False'
[0.196s] Level 5:colcon.colcon_core.verb:set package 'custom_interface' build argument 'ament_cmake_args' from command line to 'None'
[0.196s] Level 5:colcon.colcon_core.verb:set package 'custom_interface' build argument 'catkin_cmake_args' from command line to 'None'
[0.196s] Level 5:colcon.colcon_core.verb:set package 'custom_interface' build argument 'catkin_skip_building_tests' from command line to 'False'
[0.196s] DEBUG:colcon.colcon_core.verb:Building package 'custom_interface' with the following arguments: {'ament_cmake_args': None, 'build_base': '/home/chayanin09/Documents/FUN4_ws/FUN4_6509/build/custom_interface', 'catkin_cmake_args': None, 'catkin_skip_building_tests': False, 'cmake_args': None, 'cmake_clean_cache': False, 'cmake_clean_first': False, 'cmake_force_configure': False, 'cmake_target': None, 'cmake_target_skip_unavailable': False, 'install_base': '/home/chayanin09/Documents/FUN4_ws/FUN4_6509/install/custom_interface', 'merge_install': False, 'path': '/home/chayanin09/Documents/FUN4_ws/FUN4_6509/src/custom_interface', 'symlink_install': False, 'test_result_base': None}
[0.196s] Level 5:colcon.colcon_core.verb:set package 'custom_msg' build argument 'cmake_args' from command line to 'None'
[0.196s] Level 5:colcon.colcon_core.verb:set package 'custom_msg' build argument 'cmake_target' from command line to 'None'
[0.196s] Level 5:colcon.colcon_core.verb:set package 'custom_msg' build argument 'cmake_target_skip_unavailable' from command line to 'False'
[0.196s] Level 5:colcon.colcon_core.verb:set package 'custom_msg' build argument 'cmake_clean_cache' from command line to 'False'
[0.196s] Level 5:colcon.colcon_core.verb:set package 'custom_msg' build argument 'cmake_clean_first' from command line to 'False'
[0.196s] Level 5:colcon.colcon_core.verb:set package 'custom_msg' build argument 'cmake_force_configure' from command line to 'False'
[0.196s] Level 5:colcon.colcon_core.verb:set package 'custom_msg' build argument 'ament_cmake_args' from command line to 'None'
[0.196s] Level 5:colcon.colcon_core.verb:set package 'custom_msg' build argument 'catkin_cmake_args' from command line to 'None'
[0.196s] Level 5:colcon.colcon_core.verb:set package 'custom_msg' build argument 'catkin_skip_building_tests' from command line to 'False'
[0.196s] DEBUG:colcon.colcon_core.verb:Building package 'custom_msg' with the following arguments: {'ament_cmake_args': None, 'build_base': '/home/chayanin09/Documents/FUN4_ws/FUN4_6509/build/custom_msg', 'catkin_cmake_args': None, 'catkin_skip_building_tests': False, 'cmake_args': None, 'cmake_clean_cache': False, 'cmake_clean_first': False, 'cmake_force_configure': False, 'cmake_target': None, 'cmake_target_skip_unavailable': False, 'install_base': '/home/chayanin09/Documents/FUN4_ws/FUN4_6509/install/custom_msg', 'merge_install': False, 'path': '/home/chayanin09/Documents/FUN4_ws/FUN4_6509/src/custom_msg', 'symlink_install': False, 'test_result_base': None}
[0.197s] Level 5:colcon.colcon_core.verb:set package 'example_description' build argument 'cmake_args' from command line to 'None'
[0.197s] Level 5:colcon.colcon_core.verb:set package 'example_description' build argument 'cmake_target' from command line to 'None'
[0.197s] Level 5:colcon.colcon_core.verb:set package 'example_description' build argument 'cmake_target_skip_unavailable' from command line to 'False'
[0.197s] Level 5:colcon.colcon_core.verb:set package 'example_description' build argument 'cmake_clean_cache' from command line to 'False'
[0.197s] Level 5:colcon.colcon_core.verb:set package 'example_description' build argument 'cmake_clean_first' from command line to 'False'
[0.197s] Level 5:colcon.colcon_core.verb:set package 'example_description' build argument 'cmake_force_configure' from command line to 'False'
[0.197s] Level 5:colcon.colcon_core.verb:set package 'example_description' build argument 'ament_cmake_args' from command line to 'None'
[0.197s] Level 5:colcon.colcon_core.verb:set package 'example_description' build argument 'catkin_cmake_args' from command line to 'None'
[0.197s] Level 5:colcon.colcon_core.verb:set package 'example_description' build argument 'catkin_skip_building_tests' from command line to 'False'
[0.197s] DEBUG:colcon.colcon_core.verb:Building package 'example_description' with the following arguments: {'ament_cmake_args': None, 'build_base': '/home/chayanin09/Documents/FUN4_ws/FUN4_6509/build/example_description', 'catkin_cmake_args': None, 'catkin_skip_building_tests': False, 'cmake_args': None, 'cmake_clean_cache': False, 'cmake_clean_first': False, 'cmake_force_configure': False, 'cmake_target': None, 'cmake_target_skip_unavailable': False, 'install_base': '/home/chayanin09/Documents/FUN4_ws/FUN4_6509/install/example_description', 'merge_install': False, 'path': '/home/chayanin09/Documents/FUN4_ws/FUN4_6509/src/example_description', 'symlink_install': False, 'test_result_base': None}
[0.197s] INFO:colcon.colcon_core.executor:Executing jobs using 'parallel' executor
[0.198s] DEBUG:colcon.colcon_parallel_executor.executor.parallel:run_until_complete
[0.198s] INFO:colcon.colcon_ros.task.ament_cmake.build:Building ROS package in '/home/chayanin09/Documents/FUN4_ws/FUN4_6509/src/custom_interface' with build type 'ament_cmake'
[0.198s] INFO:colcon.colcon_cmake.task.cmake.build:Building CMake package in '/home/chayanin09/Documents/FUN4_ws/FUN4_6509/src/custom_interface'
[0.199s] INFO:colcon.colcon_core.plugin_system:Skipping extension 'colcon_core.shell.bat': Not used on non-Windows systems
[0.199s] INFO:colcon.colcon_core.shell:Skip shell extension 'powershell' for command environment: Not usable outside of PowerShell
[0.199s] DEBUG:colcon.colcon_core.shell:Skip shell extension 'dsv' for command environment
[0.201s] INFO:colcon.colcon_ros.task.ament_cmake.build:Building ROS package in '/home/chayanin09/Documents/FUN4_ws/FUN4_6509/src/custom_msg' with build type 'ament_cmake'
[0.201s] INFO:colcon.colcon_cmake.task.cmake.build:Building CMake package in '/home/chayanin09/Documents/FUN4_ws/FUN4_6509/src/custom_msg'
[0.201s] INFO:colcon.colcon_core.shell:Skip shell extension 'powershell' for command environment: Not usable outside of PowerShell
[0.201s] DEBUG:colcon.colcon_core.shell:Skip shell extension 'dsv' for command environment
[0.203s] INFO:colcon.colcon_ros.task.ament_cmake.build:Building ROS package in '/home/chayanin09/Documents/FUN4_ws/FUN4_6509/src/example_description' with build type 'ament_cmake'
[0.203s] INFO:colcon.colcon_cmake.task.cmake.build:Building CMake package in '/home/chayanin09/Documents/FUN4_ws/FUN4_6509/src/example_description'
[0.203s] INFO:colcon.colcon_core.shell:Skip shell extension 'powershell' for command environment: Not usable outside of PowerShell
[0.203s] DEBUG:colcon.colcon_core.shell:Skip shell extension 'dsv' for command environment
[0.208s] DEBUG:colcon.colcon_core.event_handler.log_command:Invoking command in '/home/chayanin09/Documents/FUN4_ws/FUN4_6509/build/custom_interface': CMAKE_PREFIX_PATH=${CMAKE_PREFIX_PATH}:/opt/ros/humble /usr/bin/cmake --build /home/chayanin09/Documents/FUN4_ws/FUN4_6509/build/custom_interface -- -j20 -l20
[0.209s] DEBUG:colcon.colcon_core.event_handler.log_command:Invoking command in '/home/chayanin09/Documents/FUN4_ws/FUN4_6509/build/custom_msg': CMAKE_PREFIX_PATH=${CMAKE_PREFIX_PATH}:/opt/ros/humble /usr/bin/cmake --build /home/chayanin09/Documents/FUN4_ws/FUN4_6509/build/custom_msg -- -j20 -l20
[0.211s] DEBUG:colcon.colcon_core.event_handler.log_command:Invoking command in '/home/chayanin09/Documents/FUN4_ws/FUN4_6509/build/example_description': CMAKE_PREFIX_PATH=${CMAKE_PREFIX_PATH}:/opt/ros/humble /usr/bin/cmake --build /home/chayanin09/Documents/FUN4_ws/FUN4_6509/build/example_description -- -j20 -l20
[0.440s] DEBUG:colcon.colcon_core.event_handler.log_command:Invoked command in '/home/chayanin09/Documents/FUN4_ws/FUN4_6509/build/custom_interface' returned '0': CMAKE_PREFIX_PATH=${CMAKE_PREFIX_PATH}:/opt/ros/humble /usr/bin/cmake --build /home/chayanin09/Documents/FUN4_ws/FUN4_6509/build/custom_interface -- -j20 -l20
[0.442s] DEBUG:colcon.colcon_core.event_handler.log_command:Invoked command in '/home/chayanin09/Documents/FUN4_ws/FUN4_6509/build/custom_msg' returned '0': CMAKE_PREFIX_PATH=${CMAKE_PREFIX_PATH}:/opt/ros/humble /usr/bin/cmake --build /home/chayanin09/Documents/FUN4_ws/FUN4_6509/build/custom_msg -- -j20 -l20
[0.444s] DEBUG:colcon.colcon_core.event_handler.log_command:Invoked command in '/home/chayanin09/Documents/FUN4_ws/FUN4_6509/build/example_description' returned '0': CMAKE_PREFIX_PATH=${CMAKE_PREFIX_PATH}:/opt/ros/humble /usr/bin/cmake --build /home/chayanin09/Documents/FUN4_ws/FUN4_6509/build/example_description -- -j20 -l20
[0.469s] DEBUG:colcon.colcon_core.event_handler.log_command:Invoking command in '/home/chayanin09/Documents/FUN4_ws/FUN4_6509/build/example_description': CMAKE_PREFIX_PATH=${CMAKE_PREFIX_PATH}:/opt/ros/humble /usr/bin/cmake --install /home/chayanin09/Documents/FUN4_ws/FUN4_6509/build/example_description
[0.490s] DEBUG:colcon.colcon_core.event_handler.log_command:Invoking command in '/home/chayanin09/Documents/FUN4_ws/FUN4_6509/build/custom_msg': CMAKE_PREFIX_PATH=${CMAKE_PREFIX_PATH}:/opt/ros/humble /usr/bin/cmake --install /home/chayanin09/Documents/FUN4_ws/FUN4_6509/build/custom_msg
[0.499s] Level 1:colcon.colcon_core.environment:create_environment_scripts_only(example_description)
[0.504s] DEBUG:colcon.colcon_core.event_handler.log_command:Invoked command in '/home/chayanin09/Documents/FUN4_ws/FUN4_6509/build/example_description' returned '0': CMAKE_PREFIX_PATH=${CMAKE_PREFIX_PATH}:/opt/ros/humble /usr/bin/cmake --install /home/chayanin09/Documents/FUN4_ws/FUN4_6509/build/example_description
[0.504s] Level 1:colcon.colcon_core.environment:checking '/home/chayanin09/Documents/FUN4_ws/FUN4_6509/install/example_description' for CMake module files
[0.505s] Level 1:colcon.colcon_core.environment:checking '/home/chayanin09/Documents/FUN4_ws/FUN4_6509/install/example_description' for CMake config files
[0.505s] Level 1:colcon.colcon_core.shell:create_environment_hook('example_description', 'cmake_prefix_path')
[0.505s] INFO:colcon.colcon_core.shell:Creating environment hook '/home/chayanin09/Documents/FUN4_ws/FUN4_6509/install/example_description/share/example_description/hook/cmake_prefix_path.ps1'
[0.505s] INFO:colcon.colcon_core.shell:Creating environment descriptor '/home/chayanin09/Documents/FUN4_ws/FUN4_6509/install/example_description/share/example_description/hook/cmake_prefix_path.dsv'
[0.505s] INFO:colcon.colcon_core.shell:Creating environment hook '/home/chayanin09/Documents/FUN4_ws/FUN4_6509/install/example_description/share/example_description/hook/cmake_prefix_path.sh'
[0.506s] Level 1:colcon.colcon_core.environment:checking '/home/chayanin09/Documents/FUN4_ws/FUN4_6509/install/example_description/lib'
[0.506s] Level 1:colcon.colcon_core.environment:checking '/home/chayanin09/Documents/FUN4_ws/FUN4_6509/install/example_description/bin'
[0.506s] Level 1:colcon.colcon_core.environment:checking '/home/chayanin09/Documents/FUN4_ws/FUN4_6509/install/example_description/lib/pkgconfig/example_description.pc'
[0.506s] Level 1:colcon.colcon_core.environment:checking '/home/chayanin09/Documents/FUN4_ws/FUN4_6509/install/example_description/lib/python3.10/site-packages'
[0.506s] Level 1:colcon.colcon_core.environment:checking '/home/chayanin09/Documents/FUN4_ws/FUN4_6509/install/example_description/bin'
[0.506s] INFO:colcon.colcon_core.shell:Creating package script '/home/chayanin09/Documents/FUN4_ws/FUN4_6509/install/example_description/share/example_description/package.ps1'
[0.507s] INFO:colcon.colcon_core.shell:Creating package descriptor '/home/chayanin09/Documents/FUN4_ws/FUN4_6509/install/example_description/share/example_description/package.dsv'
[0.507s] INFO:colcon.colcon_core.shell:Creating package script '/home/chayanin09/Documents/FUN4_ws/FUN4_6509/install/example_description/share/example_description/package.sh'
[0.507s] INFO:colcon.colcon_core.shell:Creating package script '/home/chayanin09/Documents/FUN4_ws/FUN4_6509/install/example_description/share/example_description/package.bash'
[0.508s] INFO:colcon.colcon_core.shell:Creating package script '/home/chayanin09/Documents/FUN4_ws/FUN4_6509/install/example_description/share/example_description/package.zsh'
[0.508s] Level 1:colcon.colcon_core.environment:create_file_with_runtime_dependencies(/home/chayanin09/Documents/FUN4_ws/FUN4_6509/install/example_description/share/colcon-core/packages/example_description)
[0.523s] Level 1:colcon.colcon_core.environment:create_environment_scripts_only(custom_msg)
[0.523s] Level 1:colcon.colcon_core.environment:checking '/home/chayanin09/Documents/FUN4_ws/FUN4_6509/install/custom_msg' for CMake module files
[0.523s] DEBUG:colcon.colcon_core.event_handler.log_command:Invoked command in '/home/chayanin09/Documents/FUN4_ws/FUN4_6509/build/custom_msg' returned '0': CMAKE_PREFIX_PATH=${CMAKE_PREFIX_PATH}:/opt/ros/humble /usr/bin/cmake --install /home/chayanin09/Documents/FUN4_ws/FUN4_6509/build/custom_msg
[0.523s] Level 1:colcon.colcon_core.environment:checking '/home/chayanin09/Documents/FUN4_ws/FUN4_6509/install/custom_msg' for CMake config files
[0.524s] Level 1:colcon.colcon_core.shell:create_environment_hook('custom_msg', 'cmake_prefix_path')
[0.524s] INFO:colcon.colcon_core.shell:Creating environment hook '/home/chayanin09/Documents/FUN4_ws/FUN4_6509/install/custom_msg/share/custom_msg/hook/cmake_prefix_path.ps1'
[0.524s] INFO:colcon.colcon_core.shell:Creating environment descriptor '/home/chayanin09/Documents/FUN4_ws/FUN4_6509/install/custom_msg/share/custom_msg/hook/cmake_prefix_path.dsv'
[0.524s] INFO:colcon.colcon_core.shell:Creating environment hook '/home/chayanin09/Documents/FUN4_ws/FUN4_6509/install/custom_msg/share/custom_msg/hook/cmake_prefix_path.sh'
[0.524s] Level 1:colcon.colcon_core.environment:checking '/home/chayanin09/Documents/FUN4_ws/FUN4_6509/install/custom_msg/lib'
[0.524s] Level 1:colcon.colcon_core.shell:create_environment_hook('custom_msg', 'ld_library_path_lib')
[0.525s] INFO:colcon.colcon_core.shell:Creating environment hook '/home/chayanin09/Documents/FUN4_ws/FUN4_6509/install/custom_msg/share/custom_msg/hook/ld_library_path_lib.ps1'
[0.525s] INFO:colcon.colcon_core.shell:Creating environment descriptor '/home/chayanin09/Documents/FUN4_ws/FUN4_6509/install/custom_msg/share/custom_msg/hook/ld_library_path_lib.dsv'
[0.525s] INFO:colcon.colcon_core.shell:Creating environment hook '/home/chayanin09/Documents/FUN4_ws/FUN4_6509/install/custom_msg/share/custom_msg/hook/ld_library_path_lib.sh'
[0.525s] Level 1:colcon.colcon_core.environment:checking '/home/chayanin09/Documents/FUN4_ws/FUN4_6509/install/custom_msg/bin'
[0.525s] Level 1:colcon.colcon_core.environment:checking '/home/chayanin09/Documents/FUN4_ws/FUN4_6509/install/custom_msg/lib/pkgconfig/custom_msg.pc'
[0.525s] Level 1:colcon.colcon_core.environment:checking '/home/chayanin09/Documents/FUN4_ws/FUN4_6509/install/custom_msg/lib/python3.10/site-packages'
[0.525s] Level 1:colcon.colcon_core.environment:checking '/home/chayanin09/Documents/FUN4_ws/FUN4_6509/install/custom_msg/bin'
[0.525s] INFO:colcon.colcon_core.shell:Creating package script '/home/chayanin09/Documents/FUN4_ws/FUN4_6509/install/custom_msg/share/custom_msg/package.ps1'
[0.526s] INFO:colcon.colcon_core.shell:Creating package descriptor '/home/chayanin09/Documents/FUN4_ws/FUN4_6509/install/custom_msg/share/custom_msg/package.dsv'
[0.526s] INFO:colcon.colcon_core.shell:Creating package script '/home/chayanin09/Documents/FUN4_ws/FUN4_6509/install/custom_msg/share/custom_msg/package.sh'
[0.526s] INFO:colcon.colcon_core.shell:Creating package script '/home/chayanin09/Documents/FUN4_ws/FUN4_6509/install/custom_msg/share/custom_msg/package.bash'
[0.526s] INFO:colcon.colcon_core.shell:Creating package script '/home/chayanin09/Documents/FUN4_ws/FUN4_6509/install/custom_msg/share/custom_msg/package.zsh'
[0.526s] Level 1:colcon.colcon_core.environment:create_file_with_runtime_dependencies(/home/chayanin09/Documents/FUN4_ws/FUN4_6509/install/custom_msg/share/colcon-core/packages/custom_msg)
[0.530s] Level 1:colcon.colcon_core.environment:create_environment_scripts_only(example_description)
[0.530s] Level 1:colcon.colcon_core.environment:checking '/home/chayanin09/Documents/FUN4_ws/FUN4_6509/install/example_description' for CMake module files
[0.530s] Level 1:colcon.colcon_core.environment:checking '/home/chayanin09/Documents/FUN4_ws/FUN4_6509/install/example_description' for CMake config files
[0.530s] Level 1:colcon.colcon_core.shell:create_environment_hook('example_description', 'cmake_prefix_path')
[0.530s] INFO:colcon.colcon_core.shell:Creating environment hook '/home/chayanin09/Documents/FUN4_ws/FUN4_6509/install/example_description/share/example_description/hook/cmake_prefix_path.ps1'
[0.530s] INFO:colcon.colcon_core.shell:Creating environment descriptor '/home/chayanin09/Documents/FUN4_ws/FUN4_6509/install/example_description/share/example_description/hook/cmake_prefix_path.dsv'
[0.530s] INFO:colcon.colcon_core.shell:Creating environment hook '/home/chayanin09/Documents/FUN4_ws/FUN4_6509/install/example_description/share/example_description/hook/cmake_prefix_path.sh'
[0.531s] Level 1:colcon.colcon_core.environment:checking '/home/chayanin09/Documents/FUN4_ws/FUN4_6509/install/example_description/lib'
[0.531s] Level 1:colcon.colcon_core.environment:checking '/home/chayanin09/Documents/FUN4_ws/FUN4_6509/install/example_description/bin'
[0.531s] Level 1:colcon.colcon_core.environment:checking '/home/chayanin09/Documents/FUN4_ws/FUN4_6509/install/example_description/lib/pkgconfig/example_description.pc'
[0.531s] Level 1:colcon.colcon_core.environment:checking '/home/chayanin09/Documents/FUN4_ws/FUN4_6509/install/example_description/lib/python3.10/site-packages'
[0.531s] Level 1:colcon.colcon_core.environment:checking '/home/chayanin09/Documents/FUN4_ws/FUN4_6509/install/example_description/bin'
[0.531s] INFO:colcon.colcon_core.shell:Creating package script '/home/chayanin09/Documents/FUN4_ws/FUN4_6509/install/example_description/share/example_description/package.ps1'
[0.531s] INFO:colcon.colcon_core.shell:Creating package descriptor '/home/chayanin09/Documents/FUN4_ws/FUN4_6509/install/example_description/share/example_description/package.dsv'
[0.532s] INFO:colcon.colcon_core.shell:Creating package script '/home/chayanin09/Documents/FUN4_ws/FUN4_6509/install/example_description/share/example_description/package.sh'
[0.532s] INFO:colcon.colcon_core.shell:Creating package script '/home/chayanin09/Documents/FUN4_ws/FUN4_6509/install/example_description/share/example_description/package.bash'
[0.532s] INFO:colcon.colcon_core.shell:Creating package script '/home/chayanin09/Documents/FUN4_ws/FUN4_6509/install/example_description/share/example_description/package.zsh'
[0.532s] Level 1:colcon.colcon_core.environment:create_file_with_runtime_dependencies(/home/chayanin09/Documents/FUN4_ws/FUN4_6509/install/example_description/share/colcon-core/packages/example_description)
[0.534s] DEBUG:colcon.colcon_core.event_handler.log_command:Invoking command in '/home/chayanin09/Documents/FUN4_ws/FUN4_6509/build/custom_interface': CMAKE_PREFIX_PATH=${CMAKE_PREFIX_PATH}:/opt/ros/humble /usr/bin/cmake --install /home/chayanin09/Documents/FUN4_ws/FUN4_6509/build/custom_interface
[0.570s] Level 1:colcon.colcon_core.environment:create_environment_scripts_only(custom_interface)
[0.570s] Level 1:colcon.colcon_core.environment:checking '/home/chayanin09/Documents/FUN4_ws/FUN4_6509/install/custom_interface' for CMake module files
[0.571s] DEBUG:colcon.colcon_core.event_handler.log_command:Invoked command in '/home/chayanin09/Documents/FUN4_ws/FUN4_6509/build/custom_interface' returned '0': CMAKE_PREFIX_PATH=${CMAKE_PREFIX_PATH}:/opt/ros/humble /usr/bin/cmake --install /home/chayanin09/Documents/FUN4_ws/FUN4_6509/build/custom_interface
[0.571s] Level 1:colcon.colcon_core.environment:checking '/home/chayanin09/Documents/FUN4_ws/FUN4_6509/install/custom_interface' for CMake config files
[0.572s] Level 1:colcon.colcon_core.shell:create_environment_hook('custom_interface', 'cmake_prefix_path')
[0.572s] INFO:colcon.colcon_core.shell:Creating environment hook '/home/chayanin09/Documents/FUN4_ws/FUN4_6509/install/custom_interface/share/custom_interface/hook/cmake_prefix_path.ps1'
[0.572s] INFO:colcon.colcon_core.shell:Creating environment descriptor '/home/chayanin09/Documents/FUN4_ws/FUN4_6509/install/custom_interface/share/custom_interface/hook/cmake_prefix_path.dsv'
[0.572s] INFO:colcon.colcon_core.shell:Creating environment hook '/home/chayanin09/Documents/FUN4_ws/FUN4_6509/install/custom_interface/share/custom_interface/hook/cmake_prefix_path.sh'
[0.573s] Level 1:colcon.colcon_core.environment:checking '/home/chayanin09/Documents/FUN4_ws/FUN4_6509/install/custom_interface/lib'
[0.573s] Level 1:colcon.colcon_core.shell:create_environment_hook('custom_interface', 'ld_library_path_lib')
[0.573s] INFO:colcon.colcon_core.shell:Creating environment hook '/home/chayanin09/Documents/FUN4_ws/FUN4_6509/install/custom_interface/share/custom_interface/hook/ld_library_path_lib.ps1'
[0.573s] INFO:colcon.colcon_core.shell:Creating environment descriptor '/home/chayanin09/Documents/FUN4_ws/FUN4_6509/install/custom_interface/share/custom_interface/hook/ld_library_path_lib.dsv'
[0.574s] INFO:colcon.colcon_core.shell:Creating environment hook '/home/chayanin09/Documents/FUN4_ws/FUN4_6509/install/custom_interface/share/custom_interface/hook/ld_library_path_lib.sh'
[0.574s] Level 1:colcon.colcon_core.environment:checking '/home/chayanin09/Documents/FUN4_ws/FUN4_6509/install/custom_interface/bin'
[0.574s] Level 1:colcon.colcon_core.environment:checking '/home/chayanin09/Documents/FUN4_ws/FUN4_6509/install/custom_interface/lib/pkgconfig/custom_interface.pc'
[0.574s] Level 1:colcon.colcon_core.environment:checking '/home/chayanin09/Documents/FUN4_ws/FUN4_6509/install/custom_interface/lib/python3.10/site-packages'
[0.575s] Level 1:colcon.colcon_core.environment:checking '/home/chayanin09/Documents/FUN4_ws/FUN4_6509/install/custom_interface/bin'
[0.575s] INFO:colcon.colcon_core.shell:Creating package script '/home/chayanin09/Documents/FUN4_ws/FUN4_6509/install/custom_interface/share/custom_interface/package.ps1'
[0.575s] INFO:colcon.colcon_core.shell:Creating package descriptor '/home/chayanin09/Documents/FUN4_ws/FUN4_6509/install/custom_interface/share/custom_interface/package.dsv'
[0.575s] INFO:colcon.colcon_core.shell:Creating package script '/home/chayanin09/Documents/FUN4_ws/FUN4_6509/install/custom_interface/share/custom_interface/package.sh'
[0.575s] INFO:colcon.colcon_core.shell:Creating package script '/home/chayanin09/Documents/FUN4_ws/FUN4_6509/install/custom_interface/share/custom_interface/package.bash'
[0.576s] INFO:colcon.colcon_core.shell:Creating package script '/home/chayanin09/Documents/FUN4_ws/FUN4_6509/install/custom_interface/share/custom_interface/package.zsh'
[0.576s] Level 1:colcon.colcon_core.environment:create_file_with_runtime_dependencies(/home/chayanin09/Documents/FUN4_ws/FUN4_6509/install/custom_interface/share/colcon-core/packages/custom_interface)
[0.577s] Level 1:colcon.colcon_core.environment:create_environment_scripts_only(custom_msg)
[0.577s] Level 1:colcon.colcon_core.environment:checking '/home/chayanin09/Documents/FUN4_ws/FUN4_6509/install/custom_msg' for CMake module files
[0.577s] Level 1:colcon.colcon_core.environment:checking '/home/chayanin09/Documents/FUN4_ws/FUN4_6509/install/custom_msg' for CMake config files
[0.577s] Level 1:colcon.colcon_core.shell:create_environment_hook('custom_msg', 'cmake_prefix_path')
[0.577s] INFO:colcon.colcon_core.shell:Creating environment hook '/home/chayanin09/Documents/FUN4_ws/FUN4_6509/install/custom_msg/share/custom_msg/hook/cmake_prefix_path.ps1'
[0.577s] INFO:colcon.colcon_core.shell:Creating environment descriptor '/home/chayanin09/Documents/FUN4_ws/FUN4_6509/install/custom_msg/share/custom_msg/hook/cmake_prefix_path.dsv'
[0.577s] INFO:colcon.colcon_core.shell:Creating environment hook '/home/chayanin09/Documents/FUN4_ws/FUN4_6509/install/custom_msg/share/custom_msg/hook/cmake_prefix_path.sh'
[0.578s] Level 1:colcon.colcon_core.environment:checking '/home/chayanin09/Documents/FUN4_ws/FUN4_6509/install/custom_msg/lib'
[0.578s] Level 1:colcon.colcon_core.shell:create_environment_hook('custom_msg', 'ld_library_path_lib')
[0.578s] INFO:colcon.colcon_core.shell:Creating environment hook '/home/chayanin09/Documents/FUN4_ws/FUN4_6509/install/custom_msg/share/custom_msg/hook/ld_library_path_lib.ps1'
[0.578s] INFO:colcon.colcon_core.shell:Creating environment descriptor '/home/chayanin09/Documents/FUN4_ws/FUN4_6509/install/custom_msg/share/custom_msg/hook/ld_library_path_lib.dsv'
[0.578s] INFO:colcon.colcon_core.shell:Creating environment hook '/home/chayanin09/Documents/FUN4_ws/FUN4_6509/install/custom_msg/share/custom_msg/hook/ld_library_path_lib.sh'
[0.578s] Level 1:colcon.colcon_core.environment:checking '/home/chayanin09/Documents/FUN4_ws/FUN4_6509/install/custom_msg/bin'
[0.578s] Level 1:colcon.colcon_core.environment:checking '/home/chayanin09/Documents/FUN4_ws/FUN4_6509/install/custom_msg/lib/pkgconfig/custom_msg.pc'
[0.578s] Level 1:colcon.colcon_core.environment:checking '/home/chayanin09/Documents/FUN4_ws/FUN4_6509/install/custom_msg/lib/python3.10/site-packages'
[0.579s] Level 1:colcon.colcon_core.environment:checking '/home/chayanin09/Documents/FUN4_ws/FUN4_6509/install/custom_msg/bin'
[0.579s] INFO:colcon.colcon_core.shell:Creating package script '/home/chayanin09/Documents/FUN4_ws/FUN4_6509/install/custom_msg/share/custom_msg/package.ps1'
[0.579s] INFO:colcon.colcon_core.shell:Creating package descriptor '/home/chayanin09/Documents/FUN4_ws/FUN4_6509/install/custom_msg/share/custom_msg/package.dsv'
[0.579s] INFO:colcon.colcon_core.shell:Creating package script '/home/chayanin09/Documents/FUN4_ws/FUN4_6509/install/custom_msg/share/custom_msg/package.sh'
[0.579s] INFO:colcon.colcon_core.shell:Creating package script '/home/chayanin09/Documents/FUN4_ws/FUN4_6509/install/custom_msg/share/custom_msg/package.bash'
[0.580s] INFO:colcon.colcon_core.shell:Creating package script '/home/chayanin09/Documents/FUN4_ws/FUN4_6509/install/custom_msg/share/custom_msg/package.zsh'
[0.580s] Level 1:colcon.colcon_core.environment:create_file_with_runtime_dependencies(/home/chayanin09/Documents/FUN4_ws/FUN4_6509/install/custom_msg/share/colcon-core/packages/custom_msg)
[0.667s] Level 1:colcon.colcon_core.environment:create_environment_scripts_only(custom_interface)
[0.667s] Level 1:colcon.colcon_core.environment:checking '/home/chayanin09/Documents/FUN4_ws/FUN4_6509/install/custom_interface' for CMake module files
[0.668s] Level 1:colcon.colcon_core.environment:checking '/home/chayanin09/Documents/FUN4_ws/FUN4_6509/install/custom_interface' for CMake config files
[0.668s] Level 1:colcon.colcon_core.shell:create_environment_hook('custom_interface', 'cmake_prefix_path')
[0.668s] INFO:colcon.colcon_core.shell:Creating environment hook '/home/chayanin09/Documents/FUN4_ws/FUN4_6509/install/custom_interface/share/custom_interface/hook/cmake_prefix_path.ps1'
[0.668s] INFO:colcon.colcon_core.shell:Creating environment descriptor '/home/chayanin09/Documents/FUN4_ws/FUN4_6509/install/custom_interface/share/custom_interface/hook/cmake_prefix_path.dsv'
[0.668s] INFO:colcon.colcon_core.shell:Creating environment hook '/home/chayanin09/Documents/FUN4_ws/FUN4_6509/install/custom_interface/share/custom_interface/hook/cmake_prefix_path.sh'
[0.669s] Level 1:colcon.colcon_core.environment:checking '/home/chayanin09/Documents/FUN4_ws/FUN4_6509/install/custom_interface/lib'
[0.669s] Level 1:colcon.colcon_core.shell:create_environment_hook('custom_interface', 'ld_library_path_lib')
[0.669s] INFO:colcon.colcon_core.shell:Creating environment hook '/home/chayanin09/Documents/FUN4_ws/FUN4_6509/install/custom_interface/share/custom_interface/hook/ld_library_path_lib.ps1'
[0.669s] INFO:colcon.colcon_core.shell:Creating environment descriptor '/home/chayanin09/Documents/FUN4_ws/FUN4_6509/install/custom_interface/share/custom_interface/hook/ld_library_path_lib.dsv'
[0.669s] INFO:colcon.colcon_core.shell:Creating environment hook '/home/chayanin09/Documents/FUN4_ws/FUN4_6509/install/custom_interface/share/custom_interface/hook/ld_library_path_lib.sh'
[0.669s] Level 1:colcon.colcon_core.environment:checking '/home/chayanin09/Documents/FUN4_ws/FUN4_6509/install/custom_interface/bin'
[0.669s] Level 1:colcon.colcon_core.environment:checking '/home/chayanin09/Documents/FUN4_ws/FUN4_6509/install/custom_interface/lib/pkgconfig/custom_interface.pc'
[0.670s] Level 1:colcon.colcon_core.environment:checking '/home/chayanin09/Documents/FUN4_ws/FUN4_6509/install/custom_interface/lib/python3.10/site-packages'
[0.670s] Level 1:colcon.colcon_core.environment:checking '/home/chayanin09/Documents/FUN4_ws/FUN4_6509/install/custom_interface/bin'
[0.670s] INFO:colcon.colcon_core.shell:Creating package script '/home/chayanin09/Documents/FUN4_ws/FUN4_6509/install/custom_interface/share/custom_interface/package.ps1'
[0.670s] INFO:colcon.colcon_core.shell:Creating package descriptor '/home/chayanin09/Documents/FUN4_ws/FUN4_6509/install/custom_interface/share/custom_interface/package.dsv'
[0.670s] INFO:colcon.colcon_core.shell:Creating package script '/home/chayanin09/Documents/FUN4_ws/FUN4_6509/install/custom_interface/share/custom_interface/package.sh'
[0.670s] INFO:colcon.colcon_core.shell:Creating package script '/home/chayanin09/Documents/FUN4_ws/FUN4_6509/install/custom_interface/share/custom_interface/package.bash'
[0.671s] INFO:colcon.colcon_core.shell:Creating package script '/home/chayanin09/Documents/FUN4_ws/FUN4_6509/install/custom_interface/share/custom_interface/package.zsh'
[0.671s] Level 1:colcon.colcon_core.environment:create_file_with_runtime_dependencies(/home/chayanin09/Documents/FUN4_ws/FUN4_6509/install/custom_interface/share/colcon-core/packages/custom_interface)
[0.671s] DEBUG:colcon.colcon_parallel_executor.executor.parallel:closing loop
[0.671s] DEBUG:colcon.colcon_parallel_executor.executor.parallel:loop closed
[0.671s] DEBUG:colcon.colcon_parallel_executor.executor.parallel:run_until_complete finished with '0'
[0.671s] DEBUG:colcon.colcon_core.event_reactor:joining thread
[0.675s] INFO:colcon.colcon_core.plugin_system:Skipping extension 'colcon_notification.desktop_notification.terminal_notifier': Not used on non-Darwin systems
[0.675s] INFO:colcon.colcon_core.plugin_system:Skipping extension 'colcon_notification.desktop_notification.win32': Not used on non-Windows systems
[0.675s] INFO:colcon.colcon_notification.desktop_notification:Sending desktop notification using 'notify2'
[0.684s] DEBUG:colcon.colcon_core.event_reactor:joined thread
[0.685s] INFO:colcon.colcon_core.shell:Creating prefix script '/home/chayanin09/Documents/FUN4_ws/FUN4_6509/install/local_setup.ps1'
[0.685s] INFO:colcon.colcon_core.shell:Creating prefix util module '/home/chayanin09/Documents/FUN4_ws/FUN4_6509/install/_local_setup_util_ps1.py'
[0.686s] INFO:colcon.colcon_core.shell:Creating prefix chain script '/home/chayanin09/Documents/FUN4_ws/FUN4_6509/install/setup.ps1'
[0.687s] INFO:colcon.colcon_core.shell:Creating prefix script '/home/chayanin09/Documents/FUN4_ws/FUN4_6509/install/local_setup.sh'
[0.687s] INFO:colcon.colcon_core.shell:Creating prefix util module '/home/chayanin09/Documents/FUN4_ws/FUN4_6509/install/_local_setup_util_sh.py'
[0.687s] INFO:colcon.colcon_core.shell:Creating prefix chain script '/home/chayanin09/Documents/FUN4_ws/FUN4_6509/install/setup.sh'
[0.688s] INFO:colcon.colcon_core.shell:Creating prefix script '/home/chayanin09/Documents/FUN4_ws/FUN4_6509/install/local_setup.bash'
[0.688s] INFO:colcon.colcon_core.shell:Creating prefix chain script '/home/chayanin09/Documents/FUN4_ws/FUN4_6509/install/setup.bash'
[0.689s] INFO:colcon.colcon_core.shell:Creating prefix script '/home/chayanin09/Documents/FUN4_ws/FUN4_6509/install/local_setup.zsh'
[0.689s] INFO:colcon.colcon_core.shell:Creating prefix chain script '/home/chayanin09/Documents/FUN4_ws/FUN4_6509/install/setup.zsh'
