-- Found ament_cmake: 1.3.10 (/opt/ros/humble/share/ament_cmake/cmake)
-- Found rosidl_default_generators: 1.2.0 (/opt/ros/humble/share/rosidl_default_generators/cmake)
-- Using all available rosidl_typesupport_c: rosidl_typesupport_fastrtps_c;rosidl_typesupport_introspection_c
-- Found rosidl_adapter: 3.1.5 (/opt/ros/humble/share/rosidl_adapter/cmake)
-- Using all available rosidl_typesupport_cpp: rosidl_typesupport_fastrtps_cpp;rosidl_typesupport_introspection_cpp
-- Found ament_cmake_ros: 0.10.0 (/opt/ros/humble/share/ament_cmake_ros/cmake)
-- Using all available rosidl_typesupport_c: rosidl_typesupport_fastrtps_c;rosidl_typesupport_introspection_c
-- Using all available rosidl_typesupport_cpp: rosidl_typesupport_fastrtps_cpp;rosidl_typesupport_introspection_cpp
-- Found python_cmake_module: 0.10.0 (/opt/ros/humble/share/python_cmake_module/cmake)
-- Using PYTHON_EXECUTABLE: /usr/bin/python3
-- Using PYTHON_INCLUDE_DIRS: /usr/include/python3.10
-- Using PYTHON_LIBRARIES: /usr/lib/x86_64-linux-gnu/libpython3.10.so
-- Configuring done
-- Generating done
-- Build files have been written to: /home/chayanin09/Documents/FUN4_ws/FUN4_6509/build/custom_interface
[  2%] [34m[1mGenerating C code for ROS interfaces[0m
[  5%] [34m[1mGenerating C++ code for ROS interfaces[0m
[  5%] Built target ament_cmake_python_copy_custom_interface
running egg_info
writing custom_interface.egg-info/PKG-INFO
writing dependency_links to custom_interface.egg-info/dependency_links.txt
writing top-level names to custom_interface.egg-info/top_level.txt
reading manifest file 'custom_interface.egg-info/SOURCES.txt'
writing manifest file 'custom_interface.egg-info/SOURCES.txt'
[  5%] Built target ament_cmake_python_build_custom_interface_egg
[35m[1mConsolidate compiler generated dependencies of target custom_interface__rosidl_generator_c[0m
[  7%] Built target custom_interface__cpp
[  7%] [32mBuilding C object CMakeFiles/custom_interface__rosidl_generator_c.dir/rosidl_generator_c/custom_interface/srv/detail/set_taskspace__functions.c.o[0m
[ 10%] [32mBuilding C object CMakeFiles/custom_interface__rosidl_generator_c.dir/rosidl_generator_c/custom_interface/srv/detail/change_mode__functions.c.o[0m
[ 12%] [34m[1mGenerating C++ introspection for ROS interfaces[0m
[ 15%] [34m[1mGenerating C++ type support for eProsima Fast-RTPS[0m
[ 17%] [34m[1mGenerating C++ type support dispatch for ROS interfaces[0m
[35m[1mConsolidate compiler generated dependencies of target custom_interface__rosidl_typesupport_cpp[0m
[ 20%] [32mBuilding CXX object CMakeFiles/custom_interface__rosidl_typesupport_cpp.dir/rosidl_typesupport_cpp/custom_interface/srv/change_mode__type_support.cpp.o[0m
[ 23%] [32mBuilding CXX object CMakeFiles/custom_interface__rosidl_typesupport_cpp.dir/rosidl_typesupport_cpp/custom_interface/srv/set_taskspace__type_support.cpp.o[0m
[35m[1mConsolidate compiler generated dependencies of target custom_interface__rosidl_typesupport_introspection_cpp[0m
[ 25%] [32mBuilding CXX object CMakeFiles/custom_interface__rosidl_typesupport_introspection_cpp.dir/rosidl_typesupport_introspection_cpp/custom_interface/srv/detail/set_taskspace__type_support.cpp.o[0m
[35m[1mConsolidate compiler generated dependencies of target custom_interface__rosidl_typesupport_fastrtps_cpp[0m
[ 28%] [32mBuilding CXX object CMakeFiles/custom_interface__rosidl_typesupport_introspection_cpp.dir/rosidl_typesupport_introspection_cpp/custom_interface/srv/detail/change_mode__type_support.cpp.o[0m
[ 33%] [32mBuilding CXX object CMakeFiles/custom_interface__rosidl_typesupport_fastrtps_cpp.dir/rosidl_typesupport_fastrtps_cpp/custom_interface/srv/detail/dds_fastrtps/change_mode__type_support.cpp.o[0m
[ 33%] [32mBuilding CXX object CMakeFiles/custom_interface__rosidl_typesupport_fastrtps_cpp.dir/rosidl_typesupport_fastrtps_cpp/custom_interface/srv/detail/dds_fastrtps/set_taskspace__type_support.cpp.o[0m
