[0.012s] Invoking command in '/home/chayanin09/Documents/FUN4_ws/FUN4_6509/build/custom_interface': CMAKE_PREFIX_PATH=${CMAKE_PREFIX_PATH}:/home/chayanin09/Documents/robot_modelling_ws/install/moveit_configs_utils:/home/chayanin09/Documents/robot_modelling_ws/install/launch_param_builder:/opt/ros/humble /usr/bin/cmake --build /home/chayanin09/Documents/FUN4_ws/FUN4_6509/build/custom_interface -- -j20 -l20
[0.035s] -- Found ament_cmake: 1.3.10 (/opt/ros/humble/share/ament_cmake/cmake)
[0.122s] -- Found rosidl_default_generators: 1.2.0 (/opt/ros/humble/share/rosidl_default_generators/cmake)
[0.129s] -- Using all available rosidl_typesupport_c: rosidl_typesupport_fastrtps_c;rosidl_typesupport_introspection_c
[0.130s] -- Found rosidl_adapter: 3.1.5 (/opt/ros/humble/share/rosidl_adapter/cmake)
[0.148s] -- Using all available rosidl_typesupport_cpp: rosidl_typesupport_fastrtps_cpp;rosidl_typesupport_introspection_cpp
[0.343s] -- Found ament_cmake_ros: 0.10.0 (/opt/ros/humble/share/ament_cmake_ros/cmake)
[0.468s] -- Using all available rosidl_typesupport_c: rosidl_typesupport_fastrtps_c;rosidl_typesupport_introspection_c
[0.633s] -- Using all available rosidl_typesupport_cpp: rosidl_typesupport_fastrtps_cpp;rosidl_typesupport_introspection_cpp
[0.651s] -- Found python_cmake_module: 0.10.0 (/opt/ros/humble/share/python_cmake_module/cmake)
[0.665s] -- Using PYTHON_EXECUTABLE: /usr/bin/python3
[0.665s] -- Using PYTHON_INCLUDE_DIRS: /usr/include/python3.10
[0.665s] -- Using PYTHON_LIBRARIES: /usr/lib/x86_64-linux-gnu/libpython3.10.so
[0.691s] -- Configuring done
[0.704s] -- Generating done
[0.705s] -- Build files have been written to: /home/chayanin09/Documents/FUN4_ws/FUN4_6509/build/custom_interface
[0.729s] [  2%] [34m[1mGenerating C code for ROS interfaces[0m
[0.741s] [  5%] [34m[1mGenerating C++ code for ROS interfaces[0m
[0.747s] [  5%] Built target ament_cmake_python_copy_custom_interface
[0.909s] running egg_info
[0.910s] writing custom_interface.egg-info/PKG-INFO
[0.910s] writing dependency_links to custom_interface.egg-info/dependency_links.txt
[0.910s] writing top-level names to custom_interface.egg-info/top_level.txt
[0.911s] reading manifest file 'custom_interface.egg-info/SOURCES.txt'
[0.911s] writing manifest file 'custom_interface.egg-info/SOURCES.txt'
[0.932s] [  5%] Built target ament_cmake_python_build_custom_interface_egg
[0.940s] [35m[1mConsolidate compiler generated dependencies of target custom_interface__rosidl_generator_c[0m
[0.950s] [  7%] Built target custom_interface__cpp
[0.950s] [  7%] [32mBuilding C object CMakeFiles/custom_interface__rosidl_generator_c.dir/rosidl_generator_c/custom_interface/srv/detail/set_taskspace__functions.c.o[0m
[0.950s] [ 10%] [32mBuilding C object CMakeFiles/custom_interface__rosidl_generator_c.dir/rosidl_generator_c/custom_interface/srv/detail/change_mode__functions.c.o[0m
[0.962s] In file included from [01m[K/home/chayanin09/Documents/FUN4_ws/FUN4_6509/build/custom_interface/rosidl_generator_c/custom_interface/srv/detail/set_taskspace__functions.h:19[m[K,
[0.962s]                  from [01m[K/home/chayanin09/Documents/FUN4_ws/FUN4_6509/build/custom_interface/rosidl_generator_c/custom_interface/srv/detail/set_taskspace__functions.c:4[m[K:
[0.962s] [01m[K/home/chayanin09/Documents/FUN4_ws/FUN4_6509/build/custom_interface/rosidl_generator_c/custom_interface/srv/detail/set_taskspace__struct.h:22:10:[m[K [01;31m[Kfatal error: [m[Kgeometry_msgs/msg/detail/pose_stamped__struct.h: No such file or directory
[0.963s]    22 | #include [01;31m[K"geometry_msgs/msg/detail/pose_stamped__struct.h"[m[K
[0.963s]       |          [01;31m[K^~~~~~~~~~~~~~~~~~~~~~~~~~~~~~~~~~~~~~~~~~~~~~~~~[m[K
[0.963s] compilation terminated.
[0.963s] [ 12%] [34m[1mGenerating C++ introspection for ROS interfaces[0m
[0.963s] gmake[2]: *** [CMakeFiles/custom_interface__rosidl_generator_c.dir/build.make:135: CMakeFiles/custom_interface__rosidl_generator_c.dir/rosidl_generator_c/custom_interface/srv/detail/set_taskspace__functions.c.o] Error 1
[0.963s] gmake[2]: *** Waiting for unfinished jobs....
[0.963s] [ 15%] [34m[1mGenerating C++ type support for eProsima Fast-RTPS[0m
[0.963s] [ 17%] [34m[1mGenerating C++ type support dispatch for ROS interfaces[0m
[0.981s] gmake[1]: *** [CMakeFiles/Makefile2:213: CMakeFiles/custom_interface__rosidl_generator_c.dir/all] Error 2
[0.981s] gmake[1]: *** Waiting for unfinished jobs....
[1.126s] [35m[1mConsolidate compiler generated dependencies of target custom_interface__rosidl_typesupport_cpp[0m
[1.139s] [ 20%] [32mBuilding CXX object CMakeFiles/custom_interface__rosidl_typesupport_cpp.dir/rosidl_typesupport_cpp/custom_interface/srv/change_mode__type_support.cpp.o[0m
[1.141s] [ 23%] [32mBuilding CXX object CMakeFiles/custom_interface__rosidl_typesupport_cpp.dir/rosidl_typesupport_cpp/custom_interface/srv/set_taskspace__type_support.cpp.o[0m
[1.142s] [35m[1mConsolidate compiler generated dependencies of target custom_interface__rosidl_typesupport_introspection_cpp[0m
[1.154s] [ 25%] [32mBuilding CXX object CMakeFiles/custom_interface__rosidl_typesupport_introspection_cpp.dir/rosidl_typesupport_introspection_cpp/custom_interface/srv/detail/set_taskspace__type_support.cpp.o[0m
[1.155s] [35m[1mConsolidate compiler generated dependencies of target custom_interface__rosidl_typesupport_fastrtps_cpp[0m
[1.155s] [ 28%] [32mBuilding CXX object CMakeFiles/custom_interface__rosidl_typesupport_introspection_cpp.dir/rosidl_typesupport_introspection_cpp/custom_interface/srv/detail/change_mode__type_support.cpp.o[0m
[1.167s] [ 33%] [32mBuilding CXX object CMakeFiles/custom_interface__rosidl_typesupport_fastrtps_cpp.dir/rosidl_typesupport_fastrtps_cpp/custom_interface/srv/detail/dds_fastrtps/change_mode__type_support.cpp.o[0m
[1.167s] [ 33%] [32mBuilding CXX object CMakeFiles/custom_interface__rosidl_typesupport_fastrtps_cpp.dir/rosidl_typesupport_fastrtps_cpp/custom_interface/srv/detail/dds_fastrtps/set_taskspace__type_support.cpp.o[0m
[1.180s] In file included from [01m[K/home/chayanin09/Documents/FUN4_ws/FUN4_6509/build/custom_interface/rosidl_typesupport_cpp/custom_interface/srv/set_taskspace__type_support.cpp:7[m[K:
[1.181s] [01m[K/home/chayanin09/Documents/FUN4_ws/FUN4_6509/build/custom_interface/rosidl_generator_cpp/custom_interface/srv/detail/set_taskspace__struct.hpp:20:10:[m[K [01;31m[Kfatal error: [m[Kgeometry_msgs/msg/detail/pose_stamped__struct.hpp: No such file or directory
[1.181s]    20 | #include [01;31m[K"geometry_msgs/msg/detail/pose_stamped__struct.hpp"[m[K
[1.181s]       |          [01;31m[K^~~~~~~~~~~~~~~~~~~~~~~~~~~~~~~~~~~~~~~~~~~~~~~~~~~[m[K
[1.181s] compilation terminated.
[1.182s] gmake[2]: *** [CMakeFiles/custom_interface__rosidl_typesupport_cpp.dir/build.make:104: CMakeFiles/custom_interface__rosidl_typesupport_cpp.dir/rosidl_typesupport_cpp/custom_interface/srv/set_taskspace__type_support.cpp.o] Error 1
[1.182s] gmake[2]: *** Waiting for unfinished jobs....
[1.189s] In file included from [01m[K/home/chayanin09/Documents/FUN4_ws/FUN4_6509/build/custom_interface/rosidl_typesupport_introspection_cpp/custom_interface/srv/detail/set_taskspace__type_support.cpp:12[m[K:
[1.189s] [01m[K/home/chayanin09/Documents/FUN4_ws/FUN4_6509/build/custom_interface/rosidl_generator_cpp/custom_interface/srv/detail/set_taskspace__struct.hpp:20:10:[m[K [01;31m[Kfatal error: [m[Kgeometry_msgs/msg/detail/pose_stamped__struct.hpp: No such file or directory
[1.189s]    20 | #include [01;31m[K"geometry_msgs/msg/detail/pose_stamped__struct.hpp"[m[K
[1.189s]       |          [01;31m[K^~~~~~~~~~~~~~~~~~~~~~~~~~~~~~~~~~~~~~~~~~~~~~~~~~~[m[K
[1.189s] compilation terminated.
[1.190s] gmake[2]: *** [CMakeFiles/custom_interface__rosidl_typesupport_introspection_cpp.dir/build.make:112: CMakeFiles/custom_interface__rosidl_typesupport_introspection_cpp.dir/rosidl_typesupport_introspection_cpp/custom_interface/srv/detail/set_taskspace__type_support.cpp.o] Error 1
[1.190s] gmake[2]: *** Waiting for unfinished jobs....
[1.199s] In file included from [01m[K/home/chayanin09/Documents/FUN4_ws/FUN4_6509/build/custom_interface/rosidl_typesupport_fastrtps_cpp/custom_interface/srv/detail/set_taskspace__rosidl_typesupport_fastrtps_cpp.hpp:11[m[K,
[1.199s]                  from [01m[K/home/chayanin09/Documents/FUN4_ws/FUN4_6509/build/custom_interface/rosidl_typesupport_fastrtps_cpp/custom_interface/srv/detail/dds_fastrtps/set_taskspace__type_support.cpp:4[m[K:
[1.199s] [01m[K/home/chayanin09/Documents/FUN4_ws/FUN4_6509/build/custom_interface/rosidl_generator_cpp/custom_interface/srv/detail/set_taskspace__struct.hpp:20:10:[m[K [01;31m[Kfatal error: [m[Kgeometry_msgs/msg/detail/pose_stamped__struct.hpp: No such file or directory
[1.200s]    20 | #include [01;31m[K"geometry_msgs/msg/detail/pose_stamped__struct.hpp"[m[K
[1.200s]       |          [01;31m[K^~~~~~~~~~~~~~~~~~~~~~~~~~~~~~~~~~~~~~~~~~~~~~~~~~~[m[K
[1.200s] compilation terminated.
[1.200s] gmake[2]: *** [CMakeFiles/custom_interface__rosidl_typesupport_fastrtps_cpp.dir/build.make:112: CMakeFiles/custom_interface__rosidl_typesupport_fastrtps_cpp.dir/rosidl_typesupport_fastrtps_cpp/custom_interface/srv/detail/dds_fastrtps/set_taskspace__type_support.cpp.o] Error 1
[1.200s] gmake[2]: *** Waiting for unfinished jobs....
[1.275s] gmake[1]: *** [CMakeFiles/Makefile2:395: CMakeFiles/custom_interface__rosidl_typesupport_cpp.dir/all] Error 2
[1.341s] gmake[1]: *** [CMakeFiles/Makefile2:369: CMakeFiles/custom_interface__rosidl_typesupport_introspection_cpp.dir/all] Error 2
[1.367s] gmake[1]: *** [CMakeFiles/Makefile2:343: CMakeFiles/custom_interface__rosidl_typesupport_fastrtps_cpp.dir/all] Error 2
[1.367s] gmake: *** [Makefile:146: all] Error 2
[1.369s] Invoked command in '/home/chayanin09/Documents/FUN4_ws/FUN4_6509/build/custom_interface' returned '2': CMAKE_PREFIX_PATH=${CMAKE_PREFIX_PATH}:/home/chayanin09/Documents/robot_modelling_ws/install/moveit_configs_utils:/home/chayanin09/Documents/robot_modelling_ws/install/launch_param_builder:/opt/ros/humble /usr/bin/cmake --build /home/chayanin09/Documents/FUN4_ws/FUN4_6509/build/custom_interface -- -j20 -l20
