[0.005s] Invoking command in '/home/chayanin09/Documents/FUN4_ws/FUN4_6509/build/example_description': CMAKE_PREFIX_PATH=/opt/ros/humble /usr/bin/cmake /home/chayanin09/Documents/FUN4_ws/FUN4_6509/src/example_description -DCMAKE_INSTALL_PREFIX=/home/chayanin09/Documents/FUN4_ws/FUN4_6509/install/example_description
[0.051s] -- The C compiler identification is GNU 11.4.0
[0.085s] -- The CXX compiler identification is GNU 11.4.0
[0.089s] -- Detecting C compiler ABI info
[0.133s] -- Detecting C compiler ABI info - done
[0.138s] -- Check for working C compiler: /usr/bin/cc - skipped
[0.139s] -- Detecting C compile features
[0.139s] -- Detecting C compile features - done
[0.141s] -- Detecting CXX compiler ABI info
[0.199s] -- Detecting CXX compiler ABI info - done
[0.203s] -- Check for working CXX compiler: /usr/bin/c++ - skipped
[0.203s] -- Detecting CXX compile features
[0.203s] -- Detecting CXX compile features - done
[0.205s] -- Found ament_cmake: 1.3.10 (/opt/ros/humble/share/ament_cmake/cmake)
[0.306s] -- Found Python3: /usr/bin/python3 (found version "3.10.12") found components: Interpreter 
[0.367s] -- Found rclcpp: 16.0.10 (/opt/ros/humble/share/rclcpp/cmake)
[0.390s] -- Found rosidl_generator_c: 3.1.5 (/opt/ros/humble/share/rosidl_generator_c/cmake)
[0.392s] -- Found rosidl_adapter: 3.1.5 (/opt/ros/humble/share/rosidl_adapter/cmake)
[0.397s] -- Found rosidl_generator_cpp: 3.1.5 (/opt/ros/humble/share/rosidl_generator_cpp/cmake)
[0.403s] -- Using all available rosidl_typesupport_c: rosidl_typesupport_fastrtps_c;rosidl_typesupport_introspection_c
[0.411s] -- Using all available rosidl_typesupport_cpp: rosidl_typesupport_fastrtps_cpp;rosidl_typesupport_introspection_cpp
[0.439s] -- Found rmw_implementation_cmake: 6.1.2 (/opt/ros/humble/share/rmw_implementation_cmake/cmake)
[0.441s] -- Found rmw_fastrtps_cpp: 6.2.7 (/opt/ros/humble/share/rmw_fastrtps_cpp/cmake)
[0.505s] -- Found OpenSSL: /usr/lib/x86_64-linux-gnu/libcrypto.so (found version "3.0.2")  
[0.522s] -- Found FastRTPS: /opt/ros/humble/include  
[0.546s] -- Using RMW implementation 'rmw_fastrtps_cpp' as default
[0.552s] -- Looking for pthread.h
[0.610s] -- Looking for pthread.h - found
[0.610s] -- Performing Test CMAKE_HAVE_LIBC_PTHREAD
[0.663s] -- Performing Test CMAKE_HAVE_LIBC_PTHREAD - Success
[0.664s] -- Found Threads: TRUE  
[0.700s] -- Found rclpy: 3.3.14 (/opt/ros/humble/share/rclpy/cmake)
[0.787s] -- Configuring done
[0.792s] -- Generating done
[0.792s] -- Build files have been written to: /home/chayanin09/Documents/FUN4_ws/FUN4_6509/build/example_description
[0.800s] Invoked command in '/home/chayanin09/Documents/FUN4_ws/FUN4_6509/build/example_description' returned '0': CMAKE_PREFIX_PATH=/opt/ros/humble /usr/bin/cmake /home/chayanin09/Documents/FUN4_ws/FUN4_6509/src/example_description -DCMAKE_INSTALL_PREFIX=/home/chayanin09/Documents/FUN4_ws/FUN4_6509/install/example_description
[0.800s] Invoking command in '/home/chayanin09/Documents/FUN4_ws/FUN4_6509/build/example_description': CMAKE_PREFIX_PATH=/opt/ros/humble /usr/bin/cmake --build /home/chayanin09/Documents/FUN4_ws/FUN4_6509/build/example_description -- -j20 -l20
[0.840s] [ 50%] [32mBuilding CXX object CMakeFiles/cpp_node_test.dir/src/cpp_node.cpp.o[0m
[0.845s] [ 50%] Built target ament_cmake_python_copy_example_description
[0.993s] running egg_info
[0.993s] creating example_description.egg-info
[0.993s] writing example_description.egg-info/PKG-INFO
[0.993s] writing dependency_links to example_description.egg-info/dependency_links.txt
[0.993s] writing top-level names to example_description.egg-info/top_level.txt
[0.993s] writing manifest file 'example_description.egg-info/SOURCES.txt'
[0.994s] reading manifest file 'example_description.egg-info/SOURCES.txt'
[0.995s] writing manifest file 'example_description.egg-info/SOURCES.txt'
[1.004s] [100%] [32m[1mLinking CXX executable cpp_node_test[0m
[1.011s] [100%] Built target ament_cmake_python_build_example_description_egg
[1.065s] [100%] Built target cpp_node_test
[1.073s] Invoked command in '/home/chayanin09/Documents/FUN4_ws/FUN4_6509/build/example_description' returned '0': CMAKE_PREFIX_PATH=/opt/ros/humble /usr/bin/cmake --build /home/chayanin09/Documents/FUN4_ws/FUN4_6509/build/example_description -- -j20 -l20
[1.100s] Invoking command in '/home/chayanin09/Documents/FUN4_ws/FUN4_6509/build/example_description': CMAKE_PREFIX_PATH=/opt/ros/humble /usr/bin/cmake --install /home/chayanin09/Documents/FUN4_ws/FUN4_6509/build/example_description
[1.107s] -- Install configuration: ""
[1.107s] -- Installing: /home/chayanin09/Documents/FUN4_ws/FUN4_6509/install/example_description/share/example_description/environment/pythonpath.sh
[1.107s] -- Installing: /home/chayanin09/Documents/FUN4_ws/FUN4_6509/install/example_description/share/example_description/environment/pythonpath.dsv
[1.107s] -- Installing: /home/chayanin09/Documents/FUN4_ws/FUN4_6509/install/example_description/local/lib/python3.10/dist-packages/example_description-0.0.0-py3.10.egg-info
[1.108s] -- Installing: /home/chayanin09/Documents/FUN4_ws/FUN4_6509/install/example_description/local/lib/python3.10/dist-packages/example_description-0.0.0-py3.10.egg-info/dependency_links.txt
[1.108s] -- Installing: /home/chayanin09/Documents/FUN4_ws/FUN4_6509/install/example_description/local/lib/python3.10/dist-packages/example_description-0.0.0-py3.10.egg-info/PKG-INFO
[1.108s] -- Installing: /home/chayanin09/Documents/FUN4_ws/FUN4_6509/install/example_description/local/lib/python3.10/dist-packages/example_description-0.0.0-py3.10.egg-info/top_level.txt
[1.108s] -- Installing: /home/chayanin09/Documents/FUN4_ws/FUN4_6509/install/example_description/local/lib/python3.10/dist-packages/example_description-0.0.0-py3.10.egg-info/SOURCES.txt
[1.108s] -- Installing: /home/chayanin09/Documents/FUN4_ws/FUN4_6509/install/example_description/local/lib/python3.10/dist-packages/example_description
[1.108s] -- Installing: /home/chayanin09/Documents/FUN4_ws/FUN4_6509/install/example_description/local/lib/python3.10/dist-packages/example_description/__init__.py
[1.108s] -- Installing: /home/chayanin09/Documents/FUN4_ws/FUN4_6509/install/example_description/local/lib/python3.10/dist-packages/example_description/dummy_module.py
[1.128s] Listing '/home/chayanin09/Documents/FUN4_ws/FUN4_6509/install/example_description/local/lib/python3.10/dist-packages/example_description'...
[1.128s] Compiling '/home/chayanin09/Documents/FUN4_ws/FUN4_6509/install/example_description/local/lib/python3.10/dist-packages/example_description/__init__.py'...
[1.128s] Compiling '/home/chayanin09/Documents/FUN4_ws/FUN4_6509/install/example_description/local/lib/python3.10/dist-packages/example_description/dummy_module.py'...
[1.131s] -- Installing: /home/chayanin09/Documents/FUN4_ws/FUN4_6509/install/example_description/lib/example_description/dummy_script.py
[1.131s] -- Installing: /home/chayanin09/Documents/FUN4_ws/FUN4_6509/install/example_description/lib/example_description/jointstate_script.py
[1.131s] -- Installing: /home/chayanin09/Documents/FUN4_ws/FUN4_6509/install/example_description/lib/example_description/workspace_marker.py
[1.131s] -- Installing: /home/chayanin09/Documents/FUN4_ws/FUN4_6509/install/example_description/lib/example_description/workspace_move.py
[1.131s] -- Installing: /home/chayanin09/Documents/FUN4_ws/FUN4_6509/install/example_description/lib/example_description/random_position.py
[1.131s] -- Installing: /home/chayanin09/Documents/FUN4_ws/FUN4_6509/install/example_description/lib/example_description/random_controller.py
[1.131s] -- Installing: /home/chayanin09/Documents/FUN4_ws/FUN4_6509/install/example_description/lib/example_description/joint_sub_node.py
[1.132s] -- Installing: /home/chayanin09/Documents/FUN4_ws/FUN4_6509/install/example_description/lib/example_description/robot_server.py
[1.132s] -- Installing: /home/chayanin09/Documents/FUN4_ws/FUN4_6509/install/example_description/lib/example_description/mode3_processor.py
[1.132s] -- Installing: /home/chayanin09/Documents/FUN4_ws/FUN4_6509/install/example_description/lib/example_description/cpp_node_test
[1.132s] -- Set runtime path of "/home/chayanin09/Documents/FUN4_ws/FUN4_6509/install/example_description/lib/example_description/cpp_node_test" to ""
[1.132s] -- Installing: /home/chayanin09/Documents/FUN4_ws/FUN4_6509/install/example_description/share/example_description/config
[1.132s] -- Installing: /home/chayanin09/Documents/FUN4_ws/FUN4_6509/install/example_description/share/example_description/config/my_display.rviz
[1.132s] -- Installing: /home/chayanin09/Documents/FUN4_ws/FUN4_6509/install/example_description/share/example_description/config/display.rviz
[1.132s] -- Installing: /home/chayanin09/Documents/FUN4_ws/FUN4_6509/install/example_description/share/example_description/launch
[1.132s] -- Installing: /home/chayanin09/Documents/FUN4_ws/FUN4_6509/install/example_description/share/example_description/launch/end_effector_pos.launch.py
[1.132s] -- Installing: /home/chayanin09/Documents/FUN4_ws/FUN4_6509/install/example_description/share/example_description/launch/fun.launch.py
[1.132s] -- Installing: /home/chayanin09/Documents/FUN4_ws/FUN4_6509/install/example_description/share/example_description/launch/test.launch.py
[1.132s] -- Installing: /home/chayanin09/Documents/FUN4_ws/FUN4_6509/install/example_description/share/example_description/launch/random_task.launch.py
[1.132s] -- Installing: /home/chayanin09/Documents/FUN4_ws/FUN4_6509/install/example_description/share/example_description/launch/workspace_plot_display.launch.py
[1.132s] -- Installing: /home/chayanin09/Documents/FUN4_ws/FUN4_6509/install/example_description/share/example_description/launch/controller3mode.launch.py
[1.132s] -- Installing: /home/chayanin09/Documents/FUN4_ws/FUN4_6509/install/example_description/share/example_description/meshes
[1.132s] -- Installing: /home/chayanin09/Documents/FUN4_ws/FUN4_6509/install/example_description/share/example_description/meshes/link_2.stl
[1.132s] -- Installing: /home/chayanin09/Documents/FUN4_ws/FUN4_6509/install/example_description/share/example_description/meshes/link_0.stl
[1.133s] -- Installing: /home/chayanin09/Documents/FUN4_ws/FUN4_6509/install/example_description/share/example_description/meshes/link_3.stl
[1.133s] -- Installing: /home/chayanin09/Documents/FUN4_ws/FUN4_6509/install/example_description/share/example_description/meshes/end_effector.stl
[1.133s] -- Installing: /home/chayanin09/Documents/FUN4_ws/FUN4_6509/install/example_description/share/example_description/meshes/link_1.stl
[1.133s] -- Installing: /home/chayanin09/Documents/FUN4_ws/FUN4_6509/install/example_description/share/example_description/robot
[1.133s] -- Installing: /home/chayanin09/Documents/FUN4_ws/FUN4_6509/install/example_description/share/example_description/robot/visual
[1.133s] -- Installing: /home/chayanin09/Documents/FUN4_ws/FUN4_6509/install/example_description/share/example_description/robot/visual/my-robot.xacro
[1.134s] -- Installing: /home/chayanin09/Documents/FUN4_ws/FUN4_6509/install/example_description/share/example_description/robot/visual/01-myfirst.urdf
[1.134s] -- Installing: /home/chayanin09/Documents/FUN4_ws/FUN4_6509/install/example_description/share/example_description/robot/visual/moveit_robot.xacro
[1.134s] -- Installing: /home/chayanin09/Documents/FUN4_ws/FUN4_6509/install/example_description/share/ament_index/resource_index/package_run_dependencies/example_description
[1.134s] -- Installing: /home/chayanin09/Documents/FUN4_ws/FUN4_6509/install/example_description/share/ament_index/resource_index/parent_prefix_path/example_description
[1.134s] -- Installing: /home/chayanin09/Documents/FUN4_ws/FUN4_6509/install/example_description/share/example_description/environment/ament_prefix_path.sh
[1.134s] -- Installing: /home/chayanin09/Documents/FUN4_ws/FUN4_6509/install/example_description/share/example_description/environment/ament_prefix_path.dsv
[1.134s] -- Installing: /home/chayanin09/Documents/FUN4_ws/FUN4_6509/install/example_description/share/example_description/environment/path.sh
[1.134s] -- Installing: /home/chayanin09/Documents/FUN4_ws/FUN4_6509/install/example_description/share/example_description/environment/path.dsv
[1.134s] -- Installing: /home/chayanin09/Documents/FUN4_ws/FUN4_6509/install/example_description/share/example_description/local_setup.bash
[1.134s] -- Installing: /home/chayanin09/Documents/FUN4_ws/FUN4_6509/install/example_description/share/example_description/local_setup.sh
[1.134s] -- Installing: /home/chayanin09/Documents/FUN4_ws/FUN4_6509/install/example_description/share/example_description/local_setup.zsh
[1.134s] -- Installing: /home/chayanin09/Documents/FUN4_ws/FUN4_6509/install/example_description/share/example_description/local_setup.dsv
[1.134s] -- Installing: /home/chayanin09/Documents/FUN4_ws/FUN4_6509/install/example_description/share/example_description/package.dsv
[1.134s] -- Installing: /home/chayanin09/Documents/FUN4_ws/FUN4_6509/install/example_description/share/ament_index/resource_index/packages/example_description
[1.134s] -- Installing: /home/chayanin09/Documents/FUN4_ws/FUN4_6509/install/example_description/share/example_description/cmake/example_descriptionConfig.cmake
[1.134s] -- Installing: /home/chayanin09/Documents/FUN4_ws/FUN4_6509/install/example_description/share/example_description/cmake/example_descriptionConfig-version.cmake
[1.135s] -- Installing: /home/chayanin09/Documents/FUN4_ws/FUN4_6509/install/example_description/share/example_description/package.xml
[1.136s] Invoked command in '/home/chayanin09/Documents/FUN4_ws/FUN4_6509/build/example_description' returned '0': CMAKE_PREFIX_PATH=/opt/ros/humble /usr/bin/cmake --install /home/chayanin09/Documents/FUN4_ws/FUN4_6509/build/example_description
