[0.005s] Invoking command in '/home/chayanin09/Documents/FUN4_ws/FUN4_6509/build/robot_control': CMAKE_PREFIX_PATH=/opt/ros/humble /usr/bin/cmake /home/chayanin09/Documents/FUN4_ws/FUN4_6509/src/robot_control -DCMAKE_INSTALL_PREFIX=/home/chayanin09/Documents/FUN4_ws/FUN4_6509/install/robot_control
[0.080s] -- The C compiler identification is GNU 11.4.0
[0.135s] -- The CXX compiler identification is GNU 11.4.0
[0.141s] -- Detecting C compiler ABI info
[0.197s] -- Detecting C compiler ABI info - done
[0.202s] -- Check for working C compiler: /usr/bin/cc - skipped
[0.202s] -- Detecting C compile features
[0.202s] -- Detecting C compile features - done
[0.206s] -- Detecting CXX compiler ABI info
[0.268s] -- Detecting CXX compiler ABI info - done
[0.275s] -- Check for working CXX compiler: /usr/bin/c++ - skipped
[0.275s] -- Detecting CXX compile features
[0.276s] -- Detecting CXX compile features - done
[0.278s] -- Found ament_cmake: 1.3.10 (/opt/ros/humble/share/ament_cmake/cmake)
[0.378s] -- Found Python3: /usr/bin/python3 (found version "3.10.12") found components: Interpreter 
[0.439s] -- Found rclcpp: 16.0.10 (/opt/ros/humble/share/rclcpp/cmake)
[0.467s] -- Found rosidl_generator_c: 3.1.5 (/opt/ros/humble/share/rosidl_generator_c/cmake)
[0.471s] -- Found rosidl_adapter: 3.1.5 (/opt/ros/humble/share/rosidl_adapter/cmake)
[0.478s] -- Found rosidl_generator_cpp: 3.1.5 (/opt/ros/humble/share/rosidl_generator_cpp/cmake)
[0.488s] -- Using all available rosidl_typesupport_c: rosidl_typesupport_fastrtps_c;rosidl_typesupport_introspection_c
[0.499s] -- Using all available rosidl_typesupport_cpp: rosidl_typesupport_fastrtps_cpp;rosidl_typesupport_introspection_cpp
[0.528s] -- Found rmw_implementation_cmake: 6.1.2 (/opt/ros/humble/share/rmw_implementation_cmake/cmake)
[0.530s] -- Found rmw_fastrtps_cpp: 6.2.7 (/opt/ros/humble/share/rmw_fastrtps_cpp/cmake)
[0.595s] -- Found OpenSSL: /usr/lib/x86_64-linux-gnu/libcrypto.so (found version "3.0.2")  
[0.613s] -- Found FastRTPS: /opt/ros/humble/include  
[0.638s] -- Using RMW implementation 'rmw_fastrtps_cpp' as default
[0.644s] -- Looking for pthread.h
[0.699s] -- Looking for pthread.h - found
[0.699s] -- Performing Test CMAKE_HAVE_LIBC_PTHREAD
[0.755s] -- Performing Test CMAKE_HAVE_LIBC_PTHREAD - Success
[0.756s] -- Found Threads: TRUE  
[0.790s] -- Found rclpy: 3.3.14 (/opt/ros/humble/share/rclpy/cmake)
[0.829s] -- Configuring done
[0.831s] -- Generating done
[0.832s] -- Build files have been written to: /home/chayanin09/Documents/FUN4_ws/FUN4_6509/build/robot_control
[0.839s] Invoked command in '/home/chayanin09/Documents/FUN4_ws/FUN4_6509/build/robot_control' returned '0': CMAKE_PREFIX_PATH=/opt/ros/humble /usr/bin/cmake /home/chayanin09/Documents/FUN4_ws/FUN4_6509/src/robot_control -DCMAKE_INSTALL_PREFIX=/home/chayanin09/Documents/FUN4_ws/FUN4_6509/install/robot_control
[0.840s] Invoking command in '/home/chayanin09/Documents/FUN4_ws/FUN4_6509/build/robot_control': CMAKE_PREFIX_PATH=/opt/ros/humble /usr/bin/cmake --build /home/chayanin09/Documents/FUN4_ws/FUN4_6509/build/robot_control -- -j20 -l20
[0.869s] Invoked command in '/home/chayanin09/Documents/FUN4_ws/FUN4_6509/build/robot_control' returned '0': CMAKE_PREFIX_PATH=/opt/ros/humble /usr/bin/cmake --build /home/chayanin09/Documents/FUN4_ws/FUN4_6509/build/robot_control -- -j20 -l20
[0.892s] Invoking command in '/home/chayanin09/Documents/FUN4_ws/FUN4_6509/build/robot_control': CMAKE_PREFIX_PATH=/opt/ros/humble /usr/bin/cmake --install /home/chayanin09/Documents/FUN4_ws/FUN4_6509/build/robot_control
[0.897s] -- Install configuration: ""
[0.897s] -- Installing: /home/chayanin09/Documents/FUN4_ws/FUN4_6509/install/robot_control/lib/robot_control/robot_action_server.py
[0.897s] -- Installing: /home/chayanin09/Documents/FUN4_ws/FUN4_6509/install/robot_control/lib/robot_control/random_target.py
[0.897s] -- Installing: /home/chayanin09/Documents/FUN4_ws/FUN4_6509/install/robot_control/lib/robot_control/robot_server.py
[0.897s] -- Installing: /home/chayanin09/Documents/FUN4_ws/FUN4_6509/install/robot_control/lib/robot_control/workspace_move.py
[0.897s] -- Installing: /home/chayanin09/Documents/FUN4_ws/FUN4_6509/install/robot_control/lib/robot_control/workspace_plot.py
[0.897s] -- Installing: /home/chayanin09/Documents/FUN4_ws/FUN4_6509/install/robot_control/share/robot_control/config
[0.897s] -- Installing: /home/chayanin09/Documents/FUN4_ws/FUN4_6509/install/robot_control/share/robot_control/config/my_display.rviz
[0.897s] -- Installing: /home/chayanin09/Documents/FUN4_ws/FUN4_6509/install/robot_control/share/robot_control/config/display.rviz
[0.897s] -- Installing: /home/chayanin09/Documents/FUN4_ws/FUN4_6509/install/robot_control/share/robot_control/launch
[0.897s] -- Installing: /home/chayanin09/Documents/FUN4_ws/FUN4_6509/install/robot_control/share/robot_control/launch/robot_bringup.launch.py
[0.897s] -- Installing: /home/chayanin09/Documents/FUN4_ws/FUN4_6509/install/robot_control/share/robot_control/meshes
[0.897s] -- Installing: /home/chayanin09/Documents/FUN4_ws/FUN4_6509/install/robot_control/share/robot_control/meshes/link_2.stl
[0.897s] -- Installing: /home/chayanin09/Documents/FUN4_ws/FUN4_6509/install/robot_control/share/robot_control/meshes/link_0.stl
[0.897s] -- Installing: /home/chayanin09/Documents/FUN4_ws/FUN4_6509/install/robot_control/share/robot_control/meshes/link_3.stl
[0.898s] -- Installing: /home/chayanin09/Documents/FUN4_ws/FUN4_6509/install/robot_control/share/robot_control/meshes/end_effector.stl
[0.898s] -- Installing: /home/chayanin09/Documents/FUN4_ws/FUN4_6509/install/robot_control/share/robot_control/meshes/link_1.stl
[0.898s] -- Installing: /home/chayanin09/Documents/FUN4_ws/FUN4_6509/install/robot_control/share/robot_control/urdf
[0.898s] -- Installing: /home/chayanin09/Documents/FUN4_ws/FUN4_6509/install/robot_control/share/robot_control/urdf/my_robot.urdf
[0.898s] -- Installing: /home/chayanin09/Documents/FUN4_ws/FUN4_6509/install/robot_control/share/robot_control/urdf/my-robot.xacro
[0.898s] -- Installing: /home/chayanin09/Documents/FUN4_ws/FUN4_6509/install/robot_control/share/robot_control/urdf/test.urdf
[0.898s] -- Installing: /home/chayanin09/Documents/FUN4_ws/FUN4_6509/install/robot_control/share/ament_index/resource_index/package_run_dependencies/robot_control
[0.898s] -- Installing: /home/chayanin09/Documents/FUN4_ws/FUN4_6509/install/robot_control/share/ament_index/resource_index/parent_prefix_path/robot_control
[0.898s] -- Installing: /home/chayanin09/Documents/FUN4_ws/FUN4_6509/install/robot_control/share/robot_control/environment/ament_prefix_path.sh
[0.898s] -- Installing: /home/chayanin09/Documents/FUN4_ws/FUN4_6509/install/robot_control/share/robot_control/environment/ament_prefix_path.dsv
[0.898s] -- Installing: /home/chayanin09/Documents/FUN4_ws/FUN4_6509/install/robot_control/share/robot_control/environment/path.sh
[0.898s] -- Installing: /home/chayanin09/Documents/FUN4_ws/FUN4_6509/install/robot_control/share/robot_control/environment/path.dsv
[0.898s] -- Installing: /home/chayanin09/Documents/FUN4_ws/FUN4_6509/install/robot_control/share/robot_control/local_setup.bash
[0.898s] -- Installing: /home/chayanin09/Documents/FUN4_ws/FUN4_6509/install/robot_control/share/robot_control/local_setup.sh
[0.898s] -- Installing: /home/chayanin09/Documents/FUN4_ws/FUN4_6509/install/robot_control/share/robot_control/local_setup.zsh
[0.898s] -- Installing: /home/chayanin09/Documents/FUN4_ws/FUN4_6509/install/robot_control/share/robot_control/local_setup.dsv
[0.898s] -- Installing: /home/chayanin09/Documents/FUN4_ws/FUN4_6509/install/robot_control/share/robot_control/package.dsv
[0.898s] -- Installing: /home/chayanin09/Documents/FUN4_ws/FUN4_6509/install/robot_control/share/ament_index/resource_index/packages/robot_control
[0.898s] -- Installing: /home/chayanin09/Documents/FUN4_ws/FUN4_6509/install/robot_control/share/robot_control/cmake/robot_controlConfig.cmake
[0.898s] -- Installing: /home/chayanin09/Documents/FUN4_ws/FUN4_6509/install/robot_control/share/robot_control/cmake/robot_controlConfig-version.cmake
[0.898s] -- Installing: /home/chayanin09/Documents/FUN4_ws/FUN4_6509/install/robot_control/share/robot_control/package.xml
[0.899s] Invoked command in '/home/chayanin09/Documents/FUN4_ws/FUN4_6509/build/robot_control' returned '0': CMAKE_PREFIX_PATH=/opt/ros/humble /usr/bin/cmake --install /home/chayanin09/Documents/FUN4_ws/FUN4_6509/build/robot_control
