-- Install configuration: ""
-- Up-to-date: /home/chayanin09/Documents/FUN4_ws/FUN4_6509/install/robot_control/lib/robot_control/robot_action_server.py
-- Installing: /home/chayanin09/Documents/FUN4_ws/FUN4_6509/install/robot_control/lib/robot_control/random_target.py
-- Up-to-date: /home/chayanin09/Documents/FUN4_ws/FUN4_6509/install/robot_control/lib/robot_control/robot_server.py
-- Up-to-date: /home/chayanin09/Documents/FUN4_ws/FUN4_6509/install/robot_control/lib/robot_control/workspace_move.py
-- Up-to-date: /home/chayanin09/Documents/FUN4_ws/FUN4_6509/install/robot_control/lib/robot_control/workspace_plot.py
-- Up-to-date: /home/chayanin09/Documents/FUN4_ws/FUN4_6509/install/robot_control/share/robot_control/config
-- Up-to-date: /home/chayanin09/Documents/FUN4_ws/FUN4_6509/install/robot_control/share/robot_control/config/my_display.rviz
-- Up-to-date: /home/chayanin09/Documents/FUN4_ws/FUN4_6509/install/robot_control/share/robot_control/config/display.rviz
-- Up-to-date: /home/chayanin09/Documents/FUN4_ws/FUN4_6509/install/robot_control/share/robot_control/launch
-- Up-to-date: /home/chayanin09/Documents/FUN4_ws/FUN4_6509/install/robot_control/share/robot_control/launch/robot_bringup.launch.py
-- Up-to-date: /home/chayanin09/Documents/FUN4_ws/FUN4_6509/install/robot_control/share/robot_control/meshes
-- Up-to-date: /home/chayanin09/Documents/FUN4_ws/FUN4_6509/install/robot_control/share/robot_control/meshes/link_2.stl
-- Up-to-date: /home/chayanin09/Documents/FUN4_ws/FUN4_6509/install/robot_control/share/robot_control/meshes/link_0.stl
-- Up-to-date: /home/chayanin09/Documents/FUN4_ws/FUN4_6509/install/robot_control/share/robot_control/meshes/link_3.stl
-- Up-to-date: /home/chayanin09/Documents/FUN4_ws/FUN4_6509/install/robot_control/share/robot_control/meshes/end_effector.stl
-- Up-to-date: /home/chayanin09/Documents/FUN4_ws/FUN4_6509/install/robot_control/share/robot_control/meshes/link_1.stl
-- Up-to-date: /home/chayanin09/Documents/FUN4_ws/FUN4_6509/install/robot_control/share/robot_control/urdf
-- Up-to-date: /home/chayanin09/Documents/FUN4_ws/FUN4_6509/install/robot_control/share/robot_control/urdf/my_robot.urdf
-- Up-to-date: /home/chayanin09/Documents/FUN4_ws/FUN4_6509/install/robot_control/share/robot_control/urdf/my-robot.xacro
-- Up-to-date: /home/chayanin09/Documents/FUN4_ws/FUN4_6509/install/robot_control/share/robot_control/urdf/test.urdf
-- Up-to-date: /home/chayanin09/Documents/FUN4_ws/FUN4_6509/install/robot_control/share/ament_index/resource_index/package_run_dependencies/robot_control
-- Up-to-date: /home/chayanin09/Documents/FUN4_ws/FUN4_6509/install/robot_control/share/ament_index/resource_index/parent_prefix_path/robot_control
-- Up-to-date: /home/chayanin09/Documents/FUN4_ws/FUN4_6509/install/robot_control/share/robot_control/environment/ament_prefix_path.sh
-- Up-to-date: /home/chayanin09/Documents/FUN4_ws/FUN4_6509/install/robot_control/share/robot_control/environment/ament_prefix_path.dsv
-- Up-to-date: /home/chayanin09/Documents/FUN4_ws/FUN4_6509/install/robot_control/share/robot_control/environment/path.sh
-- Up-to-date: /home/chayanin09/Documents/FUN4_ws/FUN4_6509/install/robot_control/share/robot_control/environment/path.dsv
-- Up-to-date: /home/chayanin09/Documents/FUN4_ws/FUN4_6509/install/robot_control/share/robot_control/local_setup.bash
-- Up-to-date: /home/chayanin09/Documents/FUN4_ws/FUN4_6509/install/robot_control/share/robot_control/local_setup.sh
-- Up-to-date: /home/chayanin09/Documents/FUN4_ws/FUN4_6509/install/robot_control/share/robot_control/local_setup.zsh
-- Up-to-date: /home/chayanin09/Documents/FUN4_ws/FUN4_6509/install/robot_control/share/robot_control/local_setup.dsv
-- Up-to-date: /home/chayanin09/Documents/FUN4_ws/FUN4_6509/install/robot_control/share/robot_control/package.dsv
-- Up-to-date: /home/chayanin09/Documents/FUN4_ws/FUN4_6509/install/robot_control/share/ament_index/resource_index/packages/robot_control
-- Up-to-date: /home/chayanin09/Documents/FUN4_ws/FUN4_6509/install/robot_control/share/robot_control/cmake/robot_controlConfig.cmake
-- Up-to-date: /home/chayanin09/Documents/FUN4_ws/FUN4_6509/install/robot_control/share/robot_control/cmake/robot_controlConfig-version.cmake
-- Up-to-date: /home/chayanin09/Documents/FUN4_ws/FUN4_6509/install/robot_control/share/robot_control/package.xml
